resnet50_cifar10_cross_entropy_PF=16_WD=0.0001_220119171909
CUDA set: True
Files already downloaded and verified
Files already downloaded and verified
====> Epoch: 0 Training loss: 2.1372  Val set loss: 1.7433 Val set acc: 0.3706 Val ECE: 0.2276
====> Epoch: 1 Training loss: 1.4957  Val set loss: 1.6863 Val set acc: 0.4450 Val ECE: 0.2763
====> Epoch: 2 Training loss: 1.1658  Val set loss: 1.1956 Val set acc: 0.5880 Val ECE: 0.4097
====> Epoch: 3 Training loss: 0.9639  Val set loss: 0.9651 Val set acc: 0.6688 Val ECE: 0.4806
====> Epoch: 4 Training loss: 0.8377  Val set loss: 0.8775 Val set acc: 0.6958 Val ECE: 0.5090
====> Epoch: 5 Training loss: 0.7454  Val set loss: 0.7954 Val set acc: 0.7378 Val ECE: 0.5435
====> Epoch: 6 Training loss: 0.6628  Val set loss: 0.7039 Val set acc: 0.7574 Val ECE: 0.5591
====> Epoch: 7 Training loss: 0.5975  Val set loss: 0.6504 Val set acc: 0.7730 Val ECE: 0.5734
====> Epoch: 8 Training loss: 0.5574  Val set loss: 0.6777 Val set acc: 0.7744 Val ECE: 0.5698
====> Epoch: 9 Training loss: 0.5201  Val set loss: 0.5720 Val set acc: 0.8058 Val ECE: 0.6012
====> Epoch: 10 Training loss: 0.4870  Val set loss: 0.4970 Val set acc: 0.8288 Val ECE: 0.6234
====> Epoch: 11 Training loss: 0.4597  Val set loss: 0.5006 Val set acc: 0.8374 Val ECE: 0.6298
====> Epoch: 12 Training loss: 0.4337  Val set loss: 0.5037 Val set acc: 0.8318 Val ECE: 0.6235
====> Epoch: 13 Training loss: 0.4107  Val set loss: 0.5568 Val set acc: 0.8148 Val ECE: 0.6056
====> Epoch: 14 Training loss: 0.3992  Val set loss: 0.5565 Val set acc: 0.8244 Val ECE: 0.6124
====> Epoch: 15 Training loss: 0.3743  Val set loss: 0.4751 Val set acc: 0.8440 Val ECE: 0.6320
====> Epoch: 16 Training loss: 0.3621  Val set loss: 0.5977 Val set acc: 0.8096 Val ECE: 0.5986
====> Epoch: 17 Training loss: 0.3445  Val set loss: 0.4227 Val set acc: 0.8552 Val ECE: 0.6419
====> Epoch: 18 Training loss: 0.3320  Val set loss: 0.5081 Val set acc: 0.8368 Val ECE: 0.6234
====> Epoch: 19 Training loss: 0.3208  Val set loss: 0.4381 Val set acc: 0.8498 Val ECE: 0.6377
====> Epoch: 20 Training loss: 0.3096  Val set loss: 0.5557 Val set acc: 0.8262 Val ECE: 0.6133
====> Epoch: 21 Training loss: 0.2899  Val set loss: 0.4336 Val set acc: 0.8618 Val ECE: 0.6474
====> Epoch: 22 Training loss: 0.2852  Val set loss: 0.4656 Val set acc: 0.8508 Val ECE: 0.6361
====> Epoch: 23 Training loss: 0.2745  Val set loss: 0.4331 Val set acc: 0.8620 Val ECE: 0.6473
====> Epoch: 24 Training loss: 0.2663  Val set loss: 0.4246 Val set acc: 0.8646 Val ECE: 0.6497
====> Epoch: 25 Training loss: 0.2598  Val set loss: 0.3881 Val set acc: 0.8726 Val ECE: 0.6554
====> Epoch: 26 Training loss: 0.2477  Val set loss: 0.3767 Val set acc: 0.8792 Val ECE: 0.6621
====> Epoch: 27 Training loss: 0.2453  Val set loss: 0.3901 Val set acc: 0.8700 Val ECE: 0.6548
====> Epoch: 28 Training loss: 0.2359  Val set loss: 0.4491 Val set acc: 0.8614 Val ECE: 0.6447
====> Epoch: 29 Training loss: 0.2321  Val set loss: 0.4252 Val set acc: 0.8682 Val ECE: 0.6510
====> Epoch: 30 Training loss: 0.2247  Val set loss: 0.3708 Val set acc: 0.8814 Val ECE: 0.6629
====> Epoch: 31 Training loss: 0.2206  Val set loss: 0.3729 Val set acc: 0.8810 Val ECE: 0.6636
====> Epoch: 32 Training loss: 0.2100  Val set loss: 0.3756 Val set acc: 0.8846 Val ECE: 0.6659
====> Epoch: 33 Training loss: 0.2094  Val set loss: 0.3622 Val set acc: 0.8852 Val ECE: 0.6662
====> Epoch: 34 Training loss: 0.2061  Val set loss: 0.4316 Val set acc: 0.8660 Val ECE: 0.6485
====> Epoch: 35 Training loss: 0.2040  Val set loss: 0.4003 Val set acc: 0.8822 Val ECE: 0.6625
====> Epoch: 36 Training loss: 0.1961  Val set loss: 0.3881 Val set acc: 0.8834 Val ECE: 0.6645
====> Epoch: 37 Training loss: 0.1957  Val set loss: 0.3456 Val set acc: 0.8894 Val ECE: 0.6702
====> Epoch: 38 Training loss: 0.1884  Val set loss: 0.3594 Val set acc: 0.8868 Val ECE: 0.6683
====> Epoch: 39 Training loss: 0.1814  Val set loss: 0.4412 Val set acc: 0.8596 Val ECE: 0.6417
====> Epoch: 40 Training loss: 0.1800  Val set loss: 0.3880 Val set acc: 0.8798 Val ECE: 0.6616
====> Epoch: 41 Training loss: 0.1751  Val set loss: 0.3706 Val set acc: 0.8878 Val ECE: 0.6673
====> Epoch: 42 Training loss: 0.1752  Val set loss: 0.4026 Val set acc: 0.8768 Val ECE: 0.6570
====> Epoch: 43 Training loss: 0.1718  Val set loss: 0.4002 Val set acc: 0.8896 Val ECE: 0.6688
====> Epoch: 44 Training loss: 0.1715  Val set loss: 0.4137 Val set acc: 0.8752 Val ECE: 0.6550
====> Epoch: 45 Training loss: 0.1637  Val set loss: 0.3742 Val set acc: 0.8872 Val ECE: 0.6665
====> Epoch: 46 Training loss: 0.1661  Val set loss: 0.4122 Val set acc: 0.8746 Val ECE: 0.6552
====> Epoch: 47 Training loss: 0.1639  Val set loss: 0.4146 Val set acc: 0.8838 Val ECE: 0.6629
====> Epoch: 48 Training loss: 0.1611  Val set loss: 0.4071 Val set acc: 0.8810 Val ECE: 0.6611
====> Epoch: 49 Training loss: 0.1621  Val set loss: 0.3927 Val set acc: 0.8818 Val ECE: 0.6609
====> Epoch: 50 Training loss: 0.1533  Val set loss: 0.3843 Val set acc: 0.8856 Val ECE: 0.6647
====> Epoch: 51 Training loss: 0.1512  Val set loss: 0.4482 Val set acc: 0.8764 Val ECE: 0.6564
====> Epoch: 52 Training loss: 0.1579  Val set loss: 0.5875 Val set acc: 0.8466 Val ECE: 0.6262
====> Epoch: 53 Training loss: 0.1503  Val set loss: 0.3576 Val set acc: 0.8990 Val ECE: 0.6783
PF_fix round 1
fix fc parameters
====> Epoch: 54 Training loss: 0.1441  Val set loss: 0.3352 Val set acc: 0.9010 Val ECE: 0.6792
====> Epoch: 55 Training loss: 0.1428  Val set loss: 0.3338 Val set acc: 0.9034 Val ECE: 0.6823
====> Epoch: 56 Training loss: 0.1371  Val set loss: 0.3802 Val set acc: 0.8890 Val ECE: 0.6673
====> Epoch: 57 Training loss: 0.1387  Val set loss: 0.3582 Val set acc: 0.8922 Val ECE: 0.6702
====> Epoch: 58 Training loss: 0.1369  Val set loss: 0.3786 Val set acc: 0.8938 Val ECE: 0.6723
====> Epoch: 59 Training loss: 0.1357  Val set loss: 0.3739 Val set acc: 0.8920 Val ECE: 0.6712
====> Epoch: 60 Training loss: 0.1318  Val set loss: 0.3309 Val set acc: 0.9010 Val ECE: 0.6789
====> Epoch: 61 Training loss: 0.1344  Val set loss: 0.3621 Val set acc: 0.8936 Val ECE: 0.6728
====> Epoch: 62 Training loss: 0.1323  Val set loss: 0.4280 Val set acc: 0.8836 Val ECE: 0.6621
====> Epoch: 63 Training loss: 0.1292  Val set loss: 0.3701 Val set acc: 0.8946 Val ECE: 0.6727
====> Epoch: 64 Training loss: 0.1293  Val set loss: 0.4498 Val set acc: 0.8818 Val ECE: 0.6598
====> Epoch: 65 Training loss: 0.1276  Val set loss: 0.4008 Val set acc: 0.8900 Val ECE: 0.6680
====> Epoch: 66 Training loss: 0.1228  Val set loss: 0.3430 Val set acc: 0.8978 Val ECE: 0.6762
====> Epoch: 67 Training loss: 0.1246  Val set loss: 0.4169 Val set acc: 0.8884 Val ECE: 0.6664
====> Epoch: 68 Training loss: 0.1250  Val set loss: 0.3287 Val set acc: 0.9034 Val ECE: 0.6812
====> Epoch: 69 Training loss: 0.1227  Val set loss: 0.4571 Val set acc: 0.8748 Val ECE: 0.6537
====> Epoch: 70 Training loss: 0.1192  Val set loss: 0.3952 Val set acc: 0.8858 Val ECE: 0.6639
====> Epoch: 71 Training loss: 0.1213  Val set loss: 0.3498 Val set acc: 0.8988 Val ECE: 0.6771
====> Epoch: 72 Training loss: 0.1166  Val set loss: 0.3658 Val set acc: 0.8960 Val ECE: 0.6749
====> Epoch: 73 Training loss: 0.1158  Val set loss: 0.4255 Val set acc: 0.8844 Val ECE: 0.6623
====> Epoch: 74 Training loss: 0.1163  Val set loss: 0.3259 Val set acc: 0.9012 Val ECE: 0.6784
====> Epoch: 75 Training loss: 0.1189  Val set loss: 0.3688 Val set acc: 0.8924 Val ECE: 0.6714
====> Epoch: 76 Training loss: 0.1128  Val set loss: 0.3409 Val set acc: 0.9008 Val ECE: 0.6787
====> Epoch: 77 Training loss: 0.1135  Val set loss: 0.3536 Val set acc: 0.8950 Val ECE: 0.6729
====> Epoch: 78 Training loss: 0.1169  Val set loss: 0.3207 Val set acc: 0.9070 Val ECE: 0.6840
====> Epoch: 79 Training loss: 0.1158  Val set loss: 0.4044 Val set acc: 0.8864 Val ECE: 0.6646
====> Epoch: 80 Training loss: 0.1132  Val set loss: 0.3494 Val set acc: 0.8960 Val ECE: 0.6743
====> Epoch: 81 Training loss: 0.1131  Val set loss: 0.3838 Val set acc: 0.8914 Val ECE: 0.6698
====> Epoch: 82 Training loss: 0.1130  Val set loss: 0.3376 Val set acc: 0.9032 Val ECE: 0.6803
====> Epoch: 83 Training loss: 0.1109  Val set loss: 0.3411 Val set acc: 0.9052 Val ECE: 0.6821
====> Epoch: 84 Training loss: 0.1087  Val set loss: 0.3291 Val set acc: 0.9074 Val ECE: 0.6841
====> Epoch: 85 Training loss: 0.1075  Val set loss: 0.3995 Val set acc: 0.8958 Val ECE: 0.6736
====> Epoch: 86 Training loss: 0.1066  Val set loss: 0.4134 Val set acc: 0.8890 Val ECE: 0.6664
====> Epoch: 87 Training loss: 0.1061  Val set loss: 0.3417 Val set acc: 0.9016 Val ECE: 0.6790
====> Epoch: 88 Training loss: 0.1058  Val set loss: 0.3436 Val set acc: 0.8984 Val ECE: 0.6753
====> Epoch: 89 Training loss: 0.1046  Val set loss: 0.3686 Val set acc: 0.9016 Val ECE: 0.6782
====> Epoch: 90 Training loss: 0.1048  Val set loss: 0.4084 Val set acc: 0.8912 Val ECE: 0.6691
====> Epoch: 91 Training loss: 0.1050  Val set loss: 0.4043 Val set acc: 0.8878 Val ECE: 0.6659
====> Epoch: 92 Training loss: 0.1047  Val set loss: 0.3292 Val set acc: 0.9090 Val ECE: 0.6859
====> Epoch: 93 Training loss: 0.1028  Val set loss: 0.3850 Val set acc: 0.8978 Val ECE: 0.6755
====> Epoch: 94 Training loss: 0.1033  Val set loss: 0.4317 Val set acc: 0.8838 Val ECE: 0.6616
PF_fix round 2
fix fc parameters
fix layer4 parameters
====> Epoch: 95 Training loss: 0.0926  Val set loss: 0.3296 Val set acc: 0.9006 Val ECE: 0.6787
====> Epoch: 96 Training loss: 0.0861  Val set loss: 0.2540 Val set acc: 0.9182 Val ECE: 0.6960
====> Epoch: 97 Training loss: 0.0858  Val set loss: 0.2765 Val set acc: 0.9140 Val ECE: 0.6922
====> Epoch: 98 Training loss: 0.0835  Val set loss: 0.2515 Val set acc: 0.9198 Val ECE: 0.6981
====> Epoch: 99 Training loss: 0.0829  Val set loss: 0.2664 Val set acc: 0.9134 Val ECE: 0.6919
====> Epoch: 100 Training loss: 0.0830  Val set loss: 0.2875 Val set acc: 0.9072 Val ECE: 0.6874
====> Epoch: 101 Training loss: 0.0840  Val set loss: 0.2817 Val set acc: 0.9100 Val ECE: 0.6893
====> Epoch: 102 Training loss: 0.0795  Val set loss: 0.2444 Val set acc: 0.9232 Val ECE: 0.7018
====> Epoch: 103 Training loss: 0.0848  Val set loss: 0.2405 Val set acc: 0.9216 Val ECE: 0.7005
====> Epoch: 104 Training loss: 0.0842  Val set loss: 0.2420 Val set acc: 0.9208 Val ECE: 0.7001
====> Epoch: 105 Training loss: 0.0877  Val set loss: 0.2558 Val set acc: 0.9152 Val ECE: 0.6946
====> Epoch: 106 Training loss: 0.0906  Val set loss: 0.3108 Val set acc: 0.9030 Val ECE: 0.6839
====> Epoch: 107 Training loss: 0.0952  Val set loss: 0.2784 Val set acc: 0.9112 Val ECE: 0.6922
====> Epoch: 108 Training loss: 0.0961  Val set loss: 0.2665 Val set acc: 0.9134 Val ECE: 0.6941
====> Epoch: 109 Training loss: 0.1007  Val set loss: 0.2601 Val set acc: 0.9170 Val ECE: 0.6972
====> Epoch: 110 Training loss: 0.1049  Val set loss: 0.2771 Val set acc: 0.9126 Val ECE: 0.6927
====> Epoch: 111 Training loss: 0.1090  Val set loss: 0.3337 Val set acc: 0.8956 Val ECE: 0.6763
====> Epoch: 112 Training loss: 0.1166  Val set loss: 0.3519 Val set acc: 0.8876 Val ECE: 0.6699
====> Epoch: 113 Training loss: 0.1206  Val set loss: 0.2602 Val set acc: 0.9152 Val ECE: 0.6975
====> Epoch: 114 Training loss: 0.1306  Val set loss: 0.2954 Val set acc: 0.9094 Val ECE: 0.6928
====> Epoch: 115 Training loss: 0.1377  Val set loss: 0.3073 Val set acc: 0.9060 Val ECE: 0.6900
====> Epoch: 116 Training loss: 0.1505  Val set loss: 0.2881 Val set acc: 0.9152 Val ECE: 0.7003
====> Epoch: 117 Training loss: 0.1624  Val set loss: 0.2746 Val set acc: 0.9166 Val ECE: 0.7023
====> Epoch: 118 Training loss: 0.1707  Val set loss: 0.3404 Val set acc: 0.9024 Val ECE: 0.6932
====> Epoch: 119 Training loss: 0.1854  Val set loss: 0.3830 Val set acc: 0.8840 Val ECE: 0.6746
PF_fix round 3
fix fc parameters
fix layer4 parameters
fix layer3 parameters
====> Epoch: 120 Training loss: 0.2578  Val set loss: 0.3914 Val set acc: 0.8928 Val ECE: 0.6898
====> Epoch: 121 Training loss: 0.2666  Val set loss: 0.4192 Val set acc: 0.8880 Val ECE: 0.6904
====> Epoch: 122 Training loss: 0.2955  Val set loss: 0.3767 Val set acc: 0.9154 Val ECE: 0.7203
====> Epoch: 123 Training loss: 0.3308  Val set loss: 0.4071 Val set acc: 0.9156 Val ECE: 0.7261
====> Epoch: 124 Training loss: 0.3772  Val set loss: 0.4667 Val set acc: 0.9096 Val ECE: 0.7266
====> Epoch: 125 Training loss: 0.4260  Val set loss: 0.5125 Val set acc: 0.9150 Val ECE: 0.7386
====> Epoch: 126 Training loss: 0.4818  Val set loss: 0.5510 Val set acc: 0.9192 Val ECE: 0.7490
====> Epoch: 127 Training loss: 0.5435  Val set loss: 0.6413 Val set acc: 0.9072 Val ECE: 0.7443
====> Epoch: 128 Training loss: 0.6144  Val set loss: 0.6778 Val set acc: 0.9168 Val ECE: 0.7592
====> Epoch: 129 Training loss: 0.6839  Val set loss: 0.7357 Val set acc: 0.9192 Val ECE: 0.7669
====> Epoch: 130 Training loss: 0.7578  Val set loss: 0.8020 Val set acc: 0.9272 Val ECE: 0.7806
====> Epoch: 131 Training loss: 0.8329  Val set loss: 0.8833 Val set acc: 0.9214 Val ECE: 0.7805
====> Epoch: 132 Training loss: 0.9088  Val set loss: 0.9601 Val set acc: 0.9240 Val ECE: 0.7879
====> Epoch: 133 Training loss: 0.9846  Val set loss: 1.0373 Val set acc: 0.9204 Val ECE: 0.7882
====> Epoch: 134 Training loss: 1.0613  Val set loss: 1.0989 Val set acc: 0.9292 Val ECE: 0.8006
====> Epoch: 135 Training loss: 1.1367  Val set loss: 1.1691 Val set acc: 0.9270 Val ECE: 0.8015
====> Epoch: 136 Training loss: 1.2080  Val set loss: 1.2509 Val set acc: 0.9266 Val ECE: 0.8045
====> Epoch: 137 Training loss: 1.2780  Val set loss: 1.3085 Val set acc: 0.9274 Val ECE: 0.8075
====> Epoch: 138 Training loss: 1.3453  Val set loss: 1.3817 Val set acc: 0.9232 Val ECE: 0.8057
PF_fix round 4
fix fc parameters
fix layer4 parameters
fix layer3 parameters
fix layer2 parameters
====> Epoch: 139 Training loss: 1.4142  Val set loss: 1.4475 Val set acc: 0.9282 Val ECE: 0.8128
====> Epoch: 140 Training loss: 1.4768  Val set loss: 1.5132 Val set acc: 0.9246 Val ECE: 0.8110
====> Epoch: 141 Training loss: 1.5362  Val set loss: 1.5648 Val set acc: 0.9234 Val ECE: 0.8111
====> Epoch: 142 Training loss: 1.5928  Val set loss: 1.6235 Val set acc: 0.9286 Val ECE: 0.8178
====> Epoch: 143 Training loss: 1.6459  Val set loss: 1.6668 Val set acc: 0.9322 Val ECE: 0.8224
====> Epoch: 144 Training loss: 1.6970  Val set loss: 1.7170 Val set acc: 0.9284 Val ECE: 0.8197
====> Epoch: 145 Training loss: 1.7445  Val set loss: 1.7632 Val set acc: 0.9328 Val ECE: 0.8250
====> Epoch: 146 Training loss: 1.7888  Val set loss: 1.8055 Val set acc: 0.9328 Val ECE: 0.8258
====> Epoch: 147 Training loss: 1.8307  Val set loss: 1.8494 Val set acc: 0.9288 Val ECE: 0.8226
====> Epoch: 148 Training loss: 1.8699  Val set loss: 1.8848 Val set acc: 0.9348 Val ECE: 0.8293
====> Epoch: 149 Training loss: 1.9062  Val set loss: 1.9197 Val set acc: 0.9344 Val ECE: 0.8294
====> Epoch: 150 Training loss: 1.9241  Val set loss: 1.9190 Val set acc: 0.9398 Val ECE: 0.8348
====> Epoch: 151 Training loss: 1.9274  Val set loss: 1.9229 Val set acc: 0.9390 Val ECE: 0.8341
====> Epoch: 152 Training loss: 1.9307  Val set loss: 1.9266 Val set acc: 0.9396 Val ECE: 0.8348
====> Epoch: 153 Training loss: 1.9338  Val set loss: 1.9303 Val set acc: 0.9400 Val ECE: 0.8352
====> Epoch: 154 Training loss: 1.9370  Val set loss: 1.9338 Val set acc: 0.9380 Val ECE: 0.8333
====> Epoch: 155 Training loss: 1.9402  Val set loss: 1.9375 Val set acc: 0.9368 Val ECE: 0.8321
====> Epoch: 156 Training loss: 1.9433  Val set loss: 1.9394 Val set acc: 0.9398 Val ECE: 0.8352
====> Epoch: 157 Training loss: 1.9464  Val set loss: 1.9439 Val set acc: 0.9378 Val ECE: 0.8332
====> Epoch: 158 Training loss: 1.9497  Val set loss: 1.9463 Val set acc: 0.9398 Val ECE: 0.8353
====> Epoch: 159 Training loss: 1.9528  Val set loss: 1.9507 Val set acc: 0.9384 Val ECE: 0.8339
====> Epoch: 160 Training loss: 1.9560  Val set loss: 1.9535 Val set acc: 0.9394 Val ECE: 0.8350
====> Epoch: 161 Training loss: 1.9593  Val set loss: 1.9565 Val set acc: 0.9406 Val ECE: 0.8362
====> Epoch: 162 Training loss: 1.9623  Val set loss: 1.9601 Val set acc: 0.9386 Val ECE: 0.8343
====> Epoch: 163 Training loss: 1.9653  Val set loss: 1.9623 Val set acc: 0.9354 Val ECE: 0.8311
====> Epoch: 164 Training loss: 1.9686  Val set loss: 1.9647 Val set acc: 0.9358 Val ECE: 0.8316
====> Epoch: 165 Training loss: 1.9716  Val set loss: 1.9688 Val set acc: 0.9382 Val ECE: 0.8340
====> Epoch: 166 Training loss: 1.9745  Val set loss: 1.9725 Val set acc: 0.9382 Val ECE: 0.8341
====> Epoch: 167 Training loss: 1.9775  Val set loss: 1.9746 Val set acc: 0.9388 Val ECE: 0.8347
====> Epoch: 168 Training loss: 1.9804  Val set loss: 1.9782 Val set acc: 0.9394 Val ECE: 0.8354
====> Epoch: 169 Training loss: 1.9836  Val set loss: 1.9810 Val set acc: 0.9368 Val ECE: 0.8328
====> Epoch: 170 Training loss: 1.9864  Val set loss: 1.9841 Val set acc: 0.9384 Val ECE: 0.8344
====> Epoch: 171 Training loss: 1.9894  Val set loss: 1.9861 Val set acc: 0.9360 Val ECE: 0.8321
====> Epoch: 172 Training loss: 1.9921  Val set loss: 1.9899 Val set acc: 0.9376 Val ECE: 0.8337
====> Epoch: 173 Training loss: 1.9953  Val set loss: 1.9912 Val set acc: 0.9386 Val ECE: 0.8348
====> Epoch: 174 Training loss: 1.9979  Val set loss: 1.9956 Val set acc: 0.9386 Val ECE: 0.8348
====> Epoch: 175 Training loss: 2.0008  Val set loss: 1.9988 Val set acc: 0.9388 Val ECE: 0.8351
====> Epoch: 176 Training loss: 2.0036  Val set loss: 1.9999 Val set acc: 0.9390 Val ECE: 0.8353
====> Epoch: 177 Training loss: 2.0062  Val set loss: 2.0036 Val set acc: 0.9392 Val ECE: 0.8355
====> Epoch: 178 Training loss: 2.0092  Val set loss: 2.0066 Val set acc: 0.9388 Val ECE: 0.8352
====> Epoch: 179 Training loss: 2.0119  Val set loss: 2.0090 Val set acc: 0.9390 Val ECE: 0.8354
====> Epoch: 180 Training loss: 2.0143  Val set loss: 2.0132 Val set acc: 0.9370 Val ECE: 0.8335
====> Epoch: 181 Training loss: 2.0173  Val set loss: 2.0141 Val set acc: 0.9350 Val ECE: 0.8315
====> Epoch: 182 Training loss: 2.0199  Val set loss: 2.0186 Val set acc: 0.9402 Val ECE: 0.8368
====> Epoch: 183 Training loss: 2.0225  Val set loss: 2.0208 Val set acc: 0.9356 Val ECE: 0.8322
====> Epoch: 184 Training loss: 2.0251  Val set loss: 2.0232 Val set acc: 0.9392 Val ECE: 0.8358
====> Epoch: 185 Training loss: 2.0276  Val set loss: 2.0253 Val set acc: 0.9378 Val ECE: 0.8344
====> Epoch: 186 Training loss: 2.0306  Val set loss: 2.0276 Val set acc: 0.9372 Val ECE: 0.8339
====> Epoch: 187 Training loss: 2.0330  Val set loss: 2.0309 Val set acc: 0.9380 Val ECE: 0.8347
====> Epoch: 188 Training loss: 2.0355  Val set loss: 2.0330 Val set acc: 0.9360 Val ECE: 0.8327
====> Epoch: 189 Training loss: 2.0380  Val set loss: 2.0356 Val set acc: 0.9362 Val ECE: 0.8330
====> Epoch: 190 Training loss: 2.0405  Val set loss: 2.0385 Val set acc: 0.9382 Val ECE: 0.8350
====> Epoch: 191 Training loss: 2.0431  Val set loss: 2.0399 Val set acc: 0.9380 Val ECE: 0.8348
====> Epoch: 192 Training loss: 2.0455  Val set loss: 2.0435 Val set acc: 0.9362 Val ECE: 0.8331
====> Epoch: 193 Training loss: 2.0479  Val set loss: 2.0453 Val set acc: 0.9358 Val ECE: 0.8327
====> Epoch: 194 Training loss: 2.0504  Val set loss: 2.0481 Val set acc: 0.9392 Val ECE: 0.8362
====> Epoch: 195 Training loss: 2.0525  Val set loss: 2.0511 Val set acc: 0.9378 Val ECE: 0.8348
====> Epoch: 196 Training loss: 2.0551  Val set loss: 2.0536 Val set acc: 0.9378 Val ECE: 0.8348
====> Epoch: 197 Training loss: 2.0575  Val set loss: 2.0556 Val set acc: 0.9326 Val ECE: 0.8297
====> Epoch: 198 Training loss: 2.0598  Val set loss: 2.0570 Val set acc: 0.9352 Val ECE: 0.8323
====> Epoch: 199 Training loss: 2.0622  Val set loss: 2.0605 Val set acc: 0.9358 Val ECE: 0.8329
====> Epoch: 200 Training loss: 2.0646  Val set loss: 2.0622 Val set acc: 0.9354 Val ECE: 0.8326
====> Epoch: 201 Training loss: 2.0667  Val set loss: 2.0648 Val set acc: 0.9372 Val ECE: 0.8344
====> Epoch: 202 Training loss: 2.0689  Val set loss: 2.0671 Val set acc: 0.9370 Val ECE: 0.8342
====> Epoch: 203 Training loss: 2.0712  Val set loss: 2.0691 Val set acc: 0.9366 Val ECE: 0.8338
====> Epoch: 204 Training loss: 2.0734  Val set loss: 2.0723 Val set acc: 0.9358 Val ECE: 0.8331
====> Epoch: 205 Training loss: 2.0757  Val set loss: 2.0733 Val set acc: 0.9370 Val ECE: 0.8343
====> Epoch: 206 Training loss: 2.0780  Val set loss: 2.0760 Val set acc: 0.9372 Val ECE: 0.8345
====> Epoch: 207 Training loss: 2.0801  Val set loss: 2.0782 Val set acc: 0.9404 Val ECE: 0.8378
====> Epoch: 208 Training loss: 2.0823  Val set loss: 2.0801 Val set acc: 0.9398 Val ECE: 0.8372
====> Epoch: 209 Training loss: 2.0843  Val set loss: 2.0830 Val set acc: 0.9340 Val ECE: 0.8314
====> Epoch: 210 Training loss: 2.0867  Val set loss: 2.0855 Val set acc: 0.9398 Val ECE: 0.8373
====> Epoch: 211 Training loss: 2.0887  Val set loss: 2.0871 Val set acc: 0.9348 Val ECE: 0.8323
====> Epoch: 212 Training loss: 2.0906  Val set loss: 2.0884 Val set acc: 0.9376 Val ECE: 0.8351
====> Epoch: 213 Training loss: 2.0928  Val set loss: 2.0909 Val set acc: 0.9352 Val ECE: 0.8327
====> Epoch: 214 Training loss: 2.0949  Val set loss: 2.0935 Val set acc: 0.9348 Val ECE: 0.8324
====> Epoch: 215 Training loss: 2.0970  Val set loss: 2.0957 Val set acc: 0.9358 Val ECE: 0.8334
====> Epoch: 216 Training loss: 2.0990  Val set loss: 2.0973 Val set acc: 0.9372 Val ECE: 0.8348
====> Epoch: 217 Training loss: 2.1010  Val set loss: 2.0989 Val set acc: 0.9360 Val ECE: 0.8336
====> Epoch: 218 Training loss: 2.1030  Val set loss: 2.1015 Val set acc: 0.9368 Val ECE: 0.8345
====> Epoch: 219 Training loss: 2.1048  Val set loss: 2.1037 Val set acc: 0.9364 Val ECE: 0.8341
====> Epoch: 220 Training loss: 2.1070  Val set loss: 2.1056 Val set acc: 0.9342 Val ECE: 0.8319
====> Epoch: 221 Training loss: 2.1088  Val set loss: 2.1067 Val set acc: 0.9358 Val ECE: 0.8335
====> Epoch: 222 Training loss: 2.1106  Val set loss: 2.1091 Val set acc: 0.9356 Val ECE: 0.8334
====> Epoch: 223 Training loss: 2.1126  Val set loss: 2.1110 Val set acc: 0.9362 Val ECE: 0.8340
====> Epoch: 224 Training loss: 2.1146  Val set loss: 2.1130 Val set acc: 0.9368 Val ECE: 0.8346
====> Epoch: 225 Training loss: 2.1165  Val set loss: 2.1154 Val set acc: 0.9368 Val ECE: 0.8347
====> Epoch: 226 Training loss: 2.1182  Val set loss: 2.1169 Val set acc: 0.9344 Val ECE: 0.8323
====> Epoch: 227 Training loss: 2.1201  Val set loss: 2.1186 Val set acc: 0.9342 Val ECE: 0.8321
====> Epoch: 228 Training loss: 2.1218  Val set loss: 2.1212 Val set acc: 0.9358 Val ECE: 0.8337
====> Epoch: 229 Training loss: 2.1237  Val set loss: 2.1235 Val set acc: 0.9348 Val ECE: 0.8328
====> Epoch: 230 Training loss: 2.1255  Val set loss: 2.1245 Val set acc: 0.9352 Val ECE: 0.8332
====> Epoch: 231 Training loss: 2.1274  Val set loss: 2.1254 Val set acc: 0.9324 Val ECE: 0.8304
====> Epoch: 232 Training loss: 2.1289  Val set loss: 2.1286 Val set acc: 0.9358 Val ECE: 0.8338
====> Epoch: 233 Training loss: 2.1309  Val set loss: 2.1293 Val set acc: 0.9384 Val ECE: 0.8364
====> Epoch: 234 Training loss: 2.1326  Val set loss: 2.1313 Val set acc: 0.9348 Val ECE: 0.8329
====> Epoch: 235 Training loss: 2.1343  Val set loss: 2.1333 Val set acc: 0.9352 Val ECE: 0.8333
====> Epoch: 236 Training loss: 2.1359  Val set loss: 2.1344 Val set acc: 0.9344 Val ECE: 0.8325
====> Epoch: 237 Training loss: 2.1377  Val set loss: 2.1363 Val set acc: 0.9358 Val ECE: 0.8339
====> Epoch: 238 Training loss: 2.1394  Val set loss: 2.1381 Val set acc: 0.9364 Val ECE: 0.8345
====> Epoch: 239 Training loss: 2.1410  Val set loss: 2.1391 Val set acc: 0.9350 Val ECE: 0.8332
====> Epoch: 240 Training loss: 2.1425  Val set loss: 2.1416 Val set acc: 0.9374 Val ECE: 0.8356
====> Epoch: 241 Training loss: 2.1443  Val set loss: 2.1432 Val set acc: 0.9370 Val ECE: 0.8352
====> Epoch: 242 Training loss: 2.1461  Val set loss: 2.1444 Val set acc: 0.9346 Val ECE: 0.8328
====> Epoch: 243 Training loss: 2.1474  Val set loss: 2.1457 Val set acc: 0.9364 Val ECE: 0.8346
====> Epoch: 244 Training loss: 2.1491  Val set loss: 2.1481 Val set acc: 0.9346 Val ECE: 0.8329
====> Epoch: 245 Training loss: 2.1506  Val set loss: 2.1491 Val set acc: 0.9342 Val ECE: 0.8325
====> Epoch: 246 Training loss: 2.1523  Val set loss: 2.1509 Val set acc: 0.9346 Val ECE: 0.8329
====> Epoch: 247 Training loss: 2.1538  Val set loss: 2.1532 Val set acc: 0.9356 Val ECE: 0.8339
====> Epoch: 248 Training loss: 2.1554  Val set loss: 2.1542 Val set acc: 0.9360 Val ECE: 0.8343
====> Epoch: 249 Training loss: 2.1569  Val set loss: 2.1557 Val set acc: 0.9338 Val ECE: 0.8322
====> Epoch: 250 Training loss: 2.1576  Val set loss: 2.1563 Val set acc: 0.9330 Val ECE: 0.8314
====> Epoch: 251 Training loss: 2.1577  Val set loss: 2.1562 Val set acc: 0.9310 Val ECE: 0.8294
====> Epoch: 252 Training loss: 2.1578  Val set loss: 2.1566 Val set acc: 0.9362 Val ECE: 0.8346
====> Epoch: 253 Training loss: 2.1579  Val set loss: 2.1571 Val set acc: 0.9360 Val ECE: 0.8344
====> Epoch: 254 Training loss: 2.1581  Val set loss: 2.1564 Val set acc: 0.9346 Val ECE: 0.8330
====> Epoch: 255 Training loss: 2.1582  Val set loss: 2.1568 Val set acc: 0.9358 Val ECE: 0.8342
====> Epoch: 256 Training loss: 2.1583  Val set loss: 2.1565 Val set acc: 0.9348 Val ECE: 0.8332
====> Epoch: 257 Training loss: 2.1583  Val set loss: 2.1567 Val set acc: 0.9346 Val ECE: 0.8330
====> Epoch: 258 Training loss: 2.1587  Val set loss: 2.1575 Val set acc: 0.9344 Val ECE: 0.8328
====> Epoch: 259 Training loss: 2.1588  Val set loss: 2.1573 Val set acc: 0.9348 Val ECE: 0.8332
====> Epoch: 260 Training loss: 2.1589  Val set loss: 2.1578 Val set acc: 0.9350 Val ECE: 0.8334
====> Epoch: 261 Training loss: 2.1590  Val set loss: 2.1575 Val set acc: 0.9340 Val ECE: 0.8324
====> Epoch: 262 Training loss: 2.1592  Val set loss: 2.1577 Val set acc: 0.9342 Val ECE: 0.8326
====> Epoch: 263 Training loss: 2.1593  Val set loss: 2.1581 Val set acc: 0.9348 Val ECE: 0.8332
====> Epoch: 264 Training loss: 2.1595  Val set loss: 2.1585 Val set acc: 0.9326 Val ECE: 0.8310
====> Epoch: 265 Training loss: 2.1596  Val set loss: 2.1583 Val set acc: 0.9330 Val ECE: 0.8314
====> Epoch: 266 Training loss: 2.1598  Val set loss: 2.1579 Val set acc: 0.9352 Val ECE: 0.8336
====> Epoch: 267 Training loss: 2.1599  Val set loss: 2.1589 Val set acc: 0.9344 Val ECE: 0.8328
====> Epoch: 268 Training loss: 2.1600  Val set loss: 2.1589 Val set acc: 0.9342 Val ECE: 0.8326
====> Epoch: 269 Training loss: 2.1601  Val set loss: 2.1589 Val set acc: 0.9324 Val ECE: 0.8308
====> Epoch: 270 Training loss: 2.1604  Val set loss: 2.1591 Val set acc: 0.9338 Val ECE: 0.8322
====> Epoch: 271 Training loss: 2.1606  Val set loss: 2.1592 Val set acc: 0.9344 Val ECE: 0.8328
====> Epoch: 272 Training loss: 2.1607  Val set loss: 2.1592 Val set acc: 0.9354 Val ECE: 0.8338
====> Epoch: 273 Training loss: 2.1608  Val set loss: 2.1589 Val set acc: 0.9344 Val ECE: 0.8328
====> Epoch: 274 Training loss: 2.1609  Val set loss: 2.1596 Val set acc: 0.9348 Val ECE: 0.8332
====> Epoch: 275 Training loss: 2.1612  Val set loss: 2.1598 Val set acc: 0.9328 Val ECE: 0.8312
====> Epoch: 276 Training loss: 2.1611  Val set loss: 2.1600 Val set acc: 0.9350 Val ECE: 0.8334
====> Epoch: 277 Training loss: 2.1614  Val set loss: 2.1604 Val set acc: 0.9350 Val ECE: 0.8334
====> Epoch: 278 Training loss: 2.1616  Val set loss: 2.1602 Val set acc: 0.9356 Val ECE: 0.8340
====> Epoch: 279 Training loss: 2.1617  Val set loss: 2.1603 Val set acc: 0.9324 Val ECE: 0.8308
====> Epoch: 280 Training loss: 2.1618  Val set loss: 2.1608 Val set acc: 0.9342 Val ECE: 0.8326
====> Epoch: 281 Training loss: 2.1620  Val set loss: 2.1602 Val set acc: 0.9338 Val ECE: 0.8322
====> Epoch: 282 Training loss: 2.1621  Val set loss: 2.1605 Val set acc: 0.9334 Val ECE: 0.8318
====> Epoch: 283 Training loss: 2.1621  Val set loss: 2.1610 Val set acc: 0.9336 Val ECE: 0.8320
====> Epoch: 284 Training loss: 2.1624  Val set loss: 2.1612 Val set acc: 0.9326 Val ECE: 0.8310
====> Epoch: 285 Training loss: 2.1625  Val set loss: 2.1615 Val set acc: 0.9354 Val ECE: 0.8338
====> Epoch: 286 Training loss: 2.1627  Val set loss: 2.1613 Val set acc: 0.9350 Val ECE: 0.8334
====> Epoch: 287 Training loss: 2.1628  Val set loss: 2.1613 Val set acc: 0.9356 Val ECE: 0.8340
====> Epoch: 288 Training loss: 2.1630  Val set loss: 2.1617 Val set acc: 0.9320 Val ECE: 0.8304
====> Epoch: 289 Training loss: 2.1631  Val set loss: 2.1621 Val set acc: 0.9338 Val ECE: 0.8322
====> Epoch: 290 Training loss: 2.1632  Val set loss: 2.1616 Val set acc: 0.9350 Val ECE: 0.8334
====> Epoch: 291 Training loss: 2.1634  Val set loss: 2.1622 Val set acc: 0.9354 Val ECE: 0.8338
====> Epoch: 292 Training loss: 2.1635  Val set loss: 2.1622 Val set acc: 0.9348 Val ECE: 0.8332
====> Epoch: 293 Training loss: 2.1636  Val set loss: 2.1627 Val set acc: 0.9348 Val ECE: 0.8332
====> Epoch: 294 Training loss: 2.1638  Val set loss: 2.1627 Val set acc: 0.9372 Val ECE: 0.8356
====> Epoch: 295 Training loss: 2.1640  Val set loss: 2.1631 Val set acc: 0.9350 Val ECE: 0.8334
====> Epoch: 296 Training loss: 2.1641  Val set loss: 2.1628 Val set acc: 0.9366 Val ECE: 0.8350
====> Epoch: 297 Training loss: 2.1642  Val set loss: 2.1631 Val set acc: 0.9318 Val ECE: 0.8302
====> Epoch: 298 Training loss: 2.1644  Val set loss: 2.1634 Val set acc: 0.9342 Val ECE: 0.8326
====> Epoch: 299 Training loss: 2.1645  Val set loss: 2.1637 Val set acc: 0.9330 Val ECE: 0.8314
====> Epoch: 300 Training loss: 2.1648  Val set loss: 2.1635 Val set acc: 0.9344 Val ECE: 0.8328
====> Epoch: 301 Training loss: 2.1649  Val set loss: 2.1634 Val set acc: 0.9344 Val ECE: 0.8328
====> Epoch: 302 Training loss: 2.1651  Val set loss: 2.1638 Val set acc: 0.9330 Val ECE: 0.8315
====> Epoch: 303 Training loss: 2.1651  Val set loss: 2.1642 Val set acc: 0.9322 Val ECE: 0.8307
====> Epoch: 304 Training loss: 2.1652  Val set loss: 2.1639 Val set acc: 0.9314 Val ECE: 0.8299
====> Epoch: 305 Training loss: 2.1654  Val set loss: 2.1641 Val set acc: 0.9332 Val ECE: 0.8317
====> Epoch: 306 Training loss: 2.1655  Val set loss: 2.1644 Val set acc: 0.9316 Val ECE: 0.8301
====> Epoch: 307 Training loss: 2.1657  Val set loss: 2.1643 Val set acc: 0.9342 Val ECE: 0.8327
====> Epoch: 308 Training loss: 2.1658  Val set loss: 2.1644 Val set acc: 0.9334 Val ECE: 0.8319
====> Epoch: 309 Training loss: 2.1659  Val set loss: 2.1646 Val set acc: 0.9346 Val ECE: 0.8331
====> Epoch: 310 Training loss: 2.1661  Val set loss: 2.1647 Val set acc: 0.9358 Val ECE: 0.8343
====> Epoch: 311 Training loss: 2.1663  Val set loss: 2.1647 Val set acc: 0.9346 Val ECE: 0.8331
====> Epoch: 312 Training loss: 2.1665  Val set loss: 2.1652 Val set acc: 0.9322 Val ECE: 0.8307
====> Epoch: 313 Training loss: 2.1666  Val set loss: 2.1662 Val set acc: 0.9346 Val ECE: 0.8331
====> Epoch: 314 Training loss: 2.1666  Val set loss: 2.1658 Val set acc: 0.9318 Val ECE: 0.8303
====> Epoch: 315 Training loss: 2.1668  Val set loss: 2.1649 Val set acc: 0.9352 Val ECE: 0.8337
====> Epoch: 316 Training loss: 2.1670  Val set loss: 2.1658 Val set acc: 0.9334 Val ECE: 0.8319
====> Epoch: 317 Training loss: 2.1671  Val set loss: 2.1655 Val set acc: 0.9352 Val ECE: 0.8337
====> Epoch: 318 Training loss: 2.1672  Val set loss: 2.1657 Val set acc: 0.9330 Val ECE: 0.8315
====> Epoch: 319 Training loss: 2.1674  Val set loss: 2.1660 Val set acc: 0.9344 Val ECE: 0.8329
====> Epoch: 320 Training loss: 2.1675  Val set loss: 2.1664 Val set acc: 0.9330 Val ECE: 0.8315
====> Epoch: 321 Training loss: 2.1677  Val set loss: 2.1660 Val set acc: 0.9344 Val ECE: 0.8329
====> Epoch: 322 Training loss: 2.1679  Val set loss: 2.1664 Val set acc: 0.9344 Val ECE: 0.8329
====> Epoch: 323 Training loss: 2.1680  Val set loss: 2.1667 Val set acc: 0.9332 Val ECE: 0.8317
====> Epoch: 324 Training loss: 2.1681  Val set loss: 2.1670 Val set acc: 0.9324 Val ECE: 0.8309
====> Epoch: 325 Training loss: 2.1682  Val set loss: 2.1671 Val set acc: 0.9354 Val ECE: 0.8339
====> Epoch: 326 Training loss: 2.1684  Val set loss: 2.1672 Val set acc: 0.9348 Val ECE: 0.8333
====> Epoch: 327 Training loss: 2.1684  Val set loss: 2.1668 Val set acc: 0.9324 Val ECE: 0.8309
====> Epoch: 328 Training loss: 2.1686  Val set loss: 2.1673 Val set acc: 0.9334 Val ECE: 0.8319
====> Epoch: 329 Training loss: 2.1688  Val set loss: 2.1670 Val set acc: 0.9330 Val ECE: 0.8315
====> Epoch: 330 Training loss: 2.1688  Val set loss: 2.1678 Val set acc: 0.9342 Val ECE: 0.8327
====> Epoch: 331 Training loss: 2.1691  Val set loss: 2.1677 Val set acc: 0.9338 Val ECE: 0.8323
====> Epoch: 332 Training loss: 2.1693  Val set loss: 2.1678 Val set acc: 0.9326 Val ECE: 0.8311
====> Epoch: 333 Training loss: 2.1694  Val set loss: 2.1678 Val set acc: 0.9340 Val ECE: 0.8325
====> Epoch: 334 Training loss: 2.1694  Val set loss: 2.1685 Val set acc: 0.9336 Val ECE: 0.8321
====> Epoch: 335 Training loss: 2.1696  Val set loss: 2.1683 Val set acc: 0.9340 Val ECE: 0.8325
====> Epoch: 336 Training loss: 2.1697  Val set loss: 2.1685 Val set acc: 0.9372 Val ECE: 0.8357
====> Epoch: 337 Training loss: 2.1699  Val set loss: 2.1688 Val set acc: 0.9362 Val ECE: 0.8347
====> Epoch: 338 Training loss: 2.1700  Val set loss: 2.1687 Val set acc: 0.9334 Val ECE: 0.8319
====> Epoch: 339 Training loss: 2.1702  Val set loss: 2.1693 Val set acc: 0.9334 Val ECE: 0.8319
====> Epoch: 340 Training loss: 2.1703  Val set loss: 2.1694 Val set acc: 0.9348 Val ECE: 0.8333
====> Epoch: 341 Training loss: 2.1705  Val set loss: 2.1691 Val set acc: 0.9336 Val ECE: 0.8321
====> Epoch: 342 Training loss: 2.1706  Val set loss: 2.1695 Val set acc: 0.9338 Val ECE: 0.8323
====> Epoch: 343 Training loss: 2.1707  Val set loss: 2.1694 Val set acc: 0.9326 Val ECE: 0.8311
====> Epoch: 344 Training loss: 2.1709  Val set loss: 2.1694 Val set acc: 0.9360 Val ECE: 0.8345
====> Epoch: 345 Training loss: 2.1709  Val set loss: 2.1698 Val set acc: 0.9340 Val ECE: 0.8325
====> Epoch: 346 Training loss: 2.1712  Val set loss: 2.1700 Val set acc: 0.9322 Val ECE: 0.8307
====> Epoch: 347 Training loss: 2.1713  Val set loss: 2.1697 Val set acc: 0.9348 Val ECE: 0.8333
====> Epoch: 348 Training loss: 2.1714  Val set loss: 2.1702 Val set acc: 0.9336 Val ECE: 0.8321
====> Epoch: 349 Training loss: 2.1715  Val set loss: 2.1706 Val set acc: 0.9356 Val ECE: 0.8341
