resnet50_cifar10_cross_entropy_PF=17_WD=0.0001_220119172953
CUDA set: True
Files already downloaded and verified
Files already downloaded and verified
====> Epoch: 0 Training loss: 2.1372  Val set loss: 1.7433 Val set acc: 0.3706 Val ECE: 0.2276
====> Epoch: 1 Training loss: 1.4957  Val set loss: 1.6863 Val set acc: 0.4450 Val ECE: 0.2763
====> Epoch: 2 Training loss: 1.1658  Val set loss: 1.1956 Val set acc: 0.5880 Val ECE: 0.4097
====> Epoch: 3 Training loss: 0.9639  Val set loss: 0.9651 Val set acc: 0.6688 Val ECE: 0.4806
====> Epoch: 4 Training loss: 0.8377  Val set loss: 0.8775 Val set acc: 0.6958 Val ECE: 0.5090
====> Epoch: 5 Training loss: 0.7454  Val set loss: 0.7954 Val set acc: 0.7378 Val ECE: 0.5435
====> Epoch: 6 Training loss: 0.6628  Val set loss: 0.7039 Val set acc: 0.7574 Val ECE: 0.5591
====> Epoch: 7 Training loss: 0.5975  Val set loss: 0.6504 Val set acc: 0.7730 Val ECE: 0.5734
====> Epoch: 8 Training loss: 0.5574  Val set loss: 0.6777 Val set acc: 0.7744 Val ECE: 0.5698
====> Epoch: 9 Training loss: 0.5201  Val set loss: 0.5720 Val set acc: 0.8058 Val ECE: 0.6012
====> Epoch: 10 Training loss: 0.4870  Val set loss: 0.4970 Val set acc: 0.8288 Val ECE: 0.6234
====> Epoch: 11 Training loss: 0.4597  Val set loss: 0.5006 Val set acc: 0.8374 Val ECE: 0.6298
====> Epoch: 12 Training loss: 0.4337  Val set loss: 0.5037 Val set acc: 0.8318 Val ECE: 0.6235
====> Epoch: 13 Training loss: 0.4107  Val set loss: 0.5568 Val set acc: 0.8148 Val ECE: 0.6056
====> Epoch: 14 Training loss: 0.3992  Val set loss: 0.5565 Val set acc: 0.8244 Val ECE: 0.6124
====> Epoch: 15 Training loss: 0.3743  Val set loss: 0.4751 Val set acc: 0.8440 Val ECE: 0.6320
====> Epoch: 16 Training loss: 0.3621  Val set loss: 0.5977 Val set acc: 0.8096 Val ECE: 0.5986
====> Epoch: 17 Training loss: 0.3445  Val set loss: 0.4227 Val set acc: 0.8552 Val ECE: 0.6419
====> Epoch: 18 Training loss: 0.3320  Val set loss: 0.5081 Val set acc: 0.8368 Val ECE: 0.6234
====> Epoch: 19 Training loss: 0.3208  Val set loss: 0.4381 Val set acc: 0.8498 Val ECE: 0.6377
====> Epoch: 20 Training loss: 0.3096  Val set loss: 0.5557 Val set acc: 0.8262 Val ECE: 0.6133
====> Epoch: 21 Training loss: 0.2899  Val set loss: 0.4336 Val set acc: 0.8618 Val ECE: 0.6474
====> Epoch: 22 Training loss: 0.2852  Val set loss: 0.4656 Val set acc: 0.8508 Val ECE: 0.6361
====> Epoch: 23 Training loss: 0.2745  Val set loss: 0.4331 Val set acc: 0.8620 Val ECE: 0.6473
====> Epoch: 24 Training loss: 0.2663  Val set loss: 0.4246 Val set acc: 0.8646 Val ECE: 0.6497
====> Epoch: 25 Training loss: 0.2598  Val set loss: 0.3881 Val set acc: 0.8726 Val ECE: 0.6554
====> Epoch: 26 Training loss: 0.2477  Val set loss: 0.3767 Val set acc: 0.8792 Val ECE: 0.6621
====> Epoch: 27 Training loss: 0.2453  Val set loss: 0.3901 Val set acc: 0.8700 Val ECE: 0.6548
====> Epoch: 28 Training loss: 0.2359  Val set loss: 0.4491 Val set acc: 0.8614 Val ECE: 0.6447
====> Epoch: 29 Training loss: 0.2321  Val set loss: 0.4252 Val set acc: 0.8682 Val ECE: 0.6510
====> Epoch: 30 Training loss: 0.2247  Val set loss: 0.3708 Val set acc: 0.8814 Val ECE: 0.6629
====> Epoch: 31 Training loss: 0.2206  Val set loss: 0.3729 Val set acc: 0.8810 Val ECE: 0.6636
====> Epoch: 32 Training loss: 0.2100  Val set loss: 0.3756 Val set acc: 0.8846 Val ECE: 0.6659
====> Epoch: 33 Training loss: 0.2094  Val set loss: 0.3622 Val set acc: 0.8852 Val ECE: 0.6662
====> Epoch: 34 Training loss: 0.2061  Val set loss: 0.4316 Val set acc: 0.8660 Val ECE: 0.6485
====> Epoch: 35 Training loss: 0.2040  Val set loss: 0.4003 Val set acc: 0.8822 Val ECE: 0.6625
====> Epoch: 36 Training loss: 0.1961  Val set loss: 0.3881 Val set acc: 0.8834 Val ECE: 0.6645
====> Epoch: 37 Training loss: 0.1957  Val set loss: 0.3456 Val set acc: 0.8894 Val ECE: 0.6702
====> Epoch: 38 Training loss: 0.1884  Val set loss: 0.3594 Val set acc: 0.8868 Val ECE: 0.6683
====> Epoch: 39 Training loss: 0.1814  Val set loss: 0.4412 Val set acc: 0.8596 Val ECE: 0.6417
====> Epoch: 40 Training loss: 0.1800  Val set loss: 0.3880 Val set acc: 0.8798 Val ECE: 0.6616
====> Epoch: 41 Training loss: 0.1751  Val set loss: 0.3706 Val set acc: 0.8878 Val ECE: 0.6673
====> Epoch: 42 Training loss: 0.1752  Val set loss: 0.4026 Val set acc: 0.8768 Val ECE: 0.6570
====> Epoch: 43 Training loss: 0.1718  Val set loss: 0.4002 Val set acc: 0.8896 Val ECE: 0.6688
====> Epoch: 44 Training loss: 0.1715  Val set loss: 0.4137 Val set acc: 0.8752 Val ECE: 0.6550
====> Epoch: 45 Training loss: 0.1637  Val set loss: 0.3742 Val set acc: 0.8872 Val ECE: 0.6665
====> Epoch: 46 Training loss: 0.1661  Val set loss: 0.4122 Val set acc: 0.8746 Val ECE: 0.6552
====> Epoch: 47 Training loss: 0.1639  Val set loss: 0.4146 Val set acc: 0.8838 Val ECE: 0.6629
====> Epoch: 48 Training loss: 0.1611  Val set loss: 0.4071 Val set acc: 0.8810 Val ECE: 0.6611
====> Epoch: 49 Training loss: 0.1621  Val set loss: 0.3927 Val set acc: 0.8818 Val ECE: 0.6609
====> Epoch: 50 Training loss: 0.1533  Val set loss: 0.3843 Val set acc: 0.8856 Val ECE: 0.6647
====> Epoch: 51 Training loss: 0.1512  Val set loss: 0.4482 Val set acc: 0.8764 Val ECE: 0.6564
====> Epoch: 52 Training loss: 0.1579  Val set loss: 0.5875 Val set acc: 0.8466 Val ECE: 0.6262
====> Epoch: 53 Training loss: 0.1503  Val set loss: 0.3576 Val set acc: 0.8990 Val ECE: 0.6783
====> Epoch: 54 Training loss: 0.1479  Val set loss: 0.3791 Val set acc: 0.8860 Val ECE: 0.6654
PF_fix round 1
fix fc parameters
====> Epoch: 55 Training loss: 0.1429  Val set loss: 0.3454 Val set acc: 0.9036 Val ECE: 0.6817
====> Epoch: 56 Training loss: 0.1417  Val set loss: 0.3872 Val set acc: 0.8838 Val ECE: 0.6629
====> Epoch: 57 Training loss: 0.1404  Val set loss: 0.4098 Val set acc: 0.8828 Val ECE: 0.6617
====> Epoch: 58 Training loss: 0.1357  Val set loss: 0.4035 Val set acc: 0.8870 Val ECE: 0.6658
====> Epoch: 59 Training loss: 0.1330  Val set loss: 0.3962 Val set acc: 0.8932 Val ECE: 0.6711
====> Epoch: 60 Training loss: 0.1372  Val set loss: 0.4419 Val set acc: 0.8754 Val ECE: 0.6548
====> Epoch: 61 Training loss: 0.1340  Val set loss: 0.3920 Val set acc: 0.8900 Val ECE: 0.6686
====> Epoch: 62 Training loss: 0.1347  Val set loss: 0.4016 Val set acc: 0.8922 Val ECE: 0.6698
====> Epoch: 63 Training loss: 0.1280  Val set loss: 0.4033 Val set acc: 0.8850 Val ECE: 0.6643
====> Epoch: 64 Training loss: 0.1297  Val set loss: 0.5027 Val set acc: 0.8652 Val ECE: 0.6438
====> Epoch: 65 Training loss: 0.1287  Val set loss: 0.3569 Val set acc: 0.9022 Val ECE: 0.6798
====> Epoch: 66 Training loss: 0.1250  Val set loss: 0.3437 Val set acc: 0.8980 Val ECE: 0.6767
====> Epoch: 67 Training loss: 0.1238  Val set loss: 0.3530 Val set acc: 0.9048 Val ECE: 0.6813
====> Epoch: 68 Training loss: 0.1209  Val set loss: 0.3472 Val set acc: 0.8954 Val ECE: 0.6739
====> Epoch: 69 Training loss: 0.1222  Val set loss: 0.4084 Val set acc: 0.8872 Val ECE: 0.6650
====> Epoch: 70 Training loss: 0.1193  Val set loss: 0.4262 Val set acc: 0.8782 Val ECE: 0.6570
====> Epoch: 71 Training loss: 0.1225  Val set loss: 0.3855 Val set acc: 0.8920 Val ECE: 0.6702
====> Epoch: 72 Training loss: 0.1199  Val set loss: 0.3856 Val set acc: 0.8926 Val ECE: 0.6711
====> Epoch: 73 Training loss: 0.1205  Val set loss: 0.3760 Val set acc: 0.8934 Val ECE: 0.6717
====> Epoch: 74 Training loss: 0.1143  Val set loss: 0.3534 Val set acc: 0.8958 Val ECE: 0.6733
====> Epoch: 75 Training loss: 0.1197  Val set loss: 0.3117 Val set acc: 0.9106 Val ECE: 0.6878
====> Epoch: 76 Training loss: 0.1153  Val set loss: 0.3593 Val set acc: 0.8988 Val ECE: 0.6757
====> Epoch: 77 Training loss: 0.1165  Val set loss: 0.3605 Val set acc: 0.8970 Val ECE: 0.6746
====> Epoch: 78 Training loss: 0.1128  Val set loss: 0.3274 Val set acc: 0.9018 Val ECE: 0.6796
====> Epoch: 79 Training loss: 0.1136  Val set loss: 0.3732 Val set acc: 0.8936 Val ECE: 0.6716
====> Epoch: 80 Training loss: 0.1150  Val set loss: 0.3395 Val set acc: 0.9028 Val ECE: 0.6807
====> Epoch: 81 Training loss: 0.1106  Val set loss: 0.3737 Val set acc: 0.8918 Val ECE: 0.6711
====> Epoch: 82 Training loss: 0.1115  Val set loss: 0.3727 Val set acc: 0.8880 Val ECE: 0.6668
====> Epoch: 83 Training loss: 0.1082  Val set loss: 0.3496 Val set acc: 0.8984 Val ECE: 0.6755
====> Epoch: 84 Training loss: 0.1108  Val set loss: 0.3589 Val set acc: 0.8960 Val ECE: 0.6741
====> Epoch: 85 Training loss: 0.1064  Val set loss: 0.3482 Val set acc: 0.8994 Val ECE: 0.6768
====> Epoch: 86 Training loss: 0.1093  Val set loss: 0.3786 Val set acc: 0.8966 Val ECE: 0.6735
====> Epoch: 87 Training loss: 0.1095  Val set loss: 0.3891 Val set acc: 0.8948 Val ECE: 0.6723
====> Epoch: 88 Training loss: 0.1099  Val set loss: 0.4149 Val set acc: 0.8858 Val ECE: 0.6647
====> Epoch: 89 Training loss: 0.1058  Val set loss: 0.3349 Val set acc: 0.9072 Val ECE: 0.6841
====> Epoch: 90 Training loss: 0.1031  Val set loss: 0.3888 Val set acc: 0.8914 Val ECE: 0.6689
====> Epoch: 91 Training loss: 0.1066  Val set loss: 0.3396 Val set acc: 0.9014 Val ECE: 0.6791
====> Epoch: 92 Training loss: 0.1051  Val set loss: 0.3176 Val set acc: 0.9052 Val ECE: 0.6829
PF_fix round 2
fix fc parameters
fix layer4 parameters
====> Epoch: 93 Training loss: 0.0896  Val set loss: 0.3269 Val set acc: 0.8974 Val ECE: 0.6758
====> Epoch: 94 Training loss: 0.0889  Val set loss: 0.3031 Val set acc: 0.9062 Val ECE: 0.6850
====> Epoch: 95 Training loss: 0.0828  Val set loss: 0.2906 Val set acc: 0.9118 Val ECE: 0.6901
====> Epoch: 96 Training loss: 0.0824  Val set loss: 0.2737 Val set acc: 0.9166 Val ECE: 0.6951
====> Epoch: 97 Training loss: 0.0837  Val set loss: 0.2543 Val set acc: 0.9190 Val ECE: 0.6974
====> Epoch: 98 Training loss: 0.0825  Val set loss: 0.2596 Val set acc: 0.9180 Val ECE: 0.6965
====> Epoch: 99 Training loss: 0.0827  Val set loss: 0.2680 Val set acc: 0.9156 Val ECE: 0.6949
====> Epoch: 100 Training loss: 0.0826  Val set loss: 0.2718 Val set acc: 0.9098 Val ECE: 0.6897
====> Epoch: 101 Training loss: 0.0852  Val set loss: 0.2752 Val set acc: 0.9106 Val ECE: 0.6911
====> Epoch: 102 Training loss: 0.0852  Val set loss: 0.2363 Val set acc: 0.9222 Val ECE: 0.7011
====> Epoch: 103 Training loss: 0.0875  Val set loss: 0.2966 Val set acc: 0.9046 Val ECE: 0.6867
====> Epoch: 104 Training loss: 0.0893  Val set loss: 0.2633 Val set acc: 0.9138 Val ECE: 0.6930
====> Epoch: 105 Training loss: 0.0901  Val set loss: 0.2619 Val set acc: 0.9202 Val ECE: 0.6997
====> Epoch: 106 Training loss: 0.0979  Val set loss: 0.2496 Val set acc: 0.9170 Val ECE: 0.6970
====> Epoch: 107 Training loss: 0.1031  Val set loss: 0.2752 Val set acc: 0.9116 Val ECE: 0.6918
====> Epoch: 108 Training loss: 0.1052  Val set loss: 0.2749 Val set acc: 0.9096 Val ECE: 0.6911
====> Epoch: 109 Training loss: 0.1116  Val set loss: 0.2447 Val set acc: 0.9196 Val ECE: 0.7012
====> Epoch: 110 Training loss: 0.1145  Val set loss: 0.3082 Val set acc: 0.9044 Val ECE: 0.6856
====> Epoch: 111 Training loss: 0.1204  Val set loss: 0.3831 Val set acc: 0.8742 Val ECE: 0.6585
====> Epoch: 112 Training loss: 0.1292  Val set loss: 0.4322 Val set acc: 0.8616 Val ECE: 0.6477
====> Epoch: 113 Training loss: 0.1369  Val set loss: 0.3172 Val set acc: 0.8962 Val ECE: 0.6808
====> Epoch: 114 Training loss: 0.1450  Val set loss: 0.3861 Val set acc: 0.8766 Val ECE: 0.6649
====> Epoch: 115 Training loss: 0.1535  Val set loss: 0.3087 Val set acc: 0.9082 Val ECE: 0.6943
====> Epoch: 116 Training loss: 0.1639  Val set loss: 0.3205 Val set acc: 0.9018 Val ECE: 0.6888
====> Epoch: 117 Training loss: 0.1850  Val set loss: 0.3505 Val set acc: 0.8950 Val ECE: 0.6848
====> Epoch: 118 Training loss: 0.1992  Val set loss: 0.3036 Val set acc: 0.9162 Val ECE: 0.7081
====> Epoch: 119 Training loss: 0.2191  Val set loss: 0.3523 Val set acc: 0.9078 Val ECE: 0.7037
PF_fix round 3
fix fc parameters
fix layer4 parameters
fix layer3 parameters
====> Epoch: 120 Training loss: 0.2816  Val set loss: 0.3952 Val set acc: 0.9042 Val ECE: 0.7074
====> Epoch: 121 Training loss: 0.3054  Val set loss: 0.4335 Val set acc: 0.9012 Val ECE: 0.7092
====> Epoch: 122 Training loss: 0.3419  Val set loss: 0.4359 Val set acc: 0.9134 Val ECE: 0.7266
====> Epoch: 123 Training loss: 0.3861  Val set loss: 0.4788 Val set acc: 0.9148 Val ECE: 0.7348
====> Epoch: 124 Training loss: 0.4383  Val set loss: 0.5223 Val set acc: 0.9182 Val ECE: 0.7443
====> Epoch: 125 Training loss: 0.4991  Val set loss: 0.5857 Val set acc: 0.9164 Val ECE: 0.7494
====> Epoch: 126 Training loss: 0.5598  Val set loss: 0.6400 Val set acc: 0.9228 Val ECE: 0.7621
====> Epoch: 127 Training loss: 0.6276  Val set loss: 0.7129 Val set acc: 0.9190 Val ECE: 0.7644
====> Epoch: 128 Training loss: 0.7024  Val set loss: 0.7754 Val set acc: 0.9218 Val ECE: 0.7728
====> Epoch: 129 Training loss: 0.7756  Val set loss: 0.8480 Val set acc: 0.9240 Val ECE: 0.7806
====> Epoch: 130 Training loss: 0.8516  Val set loss: 0.9155 Val set acc: 0.9174 Val ECE: 0.7782
====> Epoch: 131 Training loss: 0.9280  Val set loss: 0.9919 Val set acc: 0.9220 Val ECE: 0.7877
====> Epoch: 132 Training loss: 1.0047  Val set loss: 1.0634 Val set acc: 0.9290 Val ECE: 0.7987
====> Epoch: 133 Training loss: 1.0805  Val set loss: 1.1348 Val set acc: 0.9280 Val ECE: 0.8011
====> Epoch: 134 Training loss: 1.1574  Val set loss: 1.2094 Val set acc: 0.9224 Val ECE: 0.7985
====> Epoch: 135 Training loss: 1.2298  Val set loss: 1.2852 Val set acc: 0.9208 Val ECE: 0.7998
====> Epoch: 136 Training loss: 1.2987  Val set loss: 1.3461 Val set acc: 0.9270 Val ECE: 0.8084
====> Epoch: 137 Training loss: 1.3671  Val set loss: 1.4094 Val set acc: 0.9254 Val ECE: 0.8088
PF_fix round 4
fix fc parameters
fix layer4 parameters
fix layer3 parameters
fix layer2 parameters
====> Epoch: 138 Training loss: 1.4339  Val set loss: 1.4801 Val set acc: 0.9190 Val ECE: 0.8043
====> Epoch: 139 Training loss: 1.4959  Val set loss: 1.5387 Val set acc: 0.9216 Val ECE: 0.8086
====> Epoch: 140 Training loss: 1.5548  Val set loss: 1.5951 Val set acc: 0.9234 Val ECE: 0.8119
====> Epoch: 141 Training loss: 1.6110  Val set loss: 1.6450 Val set acc: 0.9304 Val ECE: 0.8201
====> Epoch: 142 Training loss: 1.6638  Val set loss: 1.6973 Val set acc: 0.9260 Val ECE: 0.8169
====> Epoch: 143 Training loss: 1.7131  Val set loss: 1.7416 Val set acc: 0.9286 Val ECE: 0.8204
====> Epoch: 144 Training loss: 1.7603  Val set loss: 1.7859 Val set acc: 0.9306 Val ECE: 0.8233
====> Epoch: 145 Training loss: 1.8042  Val set loss: 1.8276 Val set acc: 0.9328 Val ECE: 0.8263
====> Epoch: 146 Training loss: 1.8455  Val set loss: 1.8687 Val set acc: 0.9316 Val ECE: 0.8258
====> Epoch: 147 Training loss: 1.8838  Val set loss: 1.9034 Val set acc: 0.9322 Val ECE: 0.8270
====> Epoch: 148 Training loss: 1.9195  Val set loss: 1.9382 Val set acc: 0.9322 Val ECE: 0.8275
====> Epoch: 149 Training loss: 1.9527  Val set loss: 1.9705 Val set acc: 0.9362 Val ECE: 0.8320
====> Epoch: 150 Training loss: 1.9692  Val set loss: 1.9705 Val set acc: 0.9382 Val ECE: 0.8340
====> Epoch: 151 Training loss: 1.9723  Val set loss: 1.9738 Val set acc: 0.9370 Val ECE: 0.8329
====> Epoch: 152 Training loss: 1.9750  Val set loss: 1.9768 Val set acc: 0.9392 Val ECE: 0.8351
====> Epoch: 153 Training loss: 1.9780  Val set loss: 1.9792 Val set acc: 0.9376 Val ECE: 0.8336
====> Epoch: 154 Training loss: 1.9809  Val set loss: 1.9828 Val set acc: 0.9400 Val ECE: 0.8360
====> Epoch: 155 Training loss: 1.9839  Val set loss: 1.9863 Val set acc: 0.9376 Val ECE: 0.8337
====> Epoch: 156 Training loss: 1.9866  Val set loss: 1.9881 Val set acc: 0.9384 Val ECE: 0.8345
====> Epoch: 157 Training loss: 1.9896  Val set loss: 1.9911 Val set acc: 0.9390 Val ECE: 0.8351
====> Epoch: 158 Training loss: 1.9927  Val set loss: 1.9941 Val set acc: 0.9374 Val ECE: 0.8336
====> Epoch: 159 Training loss: 1.9955  Val set loss: 1.9981 Val set acc: 0.9376 Val ECE: 0.8338
====> Epoch: 160 Training loss: 1.9982  Val set loss: 1.9999 Val set acc: 0.9372 Val ECE: 0.8335
====> Epoch: 161 Training loss: 2.0012  Val set loss: 2.0033 Val set acc: 0.9366 Val ECE: 0.8329
====> Epoch: 162 Training loss: 2.0040  Val set loss: 2.0058 Val set acc: 0.9352 Val ECE: 0.8316
====> Epoch: 163 Training loss: 2.0065  Val set loss: 2.0090 Val set acc: 0.9386 Val ECE: 0.8350
====> Epoch: 164 Training loss: 2.0096  Val set loss: 2.0109 Val set acc: 0.9356 Val ECE: 0.8320
====> Epoch: 165 Training loss: 2.0123  Val set loss: 2.0139 Val set acc: 0.9376 Val ECE: 0.8341
====> Epoch: 166 Training loss: 2.0150  Val set loss: 2.0168 Val set acc: 0.9376 Val ECE: 0.8341
====> Epoch: 167 Training loss: 2.0176  Val set loss: 2.0190 Val set acc: 0.9368 Val ECE: 0.8334
====> Epoch: 168 Training loss: 2.0201  Val set loss: 2.0215 Val set acc: 0.9378 Val ECE: 0.8344
====> Epoch: 169 Training loss: 2.0232  Val set loss: 2.0235 Val set acc: 0.9374 Val ECE: 0.8340
====> Epoch: 170 Training loss: 2.0257  Val set loss: 2.0273 Val set acc: 0.9366 Val ECE: 0.8333
====> Epoch: 171 Training loss: 2.0284  Val set loss: 2.0292 Val set acc: 0.9386 Val ECE: 0.8353
====> Epoch: 172 Training loss: 2.0308  Val set loss: 2.0318 Val set acc: 0.9366 Val ECE: 0.8333
====> Epoch: 173 Training loss: 2.0337  Val set loss: 2.0344 Val set acc: 0.9378 Val ECE: 0.8346
====> Epoch: 174 Training loss: 2.0361  Val set loss: 2.0367 Val set acc: 0.9390 Val ECE: 0.8358
====> Epoch: 175 Training loss: 2.0386  Val set loss: 2.0405 Val set acc: 0.9368 Val ECE: 0.8337
====> Epoch: 176 Training loss: 2.0412  Val set loss: 2.0423 Val set acc: 0.9364 Val ECE: 0.8333
====> Epoch: 177 Training loss: 2.0436  Val set loss: 2.0448 Val set acc: 0.9374 Val ECE: 0.8343
====> Epoch: 178 Training loss: 2.0462  Val set loss: 2.0470 Val set acc: 0.9386 Val ECE: 0.8355
====> Epoch: 179 Training loss: 2.0486  Val set loss: 2.0490 Val set acc: 0.9348 Val ECE: 0.8318
====> Epoch: 180 Training loss: 2.0508  Val set loss: 2.0531 Val set acc: 0.9360 Val ECE: 0.8330
====> Epoch: 181 Training loss: 2.0535  Val set loss: 2.0546 Val set acc: 0.9368 Val ECE: 0.8339
====> Epoch: 182 Training loss: 2.0558  Val set loss: 2.0574 Val set acc: 0.9378 Val ECE: 0.8349
====> Epoch: 183 Training loss: 2.0581  Val set loss: 2.0604 Val set acc: 0.9366 Val ECE: 0.8337
====> Epoch: 184 Training loss: 2.0605  Val set loss: 2.0618 Val set acc: 0.9392 Val ECE: 0.8364
====> Epoch: 185 Training loss: 2.0628  Val set loss: 2.0640 Val set acc: 0.9386 Val ECE: 0.8358
====> Epoch: 186 Training loss: 2.0654  Val set loss: 2.0660 Val set acc: 0.9394 Val ECE: 0.8366
====> Epoch: 187 Training loss: 2.0676  Val set loss: 2.0686 Val set acc: 0.9378 Val ECE: 0.8350
====> Epoch: 188 Training loss: 2.0698  Val set loss: 2.0713 Val set acc: 0.9374 Val ECE: 0.8347
====> Epoch: 189 Training loss: 2.0721  Val set loss: 2.0731 Val set acc: 0.9394 Val ECE: 0.8367
====> Epoch: 190 Training loss: 2.0743  Val set loss: 2.0751 Val set acc: 0.9370 Val ECE: 0.8343
====> Epoch: 191 Training loss: 2.0766  Val set loss: 2.0772 Val set acc: 0.9372 Val ECE: 0.8346
====> Epoch: 192 Training loss: 2.0787  Val set loss: 2.0798 Val set acc: 0.9376 Val ECE: 0.8350
====> Epoch: 193 Training loss: 2.0809  Val set loss: 2.0815 Val set acc: 0.9378 Val ECE: 0.8352
====> Epoch: 194 Training loss: 2.0833  Val set loss: 2.0840 Val set acc: 0.9378 Val ECE: 0.8352
====> Epoch: 195 Training loss: 2.0852  Val set loss: 2.0866 Val set acc: 0.9396 Val ECE: 0.8371
====> Epoch: 196 Training loss: 2.0873  Val set loss: 2.0886 Val set acc: 0.9392 Val ECE: 0.8367
====> Epoch: 197 Training loss: 2.0896  Val set loss: 2.0904 Val set acc: 0.9384 Val ECE: 0.8359
====> Epoch: 198 Training loss: 2.0916  Val set loss: 2.0921 Val set acc: 0.9374 Val ECE: 0.8350
====> Epoch: 199 Training loss: 2.0937  Val set loss: 2.0943 Val set acc: 0.9394 Val ECE: 0.8370
====> Epoch: 200 Training loss: 2.0958  Val set loss: 2.0965 Val set acc: 0.9372 Val ECE: 0.8348
====> Epoch: 201 Training loss: 2.0978  Val set loss: 2.0988 Val set acc: 0.9406 Val ECE: 0.8382
====> Epoch: 202 Training loss: 2.0997  Val set loss: 2.1006 Val set acc: 0.9360 Val ECE: 0.8337
====> Epoch: 203 Training loss: 2.1017  Val set loss: 2.1029 Val set acc: 0.9404 Val ECE: 0.8381
====> Epoch: 204 Training loss: 2.1038  Val set loss: 2.1050 Val set acc: 0.9366 Val ECE: 0.8343
====> Epoch: 205 Training loss: 2.1058  Val set loss: 2.1067 Val set acc: 0.9380 Val ECE: 0.8357
====> Epoch: 206 Training loss: 2.1078  Val set loss: 2.1084 Val set acc: 0.9372 Val ECE: 0.8350
====> Epoch: 207 Training loss: 2.1097  Val set loss: 2.1105 Val set acc: 0.9392 Val ECE: 0.8370
====> Epoch: 208 Training loss: 2.1117  Val set loss: 2.1121 Val set acc: 0.9386 Val ECE: 0.8364
====> Epoch: 209 Training loss: 2.1135  Val set loss: 2.1151 Val set acc: 0.9366 Val ECE: 0.8345
====> Epoch: 210 Training loss: 2.1155  Val set loss: 2.1166 Val set acc: 0.9364 Val ECE: 0.8343
====> Epoch: 211 Training loss: 2.1174  Val set loss: 2.1183 Val set acc: 0.9382 Val ECE: 0.8361
====> Epoch: 212 Training loss: 2.1191  Val set loss: 2.1199 Val set acc: 0.9394 Val ECE: 0.8373
====> Epoch: 213 Training loss: 2.1209  Val set loss: 2.1221 Val set acc: 0.9356 Val ECE: 0.8335
====> Epoch: 214 Training loss: 2.1229  Val set loss: 2.1243 Val set acc: 0.9352 Val ECE: 0.8332
====> Epoch: 215 Training loss: 2.1247  Val set loss: 2.1258 Val set acc: 0.9372 Val ECE: 0.8352
====> Epoch: 216 Training loss: 2.1266  Val set loss: 2.1274 Val set acc: 0.9358 Val ECE: 0.8338
====> Epoch: 217 Training loss: 2.1283  Val set loss: 2.1293 Val set acc: 0.9362 Val ECE: 0.8342
====> Epoch: 218 Training loss: 2.1301  Val set loss: 2.1311 Val set acc: 0.9360 Val ECE: 0.8341
====> Epoch: 219 Training loss: 2.1317  Val set loss: 2.1328 Val set acc: 0.9368 Val ECE: 0.8349
====> Epoch: 220 Training loss: 2.1336  Val set loss: 2.1341 Val set acc: 0.9368 Val ECE: 0.8349
====> Epoch: 221 Training loss: 2.1352  Val set loss: 2.1362 Val set acc: 0.9376 Val ECE: 0.8357
====> Epoch: 222 Training loss: 2.1369  Val set loss: 2.1376 Val set acc: 0.9378 Val ECE: 0.8359
====> Epoch: 223 Training loss: 2.1386  Val set loss: 2.1394 Val set acc: 0.9382 Val ECE: 0.8364
====> Epoch: 224 Training loss: 2.1404  Val set loss: 2.1413 Val set acc: 0.9388 Val ECE: 0.8370
====> Epoch: 225 Training loss: 2.1420  Val set loss: 2.1429 Val set acc: 0.9368 Val ECE: 0.8350
====> Epoch: 226 Training loss: 2.1436  Val set loss: 2.1441 Val set acc: 0.9356 Val ECE: 0.8338
====> Epoch: 227 Training loss: 2.1452  Val set loss: 2.1458 Val set acc: 0.9364 Val ECE: 0.8346
====> Epoch: 228 Training loss: 2.1468  Val set loss: 2.1477 Val set acc: 0.9346 Val ECE: 0.8329
====> Epoch: 229 Training loss: 2.1485  Val set loss: 2.1501 Val set acc: 0.9346 Val ECE: 0.8329
====> Epoch: 230 Training loss: 2.1500  Val set loss: 2.1511 Val set acc: 0.9362 Val ECE: 0.8345
====> Epoch: 231 Training loss: 2.1517  Val set loss: 2.1521 Val set acc: 0.9374 Val ECE: 0.8357
====> Epoch: 232 Training loss: 2.1530  Val set loss: 2.1545 Val set acc: 0.9370 Val ECE: 0.8353
====> Epoch: 233 Training loss: 2.1548  Val set loss: 2.1556 Val set acc: 0.9374 Val ECE: 0.8358
====> Epoch: 234 Training loss: 2.1563  Val set loss: 2.1571 Val set acc: 0.9368 Val ECE: 0.8352
====> Epoch: 235 Training loss: 2.1578  Val set loss: 2.1588 Val set acc: 0.9350 Val ECE: 0.8334
====> Epoch: 236 Training loss: 2.1593  Val set loss: 2.1600 Val set acc: 0.9378 Val ECE: 0.8362
====> Epoch: 237 Training loss: 2.1608  Val set loss: 2.1614 Val set acc: 0.9344 Val ECE: 0.8328
====> Epoch: 238 Training loss: 2.1623  Val set loss: 2.1630 Val set acc: 0.9352 Val ECE: 0.8336
====> Epoch: 239 Training loss: 2.1637  Val set loss: 2.1643 Val set acc: 0.9338 Val ECE: 0.8323
====> Epoch: 240 Training loss: 2.1650  Val set loss: 2.1663 Val set acc: 0.9358 Val ECE: 0.8343
====> Epoch: 241 Training loss: 2.1667  Val set loss: 2.1673 Val set acc: 0.9376 Val ECE: 0.8361
====> Epoch: 242 Training loss: 2.1682  Val set loss: 2.1687 Val set acc: 0.9338 Val ECE: 0.8323
====> Epoch: 243 Training loss: 2.1694  Val set loss: 2.1703 Val set acc: 0.9346 Val ECE: 0.8331
====> Epoch: 244 Training loss: 2.1708  Val set loss: 2.1717 Val set acc: 0.9360 Val ECE: 0.8345
====> Epoch: 245 Training loss: 2.1722  Val set loss: 2.1728 Val set acc: 0.9358 Val ECE: 0.8344
====> Epoch: 246 Training loss: 2.1737  Val set loss: 2.1744 Val set acc: 0.9362 Val ECE: 0.8348
====> Epoch: 247 Training loss: 2.1750  Val set loss: 2.1759 Val set acc: 0.9338 Val ECE: 0.8324
====> Epoch: 248 Training loss: 2.1764  Val set loss: 2.1772 Val set acc: 0.9342 Val ECE: 0.8328
====> Epoch: 249 Training loss: 2.1777  Val set loss: 2.1782 Val set acc: 0.9342 Val ECE: 0.8328
====> Epoch: 250 Training loss: 2.1783  Val set loss: 2.1787 Val set acc: 0.9346 Val ECE: 0.8332
====> Epoch: 251 Training loss: 2.1785  Val set loss: 2.1786 Val set acc: 0.9330 Val ECE: 0.8316
====> Epoch: 252 Training loss: 2.1785  Val set loss: 2.1789 Val set acc: 0.9356 Val ECE: 0.8342
====> Epoch: 253 Training loss: 2.1786  Val set loss: 2.1791 Val set acc: 0.9350 Val ECE: 0.8336
====> Epoch: 254 Training loss: 2.1789  Val set loss: 2.1791 Val set acc: 0.9350 Val ECE: 0.8336
====> Epoch: 255 Training loss: 2.1789  Val set loss: 2.1794 Val set acc: 0.9348 Val ECE: 0.8334
====> Epoch: 256 Training loss: 2.1790  Val set loss: 2.1791 Val set acc: 0.9346 Val ECE: 0.8332
====> Epoch: 257 Training loss: 2.1790  Val set loss: 2.1793 Val set acc: 0.9348 Val ECE: 0.8334
====> Epoch: 258 Training loss: 2.1793  Val set loss: 2.1798 Val set acc: 0.9350 Val ECE: 0.8336
====> Epoch: 259 Training loss: 2.1794  Val set loss: 2.1800 Val set acc: 0.9344 Val ECE: 0.8330
====> Epoch: 260 Training loss: 2.1796  Val set loss: 2.1800 Val set acc: 0.9352 Val ECE: 0.8338
====> Epoch: 261 Training loss: 2.1796  Val set loss: 2.1800 Val set acc: 0.9340 Val ECE: 0.8326
====> Epoch: 262 Training loss: 2.1798  Val set loss: 2.1801 Val set acc: 0.9340 Val ECE: 0.8326
====> Epoch: 263 Training loss: 2.1799  Val set loss: 2.1805 Val set acc: 0.9358 Val ECE: 0.8345
====> Epoch: 264 Training loss: 2.1800  Val set loss: 2.1803 Val set acc: 0.9350 Val ECE: 0.8337
====> Epoch: 265 Training loss: 2.1801  Val set loss: 2.1808 Val set acc: 0.9360 Val ECE: 0.8347
====> Epoch: 266 Training loss: 2.1803  Val set loss: 2.1803 Val set acc: 0.9364 Val ECE: 0.8351
====> Epoch: 267 Training loss: 2.1805  Val set loss: 2.1808 Val set acc: 0.9360 Val ECE: 0.8347
====> Epoch: 268 Training loss: 2.1805  Val set loss: 2.1813 Val set acc: 0.9350 Val ECE: 0.8337
====> Epoch: 269 Training loss: 2.1806  Val set loss: 2.1813 Val set acc: 0.9340 Val ECE: 0.8327
====> Epoch: 270 Training loss: 2.1809  Val set loss: 2.1811 Val set acc: 0.9352 Val ECE: 0.8339
====> Epoch: 271 Training loss: 2.1811  Val set loss: 2.1811 Val set acc: 0.9356 Val ECE: 0.8343
====> Epoch: 272 Training loss: 2.1811  Val set loss: 2.1812 Val set acc: 0.9372 Val ECE: 0.8359
====> Epoch: 273 Training loss: 2.1812  Val set loss: 2.1813 Val set acc: 0.9368 Val ECE: 0.8355
====> Epoch: 274 Training loss: 2.1813  Val set loss: 2.1819 Val set acc: 0.9358 Val ECE: 0.8345
====> Epoch: 275 Training loss: 2.1815  Val set loss: 2.1819 Val set acc: 0.9348 Val ECE: 0.8335
====> Epoch: 276 Training loss: 2.1815  Val set loss: 2.1818 Val set acc: 0.9354 Val ECE: 0.8341
====> Epoch: 277 Training loss: 2.1817  Val set loss: 2.1825 Val set acc: 0.9358 Val ECE: 0.8345
====> Epoch: 278 Training loss: 2.1819  Val set loss: 2.1824 Val set acc: 0.9348 Val ECE: 0.8335
====> Epoch: 279 Training loss: 2.1820  Val set loss: 2.1822 Val set acc: 0.9358 Val ECE: 0.8345
====> Epoch: 280 Training loss: 2.1821  Val set loss: 2.1825 Val set acc: 0.9368 Val ECE: 0.8355
====> Epoch: 281 Training loss: 2.1822  Val set loss: 2.1824 Val set acc: 0.9370 Val ECE: 0.8357
====> Epoch: 282 Training loss: 2.1824  Val set loss: 2.1825 Val set acc: 0.9356 Val ECE: 0.8343
====> Epoch: 283 Training loss: 2.1824  Val set loss: 2.1829 Val set acc: 0.9362 Val ECE: 0.8349
====> Epoch: 284 Training loss: 2.1827  Val set loss: 2.1831 Val set acc: 0.9362 Val ECE: 0.8349
====> Epoch: 285 Training loss: 2.1827  Val set loss: 2.1833 Val set acc: 0.9372 Val ECE: 0.8359
====> Epoch: 286 Training loss: 2.1829  Val set loss: 2.1837 Val set acc: 0.9356 Val ECE: 0.8343
====> Epoch: 287 Training loss: 2.1830  Val set loss: 2.1833 Val set acc: 0.9368 Val ECE: 0.8355
====> Epoch: 288 Training loss: 2.1831  Val set loss: 2.1835 Val set acc: 0.9346 Val ECE: 0.8333
====> Epoch: 289 Training loss: 2.1832  Val set loss: 2.1839 Val set acc: 0.9342 Val ECE: 0.8329
====> Epoch: 290 Training loss: 2.1833  Val set loss: 2.1837 Val set acc: 0.9370 Val ECE: 0.8357
====> Epoch: 291 Training loss: 2.1835  Val set loss: 2.1839 Val set acc: 0.9374 Val ECE: 0.8361
====> Epoch: 292 Training loss: 2.1836  Val set loss: 2.1842 Val set acc: 0.9370 Val ECE: 0.8357
====> Epoch: 293 Training loss: 2.1838  Val set loss: 2.1843 Val set acc: 0.9366 Val ECE: 0.8353
====> Epoch: 294 Training loss: 2.1839  Val set loss: 2.1844 Val set acc: 0.9372 Val ECE: 0.8359
====> Epoch: 295 Training loss: 2.1841  Val set loss: 2.1845 Val set acc: 0.9366 Val ECE: 0.8353
====> Epoch: 296 Training loss: 2.1841  Val set loss: 2.1845 Val set acc: 0.9370 Val ECE: 0.8357
====> Epoch: 297 Training loss: 2.1842  Val set loss: 2.1846 Val set acc: 0.9342 Val ECE: 0.8329
====> Epoch: 298 Training loss: 2.1844  Val set loss: 2.1849 Val set acc: 0.9354 Val ECE: 0.8341
====> Epoch: 299 Training loss: 2.1845  Val set loss: 2.1851 Val set acc: 0.9352 Val ECE: 0.8339
====> Epoch: 300 Training loss: 2.1847  Val set loss: 2.1851 Val set acc: 0.9352 Val ECE: 0.8339
====> Epoch: 301 Training loss: 2.1849  Val set loss: 2.1850 Val set acc: 0.9364 Val ECE: 0.8351
====> Epoch: 302 Training loss: 2.1850  Val set loss: 2.1853 Val set acc: 0.9354 Val ECE: 0.8341
====> Epoch: 303 Training loss: 2.1850  Val set loss: 2.1856 Val set acc: 0.9336 Val ECE: 0.8323
====> Epoch: 304 Training loss: 2.1851  Val set loss: 2.1852 Val set acc: 0.9340 Val ECE: 0.8327
====> Epoch: 305 Training loss: 2.1852  Val set loss: 2.1856 Val set acc: 0.9350 Val ECE: 0.8337
====> Epoch: 306 Training loss: 2.1854  Val set loss: 2.1858 Val set acc: 0.9340 Val ECE: 0.8327
====> Epoch: 307 Training loss: 2.1855  Val set loss: 2.1860 Val set acc: 0.9360 Val ECE: 0.8347
====> Epoch: 308 Training loss: 2.1856  Val set loss: 2.1862 Val set acc: 0.9342 Val ECE: 0.8329
====> Epoch: 309 Training loss: 2.1858  Val set loss: 2.1861 Val set acc: 0.9364 Val ECE: 0.8351
====> Epoch: 310 Training loss: 2.1859  Val set loss: 2.1864 Val set acc: 0.9362 Val ECE: 0.8349
====> Epoch: 311 Training loss: 2.1861  Val set loss: 2.1861 Val set acc: 0.9360 Val ECE: 0.8347
====> Epoch: 312 Training loss: 2.1862  Val set loss: 2.1865 Val set acc: 0.9362 Val ECE: 0.8349
====> Epoch: 313 Training loss: 2.1863  Val set loss: 2.1870 Val set acc: 0.9348 Val ECE: 0.8335
====> Epoch: 314 Training loss: 2.1864  Val set loss: 2.1873 Val set acc: 0.9340 Val ECE: 0.8327
====> Epoch: 315 Training loss: 2.1866  Val set loss: 2.1866 Val set acc: 0.9360 Val ECE: 0.8347
====> Epoch: 316 Training loss: 2.1866  Val set loss: 2.1874 Val set acc: 0.9344 Val ECE: 0.8331
====> Epoch: 317 Training loss: 2.1868  Val set loss: 2.1871 Val set acc: 0.9368 Val ECE: 0.8355
====> Epoch: 318 Training loss: 2.1869  Val set loss: 2.1872 Val set acc: 0.9332 Val ECE: 0.8319
====> Epoch: 319 Training loss: 2.1870  Val set loss: 2.1871 Val set acc: 0.9360 Val ECE: 0.8347
====> Epoch: 320 Training loss: 2.1871  Val set loss: 2.1876 Val set acc: 0.9344 Val ECE: 0.8331
====> Epoch: 321 Training loss: 2.1873  Val set loss: 2.1878 Val set acc: 0.9338 Val ECE: 0.8325
====> Epoch: 322 Training loss: 2.1874  Val set loss: 2.1878 Val set acc: 0.9356 Val ECE: 0.8343
====> Epoch: 323 Training loss: 2.1875  Val set loss: 2.1879 Val set acc: 0.9348 Val ECE: 0.8335
====> Epoch: 324 Training loss: 2.1877  Val set loss: 2.1882 Val set acc: 0.9370 Val ECE: 0.8357
====> Epoch: 325 Training loss: 2.1877  Val set loss: 2.1883 Val set acc: 0.9368 Val ECE: 0.8355
====> Epoch: 326 Training loss: 2.1879  Val set loss: 2.1881 Val set acc: 0.9356 Val ECE: 0.8343
====> Epoch: 327 Training loss: 2.1880  Val set loss: 2.1882 Val set acc: 0.9348 Val ECE: 0.8335
====> Epoch: 328 Training loss: 2.1881  Val set loss: 2.1883 Val set acc: 0.9350 Val ECE: 0.8337
====> Epoch: 329 Training loss: 2.1882  Val set loss: 2.1883 Val set acc: 0.9366 Val ECE: 0.8353
====> Epoch: 330 Training loss: 2.1883  Val set loss: 2.1889 Val set acc: 0.9350 Val ECE: 0.8338
====> Epoch: 331 Training loss: 2.1885  Val set loss: 2.1890 Val set acc: 0.9362 Val ECE: 0.8350
====> Epoch: 332 Training loss: 2.1887  Val set loss: 2.1886 Val set acc: 0.9356 Val ECE: 0.8343
====> Epoch: 333 Training loss: 2.1888  Val set loss: 2.1892 Val set acc: 0.9348 Val ECE: 0.8336
====> Epoch: 334 Training loss: 2.1888  Val set loss: 2.1894 Val set acc: 0.9364 Val ECE: 0.8352
====> Epoch: 335 Training loss: 2.1889  Val set loss: 2.1891 Val set acc: 0.9360 Val ECE: 0.8348
====> Epoch: 336 Training loss: 2.1891  Val set loss: 2.1894 Val set acc: 0.9378 Val ECE: 0.8366
====> Epoch: 337 Training loss: 2.1892  Val set loss: 2.1896 Val set acc: 0.9360 Val ECE: 0.8348
====> Epoch: 338 Training loss: 2.1894  Val set loss: 2.1894 Val set acc: 0.9350 Val ECE: 0.8338
====> Epoch: 339 Training loss: 2.1895  Val set loss: 2.1899 Val set acc: 0.9332 Val ECE: 0.8320
====> Epoch: 340 Training loss: 2.1896  Val set loss: 2.1904 Val set acc: 0.9356 Val ECE: 0.8344
====> Epoch: 341 Training loss: 2.1898  Val set loss: 2.1901 Val set acc: 0.9364 Val ECE: 0.8352
====> Epoch: 342 Training loss: 2.1899  Val set loss: 2.1906 Val set acc: 0.9346 Val ECE: 0.8334
====> Epoch: 343 Training loss: 2.1900  Val set loss: 2.1904 Val set acc: 0.9344 Val ECE: 0.8332
====> Epoch: 344 Training loss: 2.1901  Val set loss: 2.1904 Val set acc: 0.9372 Val ECE: 0.8360
====> Epoch: 345 Training loss: 2.1902  Val set loss: 2.1908 Val set acc: 0.9346 Val ECE: 0.8334
====> Epoch: 346 Training loss: 2.1903  Val set loss: 2.1905 Val set acc: 0.9356 Val ECE: 0.8344
====> Epoch: 347 Training loss: 2.1905  Val set loss: 2.1905 Val set acc: 0.9354 Val ECE: 0.8342
====> Epoch: 348 Training loss: 2.1905  Val set loss: 2.1910 Val set acc: 0.9362 Val ECE: 0.8350
====> Epoch: 349 Training loss: 2.1907  Val set loss: 2.1913 Val set acc: 0.9372 Val ECE: 0.8360
