resnet50_cifar10_cross_entropy_PF=18_WD=0.0001_220119173348
CUDA set: True
Files already downloaded and verified
Files already downloaded and verified
====> Epoch: 0 Training loss: 2.1372  Val set loss: 1.7433 Val set acc: 0.3706 Val ECE: 0.2276
====> Epoch: 1 Training loss: 1.4957  Val set loss: 1.6863 Val set acc: 0.4450 Val ECE: 0.2763
====> Epoch: 2 Training loss: 1.1658  Val set loss: 1.1956 Val set acc: 0.5880 Val ECE: 0.4097
====> Epoch: 3 Training loss: 0.9639  Val set loss: 0.9651 Val set acc: 0.6688 Val ECE: 0.4806
====> Epoch: 4 Training loss: 0.8377  Val set loss: 0.8775 Val set acc: 0.6958 Val ECE: 0.5090
====> Epoch: 5 Training loss: 0.7454  Val set loss: 0.7954 Val set acc: 0.7378 Val ECE: 0.5435
====> Epoch: 6 Training loss: 0.6628  Val set loss: 0.7039 Val set acc: 0.7574 Val ECE: 0.5591
====> Epoch: 7 Training loss: 0.5975  Val set loss: 0.6504 Val set acc: 0.7730 Val ECE: 0.5734
====> Epoch: 8 Training loss: 0.5574  Val set loss: 0.6777 Val set acc: 0.7744 Val ECE: 0.5698
====> Epoch: 9 Training loss: 0.5201  Val set loss: 0.5720 Val set acc: 0.8058 Val ECE: 0.6012
====> Epoch: 10 Training loss: 0.4870  Val set loss: 0.4970 Val set acc: 0.8288 Val ECE: 0.6234
====> Epoch: 11 Training loss: 0.4597  Val set loss: 0.5006 Val set acc: 0.8374 Val ECE: 0.6298
====> Epoch: 12 Training loss: 0.4337  Val set loss: 0.5037 Val set acc: 0.8318 Val ECE: 0.6235
====> Epoch: 13 Training loss: 0.4107  Val set loss: 0.5568 Val set acc: 0.8148 Val ECE: 0.6056
====> Epoch: 14 Training loss: 0.3992  Val set loss: 0.5565 Val set acc: 0.8244 Val ECE: 0.6124
====> Epoch: 15 Training loss: 0.3743  Val set loss: 0.4751 Val set acc: 0.8440 Val ECE: 0.6320
====> Epoch: 16 Training loss: 0.3621  Val set loss: 0.5977 Val set acc: 0.8096 Val ECE: 0.5986
====> Epoch: 17 Training loss: 0.3445  Val set loss: 0.4227 Val set acc: 0.8552 Val ECE: 0.6419
====> Epoch: 18 Training loss: 0.3320  Val set loss: 0.5081 Val set acc: 0.8368 Val ECE: 0.6234
====> Epoch: 19 Training loss: 0.3208  Val set loss: 0.4381 Val set acc: 0.8498 Val ECE: 0.6377
====> Epoch: 20 Training loss: 0.3096  Val set loss: 0.5557 Val set acc: 0.8262 Val ECE: 0.6133
====> Epoch: 21 Training loss: 0.2899  Val set loss: 0.4336 Val set acc: 0.8618 Val ECE: 0.6474
====> Epoch: 22 Training loss: 0.2852  Val set loss: 0.4656 Val set acc: 0.8508 Val ECE: 0.6361
====> Epoch: 23 Training loss: 0.2745  Val set loss: 0.4331 Val set acc: 0.8620 Val ECE: 0.6473
====> Epoch: 24 Training loss: 0.2663  Val set loss: 0.4246 Val set acc: 0.8646 Val ECE: 0.6497
====> Epoch: 25 Training loss: 0.2598  Val set loss: 0.3881 Val set acc: 0.8726 Val ECE: 0.6554
====> Epoch: 26 Training loss: 0.2477  Val set loss: 0.3767 Val set acc: 0.8792 Val ECE: 0.6621
====> Epoch: 27 Training loss: 0.2453  Val set loss: 0.3901 Val set acc: 0.8700 Val ECE: 0.6548
====> Epoch: 28 Training loss: 0.2359  Val set loss: 0.4491 Val set acc: 0.8614 Val ECE: 0.6447
====> Epoch: 29 Training loss: 0.2321  Val set loss: 0.4252 Val set acc: 0.8682 Val ECE: 0.6510
====> Epoch: 30 Training loss: 0.2247  Val set loss: 0.3708 Val set acc: 0.8814 Val ECE: 0.6629
====> Epoch: 31 Training loss: 0.2206  Val set loss: 0.3729 Val set acc: 0.8810 Val ECE: 0.6636
====> Epoch: 32 Training loss: 0.2100  Val set loss: 0.3756 Val set acc: 0.8846 Val ECE: 0.6659
====> Epoch: 33 Training loss: 0.2094  Val set loss: 0.3622 Val set acc: 0.8852 Val ECE: 0.6662
====> Epoch: 34 Training loss: 0.2061  Val set loss: 0.4316 Val set acc: 0.8660 Val ECE: 0.6485
====> Epoch: 35 Training loss: 0.2040  Val set loss: 0.4003 Val set acc: 0.8822 Val ECE: 0.6625
====> Epoch: 36 Training loss: 0.1961  Val set loss: 0.3881 Val set acc: 0.8834 Val ECE: 0.6645
====> Epoch: 37 Training loss: 0.1957  Val set loss: 0.3456 Val set acc: 0.8894 Val ECE: 0.6702
====> Epoch: 38 Training loss: 0.1884  Val set loss: 0.3594 Val set acc: 0.8868 Val ECE: 0.6683
====> Epoch: 39 Training loss: 0.1814  Val set loss: 0.4412 Val set acc: 0.8596 Val ECE: 0.6417
====> Epoch: 40 Training loss: 0.1800  Val set loss: 0.3880 Val set acc: 0.8798 Val ECE: 0.6616
====> Epoch: 41 Training loss: 0.1751  Val set loss: 0.3706 Val set acc: 0.8878 Val ECE: 0.6673
====> Epoch: 42 Training loss: 0.1752  Val set loss: 0.4026 Val set acc: 0.8768 Val ECE: 0.6570
====> Epoch: 43 Training loss: 0.1718  Val set loss: 0.4002 Val set acc: 0.8896 Val ECE: 0.6688
====> Epoch: 44 Training loss: 0.1715  Val set loss: 0.4137 Val set acc: 0.8752 Val ECE: 0.6550
====> Epoch: 45 Training loss: 0.1637  Val set loss: 0.3742 Val set acc: 0.8872 Val ECE: 0.6665
====> Epoch: 46 Training loss: 0.1661  Val set loss: 0.4122 Val set acc: 0.8746 Val ECE: 0.6552
====> Epoch: 47 Training loss: 0.1639  Val set loss: 0.4146 Val set acc: 0.8838 Val ECE: 0.6629
====> Epoch: 48 Training loss: 0.1611  Val set loss: 0.4071 Val set acc: 0.8810 Val ECE: 0.6611
====> Epoch: 49 Training loss: 0.1621  Val set loss: 0.3927 Val set acc: 0.8818 Val ECE: 0.6609
====> Epoch: 50 Training loss: 0.1533  Val set loss: 0.3843 Val set acc: 0.8856 Val ECE: 0.6647
====> Epoch: 51 Training loss: 0.1512  Val set loss: 0.4482 Val set acc: 0.8764 Val ECE: 0.6564
====> Epoch: 52 Training loss: 0.1579  Val set loss: 0.5875 Val set acc: 0.8466 Val ECE: 0.6262
====> Epoch: 53 Training loss: 0.1503  Val set loss: 0.3576 Val set acc: 0.8990 Val ECE: 0.6783
====> Epoch: 54 Training loss: 0.1479  Val set loss: 0.3791 Val set acc: 0.8860 Val ECE: 0.6654
====> Epoch: 55 Training loss: 0.1475  Val set loss: 0.4168 Val set acc: 0.8820 Val ECE: 0.6613
PF_fix round 1
fix fc parameters
====> Epoch: 56 Training loss: 0.1419  Val set loss: 0.3523 Val set acc: 0.8928 Val ECE: 0.6715
====> Epoch: 57 Training loss: 0.1432  Val set loss: 0.3612 Val set acc: 0.8920 Val ECE: 0.6704
====> Epoch: 58 Training loss: 0.1359  Val set loss: 0.3622 Val set acc: 0.8916 Val ECE: 0.6703
====> Epoch: 59 Training loss: 0.1355  Val set loss: 0.3793 Val set acc: 0.8924 Val ECE: 0.6703
====> Epoch: 60 Training loss: 0.1346  Val set loss: 0.3506 Val set acc: 0.8922 Val ECE: 0.6713
====> Epoch: 61 Training loss: 0.1335  Val set loss: 0.3785 Val set acc: 0.8902 Val ECE: 0.6689
====> Epoch: 62 Training loss: 0.1347  Val set loss: 0.4043 Val set acc: 0.8912 Val ECE: 0.6686
====> Epoch: 63 Training loss: 0.1323  Val set loss: 0.3795 Val set acc: 0.8922 Val ECE: 0.6710
====> Epoch: 64 Training loss: 0.1272  Val set loss: 0.4159 Val set acc: 0.8882 Val ECE: 0.6664
====> Epoch: 65 Training loss: 0.1244  Val set loss: 0.4181 Val set acc: 0.8872 Val ECE: 0.6658
====> Epoch: 66 Training loss: 0.1255  Val set loss: 0.3458 Val set acc: 0.9052 Val ECE: 0.6830
====> Epoch: 67 Training loss: 0.1254  Val set loss: 0.4178 Val set acc: 0.8870 Val ECE: 0.6644
====> Epoch: 68 Training loss: 0.1219  Val set loss: 0.3138 Val set acc: 0.9068 Val ECE: 0.6842
====> Epoch: 69 Training loss: 0.1248  Val set loss: 0.3505 Val set acc: 0.9000 Val ECE: 0.6780
====> Epoch: 70 Training loss: 0.1224  Val set loss: 0.3628 Val set acc: 0.8950 Val ECE: 0.6738
====> Epoch: 71 Training loss: 0.1222  Val set loss: 0.3644 Val set acc: 0.8966 Val ECE: 0.6745
====> Epoch: 72 Training loss: 0.1180  Val set loss: 0.3190 Val set acc: 0.9022 Val ECE: 0.6813
====> Epoch: 73 Training loss: 0.1215  Val set loss: 0.4553 Val set acc: 0.8790 Val ECE: 0.6572
====> Epoch: 74 Training loss: 0.1176  Val set loss: 0.3288 Val set acc: 0.9008 Val ECE: 0.6791
====> Epoch: 75 Training loss: 0.1133  Val set loss: 0.3758 Val set acc: 0.8924 Val ECE: 0.6712
====> Epoch: 76 Training loss: 0.1169  Val set loss: 0.2908 Val set acc: 0.9146 Val ECE: 0.6914
====> Epoch: 77 Training loss: 0.1126  Val set loss: 0.3730 Val set acc: 0.8956 Val ECE: 0.6735
====> Epoch: 78 Training loss: 0.1148  Val set loss: 0.3278 Val set acc: 0.9078 Val ECE: 0.6846
====> Epoch: 79 Training loss: 0.1122  Val set loss: 0.4107 Val set acc: 0.8922 Val ECE: 0.6699
====> Epoch: 80 Training loss: 0.1129  Val set loss: 0.3717 Val set acc: 0.8956 Val ECE: 0.6737
====> Epoch: 81 Training loss: 0.1126  Val set loss: 0.4443 Val set acc: 0.8842 Val ECE: 0.6629
====> Epoch: 82 Training loss: 0.1111  Val set loss: 0.3136 Val set acc: 0.9094 Val ECE: 0.6873
====> Epoch: 83 Training loss: 0.1089  Val set loss: 0.3223 Val set acc: 0.9092 Val ECE: 0.6864
====> Epoch: 84 Training loss: 0.1098  Val set loss: 0.4265 Val set acc: 0.8926 Val ECE: 0.6701
====> Epoch: 85 Training loss: 0.1050  Val set loss: 0.4090 Val set acc: 0.8916 Val ECE: 0.6682
====> Epoch: 86 Training loss: 0.1082  Val set loss: 0.3398 Val set acc: 0.9038 Val ECE: 0.6812
====> Epoch: 87 Training loss: 0.1060  Val set loss: 0.3049 Val set acc: 0.9108 Val ECE: 0.6876
====> Epoch: 88 Training loss: 0.1113  Val set loss: 0.3268 Val set acc: 0.9062 Val ECE: 0.6829
====> Epoch: 89 Training loss: 0.1050  Val set loss: 0.2877 Val set acc: 0.9182 Val ECE: 0.6943
====> Epoch: 90 Training loss: 0.1041  Val set loss: 0.3809 Val set acc: 0.8942 Val ECE: 0.6713
====> Epoch: 91 Training loss: 0.1055  Val set loss: 0.4808 Val set acc: 0.8702 Val ECE: 0.6485
====> Epoch: 92 Training loss: 0.1048  Val set loss: 0.3330 Val set acc: 0.9030 Val ECE: 0.6800
====> Epoch: 93 Training loss: 0.1028  Val set loss: 0.4534 Val set acc: 0.8814 Val ECE: 0.6593
====> Epoch: 94 Training loss: 0.1040  Val set loss: 0.3321 Val set acc: 0.9098 Val ECE: 0.6864
====> Epoch: 95 Training loss: 0.1031  Val set loss: 0.3043 Val set acc: 0.9128 Val ECE: 0.6896
====> Epoch: 96 Training loss: 0.1008  Val set loss: 0.3175 Val set acc: 0.9104 Val ECE: 0.6868
====> Epoch: 97 Training loss: 0.1030  Val set loss: 0.3326 Val set acc: 0.9068 Val ECE: 0.6834
====> Epoch: 98 Training loss: 0.0996  Val set loss: 0.3943 Val set acc: 0.8968 Val ECE: 0.6737
====> Epoch: 99 Training loss: 0.1037  Val set loss: 0.3478 Val set acc: 0.9070 Val ECE: 0.6838
====> Epoch: 100 Training loss: 0.1007  Val set loss: 0.3085 Val set acc: 0.9104 Val ECE: 0.6873
====> Epoch: 101 Training loss: 0.1031  Val set loss: 0.3632 Val set acc: 0.8992 Val ECE: 0.6768
====> Epoch: 102 Training loss: 0.0972  Val set loss: 0.3332 Val set acc: 0.9026 Val ECE: 0.6804
====> Epoch: 103 Training loss: 0.1005  Val set loss: 0.3290 Val set acc: 0.9032 Val ECE: 0.6808
====> Epoch: 104 Training loss: 0.0995  Val set loss: 0.3423 Val set acc: 0.9016 Val ECE: 0.6788
====> Epoch: 105 Training loss: 0.1007  Val set loss: 0.2981 Val set acc: 0.9102 Val ECE: 0.6873
====> Epoch: 106 Training loss: 0.0982  Val set loss: 0.3743 Val set acc: 0.8972 Val ECE: 0.6744
====> Epoch: 107 Training loss: 0.1005  Val set loss: 0.3279 Val set acc: 0.9062 Val ECE: 0.6833
PF_fix round 2
fix fc parameters
fix layer4 parameters
====> Epoch: 108 Training loss: 0.0899  Val set loss: 0.3061 Val set acc: 0.9060 Val ECE: 0.6838
====> Epoch: 109 Training loss: 0.0812  Val set loss: 0.2854 Val set acc: 0.9146 Val ECE: 0.6926
====> Epoch: 110 Training loss: 0.0813  Val set loss: 0.2818 Val set acc: 0.9132 Val ECE: 0.6914
====> Epoch: 111 Training loss: 0.0765  Val set loss: 0.2664 Val set acc: 0.9128 Val ECE: 0.6915
====> Epoch: 112 Training loss: 0.0795  Val set loss: 0.2708 Val set acc: 0.9100 Val ECE: 0.6890
====> Epoch: 113 Training loss: 0.0809  Val set loss: 0.2507 Val set acc: 0.9180 Val ECE: 0.6966
====> Epoch: 114 Training loss: 0.0805  Val set loss: 0.3076 Val set acc: 0.9048 Val ECE: 0.6847
====> Epoch: 115 Training loss: 0.0807  Val set loss: 0.2364 Val set acc: 0.9196 Val ECE: 0.6992
====> Epoch: 116 Training loss: 0.0834  Val set loss: 0.2582 Val set acc: 0.9166 Val ECE: 0.6965
====> Epoch: 117 Training loss: 0.0856  Val set loss: 0.2402 Val set acc: 0.9186 Val ECE: 0.6986
====> Epoch: 118 Training loss: 0.0887  Val set loss: 0.2693 Val set acc: 0.9152 Val ECE: 0.6951
====> Epoch: 119 Training loss: 0.0894  Val set loss: 0.2756 Val set acc: 0.9124 Val ECE: 0.6934
====> Epoch: 120 Training loss: 0.0954  Val set loss: 0.2500 Val set acc: 0.9168 Val ECE: 0.6970
====> Epoch: 121 Training loss: 0.0991  Val set loss: 0.2798 Val set acc: 0.9114 Val ECE: 0.6927
====> Epoch: 122 Training loss: 0.1051  Val set loss: 0.2508 Val set acc: 0.9186 Val ECE: 0.6989
====> Epoch: 123 Training loss: 0.1096  Val set loss: 0.2938 Val set acc: 0.9060 Val ECE: 0.6875
====> Epoch: 124 Training loss: 0.1176  Val set loss: 0.2590 Val set acc: 0.9204 Val ECE: 0.7019
====> Epoch: 125 Training loss: 0.1262  Val set loss: 0.2784 Val set acc: 0.9140 Val ECE: 0.6969
====> Epoch: 126 Training loss: 0.1329  Val set loss: 0.2693 Val set acc: 0.9138 Val ECE: 0.6978
====> Epoch: 127 Training loss: 0.1463  Val set loss: 0.3557 Val set acc: 0.8902 Val ECE: 0.6767
====> Epoch: 128 Training loss: 0.1590  Val set loss: 0.3035 Val set acc: 0.9144 Val ECE: 0.7005
====> Epoch: 129 Training loss: 0.1672  Val set loss: 0.3391 Val set acc: 0.9012 Val ECE: 0.6893
====> Epoch: 130 Training loss: 0.1853  Val set loss: 0.3196 Val set acc: 0.9086 Val ECE: 0.6990
====> Epoch: 131 Training loss: 0.2041  Val set loss: 0.3707 Val set acc: 0.8938 Val ECE: 0.6881
====> Epoch: 132 Training loss: 0.2308  Val set loss: 0.3679 Val set acc: 0.9014 Val ECE: 0.7001
====> Epoch: 133 Training loss: 0.2560  Val set loss: 0.3832 Val set acc: 0.9072 Val ECE: 0.7091
PF_fix round 3
fix fc parameters
fix layer4 parameters
fix layer3 parameters
====> Epoch: 134 Training loss: 0.3312  Val set loss: 0.4377 Val set acc: 0.9054 Val ECE: 0.7157
====> Epoch: 135 Training loss: 0.3613  Val set loss: 0.4526 Val set acc: 0.9178 Val ECE: 0.7340
====> Epoch: 136 Training loss: 0.4076  Val set loss: 0.4929 Val set acc: 0.9192 Val ECE: 0.7407
====> Epoch: 137 Training loss: 0.4608  Val set loss: 0.5578 Val set acc: 0.9160 Val ECE: 0.7450
====> Epoch: 138 Training loss: 0.5173  Val set loss: 0.6142 Val set acc: 0.9138 Val ECE: 0.7485
====> Epoch: 139 Training loss: 0.5830  Val set loss: 0.6707 Val set acc: 0.9184 Val ECE: 0.7597
====> Epoch: 140 Training loss: 0.6528  Val set loss: 0.7288 Val set acc: 0.9252 Val ECE: 0.7725
====> Epoch: 141 Training loss: 0.7255  Val set loss: 0.7939 Val set acc: 0.9302 Val ECE: 0.7831
====> Epoch: 142 Training loss: 0.8008  Val set loss: 0.8741 Val set acc: 0.9270 Val ECE: 0.7852
====> Epoch: 143 Training loss: 0.8758  Val set loss: 0.9491 Val set acc: 0.9208 Val ECE: 0.7836
====> Epoch: 144 Training loss: 0.9518  Val set loss: 1.0206 Val set acc: 0.9276 Val ECE: 0.7949
====> Epoch: 145 Training loss: 1.0282  Val set loss: 1.0874 Val set acc: 0.9284 Val ECE: 0.7991
====> Epoch: 146 Training loss: 1.1034  Val set loss: 1.1567 Val set acc: 0.9286 Val ECE: 0.8025
====> Epoch: 147 Training loss: 1.1755  Val set loss: 1.2290 Val set acc: 0.9296 Val ECE: 0.8065
====> Epoch: 148 Training loss: 1.2473  Val set loss: 1.3007 Val set acc: 0.9310 Val ECE: 0.8107
====> Epoch: 149 Training loss: 1.3160  Val set loss: 1.3732 Val set acc: 0.9284 Val ECE: 0.8106
====> Epoch: 150 Training loss: 1.3422  Val set loss: 1.3576 Val set acc: 0.9420 Val ECE: 0.8240
====> Epoch: 151 Training loss: 1.3460  Val set loss: 1.3622 Val set acc: 0.9446 Val ECE: 0.8267
====> Epoch: 152 Training loss: 1.3504  Val set loss: 1.3673 Val set acc: 0.9434 Val ECE: 0.8257
PF_fix round 4
fix fc parameters
fix layer4 parameters
fix layer3 parameters
fix layer2 parameters
====> Epoch: 153 Training loss: 1.3560  Val set loss: 1.3749 Val set acc: 0.9414 Val ECE: 0.8239
====> Epoch: 154 Training loss: 1.3620  Val set loss: 1.3822 Val set acc: 0.9436 Val ECE: 0.8264
====> Epoch: 155 Training loss: 1.3689  Val set loss: 1.3852 Val set acc: 0.9422 Val ECE: 0.8251
====> Epoch: 156 Training loss: 1.3744  Val set loss: 1.3950 Val set acc: 0.9436 Val ECE: 0.8268
====> Epoch: 157 Training loss: 1.3807  Val set loss: 1.3984 Val set acc: 0.9446 Val ECE: 0.8279
====> Epoch: 158 Training loss: 1.3877  Val set loss: 1.4055 Val set acc: 0.9466 Val ECE: 0.8301
====> Epoch: 159 Training loss: 1.3943  Val set loss: 1.4138 Val set acc: 0.9452 Val ECE: 0.8290
====> Epoch: 160 Training loss: 1.4009  Val set loss: 1.4189 Val set acc: 0.9442 Val ECE: 0.8281
====> Epoch: 161 Training loss: 1.4075  Val set loss: 1.4271 Val set acc: 0.9424 Val ECE: 0.8266
====> Epoch: 162 Training loss: 1.4138  Val set loss: 1.4329 Val set acc: 0.9450 Val ECE: 0.8293
====> Epoch: 163 Training loss: 1.4197  Val set loss: 1.4360 Val set acc: 0.9442 Val ECE: 0.8286
====> Epoch: 164 Training loss: 1.4267  Val set loss: 1.4425 Val set acc: 0.9442 Val ECE: 0.8288
====> Epoch: 165 Training loss: 1.4327  Val set loss: 1.4502 Val set acc: 0.9456 Val ECE: 0.8305
====> Epoch: 166 Training loss: 1.4394  Val set loss: 1.4572 Val set acc: 0.9442 Val ECE: 0.8293
====> Epoch: 167 Training loss: 1.4453  Val set loss: 1.4626 Val set acc: 0.9428 Val ECE: 0.8280
====> Epoch: 168 Training loss: 1.4510  Val set loss: 1.4708 Val set acc: 0.9440 Val ECE: 0.8294
====> Epoch: 169 Training loss: 1.4581  Val set loss: 1.4734 Val set acc: 0.9424 Val ECE: 0.8279
====> Epoch: 170 Training loss: 1.4642  Val set loss: 1.4833 Val set acc: 0.9424 Val ECE: 0.8282
====> Epoch: 171 Training loss: 1.4704  Val set loss: 1.4894 Val set acc: 0.9428 Val ECE: 0.8287
====> Epoch: 172 Training loss: 1.4762  Val set loss: 1.4937 Val set acc: 0.9414 Val ECE: 0.8275
====> Epoch: 173 Training loss: 1.4831  Val set loss: 1.4998 Val set acc: 0.9438 Val ECE: 0.8300
====> Epoch: 174 Training loss: 1.4886  Val set loss: 1.5068 Val set acc: 0.9418 Val ECE: 0.8282
====> Epoch: 175 Training loss: 1.4946  Val set loss: 1.5122 Val set acc: 0.9436 Val ECE: 0.8302
====> Epoch: 176 Training loss: 1.5007  Val set loss: 1.5183 Val set acc: 0.9430 Val ECE: 0.8297
====> Epoch: 177 Training loss: 1.5065  Val set loss: 1.5246 Val set acc: 0.9426 Val ECE: 0.8295
====> Epoch: 178 Training loss: 1.5128  Val set loss: 1.5295 Val set acc: 0.9420 Val ECE: 0.8290
====> Epoch: 179 Training loss: 1.5185  Val set loss: 1.5342 Val set acc: 0.9422 Val ECE: 0.8293
====> Epoch: 180 Training loss: 1.5236  Val set loss: 1.5415 Val set acc: 0.9432 Val ECE: 0.8305
====> Epoch: 181 Training loss: 1.5301  Val set loss: 1.5453 Val set acc: 0.9452 Val ECE: 0.8326
====> Epoch: 182 Training loss: 1.5359  Val set loss: 1.5521 Val set acc: 0.9436 Val ECE: 0.8312
====> Epoch: 183 Training loss: 1.5416  Val set loss: 1.5579 Val set acc: 0.9426 Val ECE: 0.8303
====> Epoch: 184 Training loss: 1.5473  Val set loss: 1.5636 Val set acc: 0.9414 Val ECE: 0.8293
====> Epoch: 185 Training loss: 1.5526  Val set loss: 1.5704 Val set acc: 0.9418 Val ECE: 0.8299
====> Epoch: 186 Training loss: 1.5592  Val set loss: 1.5748 Val set acc: 0.9446 Val ECE: 0.8328
====> Epoch: 187 Training loss: 1.5645  Val set loss: 1.5812 Val set acc: 0.9448 Val ECE: 0.8331
====> Epoch: 188 Training loss: 1.5700  Val set loss: 1.5861 Val set acc: 0.9434 Val ECE: 0.8318
====> Epoch: 189 Training loss: 1.5758  Val set loss: 1.5904 Val set acc: 0.9438 Val ECE: 0.8323
====> Epoch: 190 Training loss: 1.5814  Val set loss: 1.5988 Val set acc: 0.9408 Val ECE: 0.8295
====> Epoch: 191 Training loss: 1.5868  Val set loss: 1.6007 Val set acc: 0.9426 Val ECE: 0.8314
====> Epoch: 192 Training loss: 1.5923  Val set loss: 1.6080 Val set acc: 0.9436 Val ECE: 0.8326
====> Epoch: 193 Training loss: 1.5976  Val set loss: 1.6122 Val set acc: 0.9440 Val ECE: 0.8331
====> Epoch: 194 Training loss: 1.6034  Val set loss: 1.6199 Val set acc: 0.9424 Val ECE: 0.8317
====> Epoch: 195 Training loss: 1.6082  Val set loss: 1.6250 Val set acc: 0.9440 Val ECE: 0.8334
====> Epoch: 196 Training loss: 1.6140  Val set loss: 1.6303 Val set acc: 0.9444 Val ECE: 0.8339
====> Epoch: 197 Training loss: 1.6195  Val set loss: 1.6345 Val set acc: 0.9458 Val ECE: 0.8354
====> Epoch: 198 Training loss: 1.6248  Val set loss: 1.6385 Val set acc: 0.9442 Val ECE: 0.8339
====> Epoch: 199 Training loss: 1.6298  Val set loss: 1.6442 Val set acc: 0.9438 Val ECE: 0.8336
====> Epoch: 200 Training loss: 1.6352  Val set loss: 1.6497 Val set acc: 0.9434 Val ECE: 0.8333
====> Epoch: 201 Training loss: 1.6402  Val set loss: 1.6569 Val set acc: 0.9452 Val ECE: 0.8353
====> Epoch: 202 Training loss: 1.6451  Val set loss: 1.6610 Val set acc: 0.9428 Val ECE: 0.8330
====> Epoch: 203 Training loss: 1.6501  Val set loss: 1.6651 Val set acc: 0.9422 Val ECE: 0.8325
====> Epoch: 204 Training loss: 1.6553  Val set loss: 1.6711 Val set acc: 0.9432 Val ECE: 0.8336
====> Epoch: 205 Training loss: 1.6608  Val set loss: 1.6742 Val set acc: 0.9444 Val ECE: 0.8349
====> Epoch: 206 Training loss: 1.6660  Val set loss: 1.6800 Val set acc: 0.9430 Val ECE: 0.8336
====> Epoch: 207 Training loss: 1.6709  Val set loss: 1.6867 Val set acc: 0.9444 Val ECE: 0.8351
====> Epoch: 208 Training loss: 1.6759  Val set loss: 1.6903 Val set acc: 0.9432 Val ECE: 0.8340
====> Epoch: 209 Training loss: 1.6811  Val set loss: 1.6948 Val set acc: 0.9416 Val ECE: 0.8325
====> Epoch: 210 Training loss: 1.6861  Val set loss: 1.7014 Val set acc: 0.9432 Val ECE: 0.8342
====> Epoch: 211 Training loss: 1.6909  Val set loss: 1.7043 Val set acc: 0.9436 Val ECE: 0.8347
====> Epoch: 212 Training loss: 1.6955  Val set loss: 1.7102 Val set acc: 0.9450 Val ECE: 0.8362
====> Epoch: 213 Training loss: 1.7002  Val set loss: 1.7139 Val set acc: 0.9440 Val ECE: 0.8353
====> Epoch: 214 Training loss: 1.7055  Val set loss: 1.7190 Val set acc: 0.9444 Val ECE: 0.8358
====> Epoch: 215 Training loss: 1.7104  Val set loss: 1.7239 Val set acc: 0.9422 Val ECE: 0.8337
====> Epoch: 216 Training loss: 1.7152  Val set loss: 1.7302 Val set acc: 0.9432 Val ECE: 0.8348
====> Epoch: 217 Training loss: 1.7196  Val set loss: 1.7318 Val set acc: 0.9426 Val ECE: 0.8343
====> Epoch: 218 Training loss: 1.7247  Val set loss: 1.7377 Val set acc: 0.9444 Val ECE: 0.8362
====> Epoch: 219 Training loss: 1.7285  Val set loss: 1.7429 Val set acc: 0.9444 Val ECE: 0.8363
====> Epoch: 220 Training loss: 1.7339  Val set loss: 1.7478 Val set acc: 0.9422 Val ECE: 0.8342
====> Epoch: 221 Training loss: 1.7383  Val set loss: 1.7528 Val set acc: 0.9384 Val ECE: 0.8305
====> Epoch: 222 Training loss: 1.7426  Val set loss: 1.7547 Val set acc: 0.9458 Val ECE: 0.8379
====> Epoch: 223 Training loss: 1.7474  Val set loss: 1.7614 Val set acc: 0.9442 Val ECE: 0.8365
====> Epoch: 224 Training loss: 1.7521  Val set loss: 1.7652 Val set acc: 0.9428 Val ECE: 0.8351
====> Epoch: 225 Training loss: 1.7567  Val set loss: 1.7717 Val set acc: 0.9406 Val ECE: 0.8330
====> Epoch: 226 Training loss: 1.7609  Val set loss: 1.7749 Val set acc: 0.9422 Val ECE: 0.8347
====> Epoch: 227 Training loss: 1.7654  Val set loss: 1.7784 Val set acc: 0.9422 Val ECE: 0.8348
====> Epoch: 228 Training loss: 1.7697  Val set loss: 1.7831 Val set acc: 0.9414 Val ECE: 0.8341
====> Epoch: 229 Training loss: 1.7742  Val set loss: 1.7873 Val set acc: 0.9430 Val ECE: 0.8357
====> Epoch: 230 Training loss: 1.7784  Val set loss: 1.7925 Val set acc: 0.9446 Val ECE: 0.8375
====> Epoch: 231 Training loss: 1.7830  Val set loss: 1.7948 Val set acc: 0.9448 Val ECE: 0.8377
====> Epoch: 232 Training loss: 1.7868  Val set loss: 1.8005 Val set acc: 0.9456 Val ECE: 0.8386
====> Epoch: 233 Training loss: 1.7917  Val set loss: 1.8046 Val set acc: 0.9398 Val ECE: 0.8329
====> Epoch: 234 Training loss: 1.7958  Val set loss: 1.8082 Val set acc: 0.9408 Val ECE: 0.8339
====> Epoch: 235 Training loss: 1.8001  Val set loss: 1.8129 Val set acc: 0.9424 Val ECE: 0.8356
====> Epoch: 236 Training loss: 1.8041  Val set loss: 1.8175 Val set acc: 0.9448 Val ECE: 0.8381
====> Epoch: 237 Training loss: 1.8082  Val set loss: 1.8201 Val set acc: 0.9432 Val ECE: 0.8366
====> Epoch: 238 Training loss: 1.8126  Val set loss: 1.8254 Val set acc: 0.9410 Val ECE: 0.8344
====> Epoch: 239 Training loss: 1.8164  Val set loss: 1.8281 Val set acc: 0.9420 Val ECE: 0.8355
====> Epoch: 240 Training loss: 1.8201  Val set loss: 1.8343 Val set acc: 0.9404 Val ECE: 0.8340
====> Epoch: 241 Training loss: 1.8248  Val set loss: 1.8377 Val set acc: 0.9380 Val ECE: 0.8317
====> Epoch: 242 Training loss: 1.8290  Val set loss: 1.8402 Val set acc: 0.9412 Val ECE: 0.8349
====> Epoch: 243 Training loss: 1.8327  Val set loss: 1.8446 Val set acc: 0.9422 Val ECE: 0.8360
====> Epoch: 244 Training loss: 1.8367  Val set loss: 1.8498 Val set acc: 0.9414 Val ECE: 0.8353
====> Epoch: 245 Training loss: 1.8406  Val set loss: 1.8533 Val set acc: 0.9416 Val ECE: 0.8355
====> Epoch: 246 Training loss: 1.8448  Val set loss: 1.8559 Val set acc: 0.9416 Val ECE: 0.8356
====> Epoch: 247 Training loss: 1.8482  Val set loss: 1.8613 Val set acc: 0.9396 Val ECE: 0.8337
====> Epoch: 248 Training loss: 1.8524  Val set loss: 1.8624 Val set acc: 0.9392 Val ECE: 0.8333
====> Epoch: 249 Training loss: 1.8563  Val set loss: 1.8669 Val set acc: 0.9428 Val ECE: 0.8370
====> Epoch: 250 Training loss: 1.8578  Val set loss: 1.8683 Val set acc: 0.9432 Val ECE: 0.8374
====> Epoch: 251 Training loss: 1.8580  Val set loss: 1.8673 Val set acc: 0.9420 Val ECE: 0.8362
====> Epoch: 252 Training loss: 1.8583  Val set loss: 1.8683 Val set acc: 0.9398 Val ECE: 0.8340
====> Epoch: 253 Training loss: 1.8584  Val set loss: 1.8692 Val set acc: 0.9408 Val ECE: 0.8350
====> Epoch: 254 Training loss: 1.8590  Val set loss: 1.8704 Val set acc: 0.9432 Val ECE: 0.8374
====> Epoch: 255 Training loss: 1.8591  Val set loss: 1.8704 Val set acc: 0.9398 Val ECE: 0.8340
====> Epoch: 256 Training loss: 1.8593  Val set loss: 1.8705 Val set acc: 0.9428 Val ECE: 0.8370
====> Epoch: 257 Training loss: 1.8595  Val set loss: 1.8711 Val set acc: 0.9410 Val ECE: 0.8353
====> Epoch: 258 Training loss: 1.8603  Val set loss: 1.8719 Val set acc: 0.9412 Val ECE: 0.8355
====> Epoch: 259 Training loss: 1.8606  Val set loss: 1.8715 Val set acc: 0.9398 Val ECE: 0.8341
====> Epoch: 260 Training loss: 1.8611  Val set loss: 1.8715 Val set acc: 0.9404 Val ECE: 0.8347
====> Epoch: 261 Training loss: 1.8610  Val set loss: 1.8715 Val set acc: 0.9408 Val ECE: 0.8351
====> Epoch: 262 Training loss: 1.8617  Val set loss: 1.8718 Val set acc: 0.9406 Val ECE: 0.8349
====> Epoch: 263 Training loss: 1.8620  Val set loss: 1.8740 Val set acc: 0.9414 Val ECE: 0.8357
====> Epoch: 264 Training loss: 1.8622  Val set loss: 1.8740 Val set acc: 0.9432 Val ECE: 0.8375
====> Epoch: 265 Training loss: 1.8627  Val set loss: 1.8734 Val set acc: 0.9416 Val ECE: 0.8359
====> Epoch: 266 Training loss: 1.8630  Val set loss: 1.8727 Val set acc: 0.9430 Val ECE: 0.8373
====> Epoch: 267 Training loss: 1.8633  Val set loss: 1.8752 Val set acc: 0.9422 Val ECE: 0.8365
====> Epoch: 268 Training loss: 1.8636  Val set loss: 1.8759 Val set acc: 0.9410 Val ECE: 0.8353
====> Epoch: 269 Training loss: 1.8639  Val set loss: 1.8756 Val set acc: 0.9392 Val ECE: 0.8335
====> Epoch: 270 Training loss: 1.8646  Val set loss: 1.8755 Val set acc: 0.9422 Val ECE: 0.8365
====> Epoch: 271 Training loss: 1.8653  Val set loss: 1.8758 Val set acc: 0.9408 Val ECE: 0.8351
====> Epoch: 272 Training loss: 1.8653  Val set loss: 1.8773 Val set acc: 0.9398 Val ECE: 0.8342
====> Epoch: 273 Training loss: 1.8656  Val set loss: 1.8774 Val set acc: 0.9414 Val ECE: 0.8358
====> Epoch: 274 Training loss: 1.8660  Val set loss: 1.8773 Val set acc: 0.9416 Val ECE: 0.8360
====> Epoch: 275 Training loss: 1.8666  Val set loss: 1.8776 Val set acc: 0.9428 Val ECE: 0.8372
====> Epoch: 276 Training loss: 1.8664  Val set loss: 1.8786 Val set acc: 0.9422 Val ECE: 0.8366
====> Epoch: 277 Training loss: 1.8670  Val set loss: 1.8785 Val set acc: 0.9402 Val ECE: 0.8346
====> Epoch: 278 Training loss: 1.8677  Val set loss: 1.8793 Val set acc: 0.9418 Val ECE: 0.8362
====> Epoch: 279 Training loss: 1.8677  Val set loss: 1.8792 Val set acc: 0.9412 Val ECE: 0.8356
====> Epoch: 280 Training loss: 1.8682  Val set loss: 1.8802 Val set acc: 0.9402 Val ECE: 0.8346
====> Epoch: 281 Training loss: 1.8685  Val set loss: 1.8793 Val set acc: 0.9412 Val ECE: 0.8356
====> Epoch: 282 Training loss: 1.8690  Val set loss: 1.8801 Val set acc: 0.9408 Val ECE: 0.8352
====> Epoch: 283 Training loss: 1.8691  Val set loss: 1.8812 Val set acc: 0.9416 Val ECE: 0.8360
====> Epoch: 284 Training loss: 1.8698  Val set loss: 1.8817 Val set acc: 0.9422 Val ECE: 0.8366
====> Epoch: 285 Training loss: 1.8700  Val set loss: 1.8813 Val set acc: 0.9422 Val ECE: 0.8366
====> Epoch: 286 Training loss: 1.8704  Val set loss: 1.8804 Val set acc: 0.9404 Val ECE: 0.8348
====> Epoch: 287 Training loss: 1.8709  Val set loss: 1.8827 Val set acc: 0.9402 Val ECE: 0.8346
====> Epoch: 288 Training loss: 1.8711  Val set loss: 1.8825 Val set acc: 0.9426 Val ECE: 0.8370
====> Epoch: 289 Training loss: 1.8713  Val set loss: 1.8826 Val set acc: 0.9402 Val ECE: 0.8346
====> Epoch: 290 Training loss: 1.8716  Val set loss: 1.8825 Val set acc: 0.9392 Val ECE: 0.8336
====> Epoch: 291 Training loss: 1.8723  Val set loss: 1.8841 Val set acc: 0.9422 Val ECE: 0.8367
====> Epoch: 292 Training loss: 1.8726  Val set loss: 1.8841 Val set acc: 0.9424 Val ECE: 0.8369
====> Epoch: 293 Training loss: 1.8728  Val set loss: 1.8842 Val set acc: 0.9412 Val ECE: 0.8357
====> Epoch: 294 Training loss: 1.8733  Val set loss: 1.8853 Val set acc: 0.9388 Val ECE: 0.8333
====> Epoch: 295 Training loss: 1.8737  Val set loss: 1.8854 Val set acc: 0.9398 Val ECE: 0.8343
====> Epoch: 296 Training loss: 1.8740  Val set loss: 1.8862 Val set acc: 0.9408 Val ECE: 0.8353
====> Epoch: 297 Training loss: 1.8743  Val set loss: 1.8856 Val set acc: 0.9416 Val ECE: 0.8361
====> Epoch: 298 Training loss: 1.8747  Val set loss: 1.8868 Val set acc: 0.9398 Val ECE: 0.8343
====> Epoch: 299 Training loss: 1.8750  Val set loss: 1.8866 Val set acc: 0.9406 Val ECE: 0.8351
====> Epoch: 300 Training loss: 1.8758  Val set loss: 1.8875 Val set acc: 0.9424 Val ECE: 0.8369
====> Epoch: 301 Training loss: 1.8760  Val set loss: 1.8883 Val set acc: 0.9406 Val ECE: 0.8351
====> Epoch: 302 Training loss: 1.8765  Val set loss: 1.8876 Val set acc: 0.9418 Val ECE: 0.8363
====> Epoch: 303 Training loss: 1.8764  Val set loss: 1.8884 Val set acc: 0.9412 Val ECE: 0.8357
====> Epoch: 304 Training loss: 1.8767  Val set loss: 1.8871 Val set acc: 0.9420 Val ECE: 0.8365
====> Epoch: 305 Training loss: 1.8770  Val set loss: 1.8889 Val set acc: 0.9398 Val ECE: 0.8343
====> Epoch: 306 Training loss: 1.8777  Val set loss: 1.8880 Val set acc: 0.9400 Val ECE: 0.8345
====> Epoch: 307 Training loss: 1.8778  Val set loss: 1.8903 Val set acc: 0.9416 Val ECE: 0.8362
====> Epoch: 308 Training loss: 1.8781  Val set loss: 1.8899 Val set acc: 0.9414 Val ECE: 0.8360
====> Epoch: 309 Training loss: 1.8787  Val set loss: 1.8911 Val set acc: 0.9404 Val ECE: 0.8350
====> Epoch: 310 Training loss: 1.8793  Val set loss: 1.8909 Val set acc: 0.9408 Val ECE: 0.8354
====> Epoch: 311 Training loss: 1.8796  Val set loss: 1.8908 Val set acc: 0.9406 Val ECE: 0.8352
====> Epoch: 312 Training loss: 1.8800  Val set loss: 1.8909 Val set acc: 0.9434 Val ECE: 0.8380
====> Epoch: 313 Training loss: 1.8802  Val set loss: 1.8933 Val set acc: 0.9414 Val ECE: 0.8360
====> Epoch: 314 Training loss: 1.8804  Val set loss: 1.8929 Val set acc: 0.9416 Val ECE: 0.8362
====> Epoch: 315 Training loss: 1.8810  Val set loss: 1.8916 Val set acc: 0.9426 Val ECE: 0.8372
====> Epoch: 316 Training loss: 1.8813  Val set loss: 1.8918 Val set acc: 0.9402 Val ECE: 0.8348
====> Epoch: 317 Training loss: 1.8816  Val set loss: 1.8940 Val set acc: 0.9420 Val ECE: 0.8366
====> Epoch: 318 Training loss: 1.8817  Val set loss: 1.8925 Val set acc: 0.9406 Val ECE: 0.8352
====> Epoch: 319 Training loss: 1.8822  Val set loss: 1.8934 Val set acc: 0.9412 Val ECE: 0.8358
====> Epoch: 320 Training loss: 1.8827  Val set loss: 1.8945 Val set acc: 0.9418 Val ECE: 0.8364
====> Epoch: 321 Training loss: 1.8830  Val set loss: 1.8940 Val set acc: 0.9410 Val ECE: 0.8356
====> Epoch: 322 Training loss: 1.8835  Val set loss: 1.8944 Val set acc: 0.9410 Val ECE: 0.8356
====> Epoch: 323 Training loss: 1.8837  Val set loss: 1.8950 Val set acc: 0.9422 Val ECE: 0.8368
====> Epoch: 324 Training loss: 1.8842  Val set loss: 1.8967 Val set acc: 0.9404 Val ECE: 0.8351
====> Epoch: 325 Training loss: 1.8843  Val set loss: 1.8969 Val set acc: 0.9400 Val ECE: 0.8347
====> Epoch: 326 Training loss: 1.8847  Val set loss: 1.8964 Val set acc: 0.9396 Val ECE: 0.8343
====> Epoch: 327 Training loss: 1.8850  Val set loss: 1.8977 Val set acc: 0.9426 Val ECE: 0.8373
====> Epoch: 328 Training loss: 1.8853  Val set loss: 1.8969 Val set acc: 0.9408 Val ECE: 0.8355
====> Epoch: 329 Training loss: 1.8859  Val set loss: 1.8974 Val set acc: 0.9408 Val ECE: 0.8355
====> Epoch: 330 Training loss: 1.8860  Val set loss: 1.8981 Val set acc: 0.9400 Val ECE: 0.8347
====> Epoch: 331 Training loss: 1.8866  Val set loss: 1.8987 Val set acc: 0.9400 Val ECE: 0.8347
====> Epoch: 332 Training loss: 1.8873  Val set loss: 1.8978 Val set acc: 0.9424 Val ECE: 0.8371
====> Epoch: 333 Training loss: 1.8873  Val set loss: 1.8992 Val set acc: 0.9414 Val ECE: 0.8361
====> Epoch: 334 Training loss: 1.8874  Val set loss: 1.8998 Val set acc: 0.9396 Val ECE: 0.8343
====> Epoch: 335 Training loss: 1.8878  Val set loss: 1.9003 Val set acc: 0.9410 Val ECE: 0.8357
====> Epoch: 336 Training loss: 1.8883  Val set loss: 1.8993 Val set acc: 0.9410 Val ECE: 0.8357
====> Epoch: 337 Training loss: 1.8887  Val set loss: 1.9011 Val set acc: 0.9412 Val ECE: 0.8360
====> Epoch: 338 Training loss: 1.8890  Val set loss: 1.9004 Val set acc: 0.9430 Val ECE: 0.8377
====> Epoch: 339 Training loss: 1.8895  Val set loss: 1.9004 Val set acc: 0.9416 Val ECE: 0.8363
====> Epoch: 340 Training loss: 1.8898  Val set loss: 1.9028 Val set acc: 0.9406 Val ECE: 0.8354
====> Epoch: 341 Training loss: 1.8903  Val set loss: 1.9009 Val set acc: 0.9414 Val ECE: 0.8361
====> Epoch: 342 Training loss: 1.8906  Val set loss: 1.9014 Val set acc: 0.9404 Val ECE: 0.8351
====> Epoch: 343 Training loss: 1.8907  Val set loss: 1.9023 Val set acc: 0.9400 Val ECE: 0.8348
====> Epoch: 344 Training loss: 1.8914  Val set loss: 1.9038 Val set acc: 0.9408 Val ECE: 0.8356
====> Epoch: 345 Training loss: 1.8915  Val set loss: 1.9045 Val set acc: 0.9402 Val ECE: 0.8350
====> Epoch: 346 Training loss: 1.8919  Val set loss: 1.9040 Val set acc: 0.9406 Val ECE: 0.8354
====> Epoch: 347 Training loss: 1.8923  Val set loss: 1.9049 Val set acc: 0.9406 Val ECE: 0.8354
====> Epoch: 348 Training loss: 1.8926  Val set loss: 1.9041 Val set acc: 0.9426 Val ECE: 0.8374
====> Epoch: 349 Training loss: 1.8929  Val set loss: 1.9053 Val set acc: 0.9382 Val ECE: 0.8330
