resnet50_cifar10_cross_entropy_PF=19_WD=0.0001_220119192235
CUDA set: True
Files already downloaded and verified
Files already downloaded and verified
====> Epoch: 0 Training loss: 2.1372  Val set loss: 1.7433 Val set acc: 0.3706 Val ECE: 0.2276
====> Epoch: 1 Training loss: 1.4957  Val set loss: 1.6863 Val set acc: 0.4450 Val ECE: 0.2763
====> Epoch: 2 Training loss: 1.1658  Val set loss: 1.1956 Val set acc: 0.5880 Val ECE: 0.4097
====> Epoch: 3 Training loss: 0.9639  Val set loss: 0.9651 Val set acc: 0.6688 Val ECE: 0.4806
====> Epoch: 4 Training loss: 0.8377  Val set loss: 0.8775 Val set acc: 0.6958 Val ECE: 0.5090
====> Epoch: 5 Training loss: 0.7454  Val set loss: 0.7954 Val set acc: 0.7378 Val ECE: 0.5435
====> Epoch: 6 Training loss: 0.6628  Val set loss: 0.7039 Val set acc: 0.7574 Val ECE: 0.5591
====> Epoch: 7 Training loss: 0.5975  Val set loss: 0.6504 Val set acc: 0.7730 Val ECE: 0.5734
====> Epoch: 8 Training loss: 0.5574  Val set loss: 0.6777 Val set acc: 0.7744 Val ECE: 0.5698
====> Epoch: 9 Training loss: 0.5201  Val set loss: 0.5720 Val set acc: 0.8058 Val ECE: 0.6012
====> Epoch: 10 Training loss: 0.4870  Val set loss: 0.4970 Val set acc: 0.8288 Val ECE: 0.6234
====> Epoch: 11 Training loss: 0.4597  Val set loss: 0.5006 Val set acc: 0.8374 Val ECE: 0.6298
====> Epoch: 12 Training loss: 0.4337  Val set loss: 0.5037 Val set acc: 0.8318 Val ECE: 0.6235
====> Epoch: 13 Training loss: 0.4107  Val set loss: 0.5568 Val set acc: 0.8148 Val ECE: 0.6056
====> Epoch: 14 Training loss: 0.3992  Val set loss: 0.5565 Val set acc: 0.8244 Val ECE: 0.6124
====> Epoch: 15 Training loss: 0.3743  Val set loss: 0.4751 Val set acc: 0.8440 Val ECE: 0.6320
====> Epoch: 16 Training loss: 0.3621  Val set loss: 0.5977 Val set acc: 0.8096 Val ECE: 0.5986
====> Epoch: 17 Training loss: 0.3445  Val set loss: 0.4227 Val set acc: 0.8552 Val ECE: 0.6419
====> Epoch: 18 Training loss: 0.3320  Val set loss: 0.5081 Val set acc: 0.8368 Val ECE: 0.6234
====> Epoch: 19 Training loss: 0.3208  Val set loss: 0.4381 Val set acc: 0.8498 Val ECE: 0.6377
====> Epoch: 20 Training loss: 0.3096  Val set loss: 0.5557 Val set acc: 0.8262 Val ECE: 0.6133
====> Epoch: 21 Training loss: 0.2899  Val set loss: 0.4336 Val set acc: 0.8618 Val ECE: 0.6474
====> Epoch: 22 Training loss: 0.2852  Val set loss: 0.4656 Val set acc: 0.8508 Val ECE: 0.6361
====> Epoch: 23 Training loss: 0.2745  Val set loss: 0.4331 Val set acc: 0.8620 Val ECE: 0.6473
====> Epoch: 24 Training loss: 0.2663  Val set loss: 0.4246 Val set acc: 0.8646 Val ECE: 0.6497
====> Epoch: 25 Training loss: 0.2598  Val set loss: 0.3881 Val set acc: 0.8726 Val ECE: 0.6554
====> Epoch: 26 Training loss: 0.2477  Val set loss: 0.3767 Val set acc: 0.8792 Val ECE: 0.6621
====> Epoch: 27 Training loss: 0.2453  Val set loss: 0.3901 Val set acc: 0.8700 Val ECE: 0.6548
====> Epoch: 28 Training loss: 0.2359  Val set loss: 0.4491 Val set acc: 0.8614 Val ECE: 0.6447
====> Epoch: 29 Training loss: 0.2321  Val set loss: 0.4252 Val set acc: 0.8682 Val ECE: 0.6510
====> Epoch: 30 Training loss: 0.2247  Val set loss: 0.3708 Val set acc: 0.8814 Val ECE: 0.6629
====> Epoch: 31 Training loss: 0.2206  Val set loss: 0.3729 Val set acc: 0.8810 Val ECE: 0.6636
====> Epoch: 32 Training loss: 0.2100  Val set loss: 0.3756 Val set acc: 0.8846 Val ECE: 0.6659
====> Epoch: 33 Training loss: 0.2094  Val set loss: 0.3622 Val set acc: 0.8852 Val ECE: 0.6662
====> Epoch: 34 Training loss: 0.2061  Val set loss: 0.4316 Val set acc: 0.8660 Val ECE: 0.6485
====> Epoch: 35 Training loss: 0.2040  Val set loss: 0.4003 Val set acc: 0.8822 Val ECE: 0.6625
====> Epoch: 36 Training loss: 0.1961  Val set loss: 0.3881 Val set acc: 0.8834 Val ECE: 0.6645
====> Epoch: 37 Training loss: 0.1957  Val set loss: 0.3456 Val set acc: 0.8894 Val ECE: 0.6702
====> Epoch: 38 Training loss: 0.1884  Val set loss: 0.3594 Val set acc: 0.8868 Val ECE: 0.6683
====> Epoch: 39 Training loss: 0.1814  Val set loss: 0.4412 Val set acc: 0.8596 Val ECE: 0.6417
====> Epoch: 40 Training loss: 0.1800  Val set loss: 0.3880 Val set acc: 0.8798 Val ECE: 0.6616
====> Epoch: 41 Training loss: 0.1751  Val set loss: 0.3706 Val set acc: 0.8878 Val ECE: 0.6673
====> Epoch: 42 Training loss: 0.1752  Val set loss: 0.4026 Val set acc: 0.8768 Val ECE: 0.6570
====> Epoch: 43 Training loss: 0.1718  Val set loss: 0.4002 Val set acc: 0.8896 Val ECE: 0.6688
====> Epoch: 44 Training loss: 0.1715  Val set loss: 0.4137 Val set acc: 0.8752 Val ECE: 0.6550
====> Epoch: 45 Training loss: 0.1637  Val set loss: 0.3742 Val set acc: 0.8872 Val ECE: 0.6665
====> Epoch: 46 Training loss: 0.1661  Val set loss: 0.4122 Val set acc: 0.8746 Val ECE: 0.6552
====> Epoch: 47 Training loss: 0.1639  Val set loss: 0.4146 Val set acc: 0.8838 Val ECE: 0.6629
====> Epoch: 48 Training loss: 0.1611  Val set loss: 0.4071 Val set acc: 0.8810 Val ECE: 0.6611
====> Epoch: 49 Training loss: 0.1621  Val set loss: 0.3927 Val set acc: 0.8818 Val ECE: 0.6609
====> Epoch: 50 Training loss: 0.1533  Val set loss: 0.3843 Val set acc: 0.8856 Val ECE: 0.6647
====> Epoch: 51 Training loss: 0.1512  Val set loss: 0.4482 Val set acc: 0.8764 Val ECE: 0.6564
====> Epoch: 52 Training loss: 0.1579  Val set loss: 0.5875 Val set acc: 0.8466 Val ECE: 0.6262
====> Epoch: 53 Training loss: 0.1503  Val set loss: 0.3576 Val set acc: 0.8990 Val ECE: 0.6783
====> Epoch: 54 Training loss: 0.1479  Val set loss: 0.3791 Val set acc: 0.8860 Val ECE: 0.6654
====> Epoch: 55 Training loss: 0.1475  Val set loss: 0.4168 Val set acc: 0.8820 Val ECE: 0.6613
====> Epoch: 56 Training loss: 0.1431  Val set loss: 0.4236 Val set acc: 0.8776 Val ECE: 0.6562
PF_fix round 1
fix fc parameters
====> Epoch: 57 Training loss: 0.1431  Val set loss: 0.3528 Val set acc: 0.8972 Val ECE: 0.6757
====> Epoch: 58 Training loss: 0.1378  Val set loss: 0.4004 Val set acc: 0.8834 Val ECE: 0.6626
====> Epoch: 59 Training loss: 0.1371  Val set loss: 0.3924 Val set acc: 0.8894 Val ECE: 0.6668
====> Epoch: 60 Training loss: 0.1330  Val set loss: 0.3650 Val set acc: 0.8938 Val ECE: 0.6727
====> Epoch: 61 Training loss: 0.1337  Val set loss: 0.3834 Val set acc: 0.8916 Val ECE: 0.6708
====> Epoch: 62 Training loss: 0.1312  Val set loss: 0.4398 Val set acc: 0.8826 Val ECE: 0.6609
====> Epoch: 63 Training loss: 0.1327  Val set loss: 0.3895 Val set acc: 0.8900 Val ECE: 0.6679
====> Epoch: 64 Training loss: 0.1291  Val set loss: 0.4994 Val set acc: 0.8710 Val ECE: 0.6493
====> Epoch: 65 Training loss: 0.1259  Val set loss: 0.3970 Val set acc: 0.8950 Val ECE: 0.6733
====> Epoch: 66 Training loss: 0.1232  Val set loss: 0.3508 Val set acc: 0.8966 Val ECE: 0.6749
====> Epoch: 67 Training loss: 0.1267  Val set loss: 0.4420 Val set acc: 0.8852 Val ECE: 0.6632
====> Epoch: 68 Training loss: 0.1241  Val set loss: 0.3598 Val set acc: 0.8958 Val ECE: 0.6739
====> Epoch: 69 Training loss: 0.1246  Val set loss: 0.3152 Val set acc: 0.9036 Val ECE: 0.6823
====> Epoch: 70 Training loss: 0.1218  Val set loss: 0.4792 Val set acc: 0.8734 Val ECE: 0.6521
====> Epoch: 71 Training loss: 0.1193  Val set loss: 0.3864 Val set acc: 0.8876 Val ECE: 0.6657
====> Epoch: 72 Training loss: 0.1195  Val set loss: 0.3667 Val set acc: 0.8922 Val ECE: 0.6706
====> Epoch: 73 Training loss: 0.1194  Val set loss: 0.3619 Val set acc: 0.8978 Val ECE: 0.6762
====> Epoch: 74 Training loss: 0.1162  Val set loss: 0.3314 Val set acc: 0.9054 Val ECE: 0.6826
====> Epoch: 75 Training loss: 0.1176  Val set loss: 0.3623 Val set acc: 0.8910 Val ECE: 0.6700
====> Epoch: 76 Training loss: 0.1108  Val set loss: 0.3365 Val set acc: 0.9026 Val ECE: 0.6798
====> Epoch: 77 Training loss: 0.1141  Val set loss: 0.3651 Val set acc: 0.8990 Val ECE: 0.6770
====> Epoch: 78 Training loss: 0.1140  Val set loss: 0.3429 Val set acc: 0.9002 Val ECE: 0.6775
====> Epoch: 79 Training loss: 0.1162  Val set loss: 0.3488 Val set acc: 0.9020 Val ECE: 0.6797
====> Epoch: 80 Training loss: 0.1117  Val set loss: 0.4435 Val set acc: 0.8868 Val ECE: 0.6640
====> Epoch: 81 Training loss: 0.1107  Val set loss: 0.4337 Val set acc: 0.8780 Val ECE: 0.6560
====> Epoch: 82 Training loss: 0.1083  Val set loss: 0.3154 Val set acc: 0.9090 Val ECE: 0.6857
====> Epoch: 83 Training loss: 0.1080  Val set loss: 0.3004 Val set acc: 0.9090 Val ECE: 0.6859
====> Epoch: 84 Training loss: 0.1125  Val set loss: 0.3233 Val set acc: 0.9070 Val ECE: 0.6844
====> Epoch: 85 Training loss: 0.1043  Val set loss: 0.3542 Val set acc: 0.9010 Val ECE: 0.6779
====> Epoch: 86 Training loss: 0.1042  Val set loss: 0.3609 Val set acc: 0.9036 Val ECE: 0.6802
====> Epoch: 87 Training loss: 0.1095  Val set loss: 0.3940 Val set acc: 0.8918 Val ECE: 0.6695
====> Epoch: 88 Training loss: 0.1071  Val set loss: 0.3595 Val set acc: 0.8992 Val ECE: 0.6769
====> Epoch: 89 Training loss: 0.1053  Val set loss: 0.2845 Val set acc: 0.9148 Val ECE: 0.6913
====> Epoch: 90 Training loss: 0.1031  Val set loss: 0.3745 Val set acc: 0.8958 Val ECE: 0.6738
====> Epoch: 91 Training loss: 0.1083  Val set loss: 0.4304 Val set acc: 0.8876 Val ECE: 0.6656
====> Epoch: 92 Training loss: 0.1027  Val set loss: 0.3823 Val set acc: 0.8902 Val ECE: 0.6684
====> Epoch: 93 Training loss: 0.1039  Val set loss: 0.3877 Val set acc: 0.8924 Val ECE: 0.6699
====> Epoch: 94 Training loss: 0.1052  Val set loss: 0.3843 Val set acc: 0.8942 Val ECE: 0.6725
====> Epoch: 95 Training loss: 0.1028  Val set loss: 0.3358 Val set acc: 0.9070 Val ECE: 0.6837
====> Epoch: 96 Training loss: 0.1029  Val set loss: 0.3359 Val set acc: 0.9024 Val ECE: 0.6800
====> Epoch: 97 Training loss: 0.1048  Val set loss: 0.2995 Val set acc: 0.9114 Val ECE: 0.6882
====> Epoch: 98 Training loss: 0.1001  Val set loss: 0.3590 Val set acc: 0.9004 Val ECE: 0.6778
====> Epoch: 99 Training loss: 0.1032  Val set loss: 0.4171 Val set acc: 0.8856 Val ECE: 0.6629
====> Epoch: 100 Training loss: 0.1017  Val set loss: 0.3443 Val set acc: 0.8988 Val ECE: 0.6758
====> Epoch: 101 Training loss: 0.1012  Val set loss: 0.3333 Val set acc: 0.9020 Val ECE: 0.6791
====> Epoch: 102 Training loss: 0.0994  Val set loss: 0.3355 Val set acc: 0.9076 Val ECE: 0.6844
====> Epoch: 103 Training loss: 0.0998  Val set loss: 0.3488 Val set acc: 0.9046 Val ECE: 0.6812
====> Epoch: 104 Training loss: 0.0998  Val set loss: 0.3172 Val set acc: 0.9076 Val ECE: 0.6847
====> Epoch: 105 Training loss: 0.1001  Val set loss: 0.3844 Val set acc: 0.8928 Val ECE: 0.6707
====> Epoch: 106 Training loss: 0.1005  Val set loss: 0.3445 Val set acc: 0.9040 Val ECE: 0.6810
====> Epoch: 107 Training loss: 0.0971  Val set loss: 0.3496 Val set acc: 0.9076 Val ECE: 0.6843
====> Epoch: 108 Training loss: 0.0977  Val set loss: 0.3386 Val set acc: 0.8990 Val ECE: 0.6768
PF_fix round 2
fix fc parameters
fix layer4 parameters
====> Epoch: 109 Training loss: 0.0861  Val set loss: 0.2799 Val set acc: 0.9118 Val ECE: 0.6894
====> Epoch: 110 Training loss: 0.0857  Val set loss: 0.3255 Val set acc: 0.9024 Val ECE: 0.6809
====> Epoch: 111 Training loss: 0.0808  Val set loss: 0.3257 Val set acc: 0.9018 Val ECE: 0.6802
====> Epoch: 112 Training loss: 0.0794  Val set loss: 0.2613 Val set acc: 0.9188 Val ECE: 0.6972
====> Epoch: 113 Training loss: 0.0785  Val set loss: 0.2538 Val set acc: 0.9194 Val ECE: 0.6982
====> Epoch: 114 Training loss: 0.0747  Val set loss: 0.2621 Val set acc: 0.9150 Val ECE: 0.6940
====> Epoch: 115 Training loss: 0.0766  Val set loss: 0.2523 Val set acc: 0.9164 Val ECE: 0.6957
====> Epoch: 116 Training loss: 0.0799  Val set loss: 0.2334 Val set acc: 0.9284 Val ECE: 0.7069
====> Epoch: 117 Training loss: 0.0805  Val set loss: 0.2519 Val set acc: 0.9194 Val ECE: 0.6989
====> Epoch: 118 Training loss: 0.0828  Val set loss: 0.2509 Val set acc: 0.9194 Val ECE: 0.6992
====> Epoch: 119 Training loss: 0.0854  Val set loss: 0.2731 Val set acc: 0.9114 Val ECE: 0.6916
====> Epoch: 120 Training loss: 0.0867  Val set loss: 0.2604 Val set acc: 0.9134 Val ECE: 0.6936
====> Epoch: 121 Training loss: 0.0952  Val set loss: 0.2779 Val set acc: 0.9118 Val ECE: 0.6939
====> Epoch: 122 Training loss: 0.0993  Val set loss: 0.2529 Val set acc: 0.9182 Val ECE: 0.6990
====> Epoch: 123 Training loss: 0.1032  Val set loss: 0.3297 Val set acc: 0.8926 Val ECE: 0.6756
====> Epoch: 124 Training loss: 0.1119  Val set loss: 0.2728 Val set acc: 0.9132 Val ECE: 0.6939
====> Epoch: 125 Training loss: 0.1165  Val set loss: 0.3133 Val set acc: 0.9056 Val ECE: 0.6883
====> Epoch: 126 Training loss: 0.1234  Val set loss: 0.3107 Val set acc: 0.9030 Val ECE: 0.6871
====> Epoch: 127 Training loss: 0.1312  Val set loss: 0.2952 Val set acc: 0.9072 Val ECE: 0.6912
====> Epoch: 128 Training loss: 0.1429  Val set loss: 0.2847 Val set acc: 0.9114 Val ECE: 0.6960
====> Epoch: 129 Training loss: 0.1543  Val set loss: 0.3368 Val set acc: 0.8994 Val ECE: 0.6860
====> Epoch: 130 Training loss: 0.1653  Val set loss: 0.3756 Val set acc: 0.8894 Val ECE: 0.6776
====> Epoch: 131 Training loss: 0.1817  Val set loss: 0.3353 Val set acc: 0.9038 Val ECE: 0.6951
====> Epoch: 132 Training loss: 0.2010  Val set loss: 0.3445 Val set acc: 0.9048 Val ECE: 0.6988
====> Epoch: 133 Training loss: 0.2238  Val set loss: 0.3628 Val set acc: 0.9042 Val ECE: 0.7004
====> Epoch: 134 Training loss: 0.2537  Val set loss: 0.3625 Val set acc: 0.9148 Val ECE: 0.7152
====> Epoch: 135 Training loss: 0.2849  Val set loss: 0.4025 Val set acc: 0.9092 Val ECE: 0.7155
PF_fix round 3
fix fc parameters
fix layer4 parameters
fix layer3 parameters
====> Epoch: 136 Training loss: 0.3548  Val set loss: 0.4652 Val set acc: 0.9028 Val ECE: 0.7162
====> Epoch: 137 Training loss: 0.3885  Val set loss: 0.5187 Val set acc: 0.8990 Val ECE: 0.7199
====> Epoch: 138 Training loss: 0.4378  Val set loss: 0.5308 Val set acc: 0.9118 Val ECE: 0.7376
====> Epoch: 139 Training loss: 0.4927  Val set loss: 0.5854 Val set acc: 0.9174 Val ECE: 0.7503
====> Epoch: 140 Training loss: 0.5593  Val set loss: 0.6379 Val set acc: 0.9222 Val ECE: 0.7614
====> Epoch: 141 Training loss: 0.6254  Val set loss: 0.7051 Val set acc: 0.9198 Val ECE: 0.7652
====> Epoch: 142 Training loss: 0.6979  Val set loss: 0.7726 Val set acc: 0.9226 Val ECE: 0.7737
====> Epoch: 143 Training loss: 0.7727  Val set loss: 0.8475 Val set acc: 0.9158 Val ECE: 0.7721
====> Epoch: 144 Training loss: 0.8490  Val set loss: 0.9101 Val set acc: 0.9292 Val ECE: 0.7906
====> Epoch: 145 Training loss: 0.9272  Val set loss: 0.9835 Val set acc: 0.9274 Val ECE: 0.7929
====> Epoch: 146 Training loss: 1.0030  Val set loss: 1.0654 Val set acc: 0.9264 Val ECE: 0.7962
====> Epoch: 147 Training loss: 1.0798  Val set loss: 1.1361 Val set acc: 0.9240 Val ECE: 0.7971
====> Epoch: 148 Training loss: 1.1544  Val set loss: 1.2031 Val set acc: 0.9302 Val ECE: 0.8064
====> Epoch: 149 Training loss: 1.2263  Val set loss: 1.2741 Val set acc: 0.9306 Val ECE: 0.8095
====> Epoch: 150 Training loss: 1.2535  Val set loss: 1.2674 Val set acc: 0.9420 Val ECE: 0.8210
====> Epoch: 151 Training loss: 1.2574  Val set loss: 1.2706 Val set acc: 0.9432 Val ECE: 0.8223
====> Epoch: 152 Training loss: 1.2625  Val set loss: 1.2781 Val set acc: 0.9420 Val ECE: 0.8214
====> Epoch: 153 Training loss: 1.2676  Val set loss: 1.2854 Val set acc: 0.9410 Val ECE: 0.8207
====> Epoch: 154 Training loss: 1.2734  Val set loss: 1.2921 Val set acc: 0.9418 Val ECE: 0.8217
====> Epoch: 155 Training loss: 1.2800  Val set loss: 1.2989 Val set acc: 0.9426 Val ECE: 0.8227
PF_fix round 4
fix fc parameters
fix layer4 parameters
fix layer3 parameters
fix layer2 parameters
====> Epoch: 156 Training loss: 1.2852  Val set loss: 1.3040 Val set acc: 0.9440 Val ECE: 0.8243
====> Epoch: 157 Training loss: 1.2925  Val set loss: 1.3141 Val set acc: 0.9430 Val ECE: 0.8237
====> Epoch: 158 Training loss: 1.2996  Val set loss: 1.3183 Val set acc: 0.9456 Val ECE: 0.8264
====> Epoch: 159 Training loss: 1.3065  Val set loss: 1.3262 Val set acc: 0.9442 Val ECE: 0.8253
====> Epoch: 160 Training loss: 1.3133  Val set loss: 1.3345 Val set acc: 0.9438 Val ECE: 0.8251
====> Epoch: 161 Training loss: 1.3210  Val set loss: 1.3398 Val set acc: 0.9444 Val ECE: 0.8259
====> Epoch: 162 Training loss: 1.3274  Val set loss: 1.3469 Val set acc: 0.9444 Val ECE: 0.8262
====> Epoch: 163 Training loss: 1.3335  Val set loss: 1.3526 Val set acc: 0.9452 Val ECE: 0.8271
====> Epoch: 164 Training loss: 1.3412  Val set loss: 1.3584 Val set acc: 0.9434 Val ECE: 0.8255
====> Epoch: 165 Training loss: 1.3476  Val set loss: 1.3674 Val set acc: 0.9458 Val ECE: 0.8282
====> Epoch: 166 Training loss: 1.3548  Val set loss: 1.3732 Val set acc: 0.9410 Val ECE: 0.8236
====> Epoch: 167 Training loss: 1.3611  Val set loss: 1.3800 Val set acc: 0.9438 Val ECE: 0.8266
====> Epoch: 168 Training loss: 1.3672  Val set loss: 1.3844 Val set acc: 0.9448 Val ECE: 0.8278
====> Epoch: 169 Training loss: 1.3747  Val set loss: 1.3937 Val set acc: 0.9442 Val ECE: 0.8274
====> Epoch: 170 Training loss: 1.3814  Val set loss: 1.3994 Val set acc: 0.9448 Val ECE: 0.8282
====> Epoch: 171 Training loss: 1.3878  Val set loss: 1.4081 Val set acc: 0.9430 Val ECE: 0.8267
====> Epoch: 172 Training loss: 1.3940  Val set loss: 1.4120 Val set acc: 0.9428 Val ECE: 0.8266
====> Epoch: 173 Training loss: 1.4016  Val set loss: 1.4177 Val set acc: 0.9426 Val ECE: 0.8266
====> Epoch: 174 Training loss: 1.4074  Val set loss: 1.4235 Val set acc: 0.9456 Val ECE: 0.8298
====> Epoch: 175 Training loss: 1.4139  Val set loss: 1.4306 Val set acc: 0.9440 Val ECE: 0.8284
====> Epoch: 176 Training loss: 1.4207  Val set loss: 1.4352 Val set acc: 0.9456 Val ECE: 0.8301
====> Epoch: 177 Training loss: 1.4268  Val set loss: 1.4440 Val set acc: 0.9446 Val ECE: 0.8294
====> Epoch: 178 Training loss: 1.4334  Val set loss: 1.4510 Val set acc: 0.9428 Val ECE: 0.8278
====> Epoch: 179 Training loss: 1.4395  Val set loss: 1.4536 Val set acc: 0.9462 Val ECE: 0.8312
====> Epoch: 180 Training loss: 1.4456  Val set loss: 1.4635 Val set acc: 0.9462 Val ECE: 0.8315
====> Epoch: 181 Training loss: 1.4524  Val set loss: 1.4668 Val set acc: 0.9462 Val ECE: 0.8316
====> Epoch: 182 Training loss: 1.4587  Val set loss: 1.4751 Val set acc: 0.9442 Val ECE: 0.8298
====> Epoch: 183 Training loss: 1.4648  Val set loss: 1.4816 Val set acc: 0.9462 Val ECE: 0.8320
====> Epoch: 184 Training loss: 1.4710  Val set loss: 1.4867 Val set acc: 0.9442 Val ECE: 0.8302
====> Epoch: 185 Training loss: 1.4765  Val set loss: 1.4934 Val set acc: 0.9444 Val ECE: 0.8305
====> Epoch: 186 Training loss: 1.4839  Val set loss: 1.4989 Val set acc: 0.9446 Val ECE: 0.8309
====> Epoch: 187 Training loss: 1.4897  Val set loss: 1.5042 Val set acc: 0.9444 Val ECE: 0.8308
====> Epoch: 188 Training loss: 1.4957  Val set loss: 1.5115 Val set acc: 0.9448 Val ECE: 0.8314
====> Epoch: 189 Training loss: 1.5017  Val set loss: 1.5172 Val set acc: 0.9434 Val ECE: 0.8302
====> Epoch: 190 Training loss: 1.5078  Val set loss: 1.5232 Val set acc: 0.9412 Val ECE: 0.8281
====> Epoch: 191 Training loss: 1.5138  Val set loss: 1.5279 Val set acc: 0.9428 Val ECE: 0.8298
====> Epoch: 192 Training loss: 1.5197  Val set loss: 1.5339 Val set acc: 0.9448 Val ECE: 0.8320
====> Epoch: 193 Training loss: 1.5253  Val set loss: 1.5395 Val set acc: 0.9430 Val ECE: 0.8303
====> Epoch: 194 Training loss: 1.5315  Val set loss: 1.5458 Val set acc: 0.9424 Val ECE: 0.8299
====> Epoch: 195 Training loss: 1.5368  Val set loss: 1.5520 Val set acc: 0.9440 Val ECE: 0.8317
====> Epoch: 196 Training loss: 1.5428  Val set loss: 1.5577 Val set acc: 0.9456 Val ECE: 0.8334
====> Epoch: 197 Training loss: 1.5489  Val set loss: 1.5632 Val set acc: 0.9450 Val ECE: 0.8330
====> Epoch: 198 Training loss: 1.5546  Val set loss: 1.5674 Val set acc: 0.9452 Val ECE: 0.8333
====> Epoch: 199 Training loss: 1.5600  Val set loss: 1.5763 Val set acc: 0.9442 Val ECE: 0.8325
====> Epoch: 200 Training loss: 1.5661  Val set loss: 1.5801 Val set acc: 0.9422 Val ECE: 0.8305
====> Epoch: 201 Training loss: 1.5714  Val set loss: 1.5853 Val set acc: 0.9460 Val ECE: 0.8345
====> Epoch: 202 Training loss: 1.5768  Val set loss: 1.5915 Val set acc: 0.9446 Val ECE: 0.8332
====> Epoch: 203 Training loss: 1.5823  Val set loss: 1.5980 Val set acc: 0.9412 Val ECE: 0.8300
====> Epoch: 204 Training loss: 1.5878  Val set loss: 1.6037 Val set acc: 0.9434 Val ECE: 0.8323
====> Epoch: 205 Training loss: 1.5935  Val set loss: 1.6082 Val set acc: 0.9456 Val ECE: 0.8346
====> Epoch: 206 Training loss: 1.5995  Val set loss: 1.6130 Val set acc: 0.9450 Val ECE: 0.8341
====> Epoch: 207 Training loss: 1.6050  Val set loss: 1.6202 Val set acc: 0.9422 Val ECE: 0.8315
====> Epoch: 208 Training loss: 1.6101  Val set loss: 1.6238 Val set acc: 0.9446 Val ECE: 0.8340
====> Epoch: 209 Training loss: 1.6157  Val set loss: 1.6295 Val set acc: 0.9418 Val ECE: 0.8313
====> Epoch: 210 Training loss: 1.6210  Val set loss: 1.6373 Val set acc: 0.9422 Val ECE: 0.8319
====> Epoch: 211 Training loss: 1.6266  Val set loss: 1.6405 Val set acc: 0.9432 Val ECE: 0.8330
====> Epoch: 212 Training loss: 1.6314  Val set loss: 1.6437 Val set acc: 0.9438 Val ECE: 0.8336
====> Epoch: 213 Training loss: 1.6367  Val set loss: 1.6510 Val set acc: 0.9440 Val ECE: 0.8340
====> Epoch: 214 Training loss: 1.6423  Val set loss: 1.6558 Val set acc: 0.9454 Val ECE: 0.8355
====> Epoch: 215 Training loss: 1.6477  Val set loss: 1.6626 Val set acc: 0.9438 Val ECE: 0.8340
====> Epoch: 216 Training loss: 1.6529  Val set loss: 1.6662 Val set acc: 0.9450 Val ECE: 0.8353
====> Epoch: 217 Training loss: 1.6577  Val set loss: 1.6711 Val set acc: 0.9436 Val ECE: 0.8340
====> Epoch: 218 Training loss: 1.6633  Val set loss: 1.6773 Val set acc: 0.9452 Val ECE: 0.8358
====> Epoch: 219 Training loss: 1.6674  Val set loss: 1.6800 Val set acc: 0.9462 Val ECE: 0.8368
====> Epoch: 220 Training loss: 1.6733  Val set loss: 1.6863 Val set acc: 0.9430 Val ECE: 0.8338
====> Epoch: 221 Training loss: 1.6782  Val set loss: 1.6900 Val set acc: 0.9438 Val ECE: 0.8346
====> Epoch: 222 Training loss: 1.6826  Val set loss: 1.6966 Val set acc: 0.9414 Val ECE: 0.8324
====> Epoch: 223 Training loss: 1.6881  Val set loss: 1.7017 Val set acc: 0.9442 Val ECE: 0.8353
====> Epoch: 224 Training loss: 1.6932  Val set loss: 1.7066 Val set acc: 0.9450 Val ECE: 0.8362
====> Epoch: 225 Training loss: 1.6980  Val set loss: 1.7115 Val set acc: 0.9434 Val ECE: 0.8347
====> Epoch: 226 Training loss: 1.7025  Val set loss: 1.7156 Val set acc: 0.9436 Val ECE: 0.8350
====> Epoch: 227 Training loss: 1.7075  Val set loss: 1.7210 Val set acc: 0.9446 Val ECE: 0.8361
====> Epoch: 228 Training loss: 1.7121  Val set loss: 1.7268 Val set acc: 0.9434 Val ECE: 0.8350
====> Epoch: 229 Training loss: 1.7174  Val set loss: 1.7301 Val set acc: 0.9436 Val ECE: 0.8353
====> Epoch: 230 Training loss: 1.7220  Val set loss: 1.7348 Val set acc: 0.9458 Val ECE: 0.8376
====> Epoch: 231 Training loss: 1.7268  Val set loss: 1.7389 Val set acc: 0.9428 Val ECE: 0.8346
====> Epoch: 232 Training loss: 1.7310  Val set loss: 1.7447 Val set acc: 0.9416 Val ECE: 0.8336
====> Epoch: 233 Training loss: 1.7364  Val set loss: 1.7494 Val set acc: 0.9446 Val ECE: 0.8366
====> Epoch: 234 Training loss: 1.7410  Val set loss: 1.7539 Val set acc: 0.9412 Val ECE: 0.8333
====> Epoch: 235 Training loss: 1.7454  Val set loss: 1.7586 Val set acc: 0.9440 Val ECE: 0.8362
====> Epoch: 236 Training loss: 1.7498  Val set loss: 1.7635 Val set acc: 0.9432 Val ECE: 0.8355
====> Epoch: 237 Training loss: 1.7546  Val set loss: 1.7659 Val set acc: 0.9442 Val ECE: 0.8366
====> Epoch: 238 Training loss: 1.7591  Val set loss: 1.7717 Val set acc: 0.9428 Val ECE: 0.8353
====> Epoch: 239 Training loss: 1.7632  Val set loss: 1.7758 Val set acc: 0.9418 Val ECE: 0.8343
====> Epoch: 240 Training loss: 1.7673  Val set loss: 1.7812 Val set acc: 0.9434 Val ECE: 0.8361
====> Epoch: 241 Training loss: 1.7725  Val set loss: 1.7855 Val set acc: 0.9424 Val ECE: 0.8351
====> Epoch: 242 Training loss: 1.7771  Val set loss: 1.7871 Val set acc: 0.9422 Val ECE: 0.8350
====> Epoch: 243 Training loss: 1.7811  Val set loss: 1.7923 Val set acc: 0.9436 Val ECE: 0.8365
====> Epoch: 244 Training loss: 1.7856  Val set loss: 1.7974 Val set acc: 0.9438 Val ECE: 0.8368
====> Epoch: 245 Training loss: 1.7898  Val set loss: 1.8025 Val set acc: 0.9434 Val ECE: 0.8365
====> Epoch: 246 Training loss: 1.7946  Val set loss: 1.8056 Val set acc: 0.9432 Val ECE: 0.8363
====> Epoch: 247 Training loss: 1.7983  Val set loss: 1.8101 Val set acc: 0.9432 Val ECE: 0.8364
====> Epoch: 248 Training loss: 1.8028  Val set loss: 1.8138 Val set acc: 0.9422 Val ECE: 0.8354
====> Epoch: 249 Training loss: 1.8068  Val set loss: 1.8170 Val set acc: 0.9436 Val ECE: 0.8369
====> Epoch: 250 Training loss: 1.8086  Val set loss: 1.8183 Val set acc: 0.9418 Val ECE: 0.8351
====> Epoch: 251 Training loss: 1.8090  Val set loss: 1.8184 Val set acc: 0.9424 Val ECE: 0.8357
====> Epoch: 252 Training loss: 1.8091  Val set loss: 1.8196 Val set acc: 0.9434 Val ECE: 0.8368
====> Epoch: 253 Training loss: 1.8093  Val set loss: 1.8204 Val set acc: 0.9446 Val ECE: 0.8380
====> Epoch: 254 Training loss: 1.8101  Val set loss: 1.8200 Val set acc: 0.9444 Val ECE: 0.8378
====> Epoch: 255 Training loss: 1.8102  Val set loss: 1.8208 Val set acc: 0.9414 Val ECE: 0.8348
====> Epoch: 256 Training loss: 1.8104  Val set loss: 1.8208 Val set acc: 0.9418 Val ECE: 0.8352
====> Epoch: 257 Training loss: 1.8104  Val set loss: 1.8228 Val set acc: 0.9438 Val ECE: 0.8372
====> Epoch: 258 Training loss: 1.8113  Val set loss: 1.8235 Val set acc: 0.9422 Val ECE: 0.8356
====> Epoch: 259 Training loss: 1.8116  Val set loss: 1.8242 Val set acc: 0.9416 Val ECE: 0.8350
====> Epoch: 260 Training loss: 1.8121  Val set loss: 1.8232 Val set acc: 0.9446 Val ECE: 0.8380
====> Epoch: 261 Training loss: 1.8121  Val set loss: 1.8239 Val set acc: 0.9432 Val ECE: 0.8366
====> Epoch: 262 Training loss: 1.8130  Val set loss: 1.8239 Val set acc: 0.9424 Val ECE: 0.8358
====> Epoch: 263 Training loss: 1.8133  Val set loss: 1.8260 Val set acc: 0.9418 Val ECE: 0.8353
====> Epoch: 264 Training loss: 1.8134  Val set loss: 1.8258 Val set acc: 0.9432 Val ECE: 0.8367
====> Epoch: 265 Training loss: 1.8138  Val set loss: 1.8247 Val set acc: 0.9430 Val ECE: 0.8364
====> Epoch: 266 Training loss: 1.8145  Val set loss: 1.8253 Val set acc: 0.9450 Val ECE: 0.8385
====> Epoch: 267 Training loss: 1.8147  Val set loss: 1.8269 Val set acc: 0.9430 Val ECE: 0.8365
====> Epoch: 268 Training loss: 1.8150  Val set loss: 1.8266 Val set acc: 0.9440 Val ECE: 0.8375
====> Epoch: 269 Training loss: 1.8153  Val set loss: 1.8267 Val set acc: 0.9430 Val ECE: 0.8365
====> Epoch: 270 Training loss: 1.8161  Val set loss: 1.8272 Val set acc: 0.9438 Val ECE: 0.8373
====> Epoch: 271 Training loss: 1.8169  Val set loss: 1.8288 Val set acc: 0.9440 Val ECE: 0.8375
====> Epoch: 272 Training loss: 1.8169  Val set loss: 1.8283 Val set acc: 0.9444 Val ECE: 0.8379
====> Epoch: 273 Training loss: 1.8173  Val set loss: 1.8277 Val set acc: 0.9426 Val ECE: 0.8361
====> Epoch: 274 Training loss: 1.8176  Val set loss: 1.8294 Val set acc: 0.9428 Val ECE: 0.8363
====> Epoch: 275 Training loss: 1.8183  Val set loss: 1.8295 Val set acc: 0.9422 Val ECE: 0.8357
====> Epoch: 276 Training loss: 1.8180  Val set loss: 1.8306 Val set acc: 0.9428 Val ECE: 0.8364
====> Epoch: 277 Training loss: 1.8188  Val set loss: 1.8313 Val set acc: 0.9424 Val ECE: 0.8360
====> Epoch: 278 Training loss: 1.8195  Val set loss: 1.8310 Val set acc: 0.9430 Val ECE: 0.8366
====> Epoch: 279 Training loss: 1.8195  Val set loss: 1.8313 Val set acc: 0.9440 Val ECE: 0.8376
====> Epoch: 280 Training loss: 1.8200  Val set loss: 1.8328 Val set acc: 0.9436 Val ECE: 0.8372
====> Epoch: 281 Training loss: 1.8203  Val set loss: 1.8326 Val set acc: 0.9438 Val ECE: 0.8374
====> Epoch: 282 Training loss: 1.8208  Val set loss: 1.8318 Val set acc: 0.9432 Val ECE: 0.8368
====> Epoch: 283 Training loss: 1.8210  Val set loss: 1.8322 Val set acc: 0.9412 Val ECE: 0.8348
====> Epoch: 284 Training loss: 1.8218  Val set loss: 1.8337 Val set acc: 0.9426 Val ECE: 0.8362
====> Epoch: 285 Training loss: 1.8221  Val set loss: 1.8346 Val set acc: 0.9440 Val ECE: 0.8376
====> Epoch: 286 Training loss: 1.8224  Val set loss: 1.8339 Val set acc: 0.9434 Val ECE: 0.8370
====> Epoch: 287 Training loss: 1.8229  Val set loss: 1.8355 Val set acc: 0.9432 Val ECE: 0.8368
====> Epoch: 288 Training loss: 1.8232  Val set loss: 1.8337 Val set acc: 0.9432 Val ECE: 0.8368
====> Epoch: 289 Training loss: 1.8234  Val set loss: 1.8365 Val set acc: 0.9430 Val ECE: 0.8367
====> Epoch: 290 Training loss: 1.8239  Val set loss: 1.8351 Val set acc: 0.9414 Val ECE: 0.8350
====> Epoch: 291 Training loss: 1.8246  Val set loss: 1.8364 Val set acc: 0.9432 Val ECE: 0.8369
====> Epoch: 292 Training loss: 1.8249  Val set loss: 1.8363 Val set acc: 0.9442 Val ECE: 0.8379
====> Epoch: 293 Training loss: 1.8252  Val set loss: 1.8374 Val set acc: 0.9416 Val ECE: 0.8353
====> Epoch: 294 Training loss: 1.8255  Val set loss: 1.8376 Val set acc: 0.9420 Val ECE: 0.8357
====> Epoch: 295 Training loss: 1.8261  Val set loss: 1.8382 Val set acc: 0.9422 Val ECE: 0.8359
====> Epoch: 296 Training loss: 1.8264  Val set loss: 1.8393 Val set acc: 0.9422 Val ECE: 0.8359
====> Epoch: 297 Training loss: 1.8267  Val set loss: 1.8382 Val set acc: 0.9436 Val ECE: 0.8373
====> Epoch: 298 Training loss: 1.8272  Val set loss: 1.8400 Val set acc: 0.9428 Val ECE: 0.8365
====> Epoch: 299 Training loss: 1.8274  Val set loss: 1.8401 Val set acc: 0.9406 Val ECE: 0.8343
====> Epoch: 300 Training loss: 1.8284  Val set loss: 1.8407 Val set acc: 0.9424 Val ECE: 0.8361
====> Epoch: 301 Training loss: 1.8287  Val set loss: 1.8408 Val set acc: 0.9418 Val ECE: 0.8355
====> Epoch: 302 Training loss: 1.8291  Val set loss: 1.8408 Val set acc: 0.9428 Val ECE: 0.8365
====> Epoch: 303 Training loss: 1.8291  Val set loss: 1.8414 Val set acc: 0.9398 Val ECE: 0.8335
====> Epoch: 304 Training loss: 1.8294  Val set loss: 1.8405 Val set acc: 0.9418 Val ECE: 0.8355
====> Epoch: 305 Training loss: 1.8297  Val set loss: 1.8418 Val set acc: 0.9408 Val ECE: 0.8345
====> Epoch: 306 Training loss: 1.8303  Val set loss: 1.8434 Val set acc: 0.9420 Val ECE: 0.8358
====> Epoch: 307 Training loss: 1.8304  Val set loss: 1.8435 Val set acc: 0.9424 Val ECE: 0.8362
====> Epoch: 308 Training loss: 1.8309  Val set loss: 1.8432 Val set acc: 0.9420 Val ECE: 0.8358
====> Epoch: 309 Training loss: 1.8314  Val set loss: 1.8437 Val set acc: 0.9428 Val ECE: 0.8366
====> Epoch: 310 Training loss: 1.8320  Val set loss: 1.8447 Val set acc: 0.9426 Val ECE: 0.8364
====> Epoch: 311 Training loss: 1.8325  Val set loss: 1.8449 Val set acc: 0.9422 Val ECE: 0.8360
====> Epoch: 312 Training loss: 1.8331  Val set loss: 1.8443 Val set acc: 0.9422 Val ECE: 0.8360
====> Epoch: 313 Training loss: 1.8333  Val set loss: 1.8467 Val set acc: 0.9426 Val ECE: 0.8364
====> Epoch: 314 Training loss: 1.8333  Val set loss: 1.8457 Val set acc: 0.9432 Val ECE: 0.8370
====> Epoch: 315 Training loss: 1.8341  Val set loss: 1.8455 Val set acc: 0.9424 Val ECE: 0.8362
====> Epoch: 316 Training loss: 1.8344  Val set loss: 1.8463 Val set acc: 0.9418 Val ECE: 0.8356
====> Epoch: 317 Training loss: 1.8348  Val set loss: 1.8468 Val set acc: 0.9412 Val ECE: 0.8350
====> Epoch: 318 Training loss: 1.8350  Val set loss: 1.8469 Val set acc: 0.9408 Val ECE: 0.8346
====> Epoch: 319 Training loss: 1.8355  Val set loss: 1.8489 Val set acc: 0.9414 Val ECE: 0.8353
====> Epoch: 320 Training loss: 1.8358  Val set loss: 1.8485 Val set acc: 0.9412 Val ECE: 0.8351
====> Epoch: 321 Training loss: 1.8363  Val set loss: 1.8474 Val set acc: 0.9406 Val ECE: 0.8344
====> Epoch: 322 Training loss: 1.8367  Val set loss: 1.8486 Val set acc: 0.9404 Val ECE: 0.8343
====> Epoch: 323 Training loss: 1.8372  Val set loss: 1.8485 Val set acc: 0.9422 Val ECE: 0.8361
====> Epoch: 324 Training loss: 1.8375  Val set loss: 1.8502 Val set acc: 0.9416 Val ECE: 0.8355
====> Epoch: 325 Training loss: 1.8377  Val set loss: 1.8503 Val set acc: 0.9428 Val ECE: 0.8367
====> Epoch: 326 Training loss: 1.8382  Val set loss: 1.8502 Val set acc: 0.9420 Val ECE: 0.8359
====> Epoch: 327 Training loss: 1.8385  Val set loss: 1.8508 Val set acc: 0.9414 Val ECE: 0.8353
====> Epoch: 328 Training loss: 1.8389  Val set loss: 1.8519 Val set acc: 0.9416 Val ECE: 0.8355
====> Epoch: 329 Training loss: 1.8394  Val set loss: 1.8508 Val set acc: 0.9420 Val ECE: 0.8359
====> Epoch: 330 Training loss: 1.8396  Val set loss: 1.8535 Val set acc: 0.9408 Val ECE: 0.8347
====> Epoch: 331 Training loss: 1.8401  Val set loss: 1.8520 Val set acc: 0.9422 Val ECE: 0.8361
====> Epoch: 332 Training loss: 1.8410  Val set loss: 1.8519 Val set acc: 0.9406 Val ECE: 0.8345
====> Epoch: 333 Training loss: 1.8411  Val set loss: 1.8522 Val set acc: 0.9414 Val ECE: 0.8353
====> Epoch: 334 Training loss: 1.8410  Val set loss: 1.8548 Val set acc: 0.9414 Val ECE: 0.8354
====> Epoch: 335 Training loss: 1.8416  Val set loss: 1.8541 Val set acc: 0.9436 Val ECE: 0.8376
====> Epoch: 336 Training loss: 1.8422  Val set loss: 1.8548 Val set acc: 0.9424 Val ECE: 0.8364
====> Epoch: 337 Training loss: 1.8425  Val set loss: 1.8553 Val set acc: 0.9394 Val ECE: 0.8334
====> Epoch: 338 Training loss: 1.8429  Val set loss: 1.8545 Val set acc: 0.9426 Val ECE: 0.8366
====> Epoch: 339 Training loss: 1.8434  Val set loss: 1.8552 Val set acc: 0.9418 Val ECE: 0.8358
====> Epoch: 340 Training loss: 1.8436  Val set loss: 1.8565 Val set acc: 0.9410 Val ECE: 0.8350
====> Epoch: 341 Training loss: 1.8443  Val set loss: 1.8563 Val set acc: 0.9396 Val ECE: 0.8336
====> Epoch: 342 Training loss: 1.8446  Val set loss: 1.8573 Val set acc: 0.9398 Val ECE: 0.8338
====> Epoch: 343 Training loss: 1.8447  Val set loss: 1.8574 Val set acc: 0.9394 Val ECE: 0.8334
====> Epoch: 344 Training loss: 1.8454  Val set loss: 1.8574 Val set acc: 0.9422 Val ECE: 0.8362
====> Epoch: 345 Training loss: 1.8456  Val set loss: 1.8584 Val set acc: 0.9408 Val ECE: 0.8348
====> Epoch: 346 Training loss: 1.8461  Val set loss: 1.8597 Val set acc: 0.9408 Val ECE: 0.8349
====> Epoch: 347 Training loss: 1.8464  Val set loss: 1.8585 Val set acc: 0.9422 Val ECE: 0.8362
====> Epoch: 348 Training loss: 1.8468  Val set loss: 1.8580 Val set acc: 0.9410 Val ECE: 0.8350
====> Epoch: 349 Training loss: 1.8471  Val set loss: 1.8601 Val set acc: 0.9404 Val ECE: 0.8345
