resnet50_cifar10_cross_entropy_PF=20_WD=0.0001_220119192534
CUDA set: True
Files already downloaded and verified
Files already downloaded and verified
====> Epoch: 0 Training loss: 2.1372  Val set loss: 1.7433 Val set acc: 0.3706 Val ECE: 0.2276
====> Epoch: 1 Training loss: 1.4957  Val set loss: 1.6863 Val set acc: 0.4450 Val ECE: 0.2763
====> Epoch: 2 Training loss: 1.1658  Val set loss: 1.1956 Val set acc: 0.5880 Val ECE: 0.4097
====> Epoch: 3 Training loss: 0.9639  Val set loss: 0.9651 Val set acc: 0.6688 Val ECE: 0.4806
====> Epoch: 4 Training loss: 0.8377  Val set loss: 0.8775 Val set acc: 0.6958 Val ECE: 0.5090
====> Epoch: 5 Training loss: 0.7454  Val set loss: 0.7954 Val set acc: 0.7378 Val ECE: 0.5435
====> Epoch: 6 Training loss: 0.6628  Val set loss: 0.7039 Val set acc: 0.7574 Val ECE: 0.5591
====> Epoch: 7 Training loss: 0.5975  Val set loss: 0.6504 Val set acc: 0.7730 Val ECE: 0.5734
====> Epoch: 8 Training loss: 0.5574  Val set loss: 0.6777 Val set acc: 0.7744 Val ECE: 0.5698
====> Epoch: 9 Training loss: 0.5201  Val set loss: 0.5720 Val set acc: 0.8058 Val ECE: 0.6012
====> Epoch: 10 Training loss: 0.4870  Val set loss: 0.4970 Val set acc: 0.8288 Val ECE: 0.6234
====> Epoch: 11 Training loss: 0.4597  Val set loss: 0.5006 Val set acc: 0.8374 Val ECE: 0.6298
====> Epoch: 12 Training loss: 0.4337  Val set loss: 0.5037 Val set acc: 0.8318 Val ECE: 0.6235
====> Epoch: 13 Training loss: 0.4107  Val set loss: 0.5568 Val set acc: 0.8148 Val ECE: 0.6056
====> Epoch: 14 Training loss: 0.3992  Val set loss: 0.5565 Val set acc: 0.8244 Val ECE: 0.6124
====> Epoch: 15 Training loss: 0.3743  Val set loss: 0.4751 Val set acc: 0.8440 Val ECE: 0.6320
====> Epoch: 16 Training loss: 0.3621  Val set loss: 0.5977 Val set acc: 0.8096 Val ECE: 0.5986
====> Epoch: 17 Training loss: 0.3445  Val set loss: 0.4227 Val set acc: 0.8552 Val ECE: 0.6419
====> Epoch: 18 Training loss: 0.3320  Val set loss: 0.5081 Val set acc: 0.8368 Val ECE: 0.6234
====> Epoch: 19 Training loss: 0.3208  Val set loss: 0.4381 Val set acc: 0.8498 Val ECE: 0.6377
====> Epoch: 20 Training loss: 0.3096  Val set loss: 0.5557 Val set acc: 0.8262 Val ECE: 0.6133
====> Epoch: 21 Training loss: 0.2899  Val set loss: 0.4336 Val set acc: 0.8618 Val ECE: 0.6474
====> Epoch: 22 Training loss: 0.2852  Val set loss: 0.4656 Val set acc: 0.8508 Val ECE: 0.6361
====> Epoch: 23 Training loss: 0.2745  Val set loss: 0.4331 Val set acc: 0.8620 Val ECE: 0.6473
====> Epoch: 24 Training loss: 0.2663  Val set loss: 0.4246 Val set acc: 0.8646 Val ECE: 0.6497
====> Epoch: 25 Training loss: 0.2598  Val set loss: 0.3881 Val set acc: 0.8726 Val ECE: 0.6554
====> Epoch: 26 Training loss: 0.2477  Val set loss: 0.3767 Val set acc: 0.8792 Val ECE: 0.6621
====> Epoch: 27 Training loss: 0.2453  Val set loss: 0.3901 Val set acc: 0.8700 Val ECE: 0.6548
====> Epoch: 28 Training loss: 0.2359  Val set loss: 0.4491 Val set acc: 0.8614 Val ECE: 0.6447
====> Epoch: 29 Training loss: 0.2321  Val set loss: 0.4252 Val set acc: 0.8682 Val ECE: 0.6510
====> Epoch: 30 Training loss: 0.2247  Val set loss: 0.3708 Val set acc: 0.8814 Val ECE: 0.6629
====> Epoch: 31 Training loss: 0.2206  Val set loss: 0.3729 Val set acc: 0.8810 Val ECE: 0.6636
====> Epoch: 32 Training loss: 0.2100  Val set loss: 0.3756 Val set acc: 0.8846 Val ECE: 0.6659
====> Epoch: 33 Training loss: 0.2094  Val set loss: 0.3622 Val set acc: 0.8852 Val ECE: 0.6662
====> Epoch: 34 Training loss: 0.2061  Val set loss: 0.4316 Val set acc: 0.8660 Val ECE: 0.6485
====> Epoch: 35 Training loss: 0.2040  Val set loss: 0.4003 Val set acc: 0.8822 Val ECE: 0.6625
====> Epoch: 36 Training loss: 0.1961  Val set loss: 0.3881 Val set acc: 0.8834 Val ECE: 0.6645
====> Epoch: 37 Training loss: 0.1957  Val set loss: 0.3456 Val set acc: 0.8894 Val ECE: 0.6702
====> Epoch: 38 Training loss: 0.1884  Val set loss: 0.3594 Val set acc: 0.8868 Val ECE: 0.6683
====> Epoch: 39 Training loss: 0.1814  Val set loss: 0.4412 Val set acc: 0.8596 Val ECE: 0.6417
====> Epoch: 40 Training loss: 0.1800  Val set loss: 0.3880 Val set acc: 0.8798 Val ECE: 0.6616
====> Epoch: 41 Training loss: 0.1751  Val set loss: 0.3706 Val set acc: 0.8878 Val ECE: 0.6673
====> Epoch: 42 Training loss: 0.1752  Val set loss: 0.4026 Val set acc: 0.8768 Val ECE: 0.6570
====> Epoch: 43 Training loss: 0.1718  Val set loss: 0.4002 Val set acc: 0.8896 Val ECE: 0.6688
====> Epoch: 44 Training loss: 0.1715  Val set loss: 0.4137 Val set acc: 0.8752 Val ECE: 0.6550
====> Epoch: 45 Training loss: 0.1637  Val set loss: 0.3742 Val set acc: 0.8872 Val ECE: 0.6665
====> Epoch: 46 Training loss: 0.1661  Val set loss: 0.4122 Val set acc: 0.8746 Val ECE: 0.6552
====> Epoch: 47 Training loss: 0.1639  Val set loss: 0.4146 Val set acc: 0.8838 Val ECE: 0.6629
====> Epoch: 48 Training loss: 0.1611  Val set loss: 0.4071 Val set acc: 0.8810 Val ECE: 0.6611
====> Epoch: 49 Training loss: 0.1621  Val set loss: 0.3927 Val set acc: 0.8818 Val ECE: 0.6609
====> Epoch: 50 Training loss: 0.1533  Val set loss: 0.3843 Val set acc: 0.8856 Val ECE: 0.6647
====> Epoch: 51 Training loss: 0.1512  Val set loss: 0.4482 Val set acc: 0.8764 Val ECE: 0.6564
====> Epoch: 52 Training loss: 0.1579  Val set loss: 0.5875 Val set acc: 0.8466 Val ECE: 0.6262
====> Epoch: 53 Training loss: 0.1503  Val set loss: 0.3576 Val set acc: 0.8990 Val ECE: 0.6783
====> Epoch: 54 Training loss: 0.1479  Val set loss: 0.3791 Val set acc: 0.8860 Val ECE: 0.6654
====> Epoch: 55 Training loss: 0.1475  Val set loss: 0.4168 Val set acc: 0.8820 Val ECE: 0.6613
====> Epoch: 56 Training loss: 0.1431  Val set loss: 0.4236 Val set acc: 0.8776 Val ECE: 0.6562
====> Epoch: 57 Training loss: 0.1462  Val set loss: 0.3260 Val set acc: 0.9006 Val ECE: 0.6786
====> Epoch: 58 Training loss: 0.1392  Val set loss: 0.5103 Val set acc: 0.8666 Val ECE: 0.6451
====> Epoch: 59 Training loss: 0.1406  Val set loss: 0.4146 Val set acc: 0.8892 Val ECE: 0.6669
====> Epoch: 60 Training loss: 0.1371  Val set loss: 0.3517 Val set acc: 0.8966 Val ECE: 0.6750
====> Epoch: 61 Training loss: 0.1387  Val set loss: 0.4115 Val set acc: 0.8798 Val ECE: 0.6596
====> Epoch: 62 Training loss: 0.1405  Val set loss: 0.4156 Val set acc: 0.8842 Val ECE: 0.6619
====> Epoch: 63 Training loss: 0.1367  Val set loss: 0.3581 Val set acc: 0.8952 Val ECE: 0.6732
====> Epoch: 64 Training loss: 0.1326  Val set loss: 0.4603 Val set acc: 0.8754 Val ECE: 0.6548
====> Epoch: 65 Training loss: 0.1352  Val set loss: 0.3745 Val set acc: 0.8910 Val ECE: 0.6691
====> Epoch: 66 Training loss: 0.1361  Val set loss: 0.3450 Val set acc: 0.8974 Val ECE: 0.6758
====> Epoch: 67 Training loss: 0.1357  Val set loss: 0.4046 Val set acc: 0.8922 Val ECE: 0.6698
====> Epoch: 68 Training loss: 0.1269  Val set loss: 0.3442 Val set acc: 0.9022 Val ECE: 0.6791
====> Epoch: 69 Training loss: 0.1281  Val set loss: 0.4046 Val set acc: 0.8902 Val ECE: 0.6675
====> Epoch: 70 Training loss: 0.1246  Val set loss: 0.3635 Val set acc: 0.8942 Val ECE: 0.6722
====> Epoch: 71 Training loss: 0.1270  Val set loss: 0.4391 Val set acc: 0.8738 Val ECE: 0.6528
====> Epoch: 72 Training loss: 0.1244  Val set loss: 0.3677 Val set acc: 0.8910 Val ECE: 0.6696
====> Epoch: 73 Training loss: 0.1254  Val set loss: 0.3860 Val set acc: 0.8922 Val ECE: 0.6702
====> Epoch: 74 Training loss: 0.1265  Val set loss: 0.3360 Val set acc: 0.9010 Val ECE: 0.6784
====> Epoch: 75 Training loss: 0.1244  Val set loss: 0.4396 Val set acc: 0.8738 Val ECE: 0.6532
====> Epoch: 76 Training loss: 0.1222  Val set loss: 0.3675 Val set acc: 0.9004 Val ECE: 0.6775
====> Epoch: 77 Training loss: 0.1219  Val set loss: 0.3203 Val set acc: 0.9090 Val ECE: 0.6860
====> Epoch: 78 Training loss: 0.1248  Val set loss: 0.3399 Val set acc: 0.9020 Val ECE: 0.6792
====> Epoch: 79 Training loss: 0.1204  Val set loss: 0.4207 Val set acc: 0.8866 Val ECE: 0.6646
====> Epoch: 80 Training loss: 0.1227  Val set loss: 0.3412 Val set acc: 0.9008 Val ECE: 0.6779
====> Epoch: 81 Training loss: 0.1189  Val set loss: 0.4274 Val set acc: 0.8900 Val ECE: 0.6675
====> Epoch: 82 Training loss: 0.1231  Val set loss: 0.3389 Val set acc: 0.9014 Val ECE: 0.6794
====> Epoch: 83 Training loss: 0.1176  Val set loss: 0.3529 Val set acc: 0.9030 Val ECE: 0.6798
====> Epoch: 84 Training loss: 0.1175  Val set loss: 0.4062 Val set acc: 0.8902 Val ECE: 0.6679
====> Epoch: 85 Training loss: 0.1177  Val set loss: 0.3570 Val set acc: 0.9008 Val ECE: 0.6774
====> Epoch: 86 Training loss: 0.1188  Val set loss: 0.3473 Val set acc: 0.9050 Val ECE: 0.6822
====> Epoch: 87 Training loss: 0.1178  Val set loss: 0.3432 Val set acc: 0.9010 Val ECE: 0.6782
====> Epoch: 88 Training loss: 0.1191  Val set loss: 0.3757 Val set acc: 0.8944 Val ECE: 0.6719
====> Epoch: 89 Training loss: 0.1149  Val set loss: 0.3286 Val set acc: 0.9108 Val ECE: 0.6867
====> Epoch: 90 Training loss: 0.1114  Val set loss: 0.3582 Val set acc: 0.8984 Val ECE: 0.6751
====> Epoch: 91 Training loss: 0.1157  Val set loss: 0.4460 Val set acc: 0.8880 Val ECE: 0.6655
====> Epoch: 92 Training loss: 0.1152  Val set loss: 0.3884 Val set acc: 0.9018 Val ECE: 0.6779
====> Epoch: 93 Training loss: 0.1100  Val set loss: 0.4361 Val set acc: 0.8920 Val ECE: 0.6687
====> Epoch: 94 Training loss: 0.1162  Val set loss: 0.4380 Val set acc: 0.8860 Val ECE: 0.6636
====> Epoch: 95 Training loss: 0.1104  Val set loss: 0.4020 Val set acc: 0.8984 Val ECE: 0.6746
====> Epoch: 96 Training loss: 0.1127  Val set loss: 0.4289 Val set acc: 0.8896 Val ECE: 0.6662
====> Epoch: 97 Training loss: 0.1093  Val set loss: 0.4221 Val set acc: 0.8912 Val ECE: 0.6682
PF_fix round 1
fix fc parameters
====> Epoch: 98 Training loss: 0.1050  Val set loss: 0.3278 Val set acc: 0.9094 Val ECE: 0.6854
====> Epoch: 99 Training loss: 0.1093  Val set loss: 0.3852 Val set acc: 0.9032 Val ECE: 0.6796
====> Epoch: 100 Training loss: 0.1052  Val set loss: 0.3424 Val set acc: 0.9072 Val ECE: 0.6835
====> Epoch: 101 Training loss: 0.1041  Val set loss: 0.3189 Val set acc: 0.9078 Val ECE: 0.6845
====> Epoch: 102 Training loss: 0.1040  Val set loss: 0.3747 Val set acc: 0.9012 Val ECE: 0.6774
====> Epoch: 103 Training loss: 0.1054  Val set loss: 0.3969 Val set acc: 0.8900 Val ECE: 0.6672
====> Epoch: 104 Training loss: 0.1008  Val set loss: 0.3562 Val set acc: 0.9074 Val ECE: 0.6835
====> Epoch: 105 Training loss: 0.0997  Val set loss: 0.3430 Val set acc: 0.9060 Val ECE: 0.6821
====> Epoch: 106 Training loss: 0.1002  Val set loss: 0.3498 Val set acc: 0.9060 Val ECE: 0.6827
====> Epoch: 107 Training loss: 0.1038  Val set loss: 0.3566 Val set acc: 0.9040 Val ECE: 0.6804
====> Epoch: 108 Training loss: 0.0970  Val set loss: 0.3559 Val set acc: 0.9048 Val ECE: 0.6808
====> Epoch: 109 Training loss: 0.0986  Val set loss: 0.3480 Val set acc: 0.9070 Val ECE: 0.6831
====> Epoch: 110 Training loss: 0.0982  Val set loss: 0.2895 Val set acc: 0.9166 Val ECE: 0.6924
====> Epoch: 111 Training loss: 0.0979  Val set loss: 0.3243 Val set acc: 0.9116 Val ECE: 0.6877
====> Epoch: 112 Training loss: 0.0953  Val set loss: 0.3776 Val set acc: 0.8966 Val ECE: 0.6736
====> Epoch: 113 Training loss: 0.0975  Val set loss: 0.3674 Val set acc: 0.9014 Val ECE: 0.6778
====> Epoch: 114 Training loss: 0.0986  Val set loss: 0.3711 Val set acc: 0.9090 Val ECE: 0.6854
====> Epoch: 115 Training loss: 0.0993  Val set loss: 0.3585 Val set acc: 0.9048 Val ECE: 0.6809
====> Epoch: 116 Training loss: 0.0974  Val set loss: 0.3076 Val set acc: 0.9144 Val ECE: 0.6910
====> Epoch: 117 Training loss: 0.0964  Val set loss: 0.3318 Val set acc: 0.9056 Val ECE: 0.6823
====> Epoch: 118 Training loss: 0.0944  Val set loss: 0.3769 Val set acc: 0.9050 Val ECE: 0.6810
====> Epoch: 119 Training loss: 0.0936  Val set loss: 0.3233 Val set acc: 0.9070 Val ECE: 0.6838
====> Epoch: 120 Training loss: 0.0918  Val set loss: 0.4002 Val set acc: 0.8934 Val ECE: 0.6707
====> Epoch: 121 Training loss: 0.0931  Val set loss: 0.3313 Val set acc: 0.9104 Val ECE: 0.6863
====> Epoch: 122 Training loss: 0.0957  Val set loss: 0.3024 Val set acc: 0.9094 Val ECE: 0.6861
====> Epoch: 123 Training loss: 0.0899  Val set loss: 0.3852 Val set acc: 0.8998 Val ECE: 0.6760
====> Epoch: 124 Training loss: 0.0909  Val set loss: 0.3343 Val set acc: 0.9040 Val ECE: 0.6807
====> Epoch: 125 Training loss: 0.0938  Val set loss: 0.3226 Val set acc: 0.9080 Val ECE: 0.6842
====> Epoch: 126 Training loss: 0.0911  Val set loss: 0.3834 Val set acc: 0.8932 Val ECE: 0.6706
====> Epoch: 127 Training loss: 0.0898  Val set loss: 0.3141 Val set acc: 0.9176 Val ECE: 0.6936
====> Epoch: 128 Training loss: 0.0911  Val set loss: 0.3299 Val set acc: 0.9104 Val ECE: 0.6864
====> Epoch: 129 Training loss: 0.0939  Val set loss: 0.3399 Val set acc: 0.9014 Val ECE: 0.6780
====> Epoch: 130 Training loss: 0.0899  Val set loss: 0.3402 Val set acc: 0.9030 Val ECE: 0.6792
PF_fix round 2
fix fc parameters
fix layer4 parameters
====> Epoch: 131 Training loss: 0.0765  Val set loss: 0.2810 Val set acc: 0.9162 Val ECE: 0.6932
====> Epoch: 132 Training loss: 0.0748  Val set loss: 0.3112 Val set acc: 0.9060 Val ECE: 0.6841
====> Epoch: 133 Training loss: 0.0710  Val set loss: 0.3055 Val set acc: 0.9110 Val ECE: 0.6890
====> Epoch: 134 Training loss: 0.0705  Val set loss: 0.2662 Val set acc: 0.9150 Val ECE: 0.6926
====> Epoch: 135 Training loss: 0.0680  Val set loss: 0.2625 Val set acc: 0.9176 Val ECE: 0.6953
====> Epoch: 136 Training loss: 0.0695  Val set loss: 0.2600 Val set acc: 0.9122 Val ECE: 0.6909
====> Epoch: 137 Training loss: 0.0685  Val set loss: 0.2442 Val set acc: 0.9200 Val ECE: 0.6984
====> Epoch: 138 Training loss: 0.0691  Val set loss: 0.2598 Val set acc: 0.9166 Val ECE: 0.6952
====> Epoch: 139 Training loss: 0.0697  Val set loss: 0.2457 Val set acc: 0.9238 Val ECE: 0.7027
====> Epoch: 140 Training loss: 0.0712  Val set loss: 0.2314 Val set acc: 0.9226 Val ECE: 0.7011
====> Epoch: 141 Training loss: 0.0741  Val set loss: 0.2508 Val set acc: 0.9174 Val ECE: 0.6970
====> Epoch: 142 Training loss: 0.0767  Val set loss: 0.2547 Val set acc: 0.9198 Val ECE: 0.6980
====> Epoch: 143 Training loss: 0.0794  Val set loss: 0.2356 Val set acc: 0.9202 Val ECE: 0.6991
====> Epoch: 144 Training loss: 0.0828  Val set loss: 0.2913 Val set acc: 0.9096 Val ECE: 0.6894
====> Epoch: 145 Training loss: 0.0873  Val set loss: 0.2406 Val set acc: 0.9226 Val ECE: 0.7013
====> Epoch: 146 Training loss: 0.0895  Val set loss: 0.2644 Val set acc: 0.9146 Val ECE: 0.6937
====> Epoch: 147 Training loss: 0.0973  Val set loss: 0.2587 Val set acc: 0.9192 Val ECE: 0.6994
====> Epoch: 148 Training loss: 0.0984  Val set loss: 0.3130 Val set acc: 0.9022 Val ECE: 0.6829
====> Epoch: 149 Training loss: 0.1040  Val set loss: 0.3270 Val set acc: 0.9042 Val ECE: 0.6843
====> Epoch: 150 Training loss: 0.0508  Val set loss: 0.1727 Val set acc: 0.9474 Val ECE: 0.7228
====> Epoch: 151 Training loss: 0.0321  Val set loss: 0.1787 Val set acc: 0.9456 Val ECE: 0.7202
====> Epoch: 152 Training loss: 0.0262  Val set loss: 0.1876 Val set acc: 0.9454 Val ECE: 0.7196
====> Epoch: 153 Training loss: 0.0222  Val set loss: 0.1942 Val set acc: 0.9444 Val ECE: 0.7182
====> Epoch: 154 Training loss: 0.0198  Val set loss: 0.2008 Val set acc: 0.9450 Val ECE: 0.7184
====> Epoch: 155 Training loss: 0.0184  Val set loss: 0.1988 Val set acc: 0.9482 Val ECE: 0.7213
====> Epoch: 156 Training loss: 0.0174  Val set loss: 0.2088 Val set acc: 0.9448 Val ECE: 0.7177
====> Epoch: 157 Training loss: 0.0163  Val set loss: 0.2083 Val set acc: 0.9442 Val ECE: 0.7167
====> Epoch: 158 Training loss: 0.0142  Val set loss: 0.2369 Val set acc: 0.9430 Val ECE: 0.7152
====> Epoch: 159 Training loss: 0.0144  Val set loss: 0.2207 Val set acc: 0.9422 Val ECE: 0.7146
====> Epoch: 160 Training loss: 0.0152  Val set loss: 0.2395 Val set acc: 0.9426 Val ECE: 0.7146
====> Epoch: 161 Training loss: 0.0152  Val set loss: 0.2343 Val set acc: 0.9444 Val ECE: 0.7164
====> Epoch: 162 Training loss: 0.0140  Val set loss: 0.2364 Val set acc: 0.9426 Val ECE: 0.7148
====> Epoch: 163 Training loss: 0.0143  Val set loss: 0.2348 Val set acc: 0.9428 Val ECE: 0.7149
====> Epoch: 164 Training loss: 0.0150  Val set loss: 0.2456 Val set acc: 0.9406 Val ECE: 0.7126
====> Epoch: 165 Training loss: 0.0132  Val set loss: 0.2641 Val set acc: 0.9392 Val ECE: 0.7110
====> Epoch: 166 Training loss: 0.0119  Val set loss: 0.2597 Val set acc: 0.9420 Val ECE: 0.7137
====> Epoch: 167 Training loss: 0.0125  Val set loss: 0.2543 Val set acc: 0.9412 Val ECE: 0.7133
====> Epoch: 168 Training loss: 0.0119  Val set loss: 0.2691 Val set acc: 0.9426 Val ECE: 0.7140
====> Epoch: 169 Training loss: 0.0134  Val set loss: 0.2625 Val set acc: 0.9432 Val ECE: 0.7151
====> Epoch: 170 Training loss: 0.0144  Val set loss: 0.2656 Val set acc: 0.9398 Val ECE: 0.7114
PF_fix round 3
fix fc parameters
fix layer4 parameters
fix layer3 parameters
====> Epoch: 171 Training loss: 0.0158  Val set loss: 0.2855 Val set acc: 0.9394 Val ECE: 0.7116
====> Epoch: 172 Training loss: 0.0150  Val set loss: 0.2898 Val set acc: 0.9364 Val ECE: 0.7083
====> Epoch: 173 Training loss: 0.0166  Val set loss: 0.2824 Val set acc: 0.9406 Val ECE: 0.7125
====> Epoch: 174 Training loss: 0.0155  Val set loss: 0.2694 Val set acc: 0.9408 Val ECE: 0.7131
====> Epoch: 175 Training loss: 0.0144  Val set loss: 0.2631 Val set acc: 0.9434 Val ECE: 0.7154
====> Epoch: 176 Training loss: 0.0157  Val set loss: 0.2713 Val set acc: 0.9420 Val ECE: 0.7140
====> Epoch: 177 Training loss: 0.0160  Val set loss: 0.2590 Val set acc: 0.9422 Val ECE: 0.7144
====> Epoch: 178 Training loss: 0.0164  Val set loss: 0.2651 Val set acc: 0.9424 Val ECE: 0.7151
====> Epoch: 179 Training loss: 0.0160  Val set loss: 0.2669 Val set acc: 0.9406 Val ECE: 0.7136
====> Epoch: 180 Training loss: 0.0157  Val set loss: 0.2541 Val set acc: 0.9432 Val ECE: 0.7160
====> Epoch: 181 Training loss: 0.0167  Val set loss: 0.2558 Val set acc: 0.9444 Val ECE: 0.7173
====> Epoch: 182 Training loss: 0.0176  Val set loss: 0.2571 Val set acc: 0.9412 Val ECE: 0.7140
====> Epoch: 183 Training loss: 0.0177  Val set loss: 0.2597 Val set acc: 0.9434 Val ECE: 0.7161
====> Epoch: 184 Training loss: 0.0182  Val set loss: 0.2564 Val set acc: 0.9422 Val ECE: 0.7152
====> Epoch: 185 Training loss: 0.0184  Val set loss: 0.2550 Val set acc: 0.9412 Val ECE: 0.7144
====> Epoch: 186 Training loss: 0.0200  Val set loss: 0.2533 Val set acc: 0.9418 Val ECE: 0.7151
====> Epoch: 187 Training loss: 0.0191  Val set loss: 0.2473 Val set acc: 0.9412 Val ECE: 0.7147
====> Epoch: 188 Training loss: 0.0200  Val set loss: 0.2478 Val set acc: 0.9440 Val ECE: 0.7176
====> Epoch: 189 Training loss: 0.0208  Val set loss: 0.2576 Val set acc: 0.9426 Val ECE: 0.7160
====> Epoch: 190 Training loss: 0.0215  Val set loss: 0.2511 Val set acc: 0.9438 Val ECE: 0.7175
====> Epoch: 191 Training loss: 0.0220  Val set loss: 0.2517 Val set acc: 0.9422 Val ECE: 0.7162
====> Epoch: 192 Training loss: 0.0226  Val set loss: 0.2448 Val set acc: 0.9420 Val ECE: 0.7162
====> Epoch: 193 Training loss: 0.0242  Val set loss: 0.2577 Val set acc: 0.9438 Val ECE: 0.7178
====> Epoch: 194 Training loss: 0.0240  Val set loss: 0.2442 Val set acc: 0.9450 Val ECE: 0.7191
====> Epoch: 195 Training loss: 0.0253  Val set loss: 0.2511 Val set acc: 0.9424 Val ECE: 0.7170
====> Epoch: 196 Training loss: 0.0261  Val set loss: 0.2493 Val set acc: 0.9410 Val ECE: 0.7154
====> Epoch: 197 Training loss: 0.0267  Val set loss: 0.2431 Val set acc: 0.9450 Val ECE: 0.7198
====> Epoch: 198 Training loss: 0.0282  Val set loss: 0.2531 Val set acc: 0.9414 Val ECE: 0.7163
====> Epoch: 199 Training loss: 0.0279  Val set loss: 0.2424 Val set acc: 0.9444 Val ECE: 0.7196
====> Epoch: 200 Training loss: 0.0298  Val set loss: 0.2452 Val set acc: 0.9442 Val ECE: 0.7194
====> Epoch: 201 Training loss: 0.0304  Val set loss: 0.2361 Val set acc: 0.9450 Val ECE: 0.7203
====> Epoch: 202 Training loss: 0.0315  Val set loss: 0.2443 Val set acc: 0.9438 Val ECE: 0.7195
====> Epoch: 203 Training loss: 0.0323  Val set loss: 0.2426 Val set acc: 0.9428 Val ECE: 0.7193
====> Epoch: 204 Training loss: 0.0335  Val set loss: 0.2414 Val set acc: 0.9436 Val ECE: 0.7195
====> Epoch: 205 Training loss: 0.0346  Val set loss: 0.2369 Val set acc: 0.9436 Val ECE: 0.7200
====> Epoch: 206 Training loss: 0.0360  Val set loss: 0.2397 Val set acc: 0.9456 Val ECE: 0.7220
====> Epoch: 207 Training loss: 0.0366  Val set loss: 0.2425 Val set acc: 0.9428 Val ECE: 0.7193
====> Epoch: 208 Training loss: 0.0385  Val set loss: 0.2385 Val set acc: 0.9442 Val ECE: 0.7212
====> Epoch: 209 Training loss: 0.0395  Val set loss: 0.2466 Val set acc: 0.9414 Val ECE: 0.7188
====> Epoch: 210 Training loss: 0.0415  Val set loss: 0.2365 Val set acc: 0.9438 Val ECE: 0.7213
====> Epoch: 211 Training loss: 0.0431  Val set loss: 0.2417 Val set acc: 0.9434 Val ECE: 0.7210
====> Epoch: 212 Training loss: 0.0435  Val set loss: 0.2454 Val set acc: 0.9442 Val ECE: 0.7220
====> Epoch: 213 Training loss: 0.0448  Val set loss: 0.2398 Val set acc: 0.9436 Val ECE: 0.7218
====> Epoch: 214 Training loss: 0.0471  Val set loss: 0.2387 Val set acc: 0.9474 Val ECE: 0.7258
====> Epoch: 215 Training loss: 0.0487  Val set loss: 0.2393 Val set acc: 0.9458 Val ECE: 0.7246
====> Epoch: 216 Training loss: 0.0499  Val set loss: 0.2397 Val set acc: 0.9450 Val ECE: 0.7242
====> Epoch: 217 Training loss: 0.0513  Val set loss: 0.2428 Val set acc: 0.9432 Val ECE: 0.7229
====> Epoch: 218 Training loss: 0.0535  Val set loss: 0.2389 Val set acc: 0.9416 Val ECE: 0.7213
====> Epoch: 219 Training loss: 0.0553  Val set loss: 0.2469 Val set acc: 0.9454 Val ECE: 0.7253
====> Epoch: 220 Training loss: 0.0575  Val set loss: 0.2516 Val set acc: 0.9416 Val ECE: 0.7219
====> Epoch: 221 Training loss: 0.0587  Val set loss: 0.2470 Val set acc: 0.9434 Val ECE: 0.7240
PF_fix round 4
fix fc parameters
fix layer4 parameters
fix layer3 parameters
fix layer2 parameters
====> Epoch: 222 Training loss: 0.0603  Val set loss: 0.2471 Val set acc: 0.9438 Val ECE: 0.7247
====> Epoch: 223 Training loss: 0.0622  Val set loss: 0.2454 Val set acc: 0.9452 Val ECE: 0.7263
====> Epoch: 224 Training loss: 0.0651  Val set loss: 0.2449 Val set acc: 0.9444 Val ECE: 0.7259
====> Epoch: 225 Training loss: 0.0662  Val set loss: 0.2472 Val set acc: 0.9446 Val ECE: 0.7268
====> Epoch: 226 Training loss: 0.0681  Val set loss: 0.2521 Val set acc: 0.9428 Val ECE: 0.7253
====> Epoch: 227 Training loss: 0.0709  Val set loss: 0.2538 Val set acc: 0.9428 Val ECE: 0.7257
====> Epoch: 228 Training loss: 0.0720  Val set loss: 0.2535 Val set acc: 0.9448 Val ECE: 0.7277
====> Epoch: 229 Training loss: 0.0746  Val set loss: 0.2556 Val set acc: 0.9422 Val ECE: 0.7255
====> Epoch: 230 Training loss: 0.0769  Val set loss: 0.2546 Val set acc: 0.9430 Val ECE: 0.7270
====> Epoch: 231 Training loss: 0.0794  Val set loss: 0.2615 Val set acc: 0.9432 Val ECE: 0.7275
====> Epoch: 232 Training loss: 0.0812  Val set loss: 0.2715 Val set acc: 0.9382 Val ECE: 0.7230
====> Epoch: 233 Training loss: 0.0853  Val set loss: 0.2598 Val set acc: 0.9428 Val ECE: 0.7277
====> Epoch: 234 Training loss: 0.0875  Val set loss: 0.2647 Val set acc: 0.9418 Val ECE: 0.7273
====> Epoch: 235 Training loss: 0.0892  Val set loss: 0.2632 Val set acc: 0.9446 Val ECE: 0.7305
====> Epoch: 236 Training loss: 0.0923  Val set loss: 0.2582 Val set acc: 0.9446 Val ECE: 0.7308
====> Epoch: 237 Training loss: 0.0951  Val set loss: 0.2641 Val set acc: 0.9462 Val ECE: 0.7329
====> Epoch: 238 Training loss: 0.0978  Val set loss: 0.2685 Val set acc: 0.9432 Val ECE: 0.7307
====> Epoch: 239 Training loss: 0.1010  Val set loss: 0.2690 Val set acc: 0.9444 Val ECE: 0.7322
====> Epoch: 240 Training loss: 0.1030  Val set loss: 0.2759 Val set acc: 0.9402 Val ECE: 0.7285
====> Epoch: 241 Training loss: 0.1071  Val set loss: 0.2796 Val set acc: 0.9402 Val ECE: 0.7292
====> Epoch: 242 Training loss: 0.1103  Val set loss: 0.2787 Val set acc: 0.9426 Val ECE: 0.7318
====> Epoch: 243 Training loss: 0.1128  Val set loss: 0.2790 Val set acc: 0.9434 Val ECE: 0.7332
====> Epoch: 244 Training loss: 0.1164  Val set loss: 0.2815 Val set acc: 0.9410 Val ECE: 0.7314
====> Epoch: 245 Training loss: 0.1197  Val set loss: 0.2820 Val set acc: 0.9430 Val ECE: 0.7340
====> Epoch: 246 Training loss: 0.1237  Val set loss: 0.2849 Val set acc: 0.9446 Val ECE: 0.7361
====> Epoch: 247 Training loss: 0.1261  Val set loss: 0.2870 Val set acc: 0.9442 Val ECE: 0.7362
====> Epoch: 248 Training loss: 0.1307  Val set loss: 0.2875 Val set acc: 0.9442 Val ECE: 0.7368
====> Epoch: 249 Training loss: 0.1332  Val set loss: 0.2896 Val set acc: 0.9446 Val ECE: 0.7378
====> Epoch: 250 Training loss: 0.1347  Val set loss: 0.2872 Val set acc: 0.9438 Val ECE: 0.7366
====> Epoch: 251 Training loss: 0.1352  Val set loss: 0.2869 Val set acc: 0.9474 Val ECE: 0.7405
====> Epoch: 252 Training loss: 0.1348  Val set loss: 0.2918 Val set acc: 0.9436 Val ECE: 0.7367
====> Epoch: 253 Training loss: 0.1352  Val set loss: 0.2866 Val set acc: 0.9462 Val ECE: 0.7391
====> Epoch: 254 Training loss: 0.1364  Val set loss: 0.2878 Val set acc: 0.9462 Val ECE: 0.7395
====> Epoch: 255 Training loss: 0.1359  Val set loss: 0.2904 Val set acc: 0.9450 Val ECE: 0.7382
====> Epoch: 256 Training loss: 0.1358  Val set loss: 0.2876 Val set acc: 0.9444 Val ECE: 0.7376
====> Epoch: 257 Training loss: 0.1359  Val set loss: 0.2889 Val set acc: 0.9446 Val ECE: 0.7379
====> Epoch: 258 Training loss: 0.1368  Val set loss: 0.2911 Val set acc: 0.9442 Val ECE: 0.7373
====> Epoch: 259 Training loss: 0.1370  Val set loss: 0.2942 Val set acc: 0.9434 Val ECE: 0.7368
====> Epoch: 260 Training loss: 0.1379  Val set loss: 0.2907 Val set acc: 0.9466 Val ECE: 0.7401
====> Epoch: 261 Training loss: 0.1375  Val set loss: 0.2907 Val set acc: 0.9446 Val ECE: 0.7377
====> Epoch: 262 Training loss: 0.1387  Val set loss: 0.2932 Val set acc: 0.9446 Val ECE: 0.7382
====> Epoch: 263 Training loss: 0.1386  Val set loss: 0.2917 Val set acc: 0.9442 Val ECE: 0.7378
====> Epoch: 264 Training loss: 0.1389  Val set loss: 0.2887 Val set acc: 0.9470 Val ECE: 0.7406
====> Epoch: 265 Training loss: 0.1394  Val set loss: 0.2908 Val set acc: 0.9452 Val ECE: 0.7388
====> Epoch: 266 Training loss: 0.1396  Val set loss: 0.2913 Val set acc: 0.9462 Val ECE: 0.7400
====> Epoch: 267 Training loss: 0.1402  Val set loss: 0.2902 Val set acc: 0.9452 Val ECE: 0.7387
====> Epoch: 268 Training loss: 0.1405  Val set loss: 0.2929 Val set acc: 0.9440 Val ECE: 0.7377
====> Epoch: 269 Training loss: 0.1402  Val set loss: 0.2930 Val set acc: 0.9474 Val ECE: 0.7414
====> Epoch: 270 Training loss: 0.1412  Val set loss: 0.2916 Val set acc: 0.9466 Val ECE: 0.7404
====> Epoch: 271 Training loss: 0.1424  Val set loss: 0.2929 Val set acc: 0.9454 Val ECE: 0.7395
====> Epoch: 272 Training loss: 0.1418  Val set loss: 0.2923 Val set acc: 0.9444 Val ECE: 0.7384
====> Epoch: 273 Training loss: 0.1422  Val set loss: 0.2939 Val set acc: 0.9450 Val ECE: 0.7392
====> Epoch: 274 Training loss: 0.1425  Val set loss: 0.2947 Val set acc: 0.9452 Val ECE: 0.7394
====> Epoch: 275 Training loss: 0.1436  Val set loss: 0.2938 Val set acc: 0.9460 Val ECE: 0.7403
====> Epoch: 276 Training loss: 0.1427  Val set loss: 0.2929 Val set acc: 0.9454 Val ECE: 0.7397
====> Epoch: 277 Training loss: 0.1439  Val set loss: 0.2972 Val set acc: 0.9432 Val ECE: 0.7375
====> Epoch: 278 Training loss: 0.1446  Val set loss: 0.2977 Val set acc: 0.9436 Val ECE: 0.7382
====> Epoch: 279 Training loss: 0.1444  Val set loss: 0.2972 Val set acc: 0.9452 Val ECE: 0.7398
====> Epoch: 280 Training loss: 0.1452  Val set loss: 0.2985 Val set acc: 0.9432 Val ECE: 0.7379
====> Epoch: 281 Training loss: 0.1452  Val set loss: 0.2993 Val set acc: 0.9442 Val ECE: 0.7391
====> Epoch: 282 Training loss: 0.1458  Val set loss: 0.2956 Val set acc: 0.9460 Val ECE: 0.7406
====> Epoch: 283 Training loss: 0.1455  Val set loss: 0.2992 Val set acc: 0.9444 Val ECE: 0.7389
====> Epoch: 284 Training loss: 0.1467  Val set loss: 0.2975 Val set acc: 0.9442 Val ECE: 0.7386
====> Epoch: 285 Training loss: 0.1469  Val set loss: 0.2974 Val set acc: 0.9440 Val ECE: 0.7387
====> Epoch: 286 Training loss: 0.1473  Val set loss: 0.3022 Val set acc: 0.9440 Val ECE: 0.7389
====> Epoch: 287 Training loss: 0.1478  Val set loss: 0.3013 Val set acc: 0.9438 Val ECE: 0.7389
====> Epoch: 288 Training loss: 0.1477  Val set loss: 0.2986 Val set acc: 0.9460 Val ECE: 0.7411
====> Epoch: 289 Training loss: 0.1477  Val set loss: 0.3013 Val set acc: 0.9440 Val ECE: 0.7391
====> Epoch: 290 Training loss: 0.1484  Val set loss: 0.3015 Val set acc: 0.9450 Val ECE: 0.7402
====> Epoch: 291 Training loss: 0.1496  Val set loss: 0.2975 Val set acc: 0.9456 Val ECE: 0.7406
====> Epoch: 292 Training loss: 0.1499  Val set loss: 0.2996 Val set acc: 0.9454 Val ECE: 0.7404
====> Epoch: 293 Training loss: 0.1496  Val set loss: 0.3027 Val set acc: 0.9432 Val ECE: 0.7384
====> Epoch: 294 Training loss: 0.1501  Val set loss: 0.3047 Val set acc: 0.9428 Val ECE: 0.7384
====> Epoch: 295 Training loss: 0.1511  Val set loss: 0.3023 Val set acc: 0.9430 Val ECE: 0.7385
====> Epoch: 296 Training loss: 0.1510  Val set loss: 0.3016 Val set acc: 0.9444 Val ECE: 0.7398
====> Epoch: 297 Training loss: 0.1512  Val set loss: 0.3010 Val set acc: 0.9448 Val ECE: 0.7404
====> Epoch: 298 Training loss: 0.1514  Val set loss: 0.3031 Val set acc: 0.9434 Val ECE: 0.7390
====> Epoch: 299 Training loss: 0.1517  Val set loss: 0.3016 Val set acc: 0.9450 Val ECE: 0.7405
====> Epoch: 300 Training loss: 0.1531  Val set loss: 0.3037 Val set acc: 0.9432 Val ECE: 0.7390
====> Epoch: 301 Training loss: 0.1535  Val set loss: 0.3066 Val set acc: 0.9438 Val ECE: 0.7402
====> Epoch: 302 Training loss: 0.1539  Val set loss: 0.3037 Val set acc: 0.9442 Val ECE: 0.7403
====> Epoch: 303 Training loss: 0.1534  Val set loss: 0.3056 Val set acc: 0.9438 Val ECE: 0.7399
====> Epoch: 304 Training loss: 0.1538  Val set loss: 0.3040 Val set acc: 0.9448 Val ECE: 0.7406
====> Epoch: 305 Training loss: 0.1544  Val set loss: 0.3041 Val set acc: 0.9442 Val ECE: 0.7403
====> Epoch: 306 Training loss: 0.1545  Val set loss: 0.3085 Val set acc: 0.9436 Val ECE: 0.7400
====> Epoch: 307 Training loss: 0.1552  Val set loss: 0.3070 Val set acc: 0.9434 Val ECE: 0.7395
====> Epoch: 308 Training loss: 0.1552  Val set loss: 0.3031 Val set acc: 0.9448 Val ECE: 0.7409
====> Epoch: 309 Training loss: 0.1561  Val set loss: 0.3090 Val set acc: 0.9430 Val ECE: 0.7396
====> Epoch: 310 Training loss: 0.1566  Val set loss: 0.3117 Val set acc: 0.9430 Val ECE: 0.7395
====> Epoch: 311 Training loss: 0.1572  Val set loss: 0.3071 Val set acc: 0.9452 Val ECE: 0.7417
====> Epoch: 312 Training loss: 0.1579  Val set loss: 0.3058 Val set acc: 0.9450 Val ECE: 0.7412
====> Epoch: 313 Training loss: 0.1577  Val set loss: 0.3073 Val set acc: 0.9426 Val ECE: 0.7391
====> Epoch: 314 Training loss: 0.1575  Val set loss: 0.3070 Val set acc: 0.9438 Val ECE: 0.7402
====> Epoch: 315 Training loss: 0.1585  Val set loss: 0.3064 Val set acc: 0.9472 Val ECE: 0.7438
====> Epoch: 316 Training loss: 0.1591  Val set loss: 0.3103 Val set acc: 0.9438 Val ECE: 0.7409
====> Epoch: 317 Training loss: 0.1593  Val set loss: 0.3071 Val set acc: 0.9452 Val ECE: 0.7422
====> Epoch: 318 Training loss: 0.1592  Val set loss: 0.3069 Val set acc: 0.9450 Val ECE: 0.7416
====> Epoch: 319 Training loss: 0.1601  Val set loss: 0.3110 Val set acc: 0.9432 Val ECE: 0.7403
====> Epoch: 320 Training loss: 0.1604  Val set loss: 0.3064 Val set acc: 0.9460 Val ECE: 0.7427
====> Epoch: 321 Training loss: 0.1611  Val set loss: 0.3079 Val set acc: 0.9452 Val ECE: 0.7421
====> Epoch: 322 Training loss: 0.1615  Val set loss: 0.3116 Val set acc: 0.9436 Val ECE: 0.7411
====> Epoch: 323 Training loss: 0.1621  Val set loss: 0.3062 Val set acc: 0.9472 Val ECE: 0.7441
====> Epoch: 324 Training loss: 0.1625  Val set loss: 0.3096 Val set acc: 0.9444 Val ECE: 0.7416
====> Epoch: 325 Training loss: 0.1623  Val set loss: 0.3100 Val set acc: 0.9448 Val ECE: 0.7419
====> Epoch: 326 Training loss: 0.1628  Val set loss: 0.3106 Val set acc: 0.9450 Val ECE: 0.7424
====> Epoch: 327 Training loss: 0.1629  Val set loss: 0.3087 Val set acc: 0.9454 Val ECE: 0.7426
====> Epoch: 328 Training loss: 0.1634  Val set loss: 0.3119 Val set acc: 0.9436 Val ECE: 0.7411
====> Epoch: 329 Training loss: 0.1641  Val set loss: 0.3085 Val set acc: 0.9448 Val ECE: 0.7421
====> Epoch: 330 Training loss: 0.1638  Val set loss: 0.3144 Val set acc: 0.9432 Val ECE: 0.7409
====> Epoch: 331 Training loss: 0.1646  Val set loss: 0.3108 Val set acc: 0.9460 Val ECE: 0.7436
====> Epoch: 332 Training loss: 0.1663  Val set loss: 0.3116 Val set acc: 0.9448 Val ECE: 0.7424
====> Epoch: 333 Training loss: 0.1661  Val set loss: 0.3106 Val set acc: 0.9454 Val ECE: 0.7431
====> Epoch: 334 Training loss: 0.1657  Val set loss: 0.3127 Val set acc: 0.9444 Val ECE: 0.7421
====> Epoch: 335 Training loss: 0.1662  Val set loss: 0.3119 Val set acc: 0.9450 Val ECE: 0.7429
====> Epoch: 336 Training loss: 0.1669  Val set loss: 0.3131 Val set acc: 0.9450 Val ECE: 0.7429
====> Epoch: 337 Training loss: 0.1674  Val set loss: 0.3133 Val set acc: 0.9444 Val ECE: 0.7421
====> Epoch: 338 Training loss: 0.1679  Val set loss: 0.3178 Val set acc: 0.9428 Val ECE: 0.7410
====> Epoch: 339 Training loss: 0.1682  Val set loss: 0.3132 Val set acc: 0.9450 Val ECE: 0.7429
====> Epoch: 340 Training loss: 0.1689  Val set loss: 0.3132 Val set acc: 0.9448 Val ECE: 0.7430
====> Epoch: 341 Training loss: 0.1697  Val set loss: 0.3142 Val set acc: 0.9462 Val ECE: 0.7443
====> Epoch: 342 Training loss: 0.1702  Val set loss: 0.3163 Val set acc: 0.9448 Val ECE: 0.7431
====> Epoch: 343 Training loss: 0.1701  Val set loss: 0.3156 Val set acc: 0.9440 Val ECE: 0.7424
====> Epoch: 344 Training loss: 0.1707  Val set loss: 0.3161 Val set acc: 0.9450 Val ECE: 0.7434
====> Epoch: 345 Training loss: 0.1704  Val set loss: 0.3161 Val set acc: 0.9440 Val ECE: 0.7425
====> Epoch: 346 Training loss: 0.1716  Val set loss: 0.3195 Val set acc: 0.9448 Val ECE: 0.7435
====> Epoch: 347 Training loss: 0.1715  Val set loss: 0.3175 Val set acc: 0.9446 Val ECE: 0.7434
====> Epoch: 348 Training loss: 0.1722  Val set loss: 0.3157 Val set acc: 0.9462 Val ECE: 0.7447
====> Epoch: 349 Training loss: 0.1723  Val set loss: 0.3220 Val set acc: 0.9420 Val ECE: 0.7408
