resnet50_cifar10_cross_entropy_PF=21_WD=0.0001_220119192948
CUDA set: True
Files already downloaded and verified
Files already downloaded and verified
====> Epoch: 0 Training loss: 2.1372  Val set loss: 1.7433 Val set acc: 0.3706 Val ECE: 0.2276
====> Epoch: 1 Training loss: 1.4957  Val set loss: 1.6863 Val set acc: 0.4450 Val ECE: 0.2763
====> Epoch: 2 Training loss: 1.1658  Val set loss: 1.1956 Val set acc: 0.5880 Val ECE: 0.4097
====> Epoch: 3 Training loss: 0.9639  Val set loss: 0.9651 Val set acc: 0.6688 Val ECE: 0.4806
====> Epoch: 4 Training loss: 0.8377  Val set loss: 0.8775 Val set acc: 0.6958 Val ECE: 0.5090
====> Epoch: 5 Training loss: 0.7454  Val set loss: 0.7954 Val set acc: 0.7378 Val ECE: 0.5435
====> Epoch: 6 Training loss: 0.6628  Val set loss: 0.7039 Val set acc: 0.7574 Val ECE: 0.5591
====> Epoch: 7 Training loss: 0.5975  Val set loss: 0.6504 Val set acc: 0.7730 Val ECE: 0.5734
====> Epoch: 8 Training loss: 0.5574  Val set loss: 0.6777 Val set acc: 0.7744 Val ECE: 0.5698
====> Epoch: 9 Training loss: 0.5201  Val set loss: 0.5720 Val set acc: 0.8058 Val ECE: 0.6012
====> Epoch: 10 Training loss: 0.4870  Val set loss: 0.4970 Val set acc: 0.8288 Val ECE: 0.6234
====> Epoch: 11 Training loss: 0.4597  Val set loss: 0.5006 Val set acc: 0.8374 Val ECE: 0.6298
====> Epoch: 12 Training loss: 0.4337  Val set loss: 0.5037 Val set acc: 0.8318 Val ECE: 0.6235
====> Epoch: 13 Training loss: 0.4107  Val set loss: 0.5568 Val set acc: 0.8148 Val ECE: 0.6056
====> Epoch: 14 Training loss: 0.3992  Val set loss: 0.5565 Val set acc: 0.8244 Val ECE: 0.6124
====> Epoch: 15 Training loss: 0.3743  Val set loss: 0.4751 Val set acc: 0.8440 Val ECE: 0.6320
====> Epoch: 16 Training loss: 0.3621  Val set loss: 0.5977 Val set acc: 0.8096 Val ECE: 0.5986
====> Epoch: 17 Training loss: 0.3445  Val set loss: 0.4227 Val set acc: 0.8552 Val ECE: 0.6419
====> Epoch: 18 Training loss: 0.3320  Val set loss: 0.5081 Val set acc: 0.8368 Val ECE: 0.6234
====> Epoch: 19 Training loss: 0.3208  Val set loss: 0.4381 Val set acc: 0.8498 Val ECE: 0.6377
====> Epoch: 20 Training loss: 0.3096  Val set loss: 0.5557 Val set acc: 0.8262 Val ECE: 0.6133
====> Epoch: 21 Training loss: 0.2899  Val set loss: 0.4336 Val set acc: 0.8618 Val ECE: 0.6474
====> Epoch: 22 Training loss: 0.2852  Val set loss: 0.4656 Val set acc: 0.8508 Val ECE: 0.6361
====> Epoch: 23 Training loss: 0.2745  Val set loss: 0.4331 Val set acc: 0.8620 Val ECE: 0.6473
====> Epoch: 24 Training loss: 0.2663  Val set loss: 0.4246 Val set acc: 0.8646 Val ECE: 0.6497
====> Epoch: 25 Training loss: 0.2598  Val set loss: 0.3881 Val set acc: 0.8726 Val ECE: 0.6554
====> Epoch: 26 Training loss: 0.2477  Val set loss: 0.3767 Val set acc: 0.8792 Val ECE: 0.6621
====> Epoch: 27 Training loss: 0.2453  Val set loss: 0.3901 Val set acc: 0.8700 Val ECE: 0.6548
====> Epoch: 28 Training loss: 0.2359  Val set loss: 0.4491 Val set acc: 0.8614 Val ECE: 0.6447
====> Epoch: 29 Training loss: 0.2321  Val set loss: 0.4252 Val set acc: 0.8682 Val ECE: 0.6510
====> Epoch: 30 Training loss: 0.2247  Val set loss: 0.3708 Val set acc: 0.8814 Val ECE: 0.6629
====> Epoch: 31 Training loss: 0.2206  Val set loss: 0.3729 Val set acc: 0.8810 Val ECE: 0.6636
====> Epoch: 32 Training loss: 0.2100  Val set loss: 0.3756 Val set acc: 0.8846 Val ECE: 0.6659
====> Epoch: 33 Training loss: 0.2094  Val set loss: 0.3622 Val set acc: 0.8852 Val ECE: 0.6662
====> Epoch: 34 Training loss: 0.2061  Val set loss: 0.4316 Val set acc: 0.8660 Val ECE: 0.6485
====> Epoch: 35 Training loss: 0.2040  Val set loss: 0.4003 Val set acc: 0.8822 Val ECE: 0.6625
====> Epoch: 36 Training loss: 0.1961  Val set loss: 0.3881 Val set acc: 0.8834 Val ECE: 0.6645
====> Epoch: 37 Training loss: 0.1957  Val set loss: 0.3456 Val set acc: 0.8894 Val ECE: 0.6702
====> Epoch: 38 Training loss: 0.1884  Val set loss: 0.3594 Val set acc: 0.8868 Val ECE: 0.6683
====> Epoch: 39 Training loss: 0.1814  Val set loss: 0.4412 Val set acc: 0.8596 Val ECE: 0.6417
====> Epoch: 40 Training loss: 0.1800  Val set loss: 0.3880 Val set acc: 0.8798 Val ECE: 0.6616
====> Epoch: 41 Training loss: 0.1751  Val set loss: 0.3706 Val set acc: 0.8878 Val ECE: 0.6673
====> Epoch: 42 Training loss: 0.1752  Val set loss: 0.4026 Val set acc: 0.8768 Val ECE: 0.6570
====> Epoch: 43 Training loss: 0.1718  Val set loss: 0.4002 Val set acc: 0.8896 Val ECE: 0.6688
====> Epoch: 44 Training loss: 0.1715  Val set loss: 0.4137 Val set acc: 0.8752 Val ECE: 0.6550
====> Epoch: 45 Training loss: 0.1637  Val set loss: 0.3742 Val set acc: 0.8872 Val ECE: 0.6665
====> Epoch: 46 Training loss: 0.1661  Val set loss: 0.4122 Val set acc: 0.8746 Val ECE: 0.6552
====> Epoch: 47 Training loss: 0.1639  Val set loss: 0.4146 Val set acc: 0.8838 Val ECE: 0.6629
====> Epoch: 48 Training loss: 0.1611  Val set loss: 0.4071 Val set acc: 0.8810 Val ECE: 0.6611
====> Epoch: 49 Training loss: 0.1621  Val set loss: 0.3927 Val set acc: 0.8818 Val ECE: 0.6609
====> Epoch: 50 Training loss: 0.1533  Val set loss: 0.3843 Val set acc: 0.8856 Val ECE: 0.6647
====> Epoch: 51 Training loss: 0.1512  Val set loss: 0.4482 Val set acc: 0.8764 Val ECE: 0.6564
====> Epoch: 52 Training loss: 0.1579  Val set loss: 0.5875 Val set acc: 0.8466 Val ECE: 0.6262
====> Epoch: 53 Training loss: 0.1503  Val set loss: 0.3576 Val set acc: 0.8990 Val ECE: 0.6783
====> Epoch: 54 Training loss: 0.1479  Val set loss: 0.3791 Val set acc: 0.8860 Val ECE: 0.6654
====> Epoch: 55 Training loss: 0.1475  Val set loss: 0.4168 Val set acc: 0.8820 Val ECE: 0.6613
====> Epoch: 56 Training loss: 0.1431  Val set loss: 0.4236 Val set acc: 0.8776 Val ECE: 0.6562
====> Epoch: 57 Training loss: 0.1462  Val set loss: 0.3260 Val set acc: 0.9006 Val ECE: 0.6786
====> Epoch: 58 Training loss: 0.1392  Val set loss: 0.5103 Val set acc: 0.8666 Val ECE: 0.6451
====> Epoch: 59 Training loss: 0.1406  Val set loss: 0.4146 Val set acc: 0.8892 Val ECE: 0.6669
====> Epoch: 60 Training loss: 0.1371  Val set loss: 0.3517 Val set acc: 0.8966 Val ECE: 0.6750
====> Epoch: 61 Training loss: 0.1387  Val set loss: 0.4115 Val set acc: 0.8798 Val ECE: 0.6596
====> Epoch: 62 Training loss: 0.1405  Val set loss: 0.4156 Val set acc: 0.8842 Val ECE: 0.6619
====> Epoch: 63 Training loss: 0.1367  Val set loss: 0.3581 Val set acc: 0.8952 Val ECE: 0.6732
====> Epoch: 64 Training loss: 0.1326  Val set loss: 0.4603 Val set acc: 0.8754 Val ECE: 0.6548
====> Epoch: 65 Training loss: 0.1352  Val set loss: 0.3745 Val set acc: 0.8910 Val ECE: 0.6691
====> Epoch: 66 Training loss: 0.1361  Val set loss: 0.3450 Val set acc: 0.8974 Val ECE: 0.6758
====> Epoch: 67 Training loss: 0.1357  Val set loss: 0.4046 Val set acc: 0.8922 Val ECE: 0.6698
====> Epoch: 68 Training loss: 0.1269  Val set loss: 0.3442 Val set acc: 0.9022 Val ECE: 0.6791
====> Epoch: 69 Training loss: 0.1281  Val set loss: 0.4046 Val set acc: 0.8902 Val ECE: 0.6675
====> Epoch: 70 Training loss: 0.1246  Val set loss: 0.3635 Val set acc: 0.8942 Val ECE: 0.6722
====> Epoch: 71 Training loss: 0.1270  Val set loss: 0.4391 Val set acc: 0.8738 Val ECE: 0.6528
====> Epoch: 72 Training loss: 0.1244  Val set loss: 0.3677 Val set acc: 0.8910 Val ECE: 0.6696
====> Epoch: 73 Training loss: 0.1254  Val set loss: 0.3860 Val set acc: 0.8922 Val ECE: 0.6702
====> Epoch: 74 Training loss: 0.1265  Val set loss: 0.3360 Val set acc: 0.9010 Val ECE: 0.6784
====> Epoch: 75 Training loss: 0.1244  Val set loss: 0.4396 Val set acc: 0.8738 Val ECE: 0.6532
====> Epoch: 76 Training loss: 0.1222  Val set loss: 0.3675 Val set acc: 0.9004 Val ECE: 0.6775
====> Epoch: 77 Training loss: 0.1219  Val set loss: 0.3203 Val set acc: 0.9090 Val ECE: 0.6860
====> Epoch: 78 Training loss: 0.1248  Val set loss: 0.3399 Val set acc: 0.9020 Val ECE: 0.6792
====> Epoch: 79 Training loss: 0.1204  Val set loss: 0.4207 Val set acc: 0.8866 Val ECE: 0.6646
====> Epoch: 80 Training loss: 0.1227  Val set loss: 0.3412 Val set acc: 0.9008 Val ECE: 0.6779
====> Epoch: 81 Training loss: 0.1189  Val set loss: 0.4274 Val set acc: 0.8900 Val ECE: 0.6675
====> Epoch: 82 Training loss: 0.1231  Val set loss: 0.3389 Val set acc: 0.9014 Val ECE: 0.6794
====> Epoch: 83 Training loss: 0.1176  Val set loss: 0.3529 Val set acc: 0.9030 Val ECE: 0.6798
====> Epoch: 84 Training loss: 0.1175  Val set loss: 0.4062 Val set acc: 0.8902 Val ECE: 0.6679
====> Epoch: 85 Training loss: 0.1177  Val set loss: 0.3570 Val set acc: 0.9008 Val ECE: 0.6774
====> Epoch: 86 Training loss: 0.1188  Val set loss: 0.3473 Val set acc: 0.9050 Val ECE: 0.6822
====> Epoch: 87 Training loss: 0.1178  Val set loss: 0.3432 Val set acc: 0.9010 Val ECE: 0.6782
====> Epoch: 88 Training loss: 0.1191  Val set loss: 0.3757 Val set acc: 0.8944 Val ECE: 0.6719
====> Epoch: 89 Training loss: 0.1149  Val set loss: 0.3286 Val set acc: 0.9108 Val ECE: 0.6867
====> Epoch: 90 Training loss: 0.1114  Val set loss: 0.3582 Val set acc: 0.8984 Val ECE: 0.6751
====> Epoch: 91 Training loss: 0.1157  Val set loss: 0.4460 Val set acc: 0.8880 Val ECE: 0.6655
====> Epoch: 92 Training loss: 0.1152  Val set loss: 0.3884 Val set acc: 0.9018 Val ECE: 0.6779
====> Epoch: 93 Training loss: 0.1100  Val set loss: 0.4361 Val set acc: 0.8920 Val ECE: 0.6687
====> Epoch: 94 Training loss: 0.1162  Val set loss: 0.4380 Val set acc: 0.8860 Val ECE: 0.6636
====> Epoch: 95 Training loss: 0.1104  Val set loss: 0.4020 Val set acc: 0.8984 Val ECE: 0.6746
====> Epoch: 96 Training loss: 0.1127  Val set loss: 0.4289 Val set acc: 0.8896 Val ECE: 0.6662
====> Epoch: 97 Training loss: 0.1093  Val set loss: 0.4221 Val set acc: 0.8912 Val ECE: 0.6682
====> Epoch: 98 Training loss: 0.1105  Val set loss: 0.3683 Val set acc: 0.9032 Val ECE: 0.6788
PF_fix round 1
fix fc parameters
====> Epoch: 99 Training loss: 0.1092  Val set loss: 0.3259 Val set acc: 0.9122 Val ECE: 0.6878
====> Epoch: 100 Training loss: 0.1061  Val set loss: 0.3538 Val set acc: 0.8998 Val ECE: 0.6768
====> Epoch: 101 Training loss: 0.1035  Val set loss: 0.4976 Val set acc: 0.8732 Val ECE: 0.6510
====> Epoch: 102 Training loss: 0.1056  Val set loss: 0.3279 Val set acc: 0.9082 Val ECE: 0.6850
====> Epoch: 103 Training loss: 0.1018  Val set loss: 0.3715 Val set acc: 0.8984 Val ECE: 0.6746
====> Epoch: 104 Training loss: 0.1015  Val set loss: 0.3765 Val set acc: 0.9016 Val ECE: 0.6782
====> Epoch: 105 Training loss: 0.1009  Val set loss: 0.3278 Val set acc: 0.9076 Val ECE: 0.6839
====> Epoch: 106 Training loss: 0.1003  Val set loss: 0.3365 Val set acc: 0.9090 Val ECE: 0.6853
====> Epoch: 107 Training loss: 0.1013  Val set loss: 0.3521 Val set acc: 0.9010 Val ECE: 0.6772
====> Epoch: 108 Training loss: 0.0987  Val set loss: 0.3344 Val set acc: 0.9062 Val ECE: 0.6826
====> Epoch: 109 Training loss: 0.0999  Val set loss: 0.3792 Val set acc: 0.8974 Val ECE: 0.6745
====> Epoch: 110 Training loss: 0.1011  Val set loss: 0.3428 Val set acc: 0.9054 Val ECE: 0.6815
====> Epoch: 111 Training loss: 0.0950  Val set loss: 0.3760 Val set acc: 0.8976 Val ECE: 0.6745
====> Epoch: 112 Training loss: 0.0986  Val set loss: 0.4300 Val set acc: 0.8924 Val ECE: 0.6692
====> Epoch: 113 Training loss: 0.0987  Val set loss: 0.3324 Val set acc: 0.9024 Val ECE: 0.6800
====> Epoch: 114 Training loss: 0.0972  Val set loss: 0.3678 Val set acc: 0.9002 Val ECE: 0.6770
====> Epoch: 115 Training loss: 0.0964  Val set loss: 0.3364 Val set acc: 0.9056 Val ECE: 0.6820
====> Epoch: 116 Training loss: 0.0981  Val set loss: 0.3348 Val set acc: 0.9094 Val ECE: 0.6861
====> Epoch: 117 Training loss: 0.0959  Val set loss: 0.3323 Val set acc: 0.9046 Val ECE: 0.6813
====> Epoch: 118 Training loss: 0.0935  Val set loss: 0.3710 Val set acc: 0.9032 Val ECE: 0.6795
====> Epoch: 119 Training loss: 0.0943  Val set loss: 0.3505 Val set acc: 0.9018 Val ECE: 0.6786
====> Epoch: 120 Training loss: 0.0916  Val set loss: 0.4183 Val set acc: 0.8946 Val ECE: 0.6710
PF_fix round 2
fix fc parameters
fix layer4 parameters
====> Epoch: 121 Training loss: 0.0859  Val set loss: 0.3393 Val set acc: 0.9064 Val ECE: 0.6831
====> Epoch: 122 Training loss: 0.0777  Val set loss: 0.2796 Val set acc: 0.9150 Val ECE: 0.6918
====> Epoch: 123 Training loss: 0.0765  Val set loss: 0.2797 Val set acc: 0.9124 Val ECE: 0.6901
====> Epoch: 124 Training loss: 0.0729  Val set loss: 0.2686 Val set acc: 0.9160 Val ECE: 0.6935
====> Epoch: 125 Training loss: 0.0735  Val set loss: 0.2428 Val set acc: 0.9254 Val ECE: 0.7031
====> Epoch: 126 Training loss: 0.0709  Val set loss: 0.2682 Val set acc: 0.9172 Val ECE: 0.6951
====> Epoch: 127 Training loss: 0.0683  Val set loss: 0.2917 Val set acc: 0.9098 Val ECE: 0.6879
====> Epoch: 128 Training loss: 0.0707  Val set loss: 0.2597 Val set acc: 0.9200 Val ECE: 0.6980
====> Epoch: 129 Training loss: 0.0698  Val set loss: 0.2687 Val set acc: 0.9132 Val ECE: 0.6914
====> Epoch: 130 Training loss: 0.0691  Val set loss: 0.2473 Val set acc: 0.9214 Val ECE: 0.6997
====> Epoch: 131 Training loss: 0.0708  Val set loss: 0.2804 Val set acc: 0.9116 Val ECE: 0.6901
====> Epoch: 132 Training loss: 0.0731  Val set loss: 0.2551 Val set acc: 0.9168 Val ECE: 0.6956
====> Epoch: 133 Training loss: 0.0772  Val set loss: 0.2487 Val set acc: 0.9178 Val ECE: 0.6966
====> Epoch: 134 Training loss: 0.0804  Val set loss: 0.2464 Val set acc: 0.9202 Val ECE: 0.6985
====> Epoch: 135 Training loss: 0.0801  Val set loss: 0.2612 Val set acc: 0.9138 Val ECE: 0.6937
====> Epoch: 136 Training loss: 0.0845  Val set loss: 0.2587 Val set acc: 0.9136 Val ECE: 0.6935
====> Epoch: 137 Training loss: 0.0880  Val set loss: 0.2807 Val set acc: 0.9080 Val ECE: 0.6879
====> Epoch: 138 Training loss: 0.0935  Val set loss: 0.3464 Val set acc: 0.8882 Val ECE: 0.6691
====> Epoch: 139 Training loss: 0.0969  Val set loss: 0.2685 Val set acc: 0.9168 Val ECE: 0.6959
====> Epoch: 140 Training loss: 0.0990  Val set loss: 0.3023 Val set acc: 0.9056 Val ECE: 0.6853
====> Epoch: 141 Training loss: 0.1089  Val set loss: 0.2861 Val set acc: 0.9094 Val ECE: 0.6898
====> Epoch: 142 Training loss: 0.1123  Val set loss: 0.3250 Val set acc: 0.8986 Val ECE: 0.6804
====> Epoch: 143 Training loss: 0.1235  Val set loss: 0.2844 Val set acc: 0.9056 Val ECE: 0.6879
====> Epoch: 144 Training loss: 0.1295  Val set loss: 0.2949 Val set acc: 0.9070 Val ECE: 0.6909
====> Epoch: 145 Training loss: 0.1386  Val set loss: 0.2705 Val set acc: 0.9178 Val ECE: 0.7001
====> Epoch: 146 Training loss: 0.1466  Val set loss: 0.3040 Val set acc: 0.9070 Val ECE: 0.6930
PF_fix round 3
fix fc parameters
fix layer4 parameters
fix layer3 parameters
====> Epoch: 147 Training loss: 0.2161  Val set loss: 0.3379 Val set acc: 0.9026 Val ECE: 0.6935
====> Epoch: 148 Training loss: 0.2161  Val set loss: 0.3227 Val set acc: 0.9108 Val ECE: 0.7035
====> Epoch: 149 Training loss: 0.2331  Val set loss: 0.3407 Val set acc: 0.9074 Val ECE: 0.7049
====> Epoch: 150 Training loss: 0.2116  Val set loss: 0.2734 Val set acc: 0.9350 Val ECE: 0.7295
====> Epoch: 151 Training loss: 0.2029  Val set loss: 0.2627 Val set acc: 0.9404 Val ECE: 0.7345
====> Epoch: 152 Training loss: 0.2016  Val set loss: 0.2604 Val set acc: 0.9428 Val ECE: 0.7371
====> Epoch: 153 Training loss: 0.2022  Val set loss: 0.2628 Val set acc: 0.9424 Val ECE: 0.7370
====> Epoch: 154 Training loss: 0.2024  Val set loss: 0.2648 Val set acc: 0.9420 Val ECE: 0.7370
====> Epoch: 155 Training loss: 0.2037  Val set loss: 0.2639 Val set acc: 0.9410 Val ECE: 0.7361
====> Epoch: 156 Training loss: 0.2052  Val set loss: 0.2685 Val set acc: 0.9390 Val ECE: 0.7345
====> Epoch: 157 Training loss: 0.2066  Val set loss: 0.2700 Val set acc: 0.9386 Val ECE: 0.7347
====> Epoch: 158 Training loss: 0.2088  Val set loss: 0.2716 Val set acc: 0.9408 Val ECE: 0.7373
====> Epoch: 159 Training loss: 0.2111  Val set loss: 0.2747 Val set acc: 0.9404 Val ECE: 0.7373
====> Epoch: 160 Training loss: 0.2146  Val set loss: 0.2722 Val set acc: 0.9442 Val ECE: 0.7416
====> Epoch: 161 Training loss: 0.2183  Val set loss: 0.2776 Val set acc: 0.9416 Val ECE: 0.7394
====> Epoch: 162 Training loss: 0.2197  Val set loss: 0.2782 Val set acc: 0.9420 Val ECE: 0.7403
====> Epoch: 163 Training loss: 0.2233  Val set loss: 0.2834 Val set acc: 0.9430 Val ECE: 0.7418
====> Epoch: 164 Training loss: 0.2267  Val set loss: 0.2844 Val set acc: 0.9418 Val ECE: 0.7410
====> Epoch: 165 Training loss: 0.2306  Val set loss: 0.2867 Val set acc: 0.9412 Val ECE: 0.7410
====> Epoch: 166 Training loss: 0.2331  Val set loss: 0.2909 Val set acc: 0.9428 Val ECE: 0.7427
====> Epoch: 167 Training loss: 0.2376  Val set loss: 0.2999 Val set acc: 0.9388 Val ECE: 0.7396
====> Epoch: 168 Training loss: 0.2396  Val set loss: 0.2975 Val set acc: 0.9396 Val ECE: 0.7408
====> Epoch: 169 Training loss: 0.2445  Val set loss: 0.3013 Val set acc: 0.9404 Val ECE: 0.7418
====> Epoch: 170 Training loss: 0.2475  Val set loss: 0.3051 Val set acc: 0.9412 Val ECE: 0.7432
====> Epoch: 171 Training loss: 0.2509  Val set loss: 0.3082 Val set acc: 0.9404 Val ECE: 0.7431
====> Epoch: 172 Training loss: 0.2548  Val set loss: 0.3123 Val set acc: 0.9418 Val ECE: 0.7450
====> Epoch: 173 Training loss: 0.2602  Val set loss: 0.3141 Val set acc: 0.9412 Val ECE: 0.7448
PF_fix round 4
fix fc parameters
fix layer4 parameters
fix layer3 parameters
fix layer2 parameters
====> Epoch: 174 Training loss: 0.2636  Val set loss: 0.3205 Val set acc: 0.9420 Val ECE: 0.7463
====> Epoch: 175 Training loss: 0.2681  Val set loss: 0.3252 Val set acc: 0.9406 Val ECE: 0.7456
====> Epoch: 176 Training loss: 0.2739  Val set loss: 0.3260 Val set acc: 0.9432 Val ECE: 0.7488
====> Epoch: 177 Training loss: 0.2781  Val set loss: 0.3322 Val set acc: 0.9404 Val ECE: 0.7468
====> Epoch: 178 Training loss: 0.2840  Val set loss: 0.3368 Val set acc: 0.9418 Val ECE: 0.7486
====> Epoch: 179 Training loss: 0.2890  Val set loss: 0.3412 Val set acc: 0.9392 Val ECE: 0.7465
====> Epoch: 180 Training loss: 0.2934  Val set loss: 0.3480 Val set acc: 0.9400 Val ECE: 0.7486
====> Epoch: 181 Training loss: 0.3002  Val set loss: 0.3484 Val set acc: 0.9402 Val ECE: 0.7489
====> Epoch: 182 Training loss: 0.3060  Val set loss: 0.3526 Val set acc: 0.9412 Val ECE: 0.7507
====> Epoch: 183 Training loss: 0.3109  Val set loss: 0.3579 Val set acc: 0.9410 Val ECE: 0.7514
====> Epoch: 184 Training loss: 0.3162  Val set loss: 0.3654 Val set acc: 0.9392 Val ECE: 0.7501
====> Epoch: 185 Training loss: 0.3212  Val set loss: 0.3652 Val set acc: 0.9398 Val ECE: 0.7510
====> Epoch: 186 Training loss: 0.3288  Val set loss: 0.3727 Val set acc: 0.9410 Val ECE: 0.7530
====> Epoch: 187 Training loss: 0.3335  Val set loss: 0.3752 Val set acc: 0.9400 Val ECE: 0.7524
====> Epoch: 188 Training loss: 0.3395  Val set loss: 0.3814 Val set acc: 0.9416 Val ECE: 0.7550
====> Epoch: 189 Training loss: 0.3459  Val set loss: 0.3874 Val set acc: 0.9412 Val ECE: 0.7553
====> Epoch: 190 Training loss: 0.3518  Val set loss: 0.3922 Val set acc: 0.9416 Val ECE: 0.7564
====> Epoch: 191 Training loss: 0.3578  Val set loss: 0.3934 Val set acc: 0.9402 Val ECE: 0.7554
====> Epoch: 192 Training loss: 0.3641  Val set loss: 0.4010 Val set acc: 0.9396 Val ECE: 0.7557
====> Epoch: 193 Training loss: 0.3699  Val set loss: 0.4065 Val set acc: 0.9396 Val ECE: 0.7562
====> Epoch: 194 Training loss: 0.3771  Val set loss: 0.4111 Val set acc: 0.9406 Val ECE: 0.7580
====> Epoch: 195 Training loss: 0.3821  Val set loss: 0.4169 Val set acc: 0.9414 Val ECE: 0.7597
====> Epoch: 196 Training loss: 0.3885  Val set loss: 0.4214 Val set acc: 0.9426 Val ECE: 0.7615
====> Epoch: 197 Training loss: 0.3955  Val set loss: 0.4272 Val set acc: 0.9406 Val ECE: 0.7602
====> Epoch: 198 Training loss: 0.4015  Val set loss: 0.4316 Val set acc: 0.9410 Val ECE: 0.7611
====> Epoch: 199 Training loss: 0.4083  Val set loss: 0.4398 Val set acc: 0.9418 Val ECE: 0.7628
====> Epoch: 200 Training loss: 0.4148  Val set loss: 0.4459 Val set acc: 0.9392 Val ECE: 0.7608
====> Epoch: 201 Training loss: 0.4213  Val set loss: 0.4508 Val set acc: 0.9408 Val ECE: 0.7631
====> Epoch: 202 Training loss: 0.4274  Val set loss: 0.4560 Val set acc: 0.9390 Val ECE: 0.7620
====> Epoch: 203 Training loss: 0.4337  Val set loss: 0.4582 Val set acc: 0.9416 Val ECE: 0.7649
====> Epoch: 204 Training loss: 0.4405  Val set loss: 0.4700 Val set acc: 0.9406 Val ECE: 0.7652
====> Epoch: 205 Training loss: 0.4482  Val set loss: 0.4760 Val set acc: 0.9408 Val ECE: 0.7661
====> Epoch: 206 Training loss: 0.4560  Val set loss: 0.4788 Val set acc: 0.9386 Val ECE: 0.7643
====> Epoch: 207 Training loss: 0.4624  Val set loss: 0.4869 Val set acc: 0.9416 Val ECE: 0.7682
====> Epoch: 208 Training loss: 0.4690  Val set loss: 0.4910 Val set acc: 0.9406 Val ECE: 0.7677
====> Epoch: 209 Training loss: 0.4757  Val set loss: 0.5023 Val set acc: 0.9384 Val ECE: 0.7666
====> Epoch: 210 Training loss: 0.4833  Val set loss: 0.5063 Val set acc: 0.9396 Val ECE: 0.7683
====> Epoch: 211 Training loss: 0.4908  Val set loss: 0.5090 Val set acc: 0.9410 Val ECE: 0.7703
====> Epoch: 212 Training loss: 0.4968  Val set loss: 0.5190 Val set acc: 0.9394 Val ECE: 0.7696
====> Epoch: 213 Training loss: 0.5040  Val set loss: 0.5240 Val set acc: 0.9406 Val ECE: 0.7715
====> Epoch: 214 Training loss: 0.5127  Val set loss: 0.5294 Val set acc: 0.9404 Val ECE: 0.7718
====> Epoch: 215 Training loss: 0.5204  Val set loss: 0.5387 Val set acc: 0.9376 Val ECE: 0.7699
====> Epoch: 216 Training loss: 0.5269  Val set loss: 0.5414 Val set acc: 0.9412 Val ECE: 0.7738
====> Epoch: 217 Training loss: 0.5339  Val set loss: 0.5529 Val set acc: 0.9406 Val ECE: 0.7745
====> Epoch: 218 Training loss: 0.5421  Val set loss: 0.5549 Val set acc: 0.9390 Val ECE: 0.7732
====> Epoch: 219 Training loss: 0.5483  Val set loss: 0.5641 Val set acc: 0.9406 Val ECE: 0.7755
====> Epoch: 220 Training loss: 0.5573  Val set loss: 0.5677 Val set acc: 0.9398 Val ECE: 0.7751
====> Epoch: 221 Training loss: 0.5633  Val set loss: 0.5773 Val set acc: 0.9390 Val ECE: 0.7751
====> Epoch: 222 Training loss: 0.5707  Val set loss: 0.5836 Val set acc: 0.9422 Val ECE: 0.7790
====> Epoch: 223 Training loss: 0.5791  Val set loss: 0.5901 Val set acc: 0.9410 Val ECE: 0.7786
====> Epoch: 224 Training loss: 0.5872  Val set loss: 0.5986 Val set acc: 0.9402 Val ECE: 0.7786
====> Epoch: 225 Training loss: 0.5948  Val set loss: 0.6051 Val set acc: 0.9388 Val ECE: 0.7777
====> Epoch: 226 Training loss: 0.6016  Val set loss: 0.6116 Val set acc: 0.9412 Val ECE: 0.7805
====> Epoch: 227 Training loss: 0.6100  Val set loss: 0.6179 Val set acc: 0.9414 Val ECE: 0.7817
====> Epoch: 228 Training loss: 0.6167  Val set loss: 0.6266 Val set acc: 0.9406 Val ECE: 0.7816
====> Epoch: 229 Training loss: 0.6249  Val set loss: 0.6341 Val set acc: 0.9406 Val ECE: 0.7823
====> Epoch: 230 Training loss: 0.6326  Val set loss: 0.6395 Val set acc: 0.9402 Val ECE: 0.7824
====> Epoch: 231 Training loss: 0.6410  Val set loss: 0.6458 Val set acc: 0.9400 Val ECE: 0.7825
====> Epoch: 232 Training loss: 0.6472  Val set loss: 0.6547 Val set acc: 0.9392 Val ECE: 0.7825
====> Epoch: 233 Training loss: 0.6571  Val set loss: 0.6624 Val set acc: 0.9396 Val ECE: 0.7838
====> Epoch: 234 Training loss: 0.6648  Val set loss: 0.6700 Val set acc: 0.9372 Val ECE: 0.7820
====> Epoch: 235 Training loss: 0.6721  Val set loss: 0.6753 Val set acc: 0.9394 Val ECE: 0.7847
====> Epoch: 236 Training loss: 0.6799  Val set loss: 0.6817 Val set acc: 0.9390 Val ECE: 0.7848
====> Epoch: 237 Training loss: 0.6881  Val set loss: 0.6897 Val set acc: 0.9388 Val ECE: 0.7852
====> Epoch: 238 Training loss: 0.6960  Val set loss: 0.7024 Val set acc: 0.9374 Val ECE: 0.7848
====> Epoch: 239 Training loss: 0.7038  Val set loss: 0.7063 Val set acc: 0.9404 Val ECE: 0.7882
====> Epoch: 240 Training loss: 0.7103  Val set loss: 0.7142 Val set acc: 0.9400 Val ECE: 0.7885
====> Epoch: 241 Training loss: 0.7206  Val set loss: 0.7228 Val set acc: 0.9404 Val ECE: 0.7895
====> Epoch: 242 Training loss: 0.7287  Val set loss: 0.7288 Val set acc: 0.9376 Val ECE: 0.7871
====> Epoch: 243 Training loss: 0.7353  Val set loss: 0.7424 Val set acc: 0.9376 Val ECE: 0.7881
====> Epoch: 244 Training loss: 0.7439  Val set loss: 0.7470 Val set acc: 0.9380 Val ECE: 0.7890
====> Epoch: 245 Training loss: 0.7515  Val set loss: 0.7525 Val set acc: 0.9394 Val ECE: 0.7908
====> Epoch: 246 Training loss: 0.7607  Val set loss: 0.7645 Val set acc: 0.9368 Val ECE: 0.7890
====> Epoch: 247 Training loss: 0.7681  Val set loss: 0.7664 Val set acc: 0.9390 Val ECE: 0.7914
====> Epoch: 248 Training loss: 0.7772  Val set loss: 0.7767 Val set acc: 0.9384 Val ECE: 0.7916
====> Epoch: 249 Training loss: 0.7846  Val set loss: 0.7794 Val set acc: 0.9370 Val ECE: 0.7904
====> Epoch: 250 Training loss: 0.7869  Val set loss: 0.7806 Val set acc: 0.9386 Val ECE: 0.7921
====> Epoch: 251 Training loss: 0.7876  Val set loss: 0.7820 Val set acc: 0.9396 Val ECE: 0.7932
====> Epoch: 252 Training loss: 0.7873  Val set loss: 0.7846 Val set acc: 0.9384 Val ECE: 0.7921
====> Epoch: 253 Training loss: 0.7877  Val set loss: 0.7883 Val set acc: 0.9378 Val ECE: 0.7919
====> Epoch: 254 Training loss: 0.7892  Val set loss: 0.7866 Val set acc: 0.9388 Val ECE: 0.7927
====> Epoch: 255 Training loss: 0.7893  Val set loss: 0.7878 Val set acc: 0.9384 Val ECE: 0.7923
====> Epoch: 256 Training loss: 0.7890  Val set loss: 0.7876 Val set acc: 0.9374 Val ECE: 0.7914
====> Epoch: 257 Training loss: 0.7893  Val set loss: 0.7886 Val set acc: 0.9374 Val ECE: 0.7915
====> Epoch: 258 Training loss: 0.7908  Val set loss: 0.7903 Val set acc: 0.9378 Val ECE: 0.7919
====> Epoch: 259 Training loss: 0.7916  Val set loss: 0.7924 Val set acc: 0.9380 Val ECE: 0.7923
====> Epoch: 260 Training loss: 0.7934  Val set loss: 0.7901 Val set acc: 0.9388 Val ECE: 0.7930
====> Epoch: 261 Training loss: 0.7928  Val set loss: 0.7948 Val set acc: 0.9382 Val ECE: 0.7927
====> Epoch: 262 Training loss: 0.7942  Val set loss: 0.7913 Val set acc: 0.9394 Val ECE: 0.7936
====> Epoch: 263 Training loss: 0.7949  Val set loss: 0.7962 Val set acc: 0.9374 Val ECE: 0.7919
====> Epoch: 264 Training loss: 0.7953  Val set loss: 0.7938 Val set acc: 0.9380 Val ECE: 0.7924
====> Epoch: 265 Training loss: 0.7963  Val set loss: 0.7950 Val set acc: 0.9378 Val ECE: 0.7923
====> Epoch: 266 Training loss: 0.7971  Val set loss: 0.7964 Val set acc: 0.9396 Val ECE: 0.7942
====> Epoch: 267 Training loss: 0.7979  Val set loss: 0.7982 Val set acc: 0.9366 Val ECE: 0.7914
====> Epoch: 268 Training loss: 0.7987  Val set loss: 0.7966 Val set acc: 0.9382 Val ECE: 0.7928
====> Epoch: 269 Training loss: 0.7984  Val set loss: 0.7989 Val set acc: 0.9382 Val ECE: 0.7929
====> Epoch: 270 Training loss: 0.8012  Val set loss: 0.7982 Val set acc: 0.9388 Val ECE: 0.7936
====> Epoch: 271 Training loss: 0.8024  Val set loss: 0.8000 Val set acc: 0.9384 Val ECE: 0.7932
====> Epoch: 272 Training loss: 0.8020  Val set loss: 0.7983 Val set acc: 0.9382 Val ECE: 0.7929
====> Epoch: 273 Training loss: 0.8025  Val set loss: 0.8012 Val set acc: 0.9374 Val ECE: 0.7923
====> Epoch: 274 Training loss: 0.8032  Val set loss: 0.8041 Val set acc: 0.9382 Val ECE: 0.7934
====> Epoch: 275 Training loss: 0.8047  Val set loss: 0.8042 Val set acc: 0.9392 Val ECE: 0.7943
====> Epoch: 276 Training loss: 0.8036  Val set loss: 0.8056 Val set acc: 0.9384 Val ECE: 0.7936
====> Epoch: 277 Training loss: 0.8057  Val set loss: 0.8053 Val set acc: 0.9370 Val ECE: 0.7922
====> Epoch: 278 Training loss: 0.8070  Val set loss: 0.8077 Val set acc: 0.9378 Val ECE: 0.7932
====> Epoch: 279 Training loss: 0.8073  Val set loss: 0.8042 Val set acc: 0.9392 Val ECE: 0.7944
====> Epoch: 280 Training loss: 0.8079  Val set loss: 0.8087 Val set acc: 0.9376 Val ECE: 0.7930
====> Epoch: 281 Training loss: 0.8087  Val set loss: 0.8088 Val set acc: 0.9382 Val ECE: 0.7937
====> Epoch: 282 Training loss: 0.8096  Val set loss: 0.8093 Val set acc: 0.9386 Val ECE: 0.7941
====> Epoch: 283 Training loss: 0.8100  Val set loss: 0.8101 Val set acc: 0.9370 Val ECE: 0.7925
====> Epoch: 284 Training loss: 0.8112  Val set loss: 0.8092 Val set acc: 0.9382 Val ECE: 0.7936
====> Epoch: 285 Training loss: 0.8116  Val set loss: 0.8107 Val set acc: 0.9372 Val ECE: 0.7928
====> Epoch: 286 Training loss: 0.8126  Val set loss: 0.8147 Val set acc: 0.9354 Val ECE: 0.7912
====> Epoch: 287 Training loss: 0.8136  Val set loss: 0.8158 Val set acc: 0.9368 Val ECE: 0.7927
====> Epoch: 288 Training loss: 0.8142  Val set loss: 0.8151 Val set acc: 0.9392 Val ECE: 0.7950
====> Epoch: 289 Training loss: 0.8141  Val set loss: 0.8142 Val set acc: 0.9380 Val ECE: 0.7939
====> Epoch: 290 Training loss: 0.8155  Val set loss: 0.8159 Val set acc: 0.9380 Val ECE: 0.7939
====> Epoch: 291 Training loss: 0.8170  Val set loss: 0.8170 Val set acc: 0.9368 Val ECE: 0.7928
====> Epoch: 292 Training loss: 0.8176  Val set loss: 0.8197 Val set acc: 0.9364 Val ECE: 0.7926
====> Epoch: 293 Training loss: 0.8177  Val set loss: 0.8176 Val set acc: 0.9368 Val ECE: 0.7928
====> Epoch: 294 Training loss: 0.8187  Val set loss: 0.8216 Val set acc: 0.9356 Val ECE: 0.7918
====> Epoch: 295 Training loss: 0.8198  Val set loss: 0.8190 Val set acc: 0.9378 Val ECE: 0.7940
====> Epoch: 296 Training loss: 0.8205  Val set loss: 0.8241 Val set acc: 0.9352 Val ECE: 0.7917
====> Epoch: 297 Training loss: 0.8210  Val set loss: 0.8184 Val set acc: 0.9388 Val ECE: 0.7949
====> Epoch: 298 Training loss: 0.8220  Val set loss: 0.8225 Val set acc: 0.9384 Val ECE: 0.7948
====> Epoch: 299 Training loss: 0.8223  Val set loss: 0.8222 Val set acc: 0.9376 Val ECE: 0.7939
====> Epoch: 300 Training loss: 0.8251  Val set loss: 0.8218 Val set acc: 0.9384 Val ECE: 0.7947
====> Epoch: 301 Training loss: 0.8255  Val set loss: 0.8246 Val set acc: 0.9372 Val ECE: 0.7936
====> Epoch: 302 Training loss: 0.8260  Val set loss: 0.8234 Val set acc: 0.9374 Val ECE: 0.7938
====> Epoch: 303 Training loss: 0.8257  Val set loss: 0.8253 Val set acc: 0.9368 Val ECE: 0.7933
====> Epoch: 304 Training loss: 0.8260  Val set loss: 0.8266 Val set acc: 0.9384 Val ECE: 0.7950
====> Epoch: 305 Training loss: 0.8268  Val set loss: 0.8274 Val set acc: 0.9388 Val ECE: 0.7955
====> Epoch: 306 Training loss: 0.8283  Val set loss: 0.8284 Val set acc: 0.9392 Val ECE: 0.7960
====> Epoch: 307 Training loss: 0.8285  Val set loss: 0.8314 Val set acc: 0.9384 Val ECE: 0.7954
====> Epoch: 308 Training loss: 0.8292  Val set loss: 0.8314 Val set acc: 0.9376 Val ECE: 0.7945
====> Epoch: 309 Training loss: 0.8304  Val set loss: 0.8310 Val set acc: 0.9370 Val ECE: 0.7938
====> Epoch: 310 Training loss: 0.8322  Val set loss: 0.8349 Val set acc: 0.9364 Val ECE: 0.7935
====> Epoch: 311 Training loss: 0.8326  Val set loss: 0.8336 Val set acc: 0.9388 Val ECE: 0.7959
====> Epoch: 312 Training loss: 0.8338  Val set loss: 0.8319 Val set acc: 0.9392 Val ECE: 0.7962
====> Epoch: 313 Training loss: 0.8344  Val set loss: 0.8346 Val set acc: 0.9368 Val ECE: 0.7940
====> Epoch: 314 Training loss: 0.8342  Val set loss: 0.8362 Val set acc: 0.9390 Val ECE: 0.7963
====> Epoch: 315 Training loss: 0.8353  Val set loss: 0.8396 Val set acc: 0.9366 Val ECE: 0.7941
====> Epoch: 316 Training loss: 0.8362  Val set loss: 0.8399 Val set acc: 0.9368 Val ECE: 0.7944
====> Epoch: 317 Training loss: 0.8375  Val set loss: 0.8377 Val set acc: 0.9388 Val ECE: 0.7961
====> Epoch: 318 Training loss: 0.8372  Val set loss: 0.8392 Val set acc: 0.9384 Val ECE: 0.7959
====> Epoch: 319 Training loss: 0.8389  Val set loss: 0.8388 Val set acc: 0.9370 Val ECE: 0.7944
====> Epoch: 320 Training loss: 0.8393  Val set loss: 0.8390 Val set acc: 0.9386 Val ECE: 0.7960
====> Epoch: 321 Training loss: 0.8401  Val set loss: 0.8417 Val set acc: 0.9362 Val ECE: 0.7938
====> Epoch: 322 Training loss: 0.8414  Val set loss: 0.8417 Val set acc: 0.9372 Val ECE: 0.7948
====> Epoch: 323 Training loss: 0.8417  Val set loss: 0.8399 Val set acc: 0.9386 Val ECE: 0.7961
====> Epoch: 324 Training loss: 0.8425  Val set loss: 0.8430 Val set acc: 0.9368 Val ECE: 0.7945
====> Epoch: 325 Training loss: 0.8430  Val set loss: 0.8455 Val set acc: 0.9370 Val ECE: 0.7948
====> Epoch: 326 Training loss: 0.8438  Val set loss: 0.8415 Val set acc: 0.9364 Val ECE: 0.7940
====> Epoch: 327 Training loss: 0.8441  Val set loss: 0.8432 Val set acc: 0.9380 Val ECE: 0.7957
====> Epoch: 328 Training loss: 0.8454  Val set loss: 0.8456 Val set acc: 0.9388 Val ECE: 0.7967
====> Epoch: 329 Training loss: 0.8464  Val set loss: 0.8448 Val set acc: 0.9380 Val ECE: 0.7957
====> Epoch: 330 Training loss: 0.8469  Val set loss: 0.8480 Val set acc: 0.9380 Val ECE: 0.7960
====> Epoch: 331 Training loss: 0.8481  Val set loss: 0.8480 Val set acc: 0.9366 Val ECE: 0.7946
====> Epoch: 332 Training loss: 0.8502  Val set loss: 0.8468 Val set acc: 0.9374 Val ECE: 0.7953
====> Epoch: 333 Training loss: 0.8501  Val set loss: 0.8510 Val set acc: 0.9386 Val ECE: 0.7968
====> Epoch: 334 Training loss: 0.8498  Val set loss: 0.8511 Val set acc: 0.9376 Val ECE: 0.7958
====> Epoch: 335 Training loss: 0.8510  Val set loss: 0.8499 Val set acc: 0.9374 Val ECE: 0.7956
====> Epoch: 336 Training loss: 0.8521  Val set loss: 0.8550 Val set acc: 0.9382 Val ECE: 0.7966
====> Epoch: 337 Training loss: 0.8526  Val set loss: 0.8528 Val set acc: 0.9358 Val ECE: 0.7941
====> Epoch: 338 Training loss: 0.8536  Val set loss: 0.8532 Val set acc: 0.9364 Val ECE: 0.7947
====> Epoch: 339 Training loss: 0.8539  Val set loss: 0.8525 Val set acc: 0.9378 Val ECE: 0.7962
====> Epoch: 340 Training loss: 0.8552  Val set loss: 0.8576 Val set acc: 0.9366 Val ECE: 0.7952
====> Epoch: 341 Training loss: 0.8567  Val set loss: 0.8561 Val set acc: 0.9370 Val ECE: 0.7956
====> Epoch: 342 Training loss: 0.8571  Val set loss: 0.8591 Val set acc: 0.9376 Val ECE: 0.7964
====> Epoch: 343 Training loss: 0.8574  Val set loss: 0.8549 Val set acc: 0.9396 Val ECE: 0.7980
====> Epoch: 344 Training loss: 0.8584  Val set loss: 0.8616 Val set acc: 0.9378 Val ECE: 0.7967
====> Epoch: 345 Training loss: 0.8589  Val set loss: 0.8591 Val set acc: 0.9378 Val ECE: 0.7965
====> Epoch: 346 Training loss: 0.8597  Val set loss: 0.8619 Val set acc: 0.9368 Val ECE: 0.7957
====> Epoch: 347 Training loss: 0.8607  Val set loss: 0.8590 Val set acc: 0.9368 Val ECE: 0.7955
====> Epoch: 348 Training loss: 0.8615  Val set loss: 0.8630 Val set acc: 0.9374 Val ECE: 0.7964
====> Epoch: 349 Training loss: 0.8624  Val set loss: 0.8615 Val set acc: 0.9358 Val ECE: 0.7946
