resnet50_cifar10_cross_entropy_PF=22_WD=0.0001_220119195919
CUDA set: True
Files already downloaded and verified
Files already downloaded and verified
====> Epoch: 0 Training loss: 2.1372  Val set loss: 1.7433 Val set acc: 0.3706 Val ECE: 0.2276
====> Epoch: 1 Training loss: 1.4957  Val set loss: 1.6863 Val set acc: 0.4450 Val ECE: 0.2763
====> Epoch: 2 Training loss: 1.1658  Val set loss: 1.1956 Val set acc: 0.5880 Val ECE: 0.4097
====> Epoch: 3 Training loss: 0.9639  Val set loss: 0.9651 Val set acc: 0.6688 Val ECE: 0.4806
====> Epoch: 4 Training loss: 0.8377  Val set loss: 0.8775 Val set acc: 0.6958 Val ECE: 0.5090
====> Epoch: 5 Training loss: 0.7454  Val set loss: 0.7954 Val set acc: 0.7378 Val ECE: 0.5435
====> Epoch: 6 Training loss: 0.6628  Val set loss: 0.7039 Val set acc: 0.7574 Val ECE: 0.5591
====> Epoch: 7 Training loss: 0.5975  Val set loss: 0.6504 Val set acc: 0.7730 Val ECE: 0.5734
====> Epoch: 8 Training loss: 0.5574  Val set loss: 0.6777 Val set acc: 0.7744 Val ECE: 0.5698
====> Epoch: 9 Training loss: 0.5201  Val set loss: 0.5720 Val set acc: 0.8058 Val ECE: 0.6012
====> Epoch: 10 Training loss: 0.4870  Val set loss: 0.4970 Val set acc: 0.8288 Val ECE: 0.6234
====> Epoch: 11 Training loss: 0.4597  Val set loss: 0.5006 Val set acc: 0.8374 Val ECE: 0.6298
====> Epoch: 12 Training loss: 0.4337  Val set loss: 0.5037 Val set acc: 0.8318 Val ECE: 0.6235
====> Epoch: 13 Training loss: 0.4107  Val set loss: 0.5568 Val set acc: 0.8148 Val ECE: 0.6056
====> Epoch: 14 Training loss: 0.3992  Val set loss: 0.5565 Val set acc: 0.8244 Val ECE: 0.6124
====> Epoch: 15 Training loss: 0.3743  Val set loss: 0.4751 Val set acc: 0.8440 Val ECE: 0.6320
====> Epoch: 16 Training loss: 0.3621  Val set loss: 0.5977 Val set acc: 0.8096 Val ECE: 0.5986
====> Epoch: 17 Training loss: 0.3445  Val set loss: 0.4227 Val set acc: 0.8552 Val ECE: 0.6419
====> Epoch: 18 Training loss: 0.3320  Val set loss: 0.5081 Val set acc: 0.8368 Val ECE: 0.6234
====> Epoch: 19 Training loss: 0.3208  Val set loss: 0.4381 Val set acc: 0.8498 Val ECE: 0.6377
====> Epoch: 20 Training loss: 0.3096  Val set loss: 0.5557 Val set acc: 0.8262 Val ECE: 0.6133
====> Epoch: 21 Training loss: 0.2899  Val set loss: 0.4336 Val set acc: 0.8618 Val ECE: 0.6474
====> Epoch: 22 Training loss: 0.2852  Val set loss: 0.4656 Val set acc: 0.8508 Val ECE: 0.6361
====> Epoch: 23 Training loss: 0.2745  Val set loss: 0.4331 Val set acc: 0.8620 Val ECE: 0.6473
====> Epoch: 24 Training loss: 0.2663  Val set loss: 0.4246 Val set acc: 0.8646 Val ECE: 0.6497
====> Epoch: 25 Training loss: 0.2598  Val set loss: 0.3881 Val set acc: 0.8726 Val ECE: 0.6554
====> Epoch: 26 Training loss: 0.2477  Val set loss: 0.3767 Val set acc: 0.8792 Val ECE: 0.6621
====> Epoch: 27 Training loss: 0.2453  Val set loss: 0.3901 Val set acc: 0.8700 Val ECE: 0.6548
====> Epoch: 28 Training loss: 0.2359  Val set loss: 0.4491 Val set acc: 0.8614 Val ECE: 0.6447
====> Epoch: 29 Training loss: 0.2321  Val set loss: 0.4252 Val set acc: 0.8682 Val ECE: 0.6510
====> Epoch: 30 Training loss: 0.2247  Val set loss: 0.3708 Val set acc: 0.8814 Val ECE: 0.6629
====> Epoch: 31 Training loss: 0.2206  Val set loss: 0.3729 Val set acc: 0.8810 Val ECE: 0.6636
====> Epoch: 32 Training loss: 0.2100  Val set loss: 0.3756 Val set acc: 0.8846 Val ECE: 0.6659
====> Epoch: 33 Training loss: 0.2094  Val set loss: 0.3622 Val set acc: 0.8852 Val ECE: 0.6662
====> Epoch: 34 Training loss: 0.2061  Val set loss: 0.4316 Val set acc: 0.8660 Val ECE: 0.6485
====> Epoch: 35 Training loss: 0.2040  Val set loss: 0.4003 Val set acc: 0.8822 Val ECE: 0.6625
====> Epoch: 36 Training loss: 0.1961  Val set loss: 0.3881 Val set acc: 0.8834 Val ECE: 0.6645
====> Epoch: 37 Training loss: 0.1957  Val set loss: 0.3456 Val set acc: 0.8894 Val ECE: 0.6702
====> Epoch: 38 Training loss: 0.1884  Val set loss: 0.3594 Val set acc: 0.8868 Val ECE: 0.6683
====> Epoch: 39 Training loss: 0.1814  Val set loss: 0.4412 Val set acc: 0.8596 Val ECE: 0.6417
====> Epoch: 40 Training loss: 0.1800  Val set loss: 0.3880 Val set acc: 0.8798 Val ECE: 0.6616
====> Epoch: 41 Training loss: 0.1751  Val set loss: 0.3706 Val set acc: 0.8878 Val ECE: 0.6673
====> Epoch: 42 Training loss: 0.1752  Val set loss: 0.4026 Val set acc: 0.8768 Val ECE: 0.6570
====> Epoch: 43 Training loss: 0.1718  Val set loss: 0.4002 Val set acc: 0.8896 Val ECE: 0.6688
====> Epoch: 44 Training loss: 0.1715  Val set loss: 0.4137 Val set acc: 0.8752 Val ECE: 0.6550
====> Epoch: 45 Training loss: 0.1637  Val set loss: 0.3742 Val set acc: 0.8872 Val ECE: 0.6665
====> Epoch: 46 Training loss: 0.1661  Val set loss: 0.4122 Val set acc: 0.8746 Val ECE: 0.6552
====> Epoch: 47 Training loss: 0.1639  Val set loss: 0.4146 Val set acc: 0.8838 Val ECE: 0.6629
====> Epoch: 48 Training loss: 0.1611  Val set loss: 0.4071 Val set acc: 0.8810 Val ECE: 0.6611
====> Epoch: 49 Training loss: 0.1621  Val set loss: 0.3927 Val set acc: 0.8818 Val ECE: 0.6609
====> Epoch: 50 Training loss: 0.1533  Val set loss: 0.3843 Val set acc: 0.8856 Val ECE: 0.6647
====> Epoch: 51 Training loss: 0.1512  Val set loss: 0.4482 Val set acc: 0.8764 Val ECE: 0.6564
====> Epoch: 52 Training loss: 0.1579  Val set loss: 0.5875 Val set acc: 0.8466 Val ECE: 0.6262
====> Epoch: 53 Training loss: 0.1503  Val set loss: 0.3576 Val set acc: 0.8990 Val ECE: 0.6783
====> Epoch: 54 Training loss: 0.1479  Val set loss: 0.3791 Val set acc: 0.8860 Val ECE: 0.6654
====> Epoch: 55 Training loss: 0.1475  Val set loss: 0.4168 Val set acc: 0.8820 Val ECE: 0.6613
====> Epoch: 56 Training loss: 0.1431  Val set loss: 0.4236 Val set acc: 0.8776 Val ECE: 0.6562
====> Epoch: 57 Training loss: 0.1462  Val set loss: 0.3260 Val set acc: 0.9006 Val ECE: 0.6786
====> Epoch: 58 Training loss: 0.1392  Val set loss: 0.5103 Val set acc: 0.8666 Val ECE: 0.6451
====> Epoch: 59 Training loss: 0.1406  Val set loss: 0.4146 Val set acc: 0.8892 Val ECE: 0.6669
====> Epoch: 60 Training loss: 0.1371  Val set loss: 0.3517 Val set acc: 0.8966 Val ECE: 0.6750
====> Epoch: 61 Training loss: 0.1387  Val set loss: 0.4115 Val set acc: 0.8798 Val ECE: 0.6596
====> Epoch: 62 Training loss: 0.1405  Val set loss: 0.4156 Val set acc: 0.8842 Val ECE: 0.6619
====> Epoch: 63 Training loss: 0.1367  Val set loss: 0.3581 Val set acc: 0.8952 Val ECE: 0.6732
====> Epoch: 64 Training loss: 0.1326  Val set loss: 0.4603 Val set acc: 0.8754 Val ECE: 0.6548
====> Epoch: 65 Training loss: 0.1352  Val set loss: 0.3745 Val set acc: 0.8910 Val ECE: 0.6691
====> Epoch: 66 Training loss: 0.1361  Val set loss: 0.3450 Val set acc: 0.8974 Val ECE: 0.6758
====> Epoch: 67 Training loss: 0.1357  Val set loss: 0.4046 Val set acc: 0.8922 Val ECE: 0.6698
====> Epoch: 68 Training loss: 0.1269  Val set loss: 0.3442 Val set acc: 0.9022 Val ECE: 0.6791
====> Epoch: 69 Training loss: 0.1281  Val set loss: 0.4046 Val set acc: 0.8902 Val ECE: 0.6675
====> Epoch: 70 Training loss: 0.1246  Val set loss: 0.3635 Val set acc: 0.8942 Val ECE: 0.6722
====> Epoch: 71 Training loss: 0.1270  Val set loss: 0.4391 Val set acc: 0.8738 Val ECE: 0.6528
====> Epoch: 72 Training loss: 0.1244  Val set loss: 0.3677 Val set acc: 0.8910 Val ECE: 0.6696
====> Epoch: 73 Training loss: 0.1254  Val set loss: 0.3860 Val set acc: 0.8922 Val ECE: 0.6702
====> Epoch: 74 Training loss: 0.1265  Val set loss: 0.3360 Val set acc: 0.9010 Val ECE: 0.6784
====> Epoch: 75 Training loss: 0.1244  Val set loss: 0.4396 Val set acc: 0.8738 Val ECE: 0.6532
====> Epoch: 76 Training loss: 0.1222  Val set loss: 0.3675 Val set acc: 0.9004 Val ECE: 0.6775
====> Epoch: 77 Training loss: 0.1219  Val set loss: 0.3203 Val set acc: 0.9090 Val ECE: 0.6860
====> Epoch: 78 Training loss: 0.1248  Val set loss: 0.3399 Val set acc: 0.9020 Val ECE: 0.6792
====> Epoch: 79 Training loss: 0.1204  Val set loss: 0.4207 Val set acc: 0.8866 Val ECE: 0.6646
====> Epoch: 80 Training loss: 0.1227  Val set loss: 0.3412 Val set acc: 0.9008 Val ECE: 0.6779
====> Epoch: 81 Training loss: 0.1189  Val set loss: 0.4274 Val set acc: 0.8900 Val ECE: 0.6675
====> Epoch: 82 Training loss: 0.1231  Val set loss: 0.3389 Val set acc: 0.9014 Val ECE: 0.6794
====> Epoch: 83 Training loss: 0.1176  Val set loss: 0.3529 Val set acc: 0.9030 Val ECE: 0.6798
====> Epoch: 84 Training loss: 0.1175  Val set loss: 0.4062 Val set acc: 0.8902 Val ECE: 0.6679
====> Epoch: 85 Training loss: 0.1177  Val set loss: 0.3570 Val set acc: 0.9008 Val ECE: 0.6774
====> Epoch: 86 Training loss: 0.1188  Val set loss: 0.3473 Val set acc: 0.9050 Val ECE: 0.6822
====> Epoch: 87 Training loss: 0.1178  Val set loss: 0.3432 Val set acc: 0.9010 Val ECE: 0.6782
====> Epoch: 88 Training loss: 0.1191  Val set loss: 0.3757 Val set acc: 0.8944 Val ECE: 0.6719
====> Epoch: 89 Training loss: 0.1149  Val set loss: 0.3286 Val set acc: 0.9108 Val ECE: 0.6867
====> Epoch: 90 Training loss: 0.1114  Val set loss: 0.3582 Val set acc: 0.8984 Val ECE: 0.6751
====> Epoch: 91 Training loss: 0.1157  Val set loss: 0.4460 Val set acc: 0.8880 Val ECE: 0.6655
====> Epoch: 92 Training loss: 0.1152  Val set loss: 0.3884 Val set acc: 0.9018 Val ECE: 0.6779
====> Epoch: 93 Training loss: 0.1100  Val set loss: 0.4361 Val set acc: 0.8920 Val ECE: 0.6687
====> Epoch: 94 Training loss: 0.1162  Val set loss: 0.4380 Val set acc: 0.8860 Val ECE: 0.6636
====> Epoch: 95 Training loss: 0.1104  Val set loss: 0.4020 Val set acc: 0.8984 Val ECE: 0.6746
====> Epoch: 96 Training loss: 0.1127  Val set loss: 0.4289 Val set acc: 0.8896 Val ECE: 0.6662
====> Epoch: 97 Training loss: 0.1093  Val set loss: 0.4221 Val set acc: 0.8912 Val ECE: 0.6682
====> Epoch: 98 Training loss: 0.1105  Val set loss: 0.3683 Val set acc: 0.9032 Val ECE: 0.6788
====> Epoch: 99 Training loss: 0.1110  Val set loss: 0.3853 Val set acc: 0.9006 Val ECE: 0.6770
PF_fix round 1
fix fc parameters
====> Epoch: 100 Training loss: 0.1071  Val set loss: 0.3798 Val set acc: 0.9030 Val ECE: 0.6793
====> Epoch: 101 Training loss: 0.1052  Val set loss: 0.3781 Val set acc: 0.8940 Val ECE: 0.6712
====> Epoch: 102 Training loss: 0.1062  Val set loss: 0.3787 Val set acc: 0.9012 Val ECE: 0.6775
====> Epoch: 103 Training loss: 0.1040  Val set loss: 0.3494 Val set acc: 0.9026 Val ECE: 0.6796
====> Epoch: 104 Training loss: 0.1009  Val set loss: 0.3320 Val set acc: 0.9096 Val ECE: 0.6856
====> Epoch: 105 Training loss: 0.1024  Val set loss: 0.3196 Val set acc: 0.9082 Val ECE: 0.6856
====> Epoch: 106 Training loss: 0.1006  Val set loss: 0.3417 Val set acc: 0.9090 Val ECE: 0.6852
====> Epoch: 107 Training loss: 0.1014  Val set loss: 0.3338 Val set acc: 0.9038 Val ECE: 0.6806
====> Epoch: 108 Training loss: 0.1006  Val set loss: 0.3478 Val set acc: 0.9080 Val ECE: 0.6843
====> Epoch: 109 Training loss: 0.0976  Val set loss: 0.4090 Val set acc: 0.8946 Val ECE: 0.6718
====> Epoch: 110 Training loss: 0.0983  Val set loss: 0.4270 Val set acc: 0.8862 Val ECE: 0.6633
====> Epoch: 111 Training loss: 0.1010  Val set loss: 0.4399 Val set acc: 0.8876 Val ECE: 0.6644
====> Epoch: 112 Training loss: 0.1000  Val set loss: 0.3972 Val set acc: 0.8922 Val ECE: 0.6692
====> Epoch: 113 Training loss: 0.1001  Val set loss: 0.3432 Val set acc: 0.9078 Val ECE: 0.6840
====> Epoch: 114 Training loss: 0.0954  Val set loss: 0.4243 Val set acc: 0.8932 Val ECE: 0.6694
====> Epoch: 115 Training loss: 0.0977  Val set loss: 0.3425 Val set acc: 0.9088 Val ECE: 0.6846
====> Epoch: 116 Training loss: 0.0975  Val set loss: 0.3130 Val set acc: 0.9126 Val ECE: 0.6883
====> Epoch: 117 Training loss: 0.0953  Val set loss: 0.3107 Val set acc: 0.9160 Val ECE: 0.6920
====> Epoch: 118 Training loss: 0.0947  Val set loss: 0.3597 Val set acc: 0.9088 Val ECE: 0.6843
====> Epoch: 119 Training loss: 0.0945  Val set loss: 0.3679 Val set acc: 0.9020 Val ECE: 0.6788
====> Epoch: 120 Training loss: 0.0910  Val set loss: 0.3846 Val set acc: 0.9050 Val ECE: 0.6820
====> Epoch: 121 Training loss: 0.0935  Val set loss: 0.4205 Val set acc: 0.8872 Val ECE: 0.6651
====> Epoch: 122 Training loss: 0.0932  Val set loss: 0.2925 Val set acc: 0.9142 Val ECE: 0.6909
====> Epoch: 123 Training loss: 0.0910  Val set loss: 0.3320 Val set acc: 0.9092 Val ECE: 0.6853
====> Epoch: 124 Training loss: 0.0925  Val set loss: 0.3578 Val set acc: 0.8966 Val ECE: 0.6739
====> Epoch: 125 Training loss: 0.0940  Val set loss: 0.3376 Val set acc: 0.9090 Val ECE: 0.6853
====> Epoch: 126 Training loss: 0.0900  Val set loss: 0.2896 Val set acc: 0.9160 Val ECE: 0.6920
====> Epoch: 127 Training loss: 0.0913  Val set loss: 0.3225 Val set acc: 0.9056 Val ECE: 0.6825
====> Epoch: 128 Training loss: 0.0942  Val set loss: 0.3463 Val set acc: 0.9072 Val ECE: 0.6841
====> Epoch: 129 Training loss: 0.0901  Val set loss: 0.3775 Val set acc: 0.9020 Val ECE: 0.6785
====> Epoch: 130 Training loss: 0.0901  Val set loss: 0.4162 Val set acc: 0.8950 Val ECE: 0.6710
====> Epoch: 131 Training loss: 0.0889  Val set loss: 0.3108 Val set acc: 0.9126 Val ECE: 0.6886
====> Epoch: 132 Training loss: 0.0888  Val set loss: 0.3186 Val set acc: 0.9068 Val ECE: 0.6843
====> Epoch: 133 Training loss: 0.0906  Val set loss: 0.3818 Val set acc: 0.8944 Val ECE: 0.6716
====> Epoch: 134 Training loss: 0.0925  Val set loss: 0.4059 Val set acc: 0.9022 Val ECE: 0.6783
====> Epoch: 135 Training loss: 0.0893  Val set loss: 0.3107 Val set acc: 0.9066 Val ECE: 0.6833
====> Epoch: 136 Training loss: 0.0886  Val set loss: 0.3986 Val set acc: 0.8970 Val ECE: 0.6739
====> Epoch: 137 Training loss: 0.0903  Val set loss: 0.3236 Val set acc: 0.9052 Val ECE: 0.6823
====> Epoch: 138 Training loss: 0.0865  Val set loss: 0.3374 Val set acc: 0.9026 Val ECE: 0.6795
====> Epoch: 139 Training loss: 0.0875  Val set loss: 0.3968 Val set acc: 0.8926 Val ECE: 0.6693
====> Epoch: 140 Training loss: 0.0903  Val set loss: 0.3583 Val set acc: 0.9016 Val ECE: 0.6781
====> Epoch: 141 Training loss: 0.0865  Val set loss: 0.3286 Val set acc: 0.9072 Val ECE: 0.6832
====> Epoch: 142 Training loss: 0.0878  Val set loss: 0.3958 Val set acc: 0.8926 Val ECE: 0.6702
====> Epoch: 143 Training loss: 0.0880  Val set loss: 0.2923 Val set acc: 0.9146 Val ECE: 0.6912
====> Epoch: 144 Training loss: 0.0863  Val set loss: 0.3467 Val set acc: 0.9012 Val ECE: 0.6774
====> Epoch: 145 Training loss: 0.0918  Val set loss: 0.3128 Val set acc: 0.9162 Val ECE: 0.6924
====> Epoch: 146 Training loss: 0.0881  Val set loss: 0.3316 Val set acc: 0.9040 Val ECE: 0.6810
====> Epoch: 147 Training loss: 0.0880  Val set loss: 0.4177 Val set acc: 0.8962 Val ECE: 0.6732
====> Epoch: 148 Training loss: 0.0898  Val set loss: 0.2980 Val set acc: 0.9178 Val ECE: 0.6942
PF_fix round 2
fix fc parameters
fix layer4 parameters
====> Epoch: 149 Training loss: 0.0769  Val set loss: 0.3261 Val set acc: 0.9070 Val ECE: 0.6843
====> Epoch: 150 Training loss: 0.0317  Val set loss: 0.1813 Val set acc: 0.9424 Val ECE: 0.7166
====> Epoch: 151 Training loss: 0.0147  Val set loss: 0.1805 Val set acc: 0.9466 Val ECE: 0.7200
====> Epoch: 152 Training loss: 0.0104  Val set loss: 0.1806 Val set acc: 0.9464 Val ECE: 0.7195
====> Epoch: 153 Training loss: 0.0083  Val set loss: 0.1786 Val set acc: 0.9502 Val ECE: 0.7230
====> Epoch: 154 Training loss: 0.0062  Val set loss: 0.1924 Val set acc: 0.9500 Val ECE: 0.7224
====> Epoch: 155 Training loss: 0.0051  Val set loss: 0.2057 Val set acc: 0.9482 Val ECE: 0.7204
====> Epoch: 156 Training loss: 0.0045  Val set loss: 0.2107 Val set acc: 0.9476 Val ECE: 0.7200
====> Epoch: 157 Training loss: 0.0041  Val set loss: 0.2022 Val set acc: 0.9470 Val ECE: 0.7190
====> Epoch: 158 Training loss: 0.0033  Val set loss: 0.2142 Val set acc: 0.9500 Val ECE: 0.7217
====> Epoch: 159 Training loss: 0.0029  Val set loss: 0.2132 Val set acc: 0.9502 Val ECE: 0.7220
====> Epoch: 160 Training loss: 0.0029  Val set loss: 0.2188 Val set acc: 0.9490 Val ECE: 0.7206
====> Epoch: 161 Training loss: 0.0024  Val set loss: 0.2309 Val set acc: 0.9504 Val ECE: 0.7217
====> Epoch: 162 Training loss: 0.0023  Val set loss: 0.2341 Val set acc: 0.9490 Val ECE: 0.7202
====> Epoch: 163 Training loss: 0.0021  Val set loss: 0.2381 Val set acc: 0.9506 Val ECE: 0.7217
====> Epoch: 164 Training loss: 0.0021  Val set loss: 0.2345 Val set acc: 0.9500 Val ECE: 0.7211
====> Epoch: 165 Training loss: 0.0014  Val set loss: 0.2472 Val set acc: 0.9486 Val ECE: 0.7197
====> Epoch: 166 Training loss: 0.0017  Val set loss: 0.2469 Val set acc: 0.9492 Val ECE: 0.7201
====> Epoch: 167 Training loss: 0.0016  Val set loss: 0.2607 Val set acc: 0.9474 Val ECE: 0.7186
====> Epoch: 168 Training loss: 0.0018  Val set loss: 0.2546 Val set acc: 0.9468 Val ECE: 0.7177
====> Epoch: 169 Training loss: 0.0017  Val set loss: 0.2668 Val set acc: 0.9466 Val ECE: 0.7176
====> Epoch: 170 Training loss: 0.0018  Val set loss: 0.2742 Val set acc: 0.9462 Val ECE: 0.7170
====> Epoch: 171 Training loss: 0.0015  Val set loss: 0.2563 Val set acc: 0.9468 Val ECE: 0.7175
====> Epoch: 172 Training loss: 0.0011  Val set loss: 0.2647 Val set acc: 0.9490 Val ECE: 0.7195
====> Epoch: 173 Training loss: 0.0015  Val set loss: 0.2916 Val set acc: 0.9474 Val ECE: 0.7180
====> Epoch: 174 Training loss: 0.0011  Val set loss: 0.2637 Val set acc: 0.9478 Val ECE: 0.7182
====> Epoch: 175 Training loss: 0.0013  Val set loss: 0.2634 Val set acc: 0.9502 Val ECE: 0.7208
PF_fix round 3
fix fc parameters
fix layer4 parameters
fix layer3 parameters
====> Epoch: 176 Training loss: 0.0014  Val set loss: 0.2769 Val set acc: 0.9488 Val ECE: 0.7193
====> Epoch: 177 Training loss: 0.0013  Val set loss: 0.2652 Val set acc: 0.9500 Val ECE: 0.7204
====> Epoch: 178 Training loss: 0.0009  Val set loss: 0.2539 Val set acc: 0.9510 Val ECE: 0.7218
====> Epoch: 179 Training loss: 0.0013  Val set loss: 0.2670 Val set acc: 0.9504 Val ECE: 0.7208
====> Epoch: 180 Training loss: 0.0011  Val set loss: 0.2656 Val set acc: 0.9490 Val ECE: 0.7195
====> Epoch: 181 Training loss: 0.0012  Val set loss: 0.2766 Val set acc: 0.9474 Val ECE: 0.7179
====> Epoch: 182 Training loss: 0.0012  Val set loss: 0.2599 Val set acc: 0.9512 Val ECE: 0.7218
====> Epoch: 183 Training loss: 0.0012  Val set loss: 0.2667 Val set acc: 0.9486 Val ECE: 0.7190
====> Epoch: 184 Training loss: 0.0009  Val set loss: 0.2564 Val set acc: 0.9508 Val ECE: 0.7215
====> Epoch: 185 Training loss: 0.0008  Val set loss: 0.2490 Val set acc: 0.9514 Val ECE: 0.7221
====> Epoch: 186 Training loss: 0.0010  Val set loss: 0.2580 Val set acc: 0.9506 Val ECE: 0.7214
====> Epoch: 187 Training loss: 0.0011  Val set loss: 0.2534 Val set acc: 0.9486 Val ECE: 0.7194
====> Epoch: 188 Training loss: 0.0010  Val set loss: 0.2502 Val set acc: 0.9504 Val ECE: 0.7210
====> Epoch: 189 Training loss: 0.0008  Val set loss: 0.2465 Val set acc: 0.9520 Val ECE: 0.7227
====> Epoch: 190 Training loss: 0.0010  Val set loss: 0.2445 Val set acc: 0.9494 Val ECE: 0.7201
====> Epoch: 191 Training loss: 0.0009  Val set loss: 0.2570 Val set acc: 0.9492 Val ECE: 0.7199
====> Epoch: 192 Training loss: 0.0010  Val set loss: 0.2591 Val set acc: 0.9456 Val ECE: 0.7164
====> Epoch: 193 Training loss: 0.0009  Val set loss: 0.2515 Val set acc: 0.9476 Val ECE: 0.7182
====> Epoch: 194 Training loss: 0.0010  Val set loss: 0.2554 Val set acc: 0.9474 Val ECE: 0.7183
====> Epoch: 195 Training loss: 0.0009  Val set loss: 0.2508 Val set acc: 0.9482 Val ECE: 0.7190
====> Epoch: 196 Training loss: 0.0010  Val set loss: 0.2406 Val set acc: 0.9490 Val ECE: 0.7200
====> Epoch: 197 Training loss: 0.0010  Val set loss: 0.2447 Val set acc: 0.9488 Val ECE: 0.7198
====> Epoch: 198 Training loss: 0.0011  Val set loss: 0.2424 Val set acc: 0.9482 Val ECE: 0.7191
====> Epoch: 199 Training loss: 0.0010  Val set loss: 0.2425 Val set acc: 0.9488 Val ECE: 0.7196
====> Epoch: 200 Training loss: 0.0011  Val set loss: 0.2392 Val set acc: 0.9486 Val ECE: 0.7196
====> Epoch: 201 Training loss: 0.0011  Val set loss: 0.2347 Val set acc: 0.9488 Val ECE: 0.7197
====> Epoch: 202 Training loss: 0.0011  Val set loss: 0.2310 Val set acc: 0.9496 Val ECE: 0.7206
====> Epoch: 203 Training loss: 0.0009  Val set loss: 0.2369 Val set acc: 0.9494 Val ECE: 0.7202
====> Epoch: 204 Training loss: 0.0011  Val set loss: 0.2266 Val set acc: 0.9508 Val ECE: 0.7218
====> Epoch: 205 Training loss: 0.0010  Val set loss: 0.2271 Val set acc: 0.9516 Val ECE: 0.7224
====> Epoch: 206 Training loss: 0.0011  Val set loss: 0.2306 Val set acc: 0.9486 Val ECE: 0.7195
====> Epoch: 207 Training loss: 0.0011  Val set loss: 0.2287 Val set acc: 0.9502 Val ECE: 0.7211
====> Epoch: 208 Training loss: 0.0012  Val set loss: 0.2288 Val set acc: 0.9478 Val ECE: 0.7188
====> Epoch: 209 Training loss: 0.0012  Val set loss: 0.2246 Val set acc: 0.9494 Val ECE: 0.7204
====> Epoch: 210 Training loss: 0.0013  Val set loss: 0.2202 Val set acc: 0.9504 Val ECE: 0.7216
====> Epoch: 211 Training loss: 0.0015  Val set loss: 0.2302 Val set acc: 0.9494 Val ECE: 0.7206
====> Epoch: 212 Training loss: 0.0013  Val set loss: 0.2187 Val set acc: 0.9498 Val ECE: 0.7209
====> Epoch: 213 Training loss: 0.0013  Val set loss: 0.2239 Val set acc: 0.9480 Val ECE: 0.7190
====> Epoch: 214 Training loss: 0.0015  Val set loss: 0.2184 Val set acc: 0.9514 Val ECE: 0.7225
====> Epoch: 215 Training loss: 0.0017  Val set loss: 0.2189 Val set acc: 0.9520 Val ECE: 0.7231
====> Epoch: 216 Training loss: 0.0014  Val set loss: 0.2155 Val set acc: 0.9506 Val ECE: 0.7218
====> Epoch: 217 Training loss: 0.0016  Val set loss: 0.2212 Val set acc: 0.9500 Val ECE: 0.7211
====> Epoch: 218 Training loss: 0.0017  Val set loss: 0.2169 Val set acc: 0.9504 Val ECE: 0.7217
====> Epoch: 219 Training loss: 0.0017  Val set loss: 0.2172 Val set acc: 0.9512 Val ECE: 0.7226
====> Epoch: 220 Training loss: 0.0017  Val set loss: 0.2144 Val set acc: 0.9496 Val ECE: 0.7211
====> Epoch: 221 Training loss: 0.0020  Val set loss: 0.2097 Val set acc: 0.9504 Val ECE: 0.7218
====> Epoch: 222 Training loss: 0.0019  Val set loss: 0.2162 Val set acc: 0.9484 Val ECE: 0.7199
====> Epoch: 223 Training loss: 0.0018  Val set loss: 0.2111 Val set acc: 0.9498 Val ECE: 0.7212
====> Epoch: 224 Training loss: 0.0022  Val set loss: 0.2128 Val set acc: 0.9484 Val ECE: 0.7198
====> Epoch: 225 Training loss: 0.0024  Val set loss: 0.2126 Val set acc: 0.9494 Val ECE: 0.7209
====> Epoch: 226 Training loss: 0.0020  Val set loss: 0.2138 Val set acc: 0.9478 Val ECE: 0.7192
====> Epoch: 227 Training loss: 0.0023  Val set loss: 0.2140 Val set acc: 0.9500 Val ECE: 0.7214
====> Epoch: 228 Training loss: 0.0021  Val set loss: 0.2050 Val set acc: 0.9518 Val ECE: 0.7232
====> Epoch: 229 Training loss: 0.0025  Val set loss: 0.1992 Val set acc: 0.9518 Val ECE: 0.7234
====> Epoch: 230 Training loss: 0.0026  Val set loss: 0.2021 Val set acc: 0.9520 Val ECE: 0.7237
====> Epoch: 231 Training loss: 0.0025  Val set loss: 0.2020 Val set acc: 0.9514 Val ECE: 0.7229
====> Epoch: 232 Training loss: 0.0026  Val set loss: 0.2027 Val set acc: 0.9498 Val ECE: 0.7214
====> Epoch: 233 Training loss: 0.0028  Val set loss: 0.2034 Val set acc: 0.9488 Val ECE: 0.7204
====> Epoch: 234 Training loss: 0.0030  Val set loss: 0.2036 Val set acc: 0.9494 Val ECE: 0.7212
====> Epoch: 235 Training loss: 0.0029  Val set loss: 0.1994 Val set acc: 0.9500 Val ECE: 0.7217
====> Epoch: 236 Training loss: 0.0030  Val set loss: 0.1969 Val set acc: 0.9506 Val ECE: 0.7223
====> Epoch: 237 Training loss: 0.0030  Val set loss: 0.1933 Val set acc: 0.9514 Val ECE: 0.7230
====> Epoch: 238 Training loss: 0.0032  Val set loss: 0.1948 Val set acc: 0.9510 Val ECE: 0.7227
====> Epoch: 239 Training loss: 0.0035  Val set loss: 0.1921 Val set acc: 0.9484 Val ECE: 0.7203
====> Epoch: 240 Training loss: 0.0034  Val set loss: 0.1900 Val set acc: 0.9510 Val ECE: 0.7230
====> Epoch: 241 Training loss: 0.0037  Val set loss: 0.1922 Val set acc: 0.9504 Val ECE: 0.7227
====> Epoch: 242 Training loss: 0.0040  Val set loss: 0.1968 Val set acc: 0.9504 Val ECE: 0.7223
====> Epoch: 243 Training loss: 0.0039  Val set loss: 0.1954 Val set acc: 0.9490 Val ECE: 0.7210
====> Epoch: 244 Training loss: 0.0040  Val set loss: 0.1989 Val set acc: 0.9496 Val ECE: 0.7215
====> Epoch: 245 Training loss: 0.0043  Val set loss: 0.1878 Val set acc: 0.9502 Val ECE: 0.7222
====> Epoch: 246 Training loss: 0.0045  Val set loss: 0.1986 Val set acc: 0.9502 Val ECE: 0.7222
====> Epoch: 247 Training loss: 0.0046  Val set loss: 0.1912 Val set acc: 0.9492 Val ECE: 0.7214
====> Epoch: 248 Training loss: 0.0049  Val set loss: 0.1870 Val set acc: 0.9490 Val ECE: 0.7214
====> Epoch: 249 Training loss: 0.0046  Val set loss: 0.1846 Val set acc: 0.9500 Val ECE: 0.7221
====> Epoch: 250 Training loss: 0.0046  Val set loss: 0.1880 Val set acc: 0.9504 Val ECE: 0.7224
====> Epoch: 251 Training loss: 0.0046  Val set loss: 0.1895 Val set acc: 0.9498 Val ECE: 0.7218
====> Epoch: 252 Training loss: 0.0044  Val set loss: 0.1889 Val set acc: 0.9480 Val ECE: 0.7202
====> Epoch: 253 Training loss: 0.0044  Val set loss: 0.1888 Val set acc: 0.9488 Val ECE: 0.7209
====> Epoch: 254 Training loss: 0.0044  Val set loss: 0.1892 Val set acc: 0.9510 Val ECE: 0.7231
====> Epoch: 255 Training loss: 0.0044  Val set loss: 0.1867 Val set acc: 0.9496 Val ECE: 0.7217
====> Epoch: 256 Training loss: 0.0043  Val set loss: 0.1887 Val set acc: 0.9502 Val ECE: 0.7224
====> Epoch: 257 Training loss: 0.0041  Val set loss: 0.1877 Val set acc: 0.9504 Val ECE: 0.7225
====> Epoch: 258 Training loss: 0.0043  Val set loss: 0.1934 Val set acc: 0.9502 Val ECE: 0.7222
====> Epoch: 259 Training loss: 0.0043  Val set loss: 0.1917 Val set acc: 0.9490 Val ECE: 0.7211
====> Epoch: 260 Training loss: 0.0044  Val set loss: 0.1879 Val set acc: 0.9500 Val ECE: 0.7221
====> Epoch: 261 Training loss: 0.0043  Val set loss: 0.1928 Val set acc: 0.9500 Val ECE: 0.7220
====> Epoch: 262 Training loss: 0.0043  Val set loss: 0.1901 Val set acc: 0.9504 Val ECE: 0.7228
====> Epoch: 263 Training loss: 0.0044  Val set loss: 0.1889 Val set acc: 0.9514 Val ECE: 0.7234
====> Epoch: 264 Training loss: 0.0043  Val set loss: 0.1880 Val set acc: 0.9508 Val ECE: 0.7228
====> Epoch: 265 Training loss: 0.0043  Val set loss: 0.1871 Val set acc: 0.9506 Val ECE: 0.7226
====> Epoch: 266 Training loss: 0.0043  Val set loss: 0.1901 Val set acc: 0.9498 Val ECE: 0.7220
====> Epoch: 267 Training loss: 0.0043  Val set loss: 0.1863 Val set acc: 0.9516 Val ECE: 0.7236
====> Epoch: 268 Training loss: 0.0043  Val set loss: 0.1901 Val set acc: 0.9514 Val ECE: 0.7234
====> Epoch: 269 Training loss: 0.0043  Val set loss: 0.1901 Val set acc: 0.9510 Val ECE: 0.7231
====> Epoch: 270 Training loss: 0.0044  Val set loss: 0.1906 Val set acc: 0.9510 Val ECE: 0.7231
====> Epoch: 271 Training loss: 0.0045  Val set loss: 0.1862 Val set acc: 0.9498 Val ECE: 0.7218
PF_fix round 4
fix fc parameters
fix layer4 parameters
fix layer3 parameters
fix layer2 parameters
====> Epoch: 272 Training loss: 0.0043  Val set loss: 0.1851 Val set acc: 0.9534 Val ECE: 0.7254
====> Epoch: 273 Training loss: 0.0043  Val set loss: 0.1877 Val set acc: 0.9506 Val ECE: 0.7230
====> Epoch: 274 Training loss: 0.0043  Val set loss: 0.1899 Val set acc: 0.9506 Val ECE: 0.7227
====> Epoch: 275 Training loss: 0.0044  Val set loss: 0.1892 Val set acc: 0.9510 Val ECE: 0.7230
====> Epoch: 276 Training loss: 0.0043  Val set loss: 0.1849 Val set acc: 0.9526 Val ECE: 0.7246
====> Epoch: 277 Training loss: 0.0045  Val set loss: 0.1891 Val set acc: 0.9514 Val ECE: 0.7234
====> Epoch: 278 Training loss: 0.0046  Val set loss: 0.1892 Val set acc: 0.9518 Val ECE: 0.7239
====> Epoch: 279 Training loss: 0.0043  Val set loss: 0.1888 Val set acc: 0.9518 Val ECE: 0.7238
====> Epoch: 280 Training loss: 0.0044  Val set loss: 0.1876 Val set acc: 0.9514 Val ECE: 0.7235
====> Epoch: 281 Training loss: 0.0044  Val set loss: 0.1834 Val set acc: 0.9520 Val ECE: 0.7241
====> Epoch: 282 Training loss: 0.0044  Val set loss: 0.1843 Val set acc: 0.9512 Val ECE: 0.7232
====> Epoch: 283 Training loss: 0.0045  Val set loss: 0.1914 Val set acc: 0.9500 Val ECE: 0.7221
====> Epoch: 284 Training loss: 0.0046  Val set loss: 0.1890 Val set acc: 0.9508 Val ECE: 0.7229
====> Epoch: 285 Training loss: 0.0048  Val set loss: 0.1854 Val set acc: 0.9510 Val ECE: 0.7234
====> Epoch: 286 Training loss: 0.0047  Val set loss: 0.1911 Val set acc: 0.9506 Val ECE: 0.7227
====> Epoch: 287 Training loss: 0.0046  Val set loss: 0.1875 Val set acc: 0.9518 Val ECE: 0.7239
====> Epoch: 288 Training loss: 0.0046  Val set loss: 0.1911 Val set acc: 0.9500 Val ECE: 0.7220
====> Epoch: 289 Training loss: 0.0046  Val set loss: 0.1897 Val set acc: 0.9498 Val ECE: 0.7219
====> Epoch: 290 Training loss: 0.0047  Val set loss: 0.1880 Val set acc: 0.9502 Val ECE: 0.7223
====> Epoch: 291 Training loss: 0.0047  Val set loss: 0.1828 Val set acc: 0.9514 Val ECE: 0.7236
====> Epoch: 292 Training loss: 0.0047  Val set loss: 0.1908 Val set acc: 0.9518 Val ECE: 0.7239
====> Epoch: 293 Training loss: 0.0047  Val set loss: 0.1869 Val set acc: 0.9516 Val ECE: 0.7242
====> Epoch: 294 Training loss: 0.0046  Val set loss: 0.1888 Val set acc: 0.9500 Val ECE: 0.7221
====> Epoch: 295 Training loss: 0.0048  Val set loss: 0.1883 Val set acc: 0.9516 Val ECE: 0.7237
====> Epoch: 296 Training loss: 0.0048  Val set loss: 0.1860 Val set acc: 0.9514 Val ECE: 0.7235
====> Epoch: 297 Training loss: 0.0048  Val set loss: 0.1906 Val set acc: 0.9500 Val ECE: 0.7220
====> Epoch: 298 Training loss: 0.0048  Val set loss: 0.1859 Val set acc: 0.9504 Val ECE: 0.7225
====> Epoch: 299 Training loss: 0.0049  Val set loss: 0.1890 Val set acc: 0.9506 Val ECE: 0.7226
====> Epoch: 300 Training loss: 0.0049  Val set loss: 0.1839 Val set acc: 0.9516 Val ECE: 0.7237
====> Epoch: 301 Training loss: 0.0049  Val set loss: 0.1819 Val set acc: 0.9524 Val ECE: 0.7246
====> Epoch: 302 Training loss: 0.0049  Val set loss: 0.1856 Val set acc: 0.9514 Val ECE: 0.7236
====> Epoch: 303 Training loss: 0.0048  Val set loss: 0.1904 Val set acc: 0.9514 Val ECE: 0.7234
====> Epoch: 304 Training loss: 0.0049  Val set loss: 0.1902 Val set acc: 0.9512 Val ECE: 0.7233
====> Epoch: 305 Training loss: 0.0048  Val set loss: 0.1848 Val set acc: 0.9506 Val ECE: 0.7227
====> Epoch: 306 Training loss: 0.0049  Val set loss: 0.1876 Val set acc: 0.9500 Val ECE: 0.7225
====> Epoch: 307 Training loss: 0.0050  Val set loss: 0.1855 Val set acc: 0.9508 Val ECE: 0.7230
====> Epoch: 308 Training loss: 0.0049  Val set loss: 0.1846 Val set acc: 0.9502 Val ECE: 0.7223
====> Epoch: 309 Training loss: 0.0050  Val set loss: 0.1819 Val set acc: 0.9522 Val ECE: 0.7245
====> Epoch: 310 Training loss: 0.0050  Val set loss: 0.1861 Val set acc: 0.9514 Val ECE: 0.7237
====> Epoch: 311 Training loss: 0.0051  Val set loss: 0.1842 Val set acc: 0.9516 Val ECE: 0.7238
====> Epoch: 312 Training loss: 0.0052  Val set loss: 0.1859 Val set acc: 0.9500 Val ECE: 0.7221
====> Epoch: 313 Training loss: 0.0050  Val set loss: 0.1838 Val set acc: 0.9504 Val ECE: 0.7226
====> Epoch: 314 Training loss: 0.0051  Val set loss: 0.1868 Val set acc: 0.9522 Val ECE: 0.7244
====> Epoch: 315 Training loss: 0.0051  Val set loss: 0.1870 Val set acc: 0.9504 Val ECE: 0.7226
====> Epoch: 316 Training loss: 0.0052  Val set loss: 0.1892 Val set acc: 0.9498 Val ECE: 0.7223
====> Epoch: 317 Training loss: 0.0051  Val set loss: 0.1843 Val set acc: 0.9524 Val ECE: 0.7247
====> Epoch: 318 Training loss: 0.0051  Val set loss: 0.1895 Val set acc: 0.9492 Val ECE: 0.7213
====> Epoch: 319 Training loss: 0.0054  Val set loss: 0.1844 Val set acc: 0.9502 Val ECE: 0.7224
====> Epoch: 320 Training loss: 0.0052  Val set loss: 0.1865 Val set acc: 0.9510 Val ECE: 0.7232
====> Epoch: 321 Training loss: 0.0053  Val set loss: 0.1899 Val set acc: 0.9506 Val ECE: 0.7228
====> Epoch: 322 Training loss: 0.0053  Val set loss: 0.1839 Val set acc: 0.9512 Val ECE: 0.7234
====> Epoch: 323 Training loss: 0.0055  Val set loss: 0.1848 Val set acc: 0.9516 Val ECE: 0.7237
====> Epoch: 324 Training loss: 0.0053  Val set loss: 0.1824 Val set acc: 0.9522 Val ECE: 0.7244
====> Epoch: 325 Training loss: 0.0054  Val set loss: 0.1827 Val set acc: 0.9522 Val ECE: 0.7245
====> Epoch: 326 Training loss: 0.0053  Val set loss: 0.1796 Val set acc: 0.9520 Val ECE: 0.7243
====> Epoch: 327 Training loss: 0.0053  Val set loss: 0.1853 Val set acc: 0.9510 Val ECE: 0.7232
====> Epoch: 328 Training loss: 0.0055  Val set loss: 0.1855 Val set acc: 0.9508 Val ECE: 0.7230
====> Epoch: 329 Training loss: 0.0054  Val set loss: 0.1813 Val set acc: 0.9522 Val ECE: 0.7244
====> Epoch: 330 Training loss: 0.0054  Val set loss: 0.1864 Val set acc: 0.9518 Val ECE: 0.7240
====> Epoch: 331 Training loss: 0.0055  Val set loss: 0.1814 Val set acc: 0.9508 Val ECE: 0.7230
====> Epoch: 332 Training loss: 0.0057  Val set loss: 0.1850 Val set acc: 0.9502 Val ECE: 0.7224
====> Epoch: 333 Training loss: 0.0055  Val set loss: 0.1816 Val set acc: 0.9520 Val ECE: 0.7243
====> Epoch: 334 Training loss: 0.0054  Val set loss: 0.1837 Val set acc: 0.9498 Val ECE: 0.7220
====> Epoch: 335 Training loss: 0.0056  Val set loss: 0.1816 Val set acc: 0.9528 Val ECE: 0.7251
====> Epoch: 336 Training loss: 0.0057  Val set loss: 0.1793 Val set acc: 0.9496 Val ECE: 0.7220
====> Epoch: 337 Training loss: 0.0056  Val set loss: 0.1835 Val set acc: 0.9510 Val ECE: 0.7233
====> Epoch: 338 Training loss: 0.0057  Val set loss: 0.1863 Val set acc: 0.9506 Val ECE: 0.7229
====> Epoch: 339 Training loss: 0.0057  Val set loss: 0.1861 Val set acc: 0.9498 Val ECE: 0.7221
====> Epoch: 340 Training loss: 0.0058  Val set loss: 0.1827 Val set acc: 0.9508 Val ECE: 0.7231
====> Epoch: 341 Training loss: 0.0059  Val set loss: 0.1886 Val set acc: 0.9508 Val ECE: 0.7231
====> Epoch: 342 Training loss: 0.0058  Val set loss: 0.1838 Val set acc: 0.9510 Val ECE: 0.7237
====> Epoch: 343 Training loss: 0.0058  Val set loss: 0.1818 Val set acc: 0.9512 Val ECE: 0.7235
====> Epoch: 344 Training loss: 0.0059  Val set loss: 0.1802 Val set acc: 0.9520 Val ECE: 0.7244
====> Epoch: 345 Training loss: 0.0058  Val set loss: 0.1827 Val set acc: 0.9520 Val ECE: 0.7243
====> Epoch: 346 Training loss: 0.0059  Val set loss: 0.1823 Val set acc: 0.9514 Val ECE: 0.7238
====> Epoch: 347 Training loss: 0.0058  Val set loss: 0.1798 Val set acc: 0.9520 Val ECE: 0.7243
====> Epoch: 348 Training loss: 0.0059  Val set loss: 0.1808 Val set acc: 0.9516 Val ECE: 0.7244
====> Epoch: 349 Training loss: 0.0058  Val set loss: 0.1820 Val set acc: 0.9498 Val ECE: 0.7223
