resnet50_cifar10_cross_entropy_PF=24_WD=0.0001_220119223326
CUDA set: True
Files already downloaded and verified
Files already downloaded and verified
====> Epoch: 0 Training loss: 2.1372  Val set loss: 1.7433 Val set acc: 0.3706 Val ECE: 0.2276
====> Epoch: 1 Training loss: 1.4957  Val set loss: 1.6863 Val set acc: 0.4450 Val ECE: 0.2763
====> Epoch: 2 Training loss: 1.1658  Val set loss: 1.1956 Val set acc: 0.5880 Val ECE: 0.4097
====> Epoch: 3 Training loss: 0.9639  Val set loss: 0.9651 Val set acc: 0.6688 Val ECE: 0.4806
====> Epoch: 4 Training loss: 0.8377  Val set loss: 0.8775 Val set acc: 0.6958 Val ECE: 0.5090
====> Epoch: 5 Training loss: 0.7454  Val set loss: 0.7954 Val set acc: 0.7378 Val ECE: 0.5435
====> Epoch: 6 Training loss: 0.6628  Val set loss: 0.7039 Val set acc: 0.7574 Val ECE: 0.5591
====> Epoch: 7 Training loss: 0.5975  Val set loss: 0.6504 Val set acc: 0.7730 Val ECE: 0.5734
====> Epoch: 8 Training loss: 0.5574  Val set loss: 0.6777 Val set acc: 0.7744 Val ECE: 0.5698
====> Epoch: 9 Training loss: 0.5201  Val set loss: 0.5720 Val set acc: 0.8058 Val ECE: 0.6012
====> Epoch: 10 Training loss: 0.4870  Val set loss: 0.4970 Val set acc: 0.8288 Val ECE: 0.6234
====> Epoch: 11 Training loss: 0.4597  Val set loss: 0.5006 Val set acc: 0.8374 Val ECE: 0.6298
====> Epoch: 12 Training loss: 0.4337  Val set loss: 0.5037 Val set acc: 0.8318 Val ECE: 0.6235
====> Epoch: 13 Training loss: 0.4107  Val set loss: 0.5568 Val set acc: 0.8148 Val ECE: 0.6056
====> Epoch: 14 Training loss: 0.3992  Val set loss: 0.5565 Val set acc: 0.8244 Val ECE: 0.6124
====> Epoch: 15 Training loss: 0.3743  Val set loss: 0.4751 Val set acc: 0.8440 Val ECE: 0.6320
====> Epoch: 16 Training loss: 0.3621  Val set loss: 0.5977 Val set acc: 0.8096 Val ECE: 0.5986
====> Epoch: 17 Training loss: 0.3445  Val set loss: 0.4227 Val set acc: 0.8552 Val ECE: 0.6419
====> Epoch: 18 Training loss: 0.3320  Val set loss: 0.5081 Val set acc: 0.8368 Val ECE: 0.6234
====> Epoch: 19 Training loss: 0.3208  Val set loss: 0.4381 Val set acc: 0.8498 Val ECE: 0.6377
====> Epoch: 20 Training loss: 0.3096  Val set loss: 0.5557 Val set acc: 0.8262 Val ECE: 0.6133
====> Epoch: 21 Training loss: 0.2899  Val set loss: 0.4336 Val set acc: 0.8618 Val ECE: 0.6474
====> Epoch: 22 Training loss: 0.2852  Val set loss: 0.4656 Val set acc: 0.8508 Val ECE: 0.6361
====> Epoch: 23 Training loss: 0.2745  Val set loss: 0.4331 Val set acc: 0.8620 Val ECE: 0.6473
====> Epoch: 24 Training loss: 0.2663  Val set loss: 0.4246 Val set acc: 0.8646 Val ECE: 0.6497
====> Epoch: 25 Training loss: 0.2598  Val set loss: 0.3881 Val set acc: 0.8726 Val ECE: 0.6554
====> Epoch: 26 Training loss: 0.2477  Val set loss: 0.3767 Val set acc: 0.8792 Val ECE: 0.6621
====> Epoch: 27 Training loss: 0.2453  Val set loss: 0.3901 Val set acc: 0.8700 Val ECE: 0.6548
====> Epoch: 28 Training loss: 0.2359  Val set loss: 0.4491 Val set acc: 0.8614 Val ECE: 0.6447
====> Epoch: 29 Training loss: 0.2321  Val set loss: 0.4252 Val set acc: 0.8682 Val ECE: 0.6510
====> Epoch: 30 Training loss: 0.2247  Val set loss: 0.3708 Val set acc: 0.8814 Val ECE: 0.6629
====> Epoch: 31 Training loss: 0.2206  Val set loss: 0.3729 Val set acc: 0.8810 Val ECE: 0.6636
====> Epoch: 32 Training loss: 0.2100  Val set loss: 0.3756 Val set acc: 0.8846 Val ECE: 0.6659
====> Epoch: 33 Training loss: 0.2094  Val set loss: 0.3622 Val set acc: 0.8852 Val ECE: 0.6662
====> Epoch: 34 Training loss: 0.2061  Val set loss: 0.4316 Val set acc: 0.8660 Val ECE: 0.6485
====> Epoch: 35 Training loss: 0.2040  Val set loss: 0.4003 Val set acc: 0.8822 Val ECE: 0.6625
====> Epoch: 36 Training loss: 0.1961  Val set loss: 0.3881 Val set acc: 0.8834 Val ECE: 0.6645
====> Epoch: 37 Training loss: 0.1957  Val set loss: 0.3456 Val set acc: 0.8894 Val ECE: 0.6702
====> Epoch: 38 Training loss: 0.1884  Val set loss: 0.3594 Val set acc: 0.8868 Val ECE: 0.6683
====> Epoch: 39 Training loss: 0.1814  Val set loss: 0.4412 Val set acc: 0.8596 Val ECE: 0.6417
====> Epoch: 40 Training loss: 0.1800  Val set loss: 0.3880 Val set acc: 0.8798 Val ECE: 0.6616
====> Epoch: 41 Training loss: 0.1751  Val set loss: 0.3706 Val set acc: 0.8878 Val ECE: 0.6673
====> Epoch: 42 Training loss: 0.1752  Val set loss: 0.4026 Val set acc: 0.8768 Val ECE: 0.6570
====> Epoch: 43 Training loss: 0.1718  Val set loss: 0.4002 Val set acc: 0.8896 Val ECE: 0.6688
====> Epoch: 44 Training loss: 0.1715  Val set loss: 0.4137 Val set acc: 0.8752 Val ECE: 0.6550
====> Epoch: 45 Training loss: 0.1637  Val set loss: 0.3742 Val set acc: 0.8872 Val ECE: 0.6665
====> Epoch: 46 Training loss: 0.1661  Val set loss: 0.4122 Val set acc: 0.8746 Val ECE: 0.6552
====> Epoch: 47 Training loss: 0.1639  Val set loss: 0.4146 Val set acc: 0.8838 Val ECE: 0.6629
====> Epoch: 48 Training loss: 0.1611  Val set loss: 0.4071 Val set acc: 0.8810 Val ECE: 0.6611
====> Epoch: 49 Training loss: 0.1621  Val set loss: 0.3927 Val set acc: 0.8818 Val ECE: 0.6609
====> Epoch: 50 Training loss: 0.1533  Val set loss: 0.3843 Val set acc: 0.8856 Val ECE: 0.6647
====> Epoch: 51 Training loss: 0.1512  Val set loss: 0.4482 Val set acc: 0.8764 Val ECE: 0.6564
====> Epoch: 52 Training loss: 0.1579  Val set loss: 0.5875 Val set acc: 0.8466 Val ECE: 0.6262
====> Epoch: 53 Training loss: 0.1503  Val set loss: 0.3576 Val set acc: 0.8990 Val ECE: 0.6783
====> Epoch: 54 Training loss: 0.1479  Val set loss: 0.3791 Val set acc: 0.8860 Val ECE: 0.6654
====> Epoch: 55 Training loss: 0.1475  Val set loss: 0.4168 Val set acc: 0.8820 Val ECE: 0.6613
====> Epoch: 56 Training loss: 0.1431  Val set loss: 0.4236 Val set acc: 0.8776 Val ECE: 0.6562
====> Epoch: 57 Training loss: 0.1462  Val set loss: 0.3260 Val set acc: 0.9006 Val ECE: 0.6786
====> Epoch: 58 Training loss: 0.1392  Val set loss: 0.5103 Val set acc: 0.8666 Val ECE: 0.6451
====> Epoch: 59 Training loss: 0.1406  Val set loss: 0.4146 Val set acc: 0.8892 Val ECE: 0.6669
====> Epoch: 60 Training loss: 0.1371  Val set loss: 0.3517 Val set acc: 0.8966 Val ECE: 0.6750
====> Epoch: 61 Training loss: 0.1387  Val set loss: 0.4115 Val set acc: 0.8798 Val ECE: 0.6596
====> Epoch: 62 Training loss: 0.1405  Val set loss: 0.4156 Val set acc: 0.8842 Val ECE: 0.6619
====> Epoch: 63 Training loss: 0.1367  Val set loss: 0.3581 Val set acc: 0.8952 Val ECE: 0.6732
====> Epoch: 64 Training loss: 0.1326  Val set loss: 0.4603 Val set acc: 0.8754 Val ECE: 0.6548
====> Epoch: 65 Training loss: 0.1352  Val set loss: 0.3745 Val set acc: 0.8910 Val ECE: 0.6691
====> Epoch: 66 Training loss: 0.1361  Val set loss: 0.3450 Val set acc: 0.8974 Val ECE: 0.6758
====> Epoch: 67 Training loss: 0.1357  Val set loss: 0.4046 Val set acc: 0.8922 Val ECE: 0.6698
====> Epoch: 68 Training loss: 0.1269  Val set loss: 0.3442 Val set acc: 0.9022 Val ECE: 0.6791
====> Epoch: 69 Training loss: 0.1281  Val set loss: 0.4046 Val set acc: 0.8902 Val ECE: 0.6675
====> Epoch: 70 Training loss: 0.1246  Val set loss: 0.3635 Val set acc: 0.8942 Val ECE: 0.6722
====> Epoch: 71 Training loss: 0.1270  Val set loss: 0.4391 Val set acc: 0.8738 Val ECE: 0.6528
====> Epoch: 72 Training loss: 0.1244  Val set loss: 0.3677 Val set acc: 0.8910 Val ECE: 0.6696
====> Epoch: 73 Training loss: 0.1254  Val set loss: 0.3860 Val set acc: 0.8922 Val ECE: 0.6702
====> Epoch: 74 Training loss: 0.1265  Val set loss: 0.3360 Val set acc: 0.9010 Val ECE: 0.6784
====> Epoch: 75 Training loss: 0.1244  Val set loss: 0.4396 Val set acc: 0.8738 Val ECE: 0.6532
====> Epoch: 76 Training loss: 0.1222  Val set loss: 0.3675 Val set acc: 0.9004 Val ECE: 0.6775
====> Epoch: 77 Training loss: 0.1219  Val set loss: 0.3203 Val set acc: 0.9090 Val ECE: 0.6860
====> Epoch: 78 Training loss: 0.1248  Val set loss: 0.3399 Val set acc: 0.9020 Val ECE: 0.6792
====> Epoch: 79 Training loss: 0.1204  Val set loss: 0.4207 Val set acc: 0.8866 Val ECE: 0.6646
====> Epoch: 80 Training loss: 0.1227  Val set loss: 0.3412 Val set acc: 0.9008 Val ECE: 0.6779
====> Epoch: 81 Training loss: 0.1189  Val set loss: 0.4274 Val set acc: 0.8900 Val ECE: 0.6675
====> Epoch: 82 Training loss: 0.1231  Val set loss: 0.3389 Val set acc: 0.9014 Val ECE: 0.6794
====> Epoch: 83 Training loss: 0.1176  Val set loss: 0.3529 Val set acc: 0.9030 Val ECE: 0.6798
====> Epoch: 84 Training loss: 0.1175  Val set loss: 0.4062 Val set acc: 0.8902 Val ECE: 0.6679
====> Epoch: 85 Training loss: 0.1177  Val set loss: 0.3570 Val set acc: 0.9008 Val ECE: 0.6774
====> Epoch: 86 Training loss: 0.1188  Val set loss: 0.3473 Val set acc: 0.9050 Val ECE: 0.6822
====> Epoch: 87 Training loss: 0.1178  Val set loss: 0.3432 Val set acc: 0.9010 Val ECE: 0.6782
====> Epoch: 88 Training loss: 0.1191  Val set loss: 0.3757 Val set acc: 0.8944 Val ECE: 0.6719
====> Epoch: 89 Training loss: 0.1149  Val set loss: 0.3286 Val set acc: 0.9108 Val ECE: 0.6867
====> Epoch: 90 Training loss: 0.1114  Val set loss: 0.3582 Val set acc: 0.8984 Val ECE: 0.6751
====> Epoch: 91 Training loss: 0.1157  Val set loss: 0.4460 Val set acc: 0.8880 Val ECE: 0.6655
====> Epoch: 92 Training loss: 0.1152  Val set loss: 0.3884 Val set acc: 0.9018 Val ECE: 0.6779
====> Epoch: 93 Training loss: 0.1100  Val set loss: 0.4361 Val set acc: 0.8920 Val ECE: 0.6687
====> Epoch: 94 Training loss: 0.1162  Val set loss: 0.4380 Val set acc: 0.8860 Val ECE: 0.6636
====> Epoch: 95 Training loss: 0.1104  Val set loss: 0.4020 Val set acc: 0.8984 Val ECE: 0.6746
====> Epoch: 96 Training loss: 0.1127  Val set loss: 0.4289 Val set acc: 0.8896 Val ECE: 0.6662
====> Epoch: 97 Training loss: 0.1093  Val set loss: 0.4221 Val set acc: 0.8912 Val ECE: 0.6682
====> Epoch: 98 Training loss: 0.1105  Val set loss: 0.3683 Val set acc: 0.9032 Val ECE: 0.6788
====> Epoch: 99 Training loss: 0.1110  Val set loss: 0.3853 Val set acc: 0.9006 Val ECE: 0.6770
====> Epoch: 100 Training loss: 0.1105  Val set loss: 0.3651 Val set acc: 0.9048 Val ECE: 0.6810
====> Epoch: 101 Training loss: 0.1102  Val set loss: 0.4005 Val set acc: 0.8948 Val ECE: 0.6711
PF_fix round 1
fix fc parameters
====> Epoch: 102 Training loss: 0.1064  Val set loss: 0.3419 Val set acc: 0.9022 Val ECE: 0.6785
====> Epoch: 103 Training loss: 0.1073  Val set loss: 0.3591 Val set acc: 0.9002 Val ECE: 0.6766
====> Epoch: 104 Training loss: 0.1043  Val set loss: 0.3423 Val set acc: 0.9042 Val ECE: 0.6814
====> Epoch: 105 Training loss: 0.1028  Val set loss: 0.3080 Val set acc: 0.9102 Val ECE: 0.6877
====> Epoch: 106 Training loss: 0.1006  Val set loss: 0.3446 Val set acc: 0.9054 Val ECE: 0.6823
====> Epoch: 107 Training loss: 0.1021  Val set loss: 0.3480 Val set acc: 0.9096 Val ECE: 0.6854
====> Epoch: 108 Training loss: 0.0993  Val set loss: 0.3298 Val set acc: 0.9096 Val ECE: 0.6867
====> Epoch: 109 Training loss: 0.0976  Val set loss: 0.3224 Val set acc: 0.9114 Val ECE: 0.6880
====> Epoch: 110 Training loss: 0.1005  Val set loss: 0.3578 Val set acc: 0.9046 Val ECE: 0.6811
====> Epoch: 111 Training loss: 0.0969  Val set loss: 0.4125 Val set acc: 0.8920 Val ECE: 0.6693
====> Epoch: 112 Training loss: 0.0971  Val set loss: 0.3969 Val set acc: 0.8942 Val ECE: 0.6710
====> Epoch: 113 Training loss: 0.0989  Val set loss: 0.3960 Val set acc: 0.8976 Val ECE: 0.6739
====> Epoch: 114 Training loss: 0.0994  Val set loss: 0.3993 Val set acc: 0.8980 Val ECE: 0.6748
====> Epoch: 115 Training loss: 0.0959  Val set loss: 0.3957 Val set acc: 0.8970 Val ECE: 0.6734
====> Epoch: 116 Training loss: 0.0961  Val set loss: 0.4088 Val set acc: 0.8910 Val ECE: 0.6683
====> Epoch: 117 Training loss: 0.0979  Val set loss: 0.3403 Val set acc: 0.9072 Val ECE: 0.6839
====> Epoch: 118 Training loss: 0.0931  Val set loss: 0.3320 Val set acc: 0.9108 Val ECE: 0.6870
====> Epoch: 119 Training loss: 0.0955  Val set loss: 0.3534 Val set acc: 0.9002 Val ECE: 0.6772
====> Epoch: 120 Training loss: 0.0957  Val set loss: 0.3847 Val set acc: 0.8900 Val ECE: 0.6678
====> Epoch: 121 Training loss: 0.0941  Val set loss: 0.3634 Val set acc: 0.8976 Val ECE: 0.6747
====> Epoch: 122 Training loss: 0.0931  Val set loss: 0.3846 Val set acc: 0.8928 Val ECE: 0.6703
====> Epoch: 123 Training loss: 0.0954  Val set loss: 0.4435 Val set acc: 0.8874 Val ECE: 0.6646
====> Epoch: 124 Training loss: 0.0937  Val set loss: 0.3325 Val set acc: 0.9146 Val ECE: 0.6900
====> Epoch: 125 Training loss: 0.0913  Val set loss: 0.3215 Val set acc: 0.9118 Val ECE: 0.6882
====> Epoch: 126 Training loss: 0.0931  Val set loss: 0.3054 Val set acc: 0.9172 Val ECE: 0.6937
====> Epoch: 127 Training loss: 0.0895  Val set loss: 0.3418 Val set acc: 0.9090 Val ECE: 0.6853
====> Epoch: 128 Training loss: 0.0949  Val set loss: 0.3496 Val set acc: 0.9000 Val ECE: 0.6770
====> Epoch: 129 Training loss: 0.0934  Val set loss: 0.3533 Val set acc: 0.9022 Val ECE: 0.6793
====> Epoch: 130 Training loss: 0.0879  Val set loss: 0.3895 Val set acc: 0.8962 Val ECE: 0.6729
====> Epoch: 131 Training loss: 0.0926  Val set loss: 0.3553 Val set acc: 0.8976 Val ECE: 0.6751
====> Epoch: 132 Training loss: 0.0889  Val set loss: 0.3301 Val set acc: 0.9094 Val ECE: 0.6854
====> Epoch: 133 Training loss: 0.0902  Val set loss: 0.3242 Val set acc: 0.9070 Val ECE: 0.6834
====> Epoch: 134 Training loss: 0.0901  Val set loss: 0.3096 Val set acc: 0.9108 Val ECE: 0.6868
====> Epoch: 135 Training loss: 0.0899  Val set loss: 0.2994 Val set acc: 0.9084 Val ECE: 0.6848
====> Epoch: 136 Training loss: 0.0895  Val set loss: 0.3454 Val set acc: 0.9038 Val ECE: 0.6800
====> Epoch: 137 Training loss: 0.0888  Val set loss: 0.3056 Val set acc: 0.9134 Val ECE: 0.6894
====> Epoch: 138 Training loss: 0.0885  Val set loss: 0.3127 Val set acc: 0.9134 Val ECE: 0.6888
====> Epoch: 139 Training loss: 0.0908  Val set loss: 0.3070 Val set acc: 0.9164 Val ECE: 0.6924
====> Epoch: 140 Training loss: 0.0888  Val set loss: 0.3432 Val set acc: 0.9044 Val ECE: 0.6810
====> Epoch: 141 Training loss: 0.0876  Val set loss: 0.3713 Val set acc: 0.9030 Val ECE: 0.6794
====> Epoch: 142 Training loss: 0.0887  Val set loss: 0.3374 Val set acc: 0.9030 Val ECE: 0.6798
====> Epoch: 143 Training loss: 0.0877  Val set loss: 0.3123 Val set acc: 0.9132 Val ECE: 0.6898
====> Epoch: 144 Training loss: 0.0890  Val set loss: 0.3449 Val set acc: 0.9002 Val ECE: 0.6775
====> Epoch: 145 Training loss: 0.0858  Val set loss: 0.2991 Val set acc: 0.9132 Val ECE: 0.6895
====> Epoch: 146 Training loss: 0.0857  Val set loss: 0.3193 Val set acc: 0.9124 Val ECE: 0.6888
====> Epoch: 147 Training loss: 0.0884  Val set loss: 0.3170 Val set acc: 0.9110 Val ECE: 0.6873
====> Epoch: 148 Training loss: 0.0866  Val set loss: 0.3793 Val set acc: 0.8932 Val ECE: 0.6708
====> Epoch: 149 Training loss: 0.0886  Val set loss: 0.3328 Val set acc: 0.9090 Val ECE: 0.6853
====> Epoch: 150 Training loss: 0.0280  Val set loss: 0.1843 Val set acc: 0.9480 Val ECE: 0.7208
====> Epoch: 151 Training loss: 0.0118  Val set loss: 0.2045 Val set acc: 0.9466 Val ECE: 0.7185
====> Epoch: 152 Training loss: 0.0077  Val set loss: 0.2328 Val set acc: 0.9466 Val ECE: 0.7181
====> Epoch: 153 Training loss: 0.0060  Val set loss: 0.2283 Val set acc: 0.9504 Val ECE: 0.7215
====> Epoch: 154 Training loss: 0.0053  Val set loss: 0.2516 Val set acc: 0.9470 Val ECE: 0.7183
====> Epoch: 155 Training loss: 0.0034  Val set loss: 0.2557 Val set acc: 0.9470 Val ECE: 0.7178
====> Epoch: 156 Training loss: 0.0031  Val set loss: 0.2762 Val set acc: 0.9458 Val ECE: 0.7166
====> Epoch: 157 Training loss: 0.0032  Val set loss: 0.2821 Val set acc: 0.9476 Val ECE: 0.7182
====> Epoch: 158 Training loss: 0.0029  Val set loss: 0.2909 Val set acc: 0.9486 Val ECE: 0.7189
====> Epoch: 159 Training loss: 0.0022  Val set loss: 0.2983 Val set acc: 0.9490 Val ECE: 0.7194
====> Epoch: 160 Training loss: 0.0025  Val set loss: 0.2843 Val set acc: 0.9522 Val ECE: 0.7228
====> Epoch: 161 Training loss: 0.0021  Val set loss: 0.3019 Val set acc: 0.9488 Val ECE: 0.7191
====> Epoch: 162 Training loss: 0.0018  Val set loss: 0.3283 Val set acc: 0.9456 Val ECE: 0.7157
====> Epoch: 163 Training loss: 0.0020  Val set loss: 0.3149 Val set acc: 0.9488 Val ECE: 0.7189
====> Epoch: 164 Training loss: 0.0012  Val set loss: 0.3226 Val set acc: 0.9500 Val ECE: 0.7201
====> Epoch: 165 Training loss: 0.0013  Val set loss: 0.3442 Val set acc: 0.9450 Val ECE: 0.7151
====> Epoch: 166 Training loss: 0.0012  Val set loss: 0.3229 Val set acc: 0.9498 Val ECE: 0.7198
====> Epoch: 167 Training loss: 0.0011  Val set loss: 0.3421 Val set acc: 0.9454 Val ECE: 0.7153
====> Epoch: 168 Training loss: 0.0010  Val set loss: 0.3280 Val set acc: 0.9508 Val ECE: 0.7208
====> Epoch: 169 Training loss: 0.0014  Val set loss: 0.3442 Val set acc: 0.9504 Val ECE: 0.7203
====> Epoch: 170 Training loss: 0.0012  Val set loss: 0.3311 Val set acc: 0.9506 Val ECE: 0.7204
====> Epoch: 171 Training loss: 0.0012  Val set loss: 0.3383 Val set acc: 0.9458 Val ECE: 0.7158
====> Epoch: 172 Training loss: 0.0007  Val set loss: 0.3368 Val set acc: 0.9506 Val ECE: 0.7204
====> Epoch: 173 Training loss: 0.0012  Val set loss: 0.3292 Val set acc: 0.9512 Val ECE: 0.7210
====> Epoch: 174 Training loss: 0.0006  Val set loss: 0.3290 Val set acc: 0.9520 Val ECE: 0.7217
PF_fix round 2
fix fc parameters
fix layer4 parameters
====> Epoch: 175 Training loss: 0.0006  Val set loss: 0.3254 Val set acc: 0.9520 Val ECE: 0.7218
====> Epoch: 176 Training loss: 0.0014  Val set loss: 0.3380 Val set acc: 0.9498 Val ECE: 0.7195
====> Epoch: 177 Training loss: 0.0006  Val set loss: 0.3237 Val set acc: 0.9530 Val ECE: 0.7230
====> Epoch: 178 Training loss: 0.0007  Val set loss: 0.3237 Val set acc: 0.9508 Val ECE: 0.7207
====> Epoch: 179 Training loss: 0.0007  Val set loss: 0.3229 Val set acc: 0.9516 Val ECE: 0.7214
====> Epoch: 180 Training loss: 0.0007  Val set loss: 0.3322 Val set acc: 0.9510 Val ECE: 0.7209
====> Epoch: 181 Training loss: 0.0007  Val set loss: 0.3383 Val set acc: 0.9516 Val ECE: 0.7216
====> Epoch: 182 Training loss: 0.0006  Val set loss: 0.3273 Val set acc: 0.9508 Val ECE: 0.7207
====> Epoch: 183 Training loss: 0.0004  Val set loss: 0.3384 Val set acc: 0.9504 Val ECE: 0.7203
====> Epoch: 184 Training loss: 0.0005  Val set loss: 0.3153 Val set acc: 0.9522 Val ECE: 0.7222
====> Epoch: 185 Training loss: 0.0004  Val set loss: 0.3250 Val set acc: 0.9496 Val ECE: 0.7196
====> Epoch: 186 Training loss: 0.0009  Val set loss: 0.3167 Val set acc: 0.9524 Val ECE: 0.7225
====> Epoch: 187 Training loss: 0.0005  Val set loss: 0.3115 Val set acc: 0.9524 Val ECE: 0.7222
====> Epoch: 188 Training loss: 0.0003  Val set loss: 0.3181 Val set acc: 0.9514 Val ECE: 0.7213
====> Epoch: 189 Training loss: 0.0006  Val set loss: 0.3186 Val set acc: 0.9502 Val ECE: 0.7201
====> Epoch: 190 Training loss: 0.0003  Val set loss: 0.3068 Val set acc: 0.9508 Val ECE: 0.7212
====> Epoch: 191 Training loss: 0.0003  Val set loss: 0.3216 Val set acc: 0.9500 Val ECE: 0.7200
====> Epoch: 192 Training loss: 0.0006  Val set loss: 0.3091 Val set acc: 0.9510 Val ECE: 0.7210
====> Epoch: 193 Training loss: 0.0005  Val set loss: 0.3140 Val set acc: 0.9520 Val ECE: 0.7220
====> Epoch: 194 Training loss: 0.0004  Val set loss: 0.3083 Val set acc: 0.9506 Val ECE: 0.7205
====> Epoch: 195 Training loss: 0.0006  Val set loss: 0.3207 Val set acc: 0.9506 Val ECE: 0.7205
====> Epoch: 196 Training loss: 0.0004  Val set loss: 0.3037 Val set acc: 0.9524 Val ECE: 0.7222
====> Epoch: 197 Training loss: 0.0004  Val set loss: 0.3155 Val set acc: 0.9512 Val ECE: 0.7211
====> Epoch: 198 Training loss: 0.0006  Val set loss: 0.3101 Val set acc: 0.9498 Val ECE: 0.7196
====> Epoch: 199 Training loss: 0.0004  Val set loss: 0.2937 Val set acc: 0.9516 Val ECE: 0.7216
====> Epoch: 200 Training loss: 0.0003  Val set loss: 0.3083 Val set acc: 0.9508 Val ECE: 0.7209
====> Epoch: 201 Training loss: 0.0003  Val set loss: 0.3049 Val set acc: 0.9514 Val ECE: 0.7214
====> Epoch: 202 Training loss: 0.0003  Val set loss: 0.2957 Val set acc: 0.9534 Val ECE: 0.7234
====> Epoch: 203 Training loss: 0.0002  Val set loss: 0.2981 Val set acc: 0.9536 Val ECE: 0.7235
====> Epoch: 204 Training loss: 0.0002  Val set loss: 0.2904 Val set acc: 0.9540 Val ECE: 0.7239
====> Epoch: 205 Training loss: 0.0003  Val set loss: 0.2966 Val set acc: 0.9544 Val ECE: 0.7241
====> Epoch: 206 Training loss: 0.0003  Val set loss: 0.2908 Val set acc: 0.9548 Val ECE: 0.7246
====> Epoch: 207 Training loss: 0.0002  Val set loss: 0.2791 Val set acc: 0.9554 Val ECE: 0.7252
====> Epoch: 208 Training loss: 0.0003  Val set loss: 0.2960 Val set acc: 0.9528 Val ECE: 0.7227
====> Epoch: 209 Training loss: 0.0005  Val set loss: 0.2881 Val set acc: 0.9542 Val ECE: 0.7242
====> Epoch: 210 Training loss: 0.0004  Val set loss: 0.2984 Val set acc: 0.9502 Val ECE: 0.7202
====> Epoch: 211 Training loss: 0.0004  Val set loss: 0.2927 Val set acc: 0.9512 Val ECE: 0.7212
====> Epoch: 212 Training loss: 0.0001  Val set loss: 0.2791 Val set acc: 0.9534 Val ECE: 0.7235
====> Epoch: 213 Training loss: 0.0004  Val set loss: 0.2796 Val set acc: 0.9542 Val ECE: 0.7242
====> Epoch: 214 Training loss: 0.0004  Val set loss: 0.2742 Val set acc: 0.9534 Val ECE: 0.7232
====> Epoch: 215 Training loss: 0.0002  Val set loss: 0.2929 Val set acc: 0.9502 Val ECE: 0.7201
====> Epoch: 216 Training loss: 0.0004  Val set loss: 0.2786 Val set acc: 0.9534 Val ECE: 0.7235
====> Epoch: 217 Training loss: 0.0004  Val set loss: 0.2825 Val set acc: 0.9502 Val ECE: 0.7202
====> Epoch: 218 Training loss: 0.0003  Val set loss: 0.2911 Val set acc: 0.9506 Val ECE: 0.7207
====> Epoch: 219 Training loss: 0.0005  Val set loss: 0.2929 Val set acc: 0.9492 Val ECE: 0.7191
====> Epoch: 220 Training loss: 0.0004  Val set loss: 0.2719 Val set acc: 0.9522 Val ECE: 0.7222
====> Epoch: 221 Training loss: 0.0003  Val set loss: 0.2786 Val set acc: 0.9530 Val ECE: 0.7232
====> Epoch: 222 Training loss: 0.0003  Val set loss: 0.2900 Val set acc: 0.9522 Val ECE: 0.7223
====> Epoch: 223 Training loss: 0.0004  Val set loss: 0.2841 Val set acc: 0.9526 Val ECE: 0.7226
====> Epoch: 224 Training loss: 0.0003  Val set loss: 0.2743 Val set acc: 0.9550 Val ECE: 0.7249
====> Epoch: 225 Training loss: 0.0002  Val set loss: 0.2744 Val set acc: 0.9546 Val ECE: 0.7248
====> Epoch: 226 Training loss: 0.0003  Val set loss: 0.2779 Val set acc: 0.9516 Val ECE: 0.7217
====> Epoch: 227 Training loss: 0.0002  Val set loss: 0.2697 Val set acc: 0.9540 Val ECE: 0.7241
====> Epoch: 228 Training loss: 0.0002  Val set loss: 0.2802 Val set acc: 0.9526 Val ECE: 0.7226
====> Epoch: 229 Training loss: 0.0004  Val set loss: 0.2843 Val set acc: 0.9504 Val ECE: 0.7204
====> Epoch: 230 Training loss: 0.0003  Val set loss: 0.2780 Val set acc: 0.9516 Val ECE: 0.7216
====> Epoch: 231 Training loss: 0.0003  Val set loss: 0.2748 Val set acc: 0.9534 Val ECE: 0.7235
====> Epoch: 232 Training loss: 0.0003  Val set loss: 0.2750 Val set acc: 0.9534 Val ECE: 0.7234
====> Epoch: 233 Training loss: 0.0003  Val set loss: 0.2786 Val set acc: 0.9516 Val ECE: 0.7216
====> Epoch: 234 Training loss: 0.0002  Val set loss: 0.2696 Val set acc: 0.9532 Val ECE: 0.7233
====> Epoch: 235 Training loss: 0.0005  Val set loss: 0.2699 Val set acc: 0.9536 Val ECE: 0.7237
====> Epoch: 236 Training loss: 0.0005  Val set loss: 0.2882 Val set acc: 0.9508 Val ECE: 0.7208
====> Epoch: 237 Training loss: 0.0004  Val set loss: 0.2817 Val set acc: 0.9510 Val ECE: 0.7211
====> Epoch: 238 Training loss: 0.0004  Val set loss: 0.2677 Val set acc: 0.9540 Val ECE: 0.7241
====> Epoch: 239 Training loss: 0.0005  Val set loss: 0.2738 Val set acc: 0.9516 Val ECE: 0.7215
====> Epoch: 240 Training loss: 0.0006  Val set loss: 0.2734 Val set acc: 0.9504 Val ECE: 0.7206
====> Epoch: 241 Training loss: 0.0003  Val set loss: 0.2811 Val set acc: 0.9526 Val ECE: 0.7223
====> Epoch: 242 Training loss: 0.0003  Val set loss: 0.2762 Val set acc: 0.9534 Val ECE: 0.7236
====> Epoch: 243 Training loss: 0.0002  Val set loss: 0.2810 Val set acc: 0.9518 Val ECE: 0.7217
====> Epoch: 244 Training loss: 0.0004  Val set loss: 0.2775 Val set acc: 0.9518 Val ECE: 0.7217
====> Epoch: 245 Training loss: 0.0004  Val set loss: 0.2936 Val set acc: 0.9506 Val ECE: 0.7206
====> Epoch: 246 Training loss: 0.0005  Val set loss: 0.2799 Val set acc: 0.9528 Val ECE: 0.7229
====> Epoch: 247 Training loss: 0.0005  Val set loss: 0.2926 Val set acc: 0.9492 Val ECE: 0.7193
====> Epoch: 248 Training loss: 0.0007  Val set loss: 0.2952 Val set acc: 0.9484 Val ECE: 0.7186
====> Epoch: 249 Training loss: 0.0004  Val set loss: 0.2871 Val set acc: 0.9494 Val ECE: 0.7196
====> Epoch: 250 Training loss: 0.0005  Val set loss: 0.2785 Val set acc: 0.9524 Val ECE: 0.7225
====> Epoch: 251 Training loss: 0.0002  Val set loss: 0.2808 Val set acc: 0.9512 Val ECE: 0.7214
====> Epoch: 252 Training loss: 0.0002  Val set loss: 0.2779 Val set acc: 0.9498 Val ECE: 0.7200
====> Epoch: 253 Training loss: 0.0003  Val set loss: 0.2771 Val set acc: 0.9518 Val ECE: 0.7219
====> Epoch: 254 Training loss: 0.0003  Val set loss: 0.2768 Val set acc: 0.9526 Val ECE: 0.7226
====> Epoch: 255 Training loss: 0.0002  Val set loss: 0.2785 Val set acc: 0.9516 Val ECE: 0.7217
====> Epoch: 256 Training loss: 0.0002  Val set loss: 0.2753 Val set acc: 0.9524 Val ECE: 0.7224
====> Epoch: 257 Training loss: 0.0001  Val set loss: 0.2744 Val set acc: 0.9516 Val ECE: 0.7216
====> Epoch: 258 Training loss: 0.0002  Val set loss: 0.2765 Val set acc: 0.9530 Val ECE: 0.7230
====> Epoch: 259 Training loss: 0.0002  Val set loss: 0.2787 Val set acc: 0.9530 Val ECE: 0.7229
====> Epoch: 260 Training loss: 0.0001  Val set loss: 0.2740 Val set acc: 0.9528 Val ECE: 0.7228
====> Epoch: 261 Training loss: 0.0001  Val set loss: 0.2781 Val set acc: 0.9534 Val ECE: 0.7233
====> Epoch: 262 Training loss: 0.0001  Val set loss: 0.2799 Val set acc: 0.9530 Val ECE: 0.7231
PF_fix round 3
fix fc parameters
fix layer4 parameters
fix layer3 parameters
====> Epoch: 263 Training loss: 0.0001  Val set loss: 0.2750 Val set acc: 0.9538 Val ECE: 0.7237
====> Epoch: 264 Training loss: 0.0002  Val set loss: 0.2777 Val set acc: 0.9524 Val ECE: 0.7224
====> Epoch: 265 Training loss: 0.0002  Val set loss: 0.2765 Val set acc: 0.9524 Val ECE: 0.7225
====> Epoch: 266 Training loss: 0.0001  Val set loss: 0.2759 Val set acc: 0.9530 Val ECE: 0.7230
====> Epoch: 267 Training loss: 0.0001  Val set loss: 0.2735 Val set acc: 0.9542 Val ECE: 0.7241
====> Epoch: 268 Training loss: 0.0001  Val set loss: 0.2781 Val set acc: 0.9530 Val ECE: 0.7230
====> Epoch: 269 Training loss: 0.0002  Val set loss: 0.2801 Val set acc: 0.9520 Val ECE: 0.7221
====> Epoch: 270 Training loss: 0.0001  Val set loss: 0.2750 Val set acc: 0.9544 Val ECE: 0.7244
====> Epoch: 271 Training loss: 0.0002  Val set loss: 0.2738 Val set acc: 0.9530 Val ECE: 0.7230
====> Epoch: 272 Training loss: 0.0002  Val set loss: 0.2694 Val set acc: 0.9538 Val ECE: 0.7238
====> Epoch: 273 Training loss: 0.0001  Val set loss: 0.2706 Val set acc: 0.9542 Val ECE: 0.7243
====> Epoch: 274 Training loss: 0.0002  Val set loss: 0.2721 Val set acc: 0.9552 Val ECE: 0.7251
====> Epoch: 275 Training loss: 0.0001  Val set loss: 0.2774 Val set acc: 0.9536 Val ECE: 0.7236
====> Epoch: 276 Training loss: 0.0003  Val set loss: 0.2697 Val set acc: 0.9542 Val ECE: 0.7243
====> Epoch: 277 Training loss: 0.0002  Val set loss: 0.2733 Val set acc: 0.9534 Val ECE: 0.7234
====> Epoch: 278 Training loss: 0.0001  Val set loss: 0.2709 Val set acc: 0.9532 Val ECE: 0.7235
====> Epoch: 279 Training loss: 0.0002  Val set loss: 0.2721 Val set acc: 0.9532 Val ECE: 0.7234
====> Epoch: 280 Training loss: 0.0002  Val set loss: 0.2705 Val set acc: 0.9546 Val ECE: 0.7248
====> Epoch: 281 Training loss: 0.0001  Val set loss: 0.2688 Val set acc: 0.9534 Val ECE: 0.7233
====> Epoch: 282 Training loss: 0.0002  Val set loss: 0.2686 Val set acc: 0.9538 Val ECE: 0.7238
====> Epoch: 283 Training loss: 0.0002  Val set loss: 0.2700 Val set acc: 0.9542 Val ECE: 0.7241
====> Epoch: 284 Training loss: 0.0002  Val set loss: 0.2727 Val set acc: 0.9534 Val ECE: 0.7235
====> Epoch: 285 Training loss: 0.0001  Val set loss: 0.2688 Val set acc: 0.9546 Val ECE: 0.7246
====> Epoch: 286 Training loss: 0.0001  Val set loss: 0.2738 Val set acc: 0.9534 Val ECE: 0.7234
====> Epoch: 287 Training loss: 0.0002  Val set loss: 0.2662 Val set acc: 0.9540 Val ECE: 0.7240
====> Epoch: 288 Training loss: 0.0001  Val set loss: 0.2725 Val set acc: 0.9528 Val ECE: 0.7229
====> Epoch: 289 Training loss: 0.0001  Val set loss: 0.2725 Val set acc: 0.9536 Val ECE: 0.7235
====> Epoch: 290 Training loss: 0.0001  Val set loss: 0.2694 Val set acc: 0.9542 Val ECE: 0.7240
====> Epoch: 291 Training loss: 0.0002  Val set loss: 0.2655 Val set acc: 0.9540 Val ECE: 0.7240
====> Epoch: 292 Training loss: 0.0002  Val set loss: 0.2720 Val set acc: 0.9542 Val ECE: 0.7240
====> Epoch: 293 Training loss: 0.0001  Val set loss: 0.2682 Val set acc: 0.9540 Val ECE: 0.7239
====> Epoch: 294 Training loss: 0.0001  Val set loss: 0.2689 Val set acc: 0.9542 Val ECE: 0.7241
====> Epoch: 295 Training loss: 0.0001  Val set loss: 0.2683 Val set acc: 0.9540 Val ECE: 0.7238
====> Epoch: 296 Training loss: 0.0001  Val set loss: 0.2657 Val set acc: 0.9540 Val ECE: 0.7240
====> Epoch: 297 Training loss: 0.0002  Val set loss: 0.2722 Val set acc: 0.9524 Val ECE: 0.7224
====> Epoch: 298 Training loss: 0.0002  Val set loss: 0.2667 Val set acc: 0.9538 Val ECE: 0.7238
====> Epoch: 299 Training loss: 0.0001  Val set loss: 0.2715 Val set acc: 0.9530 Val ECE: 0.7229
====> Epoch: 300 Training loss: 0.0001  Val set loss: 0.2666 Val set acc: 0.9536 Val ECE: 0.7236
====> Epoch: 301 Training loss: 0.0002  Val set loss: 0.2651 Val set acc: 0.9524 Val ECE: 0.7224
====> Epoch: 302 Training loss: 0.0001  Val set loss: 0.2697 Val set acc: 0.9534 Val ECE: 0.7235
====> Epoch: 303 Training loss: 0.0001  Val set loss: 0.2769 Val set acc: 0.9534 Val ECE: 0.7234
====> Epoch: 304 Training loss: 0.0001  Val set loss: 0.2745 Val set acc: 0.9530 Val ECE: 0.7230
====> Epoch: 305 Training loss: 0.0003  Val set loss: 0.2667 Val set acc: 0.9534 Val ECE: 0.7234
====> Epoch: 306 Training loss: 0.0001  Val set loss: 0.2760 Val set acc: 0.9518 Val ECE: 0.7218
====> Epoch: 307 Training loss: 0.0001  Val set loss: 0.2661 Val set acc: 0.9546 Val ECE: 0.7245
====> Epoch: 308 Training loss: 0.0002  Val set loss: 0.2686 Val set acc: 0.9532 Val ECE: 0.7233
====> Epoch: 309 Training loss: 0.0003  Val set loss: 0.2665 Val set acc: 0.9516 Val ECE: 0.7216
====> Epoch: 310 Training loss: 0.0002  Val set loss: 0.2669 Val set acc: 0.9542 Val ECE: 0.7242
====> Epoch: 311 Training loss: 0.0002  Val set loss: 0.2668 Val set acc: 0.9526 Val ECE: 0.7227
====> Epoch: 312 Training loss: 0.0003  Val set loss: 0.2679 Val set acc: 0.9540 Val ECE: 0.7241
====> Epoch: 313 Training loss: 0.0001  Val set loss: 0.2627 Val set acc: 0.9540 Val ECE: 0.7239
====> Epoch: 314 Training loss: 0.0002  Val set loss: 0.2696 Val set acc: 0.9534 Val ECE: 0.7234
====> Epoch: 315 Training loss: 0.0001  Val set loss: 0.2628 Val set acc: 0.9538 Val ECE: 0.7238
====> Epoch: 316 Training loss: 0.0001  Val set loss: 0.2700 Val set acc: 0.9520 Val ECE: 0.7221
====> Epoch: 317 Training loss: 0.0001  Val set loss: 0.2642 Val set acc: 0.9534 Val ECE: 0.7233
====> Epoch: 318 Training loss: 0.0001  Val set loss: 0.2723 Val set acc: 0.9536 Val ECE: 0.7236
====> Epoch: 319 Training loss: 0.0002  Val set loss: 0.2651 Val set acc: 0.9530 Val ECE: 0.7230
====> Epoch: 320 Training loss: 0.0002  Val set loss: 0.2683 Val set acc: 0.9538 Val ECE: 0.7238
====> Epoch: 321 Training loss: 0.0001  Val set loss: 0.2721 Val set acc: 0.9532 Val ECE: 0.7232
====> Epoch: 322 Training loss: 0.0003  Val set loss: 0.2670 Val set acc: 0.9532 Val ECE: 0.7232
====> Epoch: 323 Training loss: 0.0002  Val set loss: 0.2687 Val set acc: 0.9522 Val ECE: 0.7223
====> Epoch: 324 Training loss: 0.0002  Val set loss: 0.2652 Val set acc: 0.9530 Val ECE: 0.7232
====> Epoch: 325 Training loss: 0.0001  Val set loss: 0.2638 Val set acc: 0.9536 Val ECE: 0.7236
====> Epoch: 326 Training loss: 0.0002  Val set loss: 0.2622 Val set acc: 0.9526 Val ECE: 0.7226
====> Epoch: 327 Training loss: 0.0001  Val set loss: 0.2664 Val set acc: 0.9540 Val ECE: 0.7242
====> Epoch: 328 Training loss: 0.0002  Val set loss: 0.2654 Val set acc: 0.9526 Val ECE: 0.7226
====> Epoch: 329 Training loss: 0.0001  Val set loss: 0.2635 Val set acc: 0.9524 Val ECE: 0.7224
====> Epoch: 330 Training loss: 0.0001  Val set loss: 0.2631 Val set acc: 0.9524 Val ECE: 0.7225
====> Epoch: 331 Training loss: 0.0001  Val set loss: 0.2605 Val set acc: 0.9524 Val ECE: 0.7224
====> Epoch: 332 Training loss: 0.0002  Val set loss: 0.2635 Val set acc: 0.9536 Val ECE: 0.7236
====> Epoch: 333 Training loss: 0.0002  Val set loss: 0.2637 Val set acc: 0.9526 Val ECE: 0.7227
====> Epoch: 334 Training loss: 0.0002  Val set loss: 0.2630 Val set acc: 0.9532 Val ECE: 0.7233
====> Epoch: 335 Training loss: 0.0001  Val set loss: 0.2600 Val set acc: 0.9526 Val ECE: 0.7227
====> Epoch: 336 Training loss: 0.0002  Val set loss: 0.2569 Val set acc: 0.9530 Val ECE: 0.7230
====> Epoch: 337 Training loss: 0.0003  Val set loss: 0.2614 Val set acc: 0.9536 Val ECE: 0.7237
====> Epoch: 338 Training loss: 0.0002  Val set loss: 0.2645 Val set acc: 0.9536 Val ECE: 0.7236
====> Epoch: 339 Training loss: 0.0002  Val set loss: 0.2666 Val set acc: 0.9522 Val ECE: 0.7223
====> Epoch: 340 Training loss: 0.0001  Val set loss: 0.2608 Val set acc: 0.9540 Val ECE: 0.7239
====> Epoch: 341 Training loss: 0.0001  Val set loss: 0.2669 Val set acc: 0.9528 Val ECE: 0.7228
====> Epoch: 342 Training loss: 0.0002  Val set loss: 0.2667 Val set acc: 0.9528 Val ECE: 0.7229
====> Epoch: 343 Training loss: 0.0001  Val set loss: 0.2666 Val set acc: 0.9522 Val ECE: 0.7222
====> Epoch: 344 Training loss: 0.0002  Val set loss: 0.2572 Val set acc: 0.9540 Val ECE: 0.7242
====> Epoch: 345 Training loss: 0.0002  Val set loss: 0.2619 Val set acc: 0.9532 Val ECE: 0.7231
====> Epoch: 346 Training loss: 0.0001  Val set loss: 0.2637 Val set acc: 0.9534 Val ECE: 0.7235
====> Epoch: 347 Training loss: 0.0001  Val set loss: 0.2577 Val set acc: 0.9542 Val ECE: 0.7243
====> Epoch: 348 Training loss: 0.0002  Val set loss: 0.2593 Val set acc: 0.9532 Val ECE: 0.7232
====> Epoch: 349 Training loss: 0.0001  Val set loss: 0.2573 Val set acc: 0.9524 Val ECE: 0.7225
