resnet50_cifar10_cross_entropy_PF_1=155_PF_2=250_WD=0.0001_220120041338
CUDA set: True
Files already downloaded and verified
Files already downloaded and verified
====> Epoch: 0 Training loss: 2.1372  Val set loss: 1.7433 Val set acc: 0.3706 Val ECE: 0.2276
====> Epoch: 1 Training loss: 1.4957  Val set loss: 1.6863 Val set acc: 0.4450 Val ECE: 0.2763
====> Epoch: 2 Training loss: 1.1658  Val set loss: 1.1956 Val set acc: 0.5880 Val ECE: 0.4097
====> Epoch: 3 Training loss: 0.9639  Val set loss: 0.9651 Val set acc: 0.6688 Val ECE: 0.4806
====> Epoch: 4 Training loss: 0.8377  Val set loss: 0.8775 Val set acc: 0.6958 Val ECE: 0.5090
====> Epoch: 5 Training loss: 0.7454  Val set loss: 0.7954 Val set acc: 0.7378 Val ECE: 0.5435
====> Epoch: 6 Training loss: 0.6628  Val set loss: 0.7039 Val set acc: 0.7574 Val ECE: 0.5591
====> Epoch: 7 Training loss: 0.5975  Val set loss: 0.6504 Val set acc: 0.7730 Val ECE: 0.5734
====> Epoch: 8 Training loss: 0.5574  Val set loss: 0.6777 Val set acc: 0.7744 Val ECE: 0.5698
====> Epoch: 9 Training loss: 0.5201  Val set loss: 0.5720 Val set acc: 0.8058 Val ECE: 0.6012
====> Epoch: 10 Training loss: 0.4870  Val set loss: 0.4970 Val set acc: 0.8288 Val ECE: 0.6234
====> Epoch: 11 Training loss: 0.4597  Val set loss: 0.5006 Val set acc: 0.8374 Val ECE: 0.6298
====> Epoch: 12 Training loss: 0.4337  Val set loss: 0.5037 Val set acc: 0.8318 Val ECE: 0.6235
====> Epoch: 13 Training loss: 0.4107  Val set loss: 0.5568 Val set acc: 0.8148 Val ECE: 0.6056
====> Epoch: 14 Training loss: 0.3992  Val set loss: 0.5565 Val set acc: 0.8244 Val ECE: 0.6124
====> Epoch: 15 Training loss: 0.3743  Val set loss: 0.4751 Val set acc: 0.8440 Val ECE: 0.6320
====> Epoch: 16 Training loss: 0.3621  Val set loss: 0.5977 Val set acc: 0.8096 Val ECE: 0.5986
====> Epoch: 17 Training loss: 0.3445  Val set loss: 0.4227 Val set acc: 0.8552 Val ECE: 0.6419
====> Epoch: 18 Training loss: 0.3320  Val set loss: 0.5081 Val set acc: 0.8368 Val ECE: 0.6234
====> Epoch: 19 Training loss: 0.3208  Val set loss: 0.4381 Val set acc: 0.8498 Val ECE: 0.6377
====> Epoch: 20 Training loss: 0.3096  Val set loss: 0.5557 Val set acc: 0.8262 Val ECE: 0.6133
====> Epoch: 21 Training loss: 0.2899  Val set loss: 0.4336 Val set acc: 0.8618 Val ECE: 0.6474
====> Epoch: 22 Training loss: 0.2852  Val set loss: 0.4656 Val set acc: 0.8508 Val ECE: 0.6361
====> Epoch: 23 Training loss: 0.2745  Val set loss: 0.4331 Val set acc: 0.8620 Val ECE: 0.6473
====> Epoch: 24 Training loss: 0.2663  Val set loss: 0.4246 Val set acc: 0.8646 Val ECE: 0.6497
====> Epoch: 25 Training loss: 0.2598  Val set loss: 0.3881 Val set acc: 0.8726 Val ECE: 0.6554
====> Epoch: 26 Training loss: 0.2477  Val set loss: 0.3767 Val set acc: 0.8792 Val ECE: 0.6621
====> Epoch: 27 Training loss: 0.2453  Val set loss: 0.3901 Val set acc: 0.8700 Val ECE: 0.6548
====> Epoch: 28 Training loss: 0.2359  Val set loss: 0.4491 Val set acc: 0.8614 Val ECE: 0.6447
====> Epoch: 29 Training loss: 0.2321  Val set loss: 0.4252 Val set acc: 0.8682 Val ECE: 0.6510
====> Epoch: 30 Training loss: 0.2247  Val set loss: 0.3708 Val set acc: 0.8814 Val ECE: 0.6629
====> Epoch: 31 Training loss: 0.2206  Val set loss: 0.3729 Val set acc: 0.8810 Val ECE: 0.6636
====> Epoch: 32 Training loss: 0.2100  Val set loss: 0.3756 Val set acc: 0.8846 Val ECE: 0.6659
====> Epoch: 33 Training loss: 0.2094  Val set loss: 0.3622 Val set acc: 0.8852 Val ECE: 0.6662
====> Epoch: 34 Training loss: 0.2061  Val set loss: 0.4316 Val set acc: 0.8660 Val ECE: 0.6485
====> Epoch: 35 Training loss: 0.2040  Val set loss: 0.4003 Val set acc: 0.8822 Val ECE: 0.6625
====> Epoch: 36 Training loss: 0.1961  Val set loss: 0.3881 Val set acc: 0.8834 Val ECE: 0.6645
====> Epoch: 37 Training loss: 0.1957  Val set loss: 0.3456 Val set acc: 0.8894 Val ECE: 0.6702
====> Epoch: 38 Training loss: 0.1884  Val set loss: 0.3594 Val set acc: 0.8868 Val ECE: 0.6683
====> Epoch: 39 Training loss: 0.1814  Val set loss: 0.4412 Val set acc: 0.8596 Val ECE: 0.6417
====> Epoch: 40 Training loss: 0.1800  Val set loss: 0.3880 Val set acc: 0.8798 Val ECE: 0.6616
====> Epoch: 41 Training loss: 0.1751  Val set loss: 0.3706 Val set acc: 0.8878 Val ECE: 0.6673
====> Epoch: 42 Training loss: 0.1752  Val set loss: 0.4026 Val set acc: 0.8768 Val ECE: 0.6570
====> Epoch: 43 Training loss: 0.1718  Val set loss: 0.4002 Val set acc: 0.8896 Val ECE: 0.6688
====> Epoch: 44 Training loss: 0.1715  Val set loss: 0.4137 Val set acc: 0.8752 Val ECE: 0.6550
====> Epoch: 45 Training loss: 0.1637  Val set loss: 0.3742 Val set acc: 0.8872 Val ECE: 0.6665
====> Epoch: 46 Training loss: 0.1661  Val set loss: 0.4122 Val set acc: 0.8746 Val ECE: 0.6552
====> Epoch: 47 Training loss: 0.1639  Val set loss: 0.4146 Val set acc: 0.8838 Val ECE: 0.6629
====> Epoch: 48 Training loss: 0.1611  Val set loss: 0.4071 Val set acc: 0.8810 Val ECE: 0.6611
====> Epoch: 49 Training loss: 0.1621  Val set loss: 0.3927 Val set acc: 0.8818 Val ECE: 0.6609
====> Epoch: 50 Training loss: 0.1533  Val set loss: 0.3843 Val set acc: 0.8856 Val ECE: 0.6647
====> Epoch: 51 Training loss: 0.1512  Val set loss: 0.4482 Val set acc: 0.8764 Val ECE: 0.6564
====> Epoch: 52 Training loss: 0.1579  Val set loss: 0.5875 Val set acc: 0.8466 Val ECE: 0.6262
====> Epoch: 53 Training loss: 0.1503  Val set loss: 0.3576 Val set acc: 0.8990 Val ECE: 0.6783
====> Epoch: 54 Training loss: 0.1479  Val set loss: 0.3791 Val set acc: 0.8860 Val ECE: 0.6654
====> Epoch: 55 Training loss: 0.1475  Val set loss: 0.4168 Val set acc: 0.8820 Val ECE: 0.6613
====> Epoch: 56 Training loss: 0.1431  Val set loss: 0.4236 Val set acc: 0.8776 Val ECE: 0.6562
====> Epoch: 57 Training loss: 0.1462  Val set loss: 0.3260 Val set acc: 0.9006 Val ECE: 0.6786
====> Epoch: 58 Training loss: 0.1392  Val set loss: 0.5103 Val set acc: 0.8666 Val ECE: 0.6451
====> Epoch: 59 Training loss: 0.1406  Val set loss: 0.4146 Val set acc: 0.8892 Val ECE: 0.6669
====> Epoch: 60 Training loss: 0.1371  Val set loss: 0.3517 Val set acc: 0.8966 Val ECE: 0.6750
====> Epoch: 61 Training loss: 0.1387  Val set loss: 0.4115 Val set acc: 0.8798 Val ECE: 0.6596
====> Epoch: 62 Training loss: 0.1405  Val set loss: 0.4156 Val set acc: 0.8842 Val ECE: 0.6619
====> Epoch: 63 Training loss: 0.1367  Val set loss: 0.3581 Val set acc: 0.8952 Val ECE: 0.6732
====> Epoch: 64 Training loss: 0.1326  Val set loss: 0.4603 Val set acc: 0.8754 Val ECE: 0.6548
====> Epoch: 65 Training loss: 0.1352  Val set loss: 0.3745 Val set acc: 0.8910 Val ECE: 0.6691
====> Epoch: 66 Training loss: 0.1361  Val set loss: 0.3450 Val set acc: 0.8974 Val ECE: 0.6758
====> Epoch: 67 Training loss: 0.1357  Val set loss: 0.4046 Val set acc: 0.8922 Val ECE: 0.6698
====> Epoch: 68 Training loss: 0.1269  Val set loss: 0.3442 Val set acc: 0.9022 Val ECE: 0.6791
====> Epoch: 69 Training loss: 0.1281  Val set loss: 0.4046 Val set acc: 0.8902 Val ECE: 0.6675
====> Epoch: 70 Training loss: 0.1246  Val set loss: 0.3635 Val set acc: 0.8942 Val ECE: 0.6722
====> Epoch: 71 Training loss: 0.1270  Val set loss: 0.4391 Val set acc: 0.8738 Val ECE: 0.6528
====> Epoch: 72 Training loss: 0.1244  Val set loss: 0.3677 Val set acc: 0.8910 Val ECE: 0.6696
====> Epoch: 73 Training loss: 0.1254  Val set loss: 0.3860 Val set acc: 0.8922 Val ECE: 0.6702
====> Epoch: 74 Training loss: 0.1265  Val set loss: 0.3360 Val set acc: 0.9010 Val ECE: 0.6784
====> Epoch: 75 Training loss: 0.1244  Val set loss: 0.4396 Val set acc: 0.8738 Val ECE: 0.6532
====> Epoch: 76 Training loss: 0.1222  Val set loss: 0.3675 Val set acc: 0.9004 Val ECE: 0.6775
====> Epoch: 77 Training loss: 0.1219  Val set loss: 0.3203 Val set acc: 0.9090 Val ECE: 0.6860
====> Epoch: 78 Training loss: 0.1248  Val set loss: 0.3399 Val set acc: 0.9020 Val ECE: 0.6792
====> Epoch: 79 Training loss: 0.1204  Val set loss: 0.4207 Val set acc: 0.8866 Val ECE: 0.6646
====> Epoch: 80 Training loss: 0.1227  Val set loss: 0.3412 Val set acc: 0.9008 Val ECE: 0.6779
====> Epoch: 81 Training loss: 0.1189  Val set loss: 0.4274 Val set acc: 0.8900 Val ECE: 0.6675
====> Epoch: 82 Training loss: 0.1231  Val set loss: 0.3389 Val set acc: 0.9014 Val ECE: 0.6794
====> Epoch: 83 Training loss: 0.1176  Val set loss: 0.3529 Val set acc: 0.9030 Val ECE: 0.6798
====> Epoch: 84 Training loss: 0.1175  Val set loss: 0.4062 Val set acc: 0.8902 Val ECE: 0.6679
====> Epoch: 85 Training loss: 0.1177  Val set loss: 0.3570 Val set acc: 0.9008 Val ECE: 0.6774
====> Epoch: 86 Training loss: 0.1188  Val set loss: 0.3473 Val set acc: 0.9050 Val ECE: 0.6822
====> Epoch: 87 Training loss: 0.1178  Val set loss: 0.3432 Val set acc: 0.9010 Val ECE: 0.6782
====> Epoch: 88 Training loss: 0.1191  Val set loss: 0.3757 Val set acc: 0.8944 Val ECE: 0.6719
====> Epoch: 89 Training loss: 0.1149  Val set loss: 0.3286 Val set acc: 0.9108 Val ECE: 0.6867
====> Epoch: 90 Training loss: 0.1114  Val set loss: 0.3582 Val set acc: 0.8984 Val ECE: 0.6751
====> Epoch: 91 Training loss: 0.1157  Val set loss: 0.4460 Val set acc: 0.8880 Val ECE: 0.6655
====> Epoch: 92 Training loss: 0.1152  Val set loss: 0.3884 Val set acc: 0.9018 Val ECE: 0.6779
====> Epoch: 93 Training loss: 0.1100  Val set loss: 0.4361 Val set acc: 0.8920 Val ECE: 0.6687
====> Epoch: 94 Training loss: 0.1162  Val set loss: 0.4380 Val set acc: 0.8860 Val ECE: 0.6636
====> Epoch: 95 Training loss: 0.1104  Val set loss: 0.4020 Val set acc: 0.8984 Val ECE: 0.6746
====> Epoch: 96 Training loss: 0.1127  Val set loss: 0.4289 Val set acc: 0.8896 Val ECE: 0.6662
====> Epoch: 97 Training loss: 0.1093  Val set loss: 0.4221 Val set acc: 0.8912 Val ECE: 0.6682
====> Epoch: 98 Training loss: 0.1105  Val set loss: 0.3683 Val set acc: 0.9032 Val ECE: 0.6788
====> Epoch: 99 Training loss: 0.1110  Val set loss: 0.3853 Val set acc: 0.9006 Val ECE: 0.6770
====> Epoch: 100 Training loss: 0.1105  Val set loss: 0.3651 Val set acc: 0.9048 Val ECE: 0.6810
====> Epoch: 101 Training loss: 0.1102  Val set loss: 0.4005 Val set acc: 0.8948 Val ECE: 0.6711
====> Epoch: 102 Training loss: 0.1108  Val set loss: 0.3664 Val set acc: 0.9022 Val ECE: 0.6787
====> Epoch: 103 Training loss: 0.1076  Val set loss: 0.3438 Val set acc: 0.9034 Val ECE: 0.6804
====> Epoch: 104 Training loss: 0.1091  Val set loss: 0.3733 Val set acc: 0.9046 Val ECE: 0.6807
====> Epoch: 105 Training loss: 0.1034  Val set loss: 0.3418 Val set acc: 0.9092 Val ECE: 0.6856
====> Epoch: 106 Training loss: 0.1072  Val set loss: 0.3694 Val set acc: 0.8990 Val ECE: 0.6759
====> Epoch: 107 Training loss: 0.1080  Val set loss: 0.3500 Val set acc: 0.9098 Val ECE: 0.6856
====> Epoch: 108 Training loss: 0.1053  Val set loss: 0.3627 Val set acc: 0.8984 Val ECE: 0.6755
====> Epoch: 109 Training loss: 0.1043  Val set loss: 0.3642 Val set acc: 0.9126 Val ECE: 0.6881
====> Epoch: 110 Training loss: 0.1062  Val set loss: 0.3268 Val set acc: 0.9158 Val ECE: 0.6917
====> Epoch: 111 Training loss: 0.1048  Val set loss: 0.3753 Val set acc: 0.8982 Val ECE: 0.6747
====> Epoch: 112 Training loss: 0.1038  Val set loss: 0.4317 Val set acc: 0.8916 Val ECE: 0.6694
====> Epoch: 113 Training loss: 0.1056  Val set loss: 0.3229 Val set acc: 0.9084 Val ECE: 0.6853
====> Epoch: 114 Training loss: 0.1029  Val set loss: 0.3638 Val set acc: 0.8994 Val ECE: 0.6759
====> Epoch: 115 Training loss: 0.1043  Val set loss: 0.3652 Val set acc: 0.9040 Val ECE: 0.6796
====> Epoch: 116 Training loss: 0.1036  Val set loss: 0.3224 Val set acc: 0.9142 Val ECE: 0.6899
====> Epoch: 117 Training loss: 0.1038  Val set loss: 0.4016 Val set acc: 0.8936 Val ECE: 0.6696
====> Epoch: 118 Training loss: 0.1006  Val set loss: 0.3674 Val set acc: 0.9046 Val ECE: 0.6802
====> Epoch: 119 Training loss: 0.1060  Val set loss: 0.3946 Val set acc: 0.9000 Val ECE: 0.6769
====> Epoch: 120 Training loss: 0.1010  Val set loss: 0.3444 Val set acc: 0.9022 Val ECE: 0.6785
====> Epoch: 121 Training loss: 0.1008  Val set loss: 0.4278 Val set acc: 0.8910 Val ECE: 0.6677
====> Epoch: 122 Training loss: 0.1028  Val set loss: 0.2981 Val set acc: 0.9170 Val ECE: 0.6931
====> Epoch: 123 Training loss: 0.1017  Val set loss: 0.4018 Val set acc: 0.8912 Val ECE: 0.6685
====> Epoch: 124 Training loss: 0.1009  Val set loss: 0.3427 Val set acc: 0.9074 Val ECE: 0.6838
====> Epoch: 125 Training loss: 0.1022  Val set loss: 0.3318 Val set acc: 0.9074 Val ECE: 0.6837
====> Epoch: 126 Training loss: 0.1000  Val set loss: 0.3840 Val set acc: 0.9064 Val ECE: 0.6819
====> Epoch: 127 Training loss: 0.0990  Val set loss: 0.3599 Val set acc: 0.9052 Val ECE: 0.6815
====> Epoch: 128 Training loss: 0.0969  Val set loss: 0.3063 Val set acc: 0.9148 Val ECE: 0.6903
====> Epoch: 129 Training loss: 0.0989  Val set loss: 0.4080 Val set acc: 0.8970 Val ECE: 0.6727
====> Epoch: 130 Training loss: 0.0997  Val set loss: 0.3870 Val set acc: 0.8968 Val ECE: 0.6732
====> Epoch: 131 Training loss: 0.0972  Val set loss: 0.3611 Val set acc: 0.9072 Val ECE: 0.6833
====> Epoch: 132 Training loss: 0.0955  Val set loss: 0.3279 Val set acc: 0.9076 Val ECE: 0.6840
====> Epoch: 133 Training loss: 0.0998  Val set loss: 0.3076 Val set acc: 0.9172 Val ECE: 0.6929
====> Epoch: 134 Training loss: 0.0982  Val set loss: 0.3750 Val set acc: 0.9036 Val ECE: 0.6793
====> Epoch: 135 Training loss: 0.0980  Val set loss: 0.3396 Val set acc: 0.9082 Val ECE: 0.6846
====> Epoch: 136 Training loss: 0.0993  Val set loss: 0.3690 Val set acc: 0.9030 Val ECE: 0.6789
====> Epoch: 137 Training loss: 0.0964  Val set loss: 0.3983 Val set acc: 0.9004 Val ECE: 0.6764
====> Epoch: 138 Training loss: 0.0982  Val set loss: 0.4334 Val set acc: 0.8974 Val ECE: 0.6729
====> Epoch: 139 Training loss: 0.0967  Val set loss: 0.3567 Val set acc: 0.9084 Val ECE: 0.6837
====> Epoch: 140 Training loss: 0.0971  Val set loss: 0.4247 Val set acc: 0.8936 Val ECE: 0.6699
====> Epoch: 141 Training loss: 0.1015  Val set loss: 0.3411 Val set acc: 0.9094 Val ECE: 0.6850
====> Epoch: 142 Training loss: 0.0965  Val set loss: 0.3432 Val set acc: 0.9088 Val ECE: 0.6845
====> Epoch: 143 Training loss: 0.0987  Val set loss: 0.3493 Val set acc: 0.9060 Val ECE: 0.6818
====> Epoch: 144 Training loss: 0.0947  Val set loss: 0.3162 Val set acc: 0.9204 Val ECE: 0.6953
====> Epoch: 145 Training loss: 0.0998  Val set loss: 0.3907 Val set acc: 0.8940 Val ECE: 0.6710
====> Epoch: 146 Training loss: 0.0937  Val set loss: 0.3377 Val set acc: 0.9024 Val ECE: 0.6797
====> Epoch: 147 Training loss: 0.0953  Val set loss: 0.3403 Val set acc: 0.9100 Val ECE: 0.6860
====> Epoch: 148 Training loss: 0.0958  Val set loss: 0.4505 Val set acc: 0.8888 Val ECE: 0.6658
====> Epoch: 149 Training loss: 0.0991  Val set loss: 0.4013 Val set acc: 0.8968 Val ECE: 0.6729
====> Epoch: 150 Training loss: 0.0316  Val set loss: 0.2150 Val set acc: 0.9438 Val ECE: 0.7163
====> Epoch: 151 Training loss: 0.0111  Val set loss: 0.2495 Val set acc: 0.9462 Val ECE: 0.7177
====> Epoch: 152 Training loss: 0.0071  Val set loss: 0.2953 Val set acc: 0.9440 Val ECE: 0.7149
====> Epoch: 153 Training loss: 0.0054  Val set loss: 0.2811 Val set acc: 0.9482 Val ECE: 0.7190
====> Epoch: 154 Training loss: 0.0040  Val set loss: 0.3104 Val set acc: 0.9492 Val ECE: 0.7197
PF_fix round 1
fix fc parameters
====> Epoch: 155 Training loss: 0.0034  Val set loss: 0.3262 Val set acc: 0.9486 Val ECE: 0.7190
====> Epoch: 156 Training loss: 0.0031  Val set loss: 0.3219 Val set acc: 0.9496 Val ECE: 0.7199
====> Epoch: 157 Training loss: 0.0033  Val set loss: 0.3368 Val set acc: 0.9486 Val ECE: 0.7190
====> Epoch: 158 Training loss: 0.0023  Val set loss: 0.3717 Val set acc: 0.9476 Val ECE: 0.7177
====> Epoch: 159 Training loss: 0.0020  Val set loss: 0.3683 Val set acc: 0.9502 Val ECE: 0.7202
====> Epoch: 160 Training loss: 0.0023  Val set loss: 0.3536 Val set acc: 0.9482 Val ECE: 0.7182
====> Epoch: 161 Training loss: 0.0020  Val set loss: 0.3696 Val set acc: 0.9458 Val ECE: 0.7157
====> Epoch: 162 Training loss: 0.0019  Val set loss: 0.3777 Val set acc: 0.9472 Val ECE: 0.7172
====> Epoch: 163 Training loss: 0.0016  Val set loss: 0.3767 Val set acc: 0.9502 Val ECE: 0.7200
====> Epoch: 164 Training loss: 0.0012  Val set loss: 0.3753 Val set acc: 0.9498 Val ECE: 0.7197
====> Epoch: 165 Training loss: 0.0017  Val set loss: 0.3877 Val set acc: 0.9478 Val ECE: 0.7176
====> Epoch: 166 Training loss: 0.0011  Val set loss: 0.3820 Val set acc: 0.9526 Val ECE: 0.7224
====> Epoch: 167 Training loss: 0.0011  Val set loss: 0.4024 Val set acc: 0.9480 Val ECE: 0.7178
====> Epoch: 168 Training loss: 0.0011  Val set loss: 0.4003 Val set acc: 0.9486 Val ECE: 0.7183
====> Epoch: 169 Training loss: 0.0007  Val set loss: 0.4128 Val set acc: 0.9484 Val ECE: 0.7181
====> Epoch: 170 Training loss: 0.0010  Val set loss: 0.4050 Val set acc: 0.9478 Val ECE: 0.7174
====> Epoch: 171 Training loss: 0.0011  Val set loss: 0.4091 Val set acc: 0.9476 Val ECE: 0.7174
====> Epoch: 172 Training loss: 0.0006  Val set loss: 0.4028 Val set acc: 0.9500 Val ECE: 0.7196
====> Epoch: 173 Training loss: 0.0012  Val set loss: 0.4038 Val set acc: 0.9504 Val ECE: 0.7201
====> Epoch: 174 Training loss: 0.0007  Val set loss: 0.3950 Val set acc: 0.9520 Val ECE: 0.7216
====> Epoch: 175 Training loss: 0.0010  Val set loss: 0.4084 Val set acc: 0.9510 Val ECE: 0.7207
====> Epoch: 176 Training loss: 0.0008  Val set loss: 0.4398 Val set acc: 0.9516 Val ECE: 0.7211
====> Epoch: 177 Training loss: 0.0012  Val set loss: 0.4423 Val set acc: 0.9496 Val ECE: 0.7191
====> Epoch: 178 Training loss: 0.0007  Val set loss: 0.4160 Val set acc: 0.9498 Val ECE: 0.7193
====> Epoch: 179 Training loss: 0.0007  Val set loss: 0.4488 Val set acc: 0.9478 Val ECE: 0.7174
====> Epoch: 180 Training loss: 0.0004  Val set loss: 0.4223 Val set acc: 0.9502 Val ECE: 0.7199
====> Epoch: 181 Training loss: 0.0011  Val set loss: 0.4515 Val set acc: 0.9496 Val ECE: 0.7191
====> Epoch: 182 Training loss: 0.0006  Val set loss: 0.4186 Val set acc: 0.9506 Val ECE: 0.7202
====> Epoch: 183 Training loss: 0.0008  Val set loss: 0.4416 Val set acc: 0.9508 Val ECE: 0.7204
====> Epoch: 184 Training loss: 0.0004  Val set loss: 0.4417 Val set acc: 0.9512 Val ECE: 0.7207
====> Epoch: 185 Training loss: 0.0004  Val set loss: 0.4123 Val set acc: 0.9510 Val ECE: 0.7205
====> Epoch: 186 Training loss: 0.0005  Val set loss: 0.4325 Val set acc: 0.9524 Val ECE: 0.7219
====> Epoch: 187 Training loss: 0.0006  Val set loss: 0.4457 Val set acc: 0.9512 Val ECE: 0.7207
====> Epoch: 188 Training loss: 0.0006  Val set loss: 0.4313 Val set acc: 0.9526 Val ECE: 0.7223
====> Epoch: 189 Training loss: 0.0012  Val set loss: 0.4170 Val set acc: 0.9512 Val ECE: 0.7210
====> Epoch: 190 Training loss: 0.0006  Val set loss: 0.4100 Val set acc: 0.9522 Val ECE: 0.7218
====> Epoch: 191 Training loss: 0.0003  Val set loss: 0.4485 Val set acc: 0.9512 Val ECE: 0.7210
====> Epoch: 192 Training loss: 0.0002  Val set loss: 0.4534 Val set acc: 0.9482 Val ECE: 0.7178
====> Epoch: 193 Training loss: 0.0006  Val set loss: 0.4723 Val set acc: 0.9502 Val ECE: 0.7197
====> Epoch: 194 Training loss: 0.0005  Val set loss: 0.4376 Val set acc: 0.9502 Val ECE: 0.7199
====> Epoch: 195 Training loss: 0.0003  Val set loss: 0.4322 Val set acc: 0.9514 Val ECE: 0.7209
====> Epoch: 196 Training loss: 0.0011  Val set loss: 0.4288 Val set acc: 0.9506 Val ECE: 0.7201
====> Epoch: 197 Training loss: 0.0004  Val set loss: 0.4145 Val set acc: 0.9500 Val ECE: 0.7197
====> Epoch: 198 Training loss: 0.0002  Val set loss: 0.4219 Val set acc: 0.9514 Val ECE: 0.7209
====> Epoch: 199 Training loss: 0.0004  Val set loss: 0.4315 Val set acc: 0.9516 Val ECE: 0.7212
====> Epoch: 200 Training loss: 0.0005  Val set loss: 0.4164 Val set acc: 0.9514 Val ECE: 0.7208
====> Epoch: 201 Training loss: 0.0004  Val set loss: 0.4274 Val set acc: 0.9534 Val ECE: 0.7230
====> Epoch: 202 Training loss: 0.0003  Val set loss: 0.4273 Val set acc: 0.9536 Val ECE: 0.7230
====> Epoch: 203 Training loss: 0.0001  Val set loss: 0.4234 Val set acc: 0.9528 Val ECE: 0.7221
====> Epoch: 204 Training loss: 0.0005  Val set loss: 0.4392 Val set acc: 0.9532 Val ECE: 0.7228
====> Epoch: 205 Training loss: 0.0002  Val set loss: 0.4838 Val set acc: 0.9496 Val ECE: 0.7190
====> Epoch: 206 Training loss: 0.0003  Val set loss: 0.4495 Val set acc: 0.9516 Val ECE: 0.7211
====> Epoch: 207 Training loss: 0.0004  Val set loss: 0.4707 Val set acc: 0.9522 Val ECE: 0.7217
====> Epoch: 208 Training loss: 0.0004  Val set loss: 0.4781 Val set acc: 0.9506 Val ECE: 0.7201
====> Epoch: 209 Training loss: 0.0004  Val set loss: 0.4596 Val set acc: 0.9520 Val ECE: 0.7213
====> Epoch: 210 Training loss: 0.0004  Val set loss: 0.4373 Val set acc: 0.9522 Val ECE: 0.7216
====> Epoch: 211 Training loss: 0.0006  Val set loss: 0.4785 Val set acc: 0.9508 Val ECE: 0.7202
====> Epoch: 212 Training loss: 0.0008  Val set loss: 0.4385 Val set acc: 0.9522 Val ECE: 0.7216
====> Epoch: 213 Training loss: 0.0002  Val set loss: 0.4203 Val set acc: 0.9524 Val ECE: 0.7219
====> Epoch: 214 Training loss: 0.0005  Val set loss: 0.4291 Val set acc: 0.9546 Val ECE: 0.7240
====> Epoch: 215 Training loss: 0.0003  Val set loss: 0.4219 Val set acc: 0.9538 Val ECE: 0.7231
====> Epoch: 216 Training loss: 0.0003  Val set loss: 0.4354 Val set acc: 0.9528 Val ECE: 0.7222
====> Epoch: 217 Training loss: 0.0007  Val set loss: 0.4180 Val set acc: 0.9526 Val ECE: 0.7220
====> Epoch: 218 Training loss: 0.0003  Val set loss: 0.4589 Val set acc: 0.9498 Val ECE: 0.7192
====> Epoch: 219 Training loss: 0.0002  Val set loss: 0.4499 Val set acc: 0.9530 Val ECE: 0.7225
====> Epoch: 220 Training loss: 0.0004  Val set loss: 0.4687 Val set acc: 0.9508 Val ECE: 0.7202
====> Epoch: 221 Training loss: 0.0009  Val set loss: 0.4101 Val set acc: 0.9534 Val ECE: 0.7229
====> Epoch: 222 Training loss: 0.0007  Val set loss: 0.4313 Val set acc: 0.9546 Val ECE: 0.7241
====> Epoch: 223 Training loss: 0.0004  Val set loss: 0.4351 Val set acc: 0.9512 Val ECE: 0.7207
====> Epoch: 224 Training loss: 0.0003  Val set loss: 0.4283 Val set acc: 0.9534 Val ECE: 0.7228
====> Epoch: 225 Training loss: 0.0004  Val set loss: 0.4643 Val set acc: 0.9502 Val ECE: 0.7196
====> Epoch: 226 Training loss: 0.0002  Val set loss: 0.4318 Val set acc: 0.9520 Val ECE: 0.7214
====> Epoch: 227 Training loss: 0.0004  Val set loss: 0.4432 Val set acc: 0.9530 Val ECE: 0.7225
====> Epoch: 228 Training loss: 0.0002  Val set loss: 0.4378 Val set acc: 0.9528 Val ECE: 0.7222
====> Epoch: 229 Training loss: 0.0002  Val set loss: 0.4431 Val set acc: 0.9554 Val ECE: 0.7248
====> Epoch: 230 Training loss: 0.0003  Val set loss: 0.4504 Val set acc: 0.9520 Val ECE: 0.7213
====> Epoch: 231 Training loss: 0.0009  Val set loss: 0.4356 Val set acc: 0.9520 Val ECE: 0.7214
====> Epoch: 232 Training loss: 0.0005  Val set loss: 0.4373 Val set acc: 0.9558 Val ECE: 0.7251
====> Epoch: 233 Training loss: 0.0004  Val set loss: 0.4092 Val set acc: 0.9536 Val ECE: 0.7229
====> Epoch: 234 Training loss: 0.0004  Val set loss: 0.4152 Val set acc: 0.9532 Val ECE: 0.7226
====> Epoch: 235 Training loss: 0.0002  Val set loss: 0.4165 Val set acc: 0.9528 Val ECE: 0.7223
====> Epoch: 236 Training loss: 0.0002  Val set loss: 0.4241 Val set acc: 0.9512 Val ECE: 0.7207
====> Epoch: 237 Training loss: 0.0001  Val set loss: 0.4342 Val set acc: 0.9506 Val ECE: 0.7199
====> Epoch: 238 Training loss: 0.0003  Val set loss: 0.4356 Val set acc: 0.9500 Val ECE: 0.7196
====> Epoch: 239 Training loss: 0.0001  Val set loss: 0.4215 Val set acc: 0.9518 Val ECE: 0.7212
====> Epoch: 240 Training loss: 0.0002  Val set loss: 0.4083 Val set acc: 0.9524 Val ECE: 0.7219
====> Epoch: 241 Training loss: 0.0002  Val set loss: 0.4518 Val set acc: 0.9528 Val ECE: 0.7221
====> Epoch: 242 Training loss: 0.0005  Val set loss: 0.4732 Val set acc: 0.9508 Val ECE: 0.7201
====> Epoch: 243 Training loss: 0.0004  Val set loss: 0.4344 Val set acc: 0.9516 Val ECE: 0.7210
====> Epoch: 244 Training loss: 0.0003  Val set loss: 0.4352 Val set acc: 0.9508 Val ECE: 0.7203
====> Epoch: 245 Training loss: 0.0004  Val set loss: 0.4301 Val set acc: 0.9528 Val ECE: 0.7222
====> Epoch: 246 Training loss: 0.0006  Val set loss: 0.4365 Val set acc: 0.9518 Val ECE: 0.7213
====> Epoch: 247 Training loss: 0.0004  Val set loss: 0.4395 Val set acc: 0.9510 Val ECE: 0.7205
====> Epoch: 248 Training loss: 0.0004  Val set loss: 0.4059 Val set acc: 0.9516 Val ECE: 0.7212
====> Epoch: 249 Training loss: 0.0003  Val set loss: 0.4403 Val set acc: 0.9534 Val ECE: 0.7230
PF_fix round 2
fix fc parameters
fix layer4 parameters
====> Epoch: 250 Training loss: 0.0002  Val set loss: 0.4338 Val set acc: 0.9524 Val ECE: 0.7220
====> Epoch: 251 Training loss: 0.0004  Val set loss: 0.4379 Val set acc: 0.9540 Val ECE: 0.7235
====> Epoch: 252 Training loss: 0.0003  Val set loss: 0.4094 Val set acc: 0.9528 Val ECE: 0.7223
====> Epoch: 253 Training loss: 0.0001  Val set loss: 0.4206 Val set acc: 0.9540 Val ECE: 0.7236
====> Epoch: 254 Training loss: 0.0001  Val set loss: 0.4188 Val set acc: 0.9548 Val ECE: 0.7244
====> Epoch: 255 Training loss: 0.0002  Val set loss: 0.4100 Val set acc: 0.9534 Val ECE: 0.7229
====> Epoch: 256 Training loss: 0.0001  Val set loss: 0.4166 Val set acc: 0.9528 Val ECE: 0.7223
====> Epoch: 257 Training loss: 0.0003  Val set loss: 0.4138 Val set acc: 0.9546 Val ECE: 0.7241
====> Epoch: 258 Training loss: 0.0001  Val set loss: 0.4068 Val set acc: 0.9556 Val ECE: 0.7251
====> Epoch: 259 Training loss: 0.0001  Val set loss: 0.4027 Val set acc: 0.9554 Val ECE: 0.7250
====> Epoch: 260 Training loss: 0.0002  Val set loss: 0.4069 Val set acc: 0.9548 Val ECE: 0.7243
====> Epoch: 261 Training loss: 0.0002  Val set loss: 0.4129 Val set acc: 0.9548 Val ECE: 0.7244
====> Epoch: 262 Training loss: 0.0001  Val set loss: 0.4066 Val set acc: 0.9550 Val ECE: 0.7247
====> Epoch: 263 Training loss: 0.0001  Val set loss: 0.4026 Val set acc: 0.9552 Val ECE: 0.7246
====> Epoch: 264 Training loss: 0.0001  Val set loss: 0.4123 Val set acc: 0.9548 Val ECE: 0.7244
====> Epoch: 265 Training loss: 0.0000  Val set loss: 0.3993 Val set acc: 0.9552 Val ECE: 0.7248
====> Epoch: 266 Training loss: 0.0001  Val set loss: 0.4068 Val set acc: 0.9550 Val ECE: 0.7245
====> Epoch: 267 Training loss: 0.0000  Val set loss: 0.3989 Val set acc: 0.9562 Val ECE: 0.7257
====> Epoch: 268 Training loss: 0.0000  Val set loss: 0.4043 Val set acc: 0.9540 Val ECE: 0.7235
====> Epoch: 269 Training loss: 0.0000  Val set loss: 0.4047 Val set acc: 0.9556 Val ECE: 0.7250
====> Epoch: 270 Training loss: 0.0001  Val set loss: 0.4031 Val set acc: 0.9554 Val ECE: 0.7249
====> Epoch: 271 Training loss: 0.0001  Val set loss: 0.3949 Val set acc: 0.9544 Val ECE: 0.7239
====> Epoch: 272 Training loss: 0.0000  Val set loss: 0.3933 Val set acc: 0.9576 Val ECE: 0.7272
====> Epoch: 273 Training loss: 0.0001  Val set loss: 0.3861 Val set acc: 0.9572 Val ECE: 0.7268
====> Epoch: 274 Training loss: 0.0000  Val set loss: 0.3919 Val set acc: 0.9568 Val ECE: 0.7264
====> Epoch: 275 Training loss: 0.0000  Val set loss: 0.4029 Val set acc: 0.9552 Val ECE: 0.7247
====> Epoch: 276 Training loss: 0.0002  Val set loss: 0.3888 Val set acc: 0.9560 Val ECE: 0.7255
====> Epoch: 277 Training loss: 0.0001  Val set loss: 0.3935 Val set acc: 0.9552 Val ECE: 0.7247
====> Epoch: 278 Training loss: 0.0000  Val set loss: 0.3922 Val set acc: 0.9558 Val ECE: 0.7252
====> Epoch: 279 Training loss: 0.0000  Val set loss: 0.3992 Val set acc: 0.9548 Val ECE: 0.7242
====> Epoch: 280 Training loss: 0.0000  Val set loss: 0.3928 Val set acc: 0.9562 Val ECE: 0.7258
====> Epoch: 281 Training loss: 0.0000  Val set loss: 0.3895 Val set acc: 0.9550 Val ECE: 0.7245
====> Epoch: 282 Training loss: 0.0000  Val set loss: 0.3942 Val set acc: 0.9562 Val ECE: 0.7257
====> Epoch: 283 Training loss: 0.0001  Val set loss: 0.3945 Val set acc: 0.9558 Val ECE: 0.7252
====> Epoch: 284 Training loss: 0.0000  Val set loss: 0.3987 Val set acc: 0.9552 Val ECE: 0.7246
====> Epoch: 285 Training loss: 0.0000  Val set loss: 0.3948 Val set acc: 0.9564 Val ECE: 0.7260
====> Epoch: 286 Training loss: 0.0000  Val set loss: 0.3954 Val set acc: 0.9550 Val ECE: 0.7245
====> Epoch: 287 Training loss: 0.0000  Val set loss: 0.3853 Val set acc: 0.9562 Val ECE: 0.7257
====> Epoch: 288 Training loss: 0.0000  Val set loss: 0.4011 Val set acc: 0.9562 Val ECE: 0.7257
====> Epoch: 289 Training loss: 0.0000  Val set loss: 0.3909 Val set acc: 0.9550 Val ECE: 0.7245
====> Epoch: 290 Training loss: 0.0000  Val set loss: 0.3894 Val set acc: 0.9572 Val ECE: 0.7266
====> Epoch: 291 Training loss: 0.0000  Val set loss: 0.3847 Val set acc: 0.9566 Val ECE: 0.7262
====> Epoch: 292 Training loss: 0.0000  Val set loss: 0.3995 Val set acc: 0.9550 Val ECE: 0.7244
====> Epoch: 293 Training loss: 0.0001  Val set loss: 0.3852 Val set acc: 0.9560 Val ECE: 0.7256
====> Epoch: 294 Training loss: 0.0000  Val set loss: 0.3836 Val set acc: 0.9564 Val ECE: 0.7262
====> Epoch: 295 Training loss: 0.0001  Val set loss: 0.3822 Val set acc: 0.9556 Val ECE: 0.7253
====> Epoch: 296 Training loss: 0.0000  Val set loss: 0.3823 Val set acc: 0.9574 Val ECE: 0.7269
====> Epoch: 297 Training loss: 0.0002  Val set loss: 0.3958 Val set acc: 0.9548 Val ECE: 0.7244
====> Epoch: 298 Training loss: 0.0000  Val set loss: 0.3843 Val set acc: 0.9554 Val ECE: 0.7250
====> Epoch: 299 Training loss: 0.0000  Val set loss: 0.3930 Val set acc: 0.9552 Val ECE: 0.7247
====> Epoch: 300 Training loss: 0.0000  Val set loss: 0.3862 Val set acc: 0.9562 Val ECE: 0.7259
====> Epoch: 301 Training loss: 0.0001  Val set loss: 0.3856 Val set acc: 0.9558 Val ECE: 0.7252
====> Epoch: 302 Training loss: 0.0001  Val set loss: 0.3932 Val set acc: 0.9556 Val ECE: 0.7250
====> Epoch: 303 Training loss: 0.0000  Val set loss: 0.4005 Val set acc: 0.9552 Val ECE: 0.7249
====> Epoch: 304 Training loss: 0.0000  Val set loss: 0.3998 Val set acc: 0.9560 Val ECE: 0.7255
====> Epoch: 305 Training loss: 0.0000  Val set loss: 0.3852 Val set acc: 0.9558 Val ECE: 0.7253
====> Epoch: 306 Training loss: 0.0000  Val set loss: 0.3974 Val set acc: 0.9536 Val ECE: 0.7232
====> Epoch: 307 Training loss: 0.0000  Val set loss: 0.3832 Val set acc: 0.9558 Val ECE: 0.7253
====> Epoch: 308 Training loss: 0.0000  Val set loss: 0.3912 Val set acc: 0.9550 Val ECE: 0.7246
====> Epoch: 309 Training loss: 0.0000  Val set loss: 0.3852 Val set acc: 0.9556 Val ECE: 0.7250
====> Epoch: 310 Training loss: 0.0000  Val set loss: 0.3823 Val set acc: 0.9566 Val ECE: 0.7262
====> Epoch: 311 Training loss: 0.0000  Val set loss: 0.3872 Val set acc: 0.9566 Val ECE: 0.7260
====> Epoch: 312 Training loss: 0.0000  Val set loss: 0.3874 Val set acc: 0.9564 Val ECE: 0.7260
====> Epoch: 313 Training loss: 0.0000  Val set loss: 0.3772 Val set acc: 0.9560 Val ECE: 0.7254
====> Epoch: 314 Training loss: 0.0000  Val set loss: 0.3899 Val set acc: 0.9558 Val ECE: 0.7253
====> Epoch: 315 Training loss: 0.0000  Val set loss: 0.3834 Val set acc: 0.9566 Val ECE: 0.7261
====> Epoch: 316 Training loss: 0.0001  Val set loss: 0.3887 Val set acc: 0.9568 Val ECE: 0.7263
====> Epoch: 317 Training loss: 0.0000  Val set loss: 0.3833 Val set acc: 0.9564 Val ECE: 0.7258
====> Epoch: 318 Training loss: 0.0000  Val set loss: 0.3965 Val set acc: 0.9568 Val ECE: 0.7262
====> Epoch: 319 Training loss: 0.0000  Val set loss: 0.3835 Val set acc: 0.9554 Val ECE: 0.7248
====> Epoch: 320 Training loss: 0.0000  Val set loss: 0.3906 Val set acc: 0.9562 Val ECE: 0.7256
====> Epoch: 321 Training loss: 0.0000  Val set loss: 0.3898 Val set acc: 0.9566 Val ECE: 0.7262
====> Epoch: 322 Training loss: 0.0001  Val set loss: 0.3838 Val set acc: 0.9560 Val ECE: 0.7256
====> Epoch: 323 Training loss: 0.0000  Val set loss: 0.3921 Val set acc: 0.9548 Val ECE: 0.7243
====> Epoch: 324 Training loss: 0.0000  Val set loss: 0.3816 Val set acc: 0.9572 Val ECE: 0.7268
====> Epoch: 325 Training loss: 0.0000  Val set loss: 0.3784 Val set acc: 0.9562 Val ECE: 0.7257
====> Epoch: 326 Training loss: 0.0000  Val set loss: 0.3789 Val set acc: 0.9554 Val ECE: 0.7248
====> Epoch: 327 Training loss: 0.0000  Val set loss: 0.3905 Val set acc: 0.9544 Val ECE: 0.7240
====> Epoch: 328 Training loss: 0.0000  Val set loss: 0.3843 Val set acc: 0.9540 Val ECE: 0.7234
====> Epoch: 329 Training loss: 0.0000  Val set loss: 0.3869 Val set acc: 0.9554 Val ECE: 0.7248
====> Epoch: 330 Training loss: 0.0000  Val set loss: 0.3836 Val set acc: 0.9544 Val ECE: 0.7240
====> Epoch: 331 Training loss: 0.0000  Val set loss: 0.3789 Val set acc: 0.9566 Val ECE: 0.7262
====> Epoch: 332 Training loss: 0.0000  Val set loss: 0.3938 Val set acc: 0.9538 Val ECE: 0.7233
====> Epoch: 333 Training loss: 0.0000  Val set loss: 0.3875 Val set acc: 0.9562 Val ECE: 0.7257
====> Epoch: 334 Training loss: 0.0000  Val set loss: 0.3866 Val set acc: 0.9554 Val ECE: 0.7251
====> Epoch: 335 Training loss: 0.0000  Val set loss: 0.3834 Val set acc: 0.9564 Val ECE: 0.7260
====> Epoch: 336 Training loss: 0.0001  Val set loss: 0.3766 Val set acc: 0.9564 Val ECE: 0.7258
====> Epoch: 337 Training loss: 0.0000  Val set loss: 0.3820 Val set acc: 0.9566 Val ECE: 0.7260
====> Epoch: 338 Training loss: 0.0000  Val set loss: 0.3822 Val set acc: 0.9560 Val ECE: 0.7256
====> Epoch: 339 Training loss: 0.0000  Val set loss: 0.3850 Val set acc: 0.9572 Val ECE: 0.7268
====> Epoch: 340 Training loss: 0.0001  Val set loss: 0.3790 Val set acc: 0.9566 Val ECE: 0.7262
====> Epoch: 341 Training loss: 0.0000  Val set loss: 0.3865 Val set acc: 0.9570 Val ECE: 0.7265
====> Epoch: 342 Training loss: 0.0001  Val set loss: 0.3843 Val set acc: 0.9556 Val ECE: 0.7251
====> Epoch: 343 Training loss: 0.0000  Val set loss: 0.3881 Val set acc: 0.9572 Val ECE: 0.7267
====> Epoch: 344 Training loss: 0.0000  Val set loss: 0.3715 Val set acc: 0.9582 Val ECE: 0.7277
====> Epoch: 345 Training loss: 0.0000  Val set loss: 0.3765 Val set acc: 0.9570 Val ECE: 0.7266
====> Epoch: 346 Training loss: 0.0000  Val set loss: 0.3824 Val set acc: 0.9540 Val ECE: 0.7235
====> Epoch: 347 Training loss: 0.0000  Val set loss: 0.3795 Val set acc: 0.9562 Val ECE: 0.7256
====> Epoch: 348 Training loss: 0.0000  Val set loss: 0.3823 Val set acc: 0.9570 Val ECE: 0.7264
====> Epoch: 349 Training loss: 0.0000  Val set loss: 0.3740 Val set acc: 0.9558 Val ECE: 0.7252
