resnet50_cifar10_cross_entropy_GL10_WD0.0001_220123011207
CUDA set: True
Files already downloaded and verified
Files already downloaded and verified
====> Epoch: 0 Train loss: 2.1458  Val  loss: 1.6421 Val acc: 0.3994 Val ECE: 0.0642 Test acc: 0.3929 Test ECE: 0.0706
====> Epoch: 1 Train loss: 1.4455  Val  loss: 1.3358 Val acc: 0.5330 Val ECE: 0.0980 Test acc: 0.5367 Test ECE: 0.1001
====> Epoch: 2 Train loss: 1.1327  Val  loss: 9.3535 Val acc: 0.6250 Val ECE: 0.0666 Test acc: 0.6151 Test ECE: 0.0774
PF_fix round 1
fix fc parameters
====> Epoch: 3 Train loss: 0.9373  Val  loss: 1.0257 Val acc: 0.6634 Val ECE: 0.1077 Test acc: 0.6505 Test ECE: 0.1212
====> Epoch: 4 Train loss: 0.8261  Val  loss: 0.9102 Val acc: 0.6994 Val ECE: 0.0651 Test acc: 0.6867 Test ECE: 0.0783
====> Epoch: 5 Train loss: 0.7344  Val  loss: 0.7582 Val acc: 0.7366 Val ECE: 0.0317 Test acc: 0.7298 Test ECE: 0.0389
====> Epoch: 6 Train loss: 0.6660  Val  loss: 0.7399 Val acc: 0.7414 Val ECE: 0.0345 Test acc: 0.7456 Test ECE: 0.0320
====> Epoch: 7 Train loss: 0.6064  Val  loss: 0.7849 Val acc: 0.7424 Val ECE: 0.0764 Test acc: 0.7329 Test ECE: 0.0881
====> Epoch: 8 Train loss: 0.5513  Val  loss: 0.6048 Val acc: 0.7954 Val ECE: 0.0452 Test acc: 0.7848 Test ECE: 0.0515
====> Epoch: 9 Train loss: 0.5057  Val  loss: 0.5680 Val acc: 0.8032 Val ECE: 0.0325 Test acc: 0.8042 Test ECE: 0.0313
====> Epoch: 10 Train loss: 0.4674  Val  loss: 0.5294 Val acc: 0.8240 Val ECE: 0.0387 Test acc: 0.8187 Test ECE: 0.0402
====> Epoch: 11 Train loss: 0.4399  Val  loss: 0.5536 Val acc: 0.8142 Val ECE: 0.0548 Test acc: 0.8136 Test ECE: 0.0517
====> Epoch: 12 Train loss: 0.4136  Val  loss: 0.5942 Val acc: 0.8058 Val ECE: 0.0534 Test acc: 0.7994 Test ECE: 0.0588
PF_fix round 2
fix fc parameters
fix layer4 parameters
====> Epoch: 13 Train loss: 0.3764  Val  loss: 0.4410 Val acc: 0.8498 Val ECE: 0.0254 Test acc: 0.8518 Test ECE: 0.0218
====> Epoch: 14 Train loss: 0.3521  Val  loss: 0.4975 Val acc: 0.8368 Val ECE: 0.0367 Test acc: 0.8263 Test ECE: 0.0431
PF_fix round 3
fix fc parameters
fix layer4 parameters
fix layer3 parameters
====> Epoch: 15 Train loss: 0.3388  Val  loss: 0.4325 Val acc: 0.8580 Val ECE: 0.0134 Test acc: 0.8525 Test ECE: 0.0141
====> Epoch: 16 Train loss: 0.3279  Val  loss: 0.4140 Val acc: 0.8604 Val ECE: 0.0151 Test acc: 0.8588 Test ECE: 0.0162
====> Epoch: 17 Train loss: 0.3139  Val  loss: 0.4309 Val acc: 0.8536 Val ECE: 0.0170 Test acc: 0.8562 Test ECE: 0.0119
====> Epoch: 18 Train loss: 0.3119  Val  loss: 0.4022 Val acc: 0.8646 Val ECE: 0.0098 Test acc: 0.8605 Test ECE: 0.0081
====> Epoch: 19 Train loss: 0.3102  Val  loss: 0.3662 Val acc: 0.8692 Val ECE: 0.0159 Test acc: 0.8676 Test ECE: 0.0089
====> Epoch: 20 Train loss: 0.3085  Val  loss: 0.3757 Val acc: 0.8700 Val ECE: 0.0235 Test acc: 0.8689 Test ECE: 0.0197
====> Epoch: 21 Train loss: 0.3087  Val  loss: 0.4049 Val acc: 0.8636 Val ECE: 0.0265 Test acc: 0.8637 Test ECE: 0.0281
====> Epoch: 22 Train loss: 0.3080  Val  loss: 0.3712 Val acc: 0.8746 Val ECE: 0.0343 Test acc: 0.8755 Test ECE: 0.0343
====> Epoch: 23 Train loss: 0.3144  Val  loss: 0.3584 Val acc: 0.8852 Val ECE: 0.0457 Test acc: 0.8786 Test ECE: 0.0397
====> Epoch: 24 Train loss: 0.3199  Val  loss: 0.3821 Val acc: 0.8736 Val ECE: 0.0450 Test acc: 0.8740 Test ECE: 0.0436
====> Epoch: 25 Train loss: 0.3239  Val  loss: 0.3718 Val acc: 0.8808 Val ECE: 0.0581 Test acc: 0.8770 Test ECE: 0.0528
====> Epoch: 26 Train loss: 0.3279  Val  loss: 0.3922 Val acc: 0.8754 Val ECE: 0.0590 Test acc: 0.8735 Test ECE: 0.0606
====> Epoch: 27 Train loss: 0.3384  Val  loss: 0.3859 Val acc: 0.8816 Val ECE: 0.0715 Test acc: 0.8781 Test ECE: 0.0709
====> Epoch: 28 Train loss: 0.3431  Val  loss: 0.3967 Val acc: 0.8804 Val ECE: 0.0800 Test acc: 0.8779 Test ECE: 0.0777
====> Epoch: 29 Train loss: 0.3515  Val  loss: 0.4319 Val acc: 0.8694 Val ECE: 0.0859 Test acc: 0.8668 Test ECE: 0.0853
====> Epoch: 30 Train loss: 0.3612  Val  loss: 0.4072 Val acc: 0.8806 Val ECE: 0.0945 Test acc: 0.8785 Test ECE: 0.0951
====> Epoch: 31 Train loss: 0.3760  Val  loss: 0.5066 Val acc: 0.8504 Val ECE: 0.0900 Test acc: 0.8478 Test ECE: 0.0926
====> Epoch: 32 Train loss: 0.3873  Val  loss: 0.4203 Val acc: 0.8844 Val ECE: 0.1093 Test acc: 0.8862 Test ECE: 0.1123
====> Epoch: 33 Train loss: 0.4005  Val  loss: 0.4422 Val acc: 0.8844 Val ECE: 0.1278 Test acc: 0.8825 Test ECE: 0.1266
====> Epoch: 34 Train loss: 0.4151  Val  loss: 0.4696 Val acc: 0.8754 Val ECE: 0.1323 Test acc: 0.8741 Test ECE: 0.1335
====> Epoch: 35 Train loss: 0.4334  Val  loss: 0.4938 Val acc: 0.8622 Val ECE: 0.1158 Test acc: 0.8636 Test ECE: 0.1179
====> Epoch: 36 Train loss: 0.4496  Val  loss: 0.5422 Val acc: 0.8570 Val ECE: 0.1535 Test acc: 0.8586 Test ECE: 0.1539
====> Epoch: 37 Train loss: 0.4719  Val  loss: 0.5264 Val acc: 0.8720 Val ECE: 0.1643 Test acc: 0.8698 Test ECE: 0.1632
====> Epoch: 38 Train loss: 0.4936  Val  loss: 0.5177 Val acc: 0.8788 Val ECE: 0.1753 Test acc: 0.8787 Test ECE: 0.1753
====> Epoch: 39 Train loss: 0.5157  Val  loss: 0.6429 Val acc: 0.8380 Val ECE: 0.1883 Test acc: 0.8420 Test ECE: 0.1890
====> Epoch: 40 Train loss: 0.5450  Val  loss: 0.5955 Val acc: 0.8618 Val ECE: 0.2010 Test acc: 0.8590 Test ECE: 0.2016
====> Epoch: 41 Train loss: 0.5739  Val  loss: 0.7549 Val acc: 0.7944 Val ECE: 0.1806 Test acc: 0.7985 Test ECE: 0.1858
====> Epoch: 42 Train loss: 0.6073  Val  loss: 0.6383 Val acc: 0.8738 Val ECE: 0.2491 Test acc: 0.8673 Test ECE: 0.2435
====> Epoch: 43 Train loss: 0.6402  Val  loss: 0.7015 Val acc: 0.8520 Val ECE: 0.2587 Test acc: 0.8504 Test ECE: 0.2584
====> Epoch: 44 Train loss: 0.6777  Val  loss: 0.6979 Val acc: 0.8604 Val ECE: 0.2719 Test acc: 0.8640 Test ECE: 0.2780
====> Epoch: 45 Train loss: 0.7201  Val  loss: 0.7644 Val acc: 0.8606 Val ECE: 0.3145 Test acc: 0.8624 Test ECE: 0.3173
====> Epoch: 46 Train loss: 0.7595  Val  loss: 0.8038 Val acc: 0.8692 Val ECE: 0.3493 Test acc: 0.8647 Test ECE: 0.3438
====> Epoch: 47 Train loss: 0.8079  Val  loss: 0.8705 Val acc: 0.8312 Val ECE: 0.3287 Test acc: 0.8355 Test ECE: 0.3357
====> Epoch: 48 Train loss: 0.8532  Val  loss: 0.8783 Val acc: 0.8610 Val ECE: 0.3778 Test acc: 0.8628 Test ECE: 0.3823
====> Epoch: 49 Train loss: 0.9000  Val  loss: 0.9401 Val acc: 0.8700 Val ECE: 0.4241 Test acc: 0.8741 Test ECE: 0.4295
====> Epoch: 50 Train loss: 0.9501  Val  loss: 0.9879 Val acc: 0.8482 Val ECE: 0.4159 Test acc: 0.8458 Test ECE: 0.4165
====> Epoch: 51 Train loss: 1.0007  Val  loss: 1.0494 Val acc: 0.8568 Val ECE: 0.4573 Test acc: 0.8549 Test ECE: 0.4590
====> Epoch: 52 Train loss: 1.0503  Val  loss: 1.1082 Val acc: 0.8592 Val ECE: 0.4834 Test acc: 0.8555 Test ECE: 0.4793
====> Epoch: 53 Train loss: 1.1048  Val  loss: 1.1172 Val acc: 0.8676 Val ECE: 0.5020 Test acc: 0.8672 Test ECE: 0.5025
====> Epoch: 54 Train loss: 1.1556  Val  loss: 1.1759 Val acc: 0.8626 Val ECE: 0.5191 Test acc: 0.8646 Test ECE: 0.5228
====> Epoch: 55 Train loss: 1.2076  Val  loss: 1.2639 Val acc: 0.8614 Val ECE: 0.5469 Test acc: 0.8559 Test ECE: 0.5424
====> Epoch: 56 Train loss: 1.2556  Val  loss: 1.3015 Val acc: 0.8538 Val ECE: 0.5533 Test acc: 0.8611 Test ECE: 0.5604
====> Epoch: 57 Train loss: 1.3070  Val  loss: 1.3322 Val acc: 0.8568 Val ECE: 0.5663 Test acc: 0.8579 Test ECE: 0.5677
====> Epoch: 58 Train loss: 1.3557  Val  loss: 1.3699 Val acc: 0.8738 Val ECE: 0.5981 Test acc: 0.8706 Test ECE: 0.5958
====> Epoch: 59 Train loss: 1.4052  Val  loss: 1.4460 Val acc: 0.8412 Val ECE: 0.5837 Test acc: 0.8319 Test ECE: 0.5745
====> Epoch: 60 Train loss: 1.4533  Val  loss: 1.4763 Val acc: 0.8642 Val ECE: 0.6182 Test acc: 0.8598 Test ECE: 0.6143
====> Epoch: 61 Train loss: 1.4983  Val  loss: 1.5551 Val acc: 0.8482 Val ECE: 0.6209 Test acc: 0.8526 Test ECE: 0.6260
====> Epoch: 62 Train loss: 1.5423  Val  loss: 1.5544 Val acc: 0.8558 Val ECE: 0.6302 Test acc: 0.8569 Test ECE: 0.6314
====> Epoch: 63 Train loss: 1.5853  Val  loss: 1.6003 Val acc: 0.8698 Val ECE: 0.6561 Test acc: 0.8594 Test ECE: 0.6457
====> Epoch: 64 Train loss: 1.6260  Val  loss: 1.6585 Val acc: 0.8782 Val ECE: 0.6788 Test acc: 0.8758 Test ECE: 0.6770
====> Epoch: 65 Train loss: 1.6661  Val  loss: 1.6789 Val acc: 0.8750 Val ECE: 0.6798 Test acc: 0.8751 Test ECE: 0.6805
====> Epoch: 66 Train loss: 1.7035  Val  loss: 1.7164 Val acc: 0.8576 Val ECE: 0.6692 Test acc: 0.8589 Test ECE: 0.6706
====> Epoch: 67 Train loss: 1.7405  Val  loss: 1.7602 Val acc: 0.8680 Val ECE: 0.6894 Test acc: 0.8645 Test ECE: 0.6862
====> Epoch: 68 Train loss: 1.7767  Val  loss: 1.7847 Val acc: 0.8792 Val ECE: 0.7054 Test acc: 0.8768 Test ECE: 0.7033
====> Epoch: 69 Train loss: 1.8087  Val  loss: 1.8311 Val acc: 0.8664 Val ECE: 0.7009 Test acc: 0.8631 Test ECE: 0.6979
====> Epoch: 70 Train loss: 1.8407  Val  loss: 1.8633 Val acc: 0.8426 Val ECE: 0.6816 Test acc: 0.8435 Test ECE: 0.6827
====> Epoch: 71 Train loss: 1.8712  Val  loss: 1.9067 Val acc: 0.8402 Val ECE: 0.6868 Test acc: 0.8451 Test ECE: 0.6919
====> Epoch: 72 Train loss: 1.9000  Val  loss: 1.9206 Val acc: 0.8254 Val ECE: 0.6739 Test acc: 0.8315 Test ECE: 0.6801
====> Epoch: 73 Train loss: 1.9270  Val  loss: 1.9389 Val acc: 0.8590 Val ECE: 0.7117 Test acc: 0.8590 Test ECE: 0.7118
====> Epoch: 74 Train loss: 1.9531  Val  loss: 1.9678 Val acc: 0.8680 Val ECE: 0.7255 Test acc: 0.8666 Test ECE: 0.7243
====> Epoch: 75 Train loss: 1.9773  Val  loss: 1.9873 Val acc: 0.8518 Val ECE: 0.7118 Test acc: 0.8493 Test ECE: 0.7093
====> Epoch: 76 Train loss: 2.0009  Val  loss: 2.0172 Val acc: 0.8598 Val ECE: 0.7243 Test acc: 0.8598 Test ECE: 0.7245
====> Epoch: 77 Train loss: 2.0218  Val  loss: 2.0379 Val acc: 0.8370 Val ECE: 0.7044 Test acc: 0.8369 Test ECE: 0.7044
====> Epoch: 78 Train loss: 2.0429  Val  loss: 2.0529 Val acc: 0.8668 Val ECE: 0.7366 Test acc: 0.8622 Test ECE: 0.7321
====> Epoch: 79 Train loss: 2.0622  Val  loss: 2.0821 Val acc: 0.8142 Val ECE: 0.6871 Test acc: 0.8088 Test ECE: 0.6818
====> Epoch: 80 Train loss: 2.0809  Val  loss: 2.0911 Val acc: 0.8362 Val ECE: 0.7110 Test acc: 0.8374 Test ECE: 0.7123
====> Epoch: 81 Train loss: 2.0981  Val  loss: 2.1068 Val acc: 0.8730 Val ECE: 0.7502 Test acc: 0.8728 Test ECE: 0.7501
====> Epoch: 82 Train loss: 2.1144  Val  loss: 2.1232 Val acc: 0.8566 Val ECE: 0.7358 Test acc: 0.8535 Test ECE: 0.7327
====> Epoch: 83 Train loss: 2.1299  Val  loss: 2.1343 Val acc: 0.8716 Val ECE: 0.7524 Test acc: 0.8703 Test ECE: 0.7511
====> Epoch: 84 Train loss: 2.1444  Val  loss: 2.1559 Val acc: 0.8454 Val ECE: 0.7286 Test acc: 0.8480 Test ECE: 0.7313
====> Epoch: 85 Train loss: 2.1581  Val  loss: 2.1631 Val acc: 0.8550 Val ECE: 0.7391 Test acc: 0.8523 Test ECE: 0.7365
====> Epoch: 86 Train loss: 2.1710  Val  loss: 2.1778 Val acc: 0.8356 Val ECE: 0.7215 Test acc: 0.8377 Test ECE: 0.7236
====> Epoch: 87 Train loss: 2.1828  Val  loss: 2.1909 Val acc: 0.8414 Val ECE: 0.7289 Test acc: 0.8388 Test ECE: 0.7264
====> Epoch: 88 Train loss: 2.1941  Val  loss: 2.2024 Val acc: 0.7872 Val ECE: 0.6757 Test acc: 0.7775 Test ECE: 0.6660
====> Epoch: 89 Train loss: 2.2044  Val  loss: 2.2114 Val acc: 0.8054 Val ECE: 0.6951 Test acc: 0.8061 Test ECE: 0.6958
====> Epoch: 90 Train loss: 2.2143  Val  loss: 2.2217 Val acc: 0.8294 Val ECE: 0.7204 Test acc: 0.8257 Test ECE: 0.7168
====> Epoch: 91 Train loss: 2.2230  Val  loss: 2.2320 Val acc: 0.8292 Val ECE: 0.7214 Test acc: 0.8298 Test ECE: 0.7220
====> Epoch: 92 Train loss: 2.2313  Val  loss: 2.2378 Val acc: 0.8176 Val ECE: 0.7104 Test acc: 0.8130 Test ECE: 0.7059
====> Epoch: 93 Train loss: 2.2392  Val  loss: 2.2435 Val acc: 0.8352 Val ECE: 0.7288 Test acc: 0.8300 Test ECE: 0.7236
====> Epoch: 94 Train loss: 2.2466  Val  loss: 2.2500 Val acc: 0.7872 Val ECE: 0.6814 Test acc: 0.7942 Test ECE: 0.6884
====> Epoch: 95 Train loss: 2.2534  Val  loss: 2.2566 Val acc: 0.7442 Val ECE: 0.6390 Test acc: 0.7477 Test ECE: 0.6425
====> Epoch: 96 Train loss: 2.2597  Val  loss: 2.2625 Val acc: 0.7450 Val ECE: 0.6405 Test acc: 0.7397 Test ECE: 0.6352
====> Epoch: 97 Train loss: 2.2653  Val  loss: 2.2676 Val acc: 0.6790 Val ECE: 0.5750 Test acc: 0.6796 Test ECE: 0.5756
====> Epoch: 98 Train loss: 2.2701  Val  loss: 2.2723 Val acc: 0.6222 Val ECE: 0.5186 Test acc: 0.6253 Test ECE: 0.5217
====> Epoch: 99 Train loss: 2.2742  Val  loss: 2.2759 Val acc: 0.5798 Val ECE: 0.4766 Test acc: 0.5785 Test ECE: 0.4753
====> Epoch: 100 Train loss: 2.2778  Val  loss: 2.2782 Val acc: 0.5590 Val ECE: 0.4560 Test acc: 0.5647 Test ECE: 0.4617
====> Epoch: 101 Train loss: 2.2809  Val  loss: 2.2817 Val acc: 0.4778 Val ECE: 0.3751 Test acc: 0.4888 Test ECE: 0.3861
====> Epoch: 102 Train loss: 2.2837  Val  loss: 2.2843 Val acc: 0.4258 Val ECE: 0.3233 Test acc: 0.4346 Test ECE: 0.3321
====> Epoch: 103 Train loss: 2.2861  Val  loss: 2.2861 Val acc: 0.4144 Val ECE: 0.3120 Test acc: 0.4269 Test ECE: 0.3245
====> Epoch: 104 Train loss: 2.2882  Val  loss: 2.2882 Val acc: 0.3470 Val ECE: 0.2448 Test acc: 0.3582 Test ECE: 0.2560
====> Epoch: 105 Train loss: 2.2900  Val  loss: 2.2904 Val acc: 0.3090 Val ECE: 0.2070 Test acc: 0.3152 Test ECE: 0.2132
====> Epoch: 106 Train loss: 2.2916  Val  loss: 2.2916 Val acc: 0.2728 Val ECE: 0.1708 Test acc: 0.2743 Test ECE: 0.1723
====> Epoch: 107 Train loss: 2.2929  Val  loss: 2.2933 Val acc: 0.2536 Val ECE: 0.1518 Test acc: 0.2537 Test ECE: 0.1519
====> Epoch: 108 Train loss: 2.2941  Val  loss: 2.2944 Val acc: 0.2308 Val ECE: 0.1290 Test acc: 0.2302 Test ECE: 0.1284
====> Epoch: 109 Train loss: 2.2952  Val  loss: 2.2959 Val acc: 0.1886 Val ECE: 0.0869 Test acc: 0.1922 Test ECE: 0.0905
====> Epoch: 110 Train loss: 2.2961  Val  loss: 2.2963 Val acc: 0.1796 Val ECE: 0.0780 Test acc: 0.1798 Test ECE: 0.0782
====> Epoch: 111 Train loss: 2.2969  Val  loss: 2.2974 Val acc: 0.1618 Val ECE: 0.0602 Test acc: 0.1644 Test ECE: 0.0628
====> Epoch: 112 Train loss: 2.2976  Val  loss: 2.2979 Val acc: 0.1450 Val ECE: 0.0435 Test acc: 0.1491 Test ECE: 0.0476
====> Epoch: 113 Train loss: 2.2982  Val  loss: 2.2985 Val acc: 0.1488 Val ECE: 0.0474 Test acc: 0.1550 Test ECE: 0.0536
====> Epoch: 114 Train loss: 2.2988  Val  loss: 2.2990 Val acc: 0.1330 Val ECE: 0.0316 Test acc: 0.1340 Test ECE: 0.0326
====> Epoch: 115 Train loss: 2.2993  Val  loss: 2.2996 Val acc: 0.1186 Val ECE: 0.0173 Test acc: 0.1199 Test ECE: 0.0186
====> Epoch: 116 Train loss: 2.2997  Val  loss: 2.3000 Val acc: 0.1206 Val ECE: 0.0193 Test acc: 0.1246 Test ECE: 0.0233
====> Epoch: 117 Train loss: 2.3001  Val  loss: 2.3003 Val acc: 0.1148 Val ECE: 0.0136 Test acc: 0.1164 Test ECE: 0.0152
====> Epoch: 118 Train loss: 2.3005  Val  loss: 2.3008 Val acc: 0.1056 Val ECE: 0.0044 Test acc: 0.1098 Test ECE: 0.0086
====> Epoch: 119 Train loss: 2.3008  Val  loss: 2.3010 Val acc: 0.0968 Val ECE: 0.0043 Test acc: 0.1025 Test ECE: 0.0014
====> Epoch: 120 Train loss: 2.3011  Val  loss: 2.3013 Val acc: 0.0948 Val ECE: 0.0063 Test acc: 0.1000 Test ECE: 0.0011
====> Epoch: 121 Train loss: 2.3013  Val  loss: 2.3015 Val acc: 0.0948 Val ECE: 0.0063 Test acc: 0.1000 Test ECE: 0.0011
====> Epoch: 122 Train loss: 2.3015  Val  loss: 2.3017 Val acc: 0.0948 Val ECE: 0.0062 Test acc: 0.1000 Test ECE: 0.0010
====> Epoch: 123 Train loss: 2.3017  Val  loss: 2.3018 Val acc: 0.0948 Val ECE: 0.0062 Test acc: 0.1000 Test ECE: 0.0010
====> Epoch: 124 Train loss: 2.3019  Val  loss: 2.3020 Val acc: 0.0948 Val ECE: 0.0061 Test acc: 0.1000 Test ECE: 0.0009
====> Epoch: 125 Train loss: 2.3020  Val  loss: 2.3021 Val acc: 0.0948 Val ECE: 0.0061 Test acc: 0.1000 Test ECE: 0.0009
====> Epoch: 126 Train loss: 2.3021  Val  loss: 2.3022 Val acc: 0.0948 Val ECE: 0.0061 Test acc: 0.1000 Test ECE: 0.0009
====> Epoch: 127 Train loss: 2.3022  Val  loss: 2.3022 Val acc: 0.0948 Val ECE: 0.0061 Test acc: 0.1000 Test ECE: 0.0009
====> Epoch: 128 Train loss: 2.3023  Val  loss: 2.3023 Val acc: 0.0948 Val ECE: 0.0060 Test acc: 0.1000 Test ECE: 0.0008
====> Epoch: 129 Train loss: 2.3023  Val  loss: 2.3024 Val acc: 0.0948 Val ECE: 0.0060 Test acc: 0.1000 Test ECE: 0.0008
====> Epoch: 130 Train loss: 2.3024  Val  loss: 2.3024 Val acc: 0.0948 Val ECE: 0.0060 Test acc: 0.1000 Test ECE: 0.0008
====> Epoch: 131 Train loss: 2.3024  Val  loss: 2.3025 Val acc: 0.0948 Val ECE: 0.0059 Test acc: 0.1000 Test ECE: 0.0007
====> Epoch: 132 Train loss: 2.3024  Val  loss: 2.3025 Val acc: 0.0948 Val ECE: 0.0059 Test acc: 0.1000 Test ECE: 0.0007
====> Epoch: 133 Train loss: 2.3025  Val  loss: 2.3025 Val acc: 0.0948 Val ECE: 0.0059 Test acc: 0.1000 Test ECE: 0.0007
====> Epoch: 134 Train loss: 2.3025  Val  loss: 2.3025 Val acc: 0.0948 Val ECE: 0.0059 Test acc: 0.1000 Test ECE: 0.0007
====> Epoch: 135 Train loss: 2.3025  Val  loss: 2.3026 Val acc: 0.0948 Val ECE: 0.0058 Test acc: 0.1000 Test ECE: 0.0006
====> Epoch: 136 Train loss: 2.3025  Val  loss: 2.3026 Val acc: 0.0948 Val ECE: 0.0058 Test acc: 0.1000 Test ECE: 0.0006
====> Epoch: 137 Train loss: 2.3025  Val  loss: 2.3026 Val acc: 0.0948 Val ECE: 0.0058 Test acc: 0.1000 Test ECE: 0.0006
====> Epoch: 138 Train loss: 2.3025  Val  loss: 2.3026 Val acc: 0.0948 Val ECE: 0.0058 Test acc: 0.1000 Test ECE: 0.0006
====> Epoch: 139 Train loss: 2.3026  Val  loss: 2.3026 Val acc: 0.0948 Val ECE: 0.0058 Test acc: 0.1000 Test ECE: 0.0006
====> Epoch: 140 Train loss: 2.3026  Val  loss: 2.3026 Val acc: 0.0948 Val ECE: 0.0057 Test acc: 0.1000 Test ECE: 0.0005
====> Epoch: 141 Train loss: 2.3026  Val  loss: 2.3026 Val acc: 0.0948 Val ECE: 0.0057 Test acc: 0.1000 Test ECE: 0.0005
====> Epoch: 142 Train loss: 2.3026  Val  loss: 2.3026 Val acc: 0.0948 Val ECE: 0.0057 Test acc: 0.1000 Test ECE: 0.0005
====> Epoch: 143 Train loss: 2.3026  Val  loss: 2.3026 Val acc: 0.0948 Val ECE: 0.0057 Test acc: 0.1000 Test ECE: 0.0005
====> Epoch: 144 Train loss: 2.3026  Val  loss: 2.3026 Val acc: 0.0948 Val ECE: 0.0057 Test acc: 0.1000 Test ECE: 0.0005
====> Epoch: 145 Train loss: 2.3026  Val  loss: 2.3026 Val acc: 0.0948 Val ECE: 0.0057 Test acc: 0.1000 Test ECE: 0.0005
====> Epoch: 146 Train loss: 2.3026  Val  loss: 2.3026 Val acc: 0.0948 Val ECE: 0.0056 Test acc: 0.1000 Test ECE: 0.0004
====> Epoch: 147 Train loss: 2.3026  Val  loss: 2.3026 Val acc: 0.0948 Val ECE: 0.0056 Test acc: 0.1000 Test ECE: 0.0004
====> Epoch: 148 Train loss: 2.3026  Val  loss: 2.3026 Val acc: 0.0948 Val ECE: 0.0056 Test acc: 0.1000 Test ECE: 0.0004
====> Epoch: 149 Train loss: 2.3026  Val  loss: 2.3026 Val acc: 0.0948 Val ECE: 0.0056 Test acc: 0.1000 Test ECE: 0.0004
====> Epoch: 150 Train loss: 2.3026  Val  loss: 2.3026 Val acc: 0.0948 Val ECE: 0.0056 Test acc: 0.1000 Test ECE: 0.0004
====> Epoch: 151 Train loss: 2.3026  Val  loss: 2.3026 Val acc: 0.0948 Val ECE: 0.0056 Test acc: 0.1000 Test ECE: 0.0004
====> Epoch: 152 Train loss: 2.3026  Val  loss: 2.3026 Val acc: 0.0948 Val ECE: 0.0056 Test acc: 0.1000 Test ECE: 0.0004
====> Epoch: 153 Train loss: 2.3026  Val  loss: 2.3026 Val acc: 0.0948 Val ECE: 0.0056 Test acc: 0.1000 Test ECE: 0.0004
====> Epoch: 154 Train loss: 2.3026  Val  loss: 2.3026 Val acc: 0.0948 Val ECE: 0.0056 Test acc: 0.1000 Test ECE: 0.0004
====> Epoch: 155 Train loss: 2.3026  Val  loss: 2.3026 Val acc: 0.0948 Val ECE: 0.0056 Test acc: 0.1000 Test ECE: 0.0004
====> Epoch: 156 Train loss: 2.3026  Val  loss: 2.3026 Val acc: 0.0948 Val ECE: 0.0056 Test acc: 0.1000 Test ECE: 0.0004
====> Epoch: 157 Train loss: 2.3026  Val  loss: 2.3026 Val acc: 0.0948 Val ECE: 0.0056 Test acc: 0.1000 Test ECE: 0.0004
====> Epoch: 158 Train loss: 2.3026  Val  loss: 2.3026 Val acc: 0.0948 Val ECE: 0.0056 Test acc: 0.1000 Test ECE: 0.0004
====> Epoch: 159 Train loss: 2.3026  Val  loss: 2.3026 Val acc: 0.0948 Val ECE: 0.0056 Test acc: 0.1000 Test ECE: 0.0004
====> Epoch: 160 Train loss: 2.3026  Val  loss: 2.3026 Val acc: 0.0948 Val ECE: 0.0056 Test acc: 0.1000 Test ECE: 0.0004
====> Epoch: 161 Train loss: 2.3026  Val  loss: 2.3026 Val acc: 0.0948 Val ECE: 0.0056 Test acc: 0.1000 Test ECE: 0.0004
====> Epoch: 162 Train loss: 2.3026  Val  loss: 2.3026 Val acc: 0.0948 Val ECE: 0.0056 Test acc: 0.1000 Test ECE: 0.0004
====> Epoch: 163 Train loss: 2.3026  Val  loss: 2.3026 Val acc: 0.0948 Val ECE: 0.0056 Test acc: 0.1000 Test ECE: 0.0004
====> Epoch: 164 Train loss: 2.3026  Val  loss: 2.3026 Val acc: 0.0948 Val ECE: 0.0056 Test acc: 0.1000 Test ECE: 0.0004
====> Epoch: 165 Train loss: 2.3026  Val  loss: 2.3026 Val acc: 0.0948 Val ECE: 0.0056 Test acc: 0.1000 Test ECE: 0.0004
====> Epoch: 166 Train loss: 2.3026  Val  loss: 2.3026 Val acc: 0.0948 Val ECE: 0.0056 Test acc: 0.1000 Test ECE: 0.0004
====> Epoch: 167 Train loss: 2.3026  Val  loss: 2.3026 Val acc: 0.0948 Val ECE: 0.0056 Test acc: 0.1000 Test ECE: 0.0004
====> Epoch: 168 Train loss: 2.3026  Val  loss: 2.3026 Val acc: 0.0948 Val ECE: 0.0056 Test acc: 0.1000 Test ECE: 0.0004
====> Epoch: 169 Train loss: 2.3026  Val  loss: 2.3026 Val acc: 0.0948 Val ECE: 0.0056 Test acc: 0.1000 Test ECE: 0.0004
====> Epoch: 170 Train loss: 2.3026  Val  loss: 2.3026 Val acc: 0.0948 Val ECE: 0.0056 Test acc: 0.1000 Test ECE: 0.0004
====> Epoch: 171 Train loss: 2.3026  Val  loss: 2.3026 Val acc: 0.0948 Val ECE: 0.0056 Test acc: 0.1000 Test ECE: 0.0004
====> Epoch: 172 Train loss: 2.3026  Val  loss: 2.3026 Val acc: 0.0948 Val ECE: 0.0056 Test acc: 0.1000 Test ECE: 0.0004
====> Epoch: 173 Train loss: 2.3026  Val  loss: 2.3026 Val acc: 0.0948 Val ECE: 0.0056 Test acc: 0.1000 Test ECE: 0.0004
====> Epoch: 174 Train loss: 2.3026  Val  loss: 2.3026 Val acc: 0.0948 Val ECE: 0.0056 Test acc: 0.1000 Test ECE: 0.0004
====> Epoch: 175 Train loss: 2.3026  Val  loss: 2.3026 Val acc: 0.0948 Val ECE: 0.0056 Test acc: 0.1000 Test ECE: 0.0004
====> Epoch: 176 Train loss: 2.3026  Val  loss: 2.3026 Val acc: 0.0948 Val ECE: 0.0056 Test acc: 0.1000 Test ECE: 0.0004
====> Epoch: 177 Train loss: 2.3026  Val  loss: 2.3026 Val acc: 0.0948 Val ECE: 0.0056 Test acc: 0.1000 Test ECE: 0.0004
====> Epoch: 178 Train loss: 2.3026  Val  loss: 2.3026 Val acc: 0.0948 Val ECE: 0.0056 Test acc: 0.1000 Test ECE: 0.0004
====> Epoch: 179 Train loss: 2.3026  Val  loss: 2.3026 Val acc: 0.0948 Val ECE: 0.0056 Test acc: 0.1000 Test ECE: 0.0004
====> Epoch: 180 Train loss: 2.3026  Val  loss: 2.3026 Val acc: 0.0948 Val ECE: 0.0056 Test acc: 0.1000 Test ECE: 0.0004
====> Epoch: 181 Train loss: 2.3026  Val  loss: 2.3026 Val acc: 0.0948 Val ECE: 0.0056 Test acc: 0.1000 Test ECE: 0.0004
====> Epoch: 182 Train loss: 2.3026  Val  loss: 2.3026 Val acc: 0.0948 Val ECE: 0.0055 Test acc: 0.1000 Test ECE: 0.0003
====> Epoch: 183 Train loss: 2.3026  Val  loss: 2.3026 Val acc: 0.0948 Val ECE: 0.0055 Test acc: 0.1000 Test ECE: 0.0003
====> Epoch: 184 Train loss: 2.3026  Val  loss: 2.3026 Val acc: 0.0948 Val ECE: 0.0055 Test acc: 0.1000 Test ECE: 0.0003
====> Epoch: 185 Train loss: 2.3026  Val  loss: 2.3026 Val acc: 0.0948 Val ECE: 0.0055 Test acc: 0.1000 Test ECE: 0.0003
====> Epoch: 186 Train loss: 2.3026  Val  loss: 2.3026 Val acc: 0.0948 Val ECE: 0.0055 Test acc: 0.1000 Test ECE: 0.0003
====> Epoch: 187 Train loss: 2.3026  Val  loss: 2.3026 Val acc: 0.0948 Val ECE: 0.0055 Test acc: 0.1000 Test ECE: 0.0003
====> Epoch: 188 Train loss: 2.3026  Val  loss: 2.3026 Val acc: 0.0948 Val ECE: 0.0055 Test acc: 0.1000 Test ECE: 0.0003
====> Epoch: 189 Train loss: 2.3026  Val  loss: 2.3026 Val acc: 0.0948 Val ECE: 0.0055 Test acc: 0.1000 Test ECE: 0.0003
====> Epoch: 190 Train loss: 2.3026  Val  loss: 2.3026 Val acc: 0.0948 Val ECE: 0.0055 Test acc: 0.1000 Test ECE: 0.0003
====> Epoch: 191 Train loss: 2.3026  Val  loss: 2.3026 Val acc: 0.0948 Val ECE: 0.0055 Test acc: 0.1000 Test ECE: 0.0003
====> Epoch: 192 Train loss: 2.3026  Val  loss: 2.3026 Val acc: 0.0948 Val ECE: 0.0055 Test acc: 0.1000 Test ECE: 0.0003
====> Epoch: 193 Train loss: 2.3026  Val  loss: 2.3026 Val acc: 0.0948 Val ECE: 0.0055 Test acc: 0.1000 Test ECE: 0.0003
====> Epoch: 194 Train loss: 2.3026  Val  loss: 2.3026 Val acc: 0.0948 Val ECE: 0.0055 Test acc: 0.1000 Test ECE: 0.0003
====> Epoch: 195 Train loss: 2.3026  Val  loss: 2.3026 Val acc: 0.0948 Val ECE: 0.0055 Test acc: 0.1000 Test ECE: 0.0003
====> Epoch: 196 Train loss: 2.3026  Val  loss: 2.3026 Val acc: 0.0948 Val ECE: 0.0055 Test acc: 0.1000 Test ECE: 0.0003
====> Epoch: 197 Train loss: 2.3026  Val  loss: 2.3026 Val acc: 0.0948 Val ECE: 0.0055 Test acc: 0.1000 Test ECE: 0.0003
====> Epoch: 198 Train loss: 2.3026  Val  loss: 2.3026 Val acc: 0.0948 Val ECE: 0.0055 Test acc: 0.1000 Test ECE: 0.0003
====> Epoch: 199 Train loss: 2.3026  Val  loss: 2.3026 Val acc: 0.0948 Val ECE: 0.0055 Test acc: 0.1000 Test ECE: 0.0003
====> Epoch: 200 Train loss: 2.3026  Val  loss: 2.3026 Val acc: 0.0948 Val ECE: 0.0055 Test acc: 0.1000 Test ECE: 0.0003
====> Epoch: 201 Train loss: 2.3026  Val  loss: 2.3026 Val acc: 0.0948 Val ECE: 0.0055 Test acc: 0.1000 Test ECE: 0.0003
====> Epoch: 202 Train loss: 2.3026  Val  loss: 2.3026 Val acc: 0.0948 Val ECE: 0.0055 Test acc: 0.1000 Test ECE: 0.0003
====> Epoch: 203 Train loss: 2.3026  Val  loss: 2.3026 Val acc: 0.0948 Val ECE: 0.0055 Test acc: 0.1000 Test ECE: 0.0003
====> Epoch: 204 Train loss: 2.3026  Val  loss: 2.3026 Val acc: 0.0948 Val ECE: 0.0055 Test acc: 0.1000 Test ECE: 0.0003
====> Epoch: 205 Train loss: 2.3026  Val  loss: 2.3026 Val acc: 0.0948 Val ECE: 0.0055 Test acc: 0.1000 Test ECE: 0.0003
====> Epoch: 206 Train loss: 2.3026  Val  loss: 2.3026 Val acc: 0.0948 Val ECE: 0.0055 Test acc: 0.1000 Test ECE: 0.0003
====> Epoch: 207 Train loss: 2.3026  Val  loss: 2.3026 Val acc: 0.0948 Val ECE: 0.0055 Test acc: 0.1000 Test ECE: 0.0003
====> Epoch: 208 Train loss: 2.3026  Val  loss: 2.3026 Val acc: 0.0948 Val ECE: 0.0055 Test acc: 0.1000 Test ECE: 0.0003
====> Epoch: 209 Train loss: 2.3026  Val  loss: 2.3026 Val acc: 0.0948 Val ECE: 0.0055 Test acc: 0.1000 Test ECE: 0.0003
====> Epoch: 210 Train loss: 2.3026  Val  loss: 2.3026 Val acc: 0.0948 Val ECE: 0.0055 Test acc: 0.1000 Test ECE: 0.0003
====> Epoch: 211 Train loss: 2.3026  Val  loss: 2.3026 Val acc: 0.0948 Val ECE: 0.0055 Test acc: 0.1000 Test ECE: 0.0003
====> Epoch: 212 Train loss: 2.3026  Val  loss: 2.3026 Val acc: 0.0948 Val ECE: 0.0055 Test acc: 0.1000 Test ECE: 0.0003
====> Epoch: 213 Train loss: 2.3026  Val  loss: 2.3026 Val acc: 0.0948 Val ECE: 0.0055 Test acc: 0.1000 Test ECE: 0.0003
====> Epoch: 214 Train loss: 2.3026  Val  loss: 2.3026 Val acc: 0.0948 Val ECE: 0.0055 Test acc: 0.1000 Test ECE: 0.0003
====> Epoch: 215 Train loss: 2.3026  Val  loss: 2.3026 Val acc: 0.0948 Val ECE: 0.0055 Test acc: 0.1000 Test ECE: 0.0003
====> Epoch: 216 Train loss: 2.3026  Val  loss: 2.3026 Val acc: 0.0948 Val ECE: 0.0055 Test acc: 0.1000 Test ECE: 0.0003
====> Epoch: 217 Train loss: 2.3026  Val  loss: 2.3026 Val acc: 0.0948 Val ECE: 0.0055 Test acc: 0.1000 Test ECE: 0.0003
====> Epoch: 218 Train loss: 2.3026  Val  loss: 2.3026 Val acc: 0.0948 Val ECE: 0.0055 Test acc: 0.1000 Test ECE: 0.0003
====> Epoch: 219 Train loss: 2.3026  Val  loss: 2.3026 Val acc: 0.0948 Val ECE: 0.0055 Test acc: 0.1000 Test ECE: 0.0003
====> Epoch: 220 Train loss: 2.3026  Val  loss: 2.3026 Val acc: 0.0948 Val ECE: 0.0055 Test acc: 0.1000 Test ECE: 0.0003
====> Epoch: 221 Train loss: 2.3026  Val  loss: 2.3026 Val acc: 0.0948 Val ECE: 0.0055 Test acc: 0.1000 Test ECE: 0.0003
====> Epoch: 222 Train loss: 2.3026  Val  loss: 2.3026 Val acc: 0.0948 Val ECE: 0.0055 Test acc: 0.1000 Test ECE: 0.0003
====> Epoch: 223 Train loss: 2.3026  Val  loss: 2.3026 Val acc: 0.0948 Val ECE: 0.0055 Test acc: 0.1000 Test ECE: 0.0003
====> Epoch: 224 Train loss: 2.3026  Val  loss: 2.3026 Val acc: 0.0948 Val ECE: 0.0055 Test acc: 0.1000 Test ECE: 0.0003
====> Epoch: 225 Train loss: 2.3026  Val  loss: 2.3026 Val acc: 0.0948 Val ECE: 0.0055 Test acc: 0.1000 Test ECE: 0.0003
====> Epoch: 226 Train loss: 2.3026  Val  loss: 2.3026 Val acc: 0.0948 Val ECE: 0.0055 Test acc: 0.1000 Test ECE: 0.0003
====> Epoch: 227 Train loss: 2.3026  Val  loss: 2.3026 Val acc: 0.0948 Val ECE: 0.0055 Test acc: 0.1000 Test ECE: 0.0003
====> Epoch: 228 Train loss: 2.3026  Val  loss: 2.3026 Val acc: 0.0948 Val ECE: 0.0055 Test acc: 0.1000 Test ECE: 0.0003
====> Epoch: 229 Train loss: 2.3026  Val  loss: 2.3026 Val acc: 0.0948 Val ECE: 0.0055 Test acc: 0.1000 Test ECE: 0.0003
====> Epoch: 230 Train loss: 2.3026  Val  loss: 2.3026 Val acc: 0.0948 Val ECE: 0.0055 Test acc: 0.1000 Test ECE: 0.0003
====> Epoch: 231 Train loss: 2.3026  Val  loss: 2.3026 Val acc: 0.0948 Val ECE: 0.0055 Test acc: 0.1000 Test ECE: 0.0003
====> Epoch: 232 Train loss: 2.3026  Val  loss: 2.3026 Val acc: 0.0948 Val ECE: 0.0055 Test acc: 0.1000 Test ECE: 0.0003
====> Epoch: 233 Train loss: 2.3026  Val  loss: 2.3026 Val acc: 0.0948 Val ECE: 0.0055 Test acc: 0.1000 Test ECE: 0.0003
====> Epoch: 234 Train loss: 2.3026  Val  loss: 2.3026 Val acc: 0.0948 Val ECE: 0.0055 Test acc: 0.1000 Test ECE: 0.0003
====> Epoch: 235 Train loss: 2.3026  Val  loss: 2.3026 Val acc: 0.0948 Val ECE: 0.0055 Test acc: 0.1000 Test ECE: 0.0003
====> Epoch: 236 Train loss: 2.3026  Val  loss: 2.3026 Val acc: 0.0948 Val ECE: 0.0055 Test acc: 0.1000 Test ECE: 0.0003
====> Epoch: 237 Train loss: 2.3026  Val  loss: 2.3026 Val acc: 0.0948 Val ECE: 0.0055 Test acc: 0.1000 Test ECE: 0.0003
====> Epoch: 238 Train loss: 2.3026  Val  loss: 2.3026 Val acc: 0.0948 Val ECE: 0.0055 Test acc: 0.1000 Test ECE: 0.0003
====> Epoch: 239 Train loss: 2.3026  Val  loss: 2.3026 Val acc: 0.0948 Val ECE: 0.0055 Test acc: 0.1000 Test ECE: 0.0003
====> Epoch: 240 Train loss: 2.3026  Val  loss: 2.3026 Val acc: 0.0948 Val ECE: 0.0055 Test acc: 0.1000 Test ECE: 0.0003
====> Epoch: 241 Train loss: 2.3026  Val  loss: 2.3026 Val acc: 0.0948 Val ECE: 0.0055 Test acc: 0.1000 Test ECE: 0.0003
====> Epoch: 242 Train loss: 2.3026  Val  loss: 2.3026 Val acc: 0.0948 Val ECE: 0.0055 Test acc: 0.1000 Test ECE: 0.0003
====> Epoch: 243 Train loss: 2.3026  Val  loss: 2.3026 Val acc: 0.0948 Val ECE: 0.0055 Test acc: 0.1000 Test ECE: 0.0003
====> Epoch: 244 Train loss: 2.3026  Val  loss: 2.3026 Val acc: 0.0948 Val ECE: 0.0055 Test acc: 0.1000 Test ECE: 0.0003
====> Epoch: 245 Train loss: 2.3026  Val  loss: 2.3026 Val acc: 0.0948 Val ECE: 0.0055 Test acc: 0.1000 Test ECE: 0.0003
====> Epoch: 246 Train loss: 2.3026  Val  loss: 2.3026 Val acc: 0.0948 Val ECE: 0.0055 Test acc: 0.1000 Test ECE: 0.0003
====> Epoch: 247 Train loss: 2.3026  Val  loss: 2.3026 Val acc: 0.0948 Val ECE: 0.0055 Test acc: 0.1000 Test ECE: 0.0003
====> Epoch: 248 Train loss: 2.3026  Val  loss: 2.3026 Val acc: 0.0948 Val ECE: 0.0055 Test acc: 0.1000 Test ECE: 0.0003
====> Epoch: 249 Train loss: 2.3026  Val  loss: 2.3026 Val acc: 0.0948 Val ECE: 0.0055 Test acc: 0.1000 Test ECE: 0.0003
====> Epoch: 250 Train loss: 2.3026  Val  loss: 2.3026 Val acc: 0.0948 Val ECE: 0.0055 Test acc: 0.1000 Test ECE: 0.0003
====> Epoch: 251 Train loss: 2.3026  Val  loss: 2.3026 Val acc: 0.0948 Val ECE: 0.0055 Test acc: 0.1000 Test ECE: 0.0003
====> Epoch: 252 Train loss: 2.3026  Val  loss: 2.3026 Val acc: 0.0948 Val ECE: 0.0055 Test acc: 0.1000 Test ECE: 0.0003
====> Epoch: 253 Train loss: 2.3026  Val  loss: 2.3026 Val acc: 0.0948 Val ECE: 0.0055 Test acc: 0.1000 Test ECE: 0.0003
====> Epoch: 254 Train loss: 2.3026  Val  loss: 2.3026 Val acc: 0.0948 Val ECE: 0.0055 Test acc: 0.1000 Test ECE: 0.0003
====> Epoch: 255 Train loss: 2.3026  Val  loss: 2.3026 Val acc: 0.0948 Val ECE: 0.0055 Test acc: 0.1000 Test ECE: 0.0003
====> Epoch: 256 Train loss: 2.3026  Val  loss: 2.3026 Val acc: 0.0948 Val ECE: 0.0055 Test acc: 0.1000 Test ECE: 0.0003
====> Epoch: 257 Train loss: 2.3026  Val  loss: 2.3026 Val acc: 0.0948 Val ECE: 0.0055 Test acc: 0.1000 Test ECE: 0.0003
====> Epoch: 258 Train loss: 2.3026  Val  loss: 2.3026 Val acc: 0.0948 Val ECE: 0.0055 Test acc: 0.1000 Test ECE: 0.0003
====> Epoch: 259 Train loss: 2.3026  Val  loss: 2.3026 Val acc: 0.0948 Val ECE: 0.0055 Test acc: 0.1000 Test ECE: 0.0003
====> Epoch: 260 Train loss: 2.3026  Val  loss: 2.3026 Val acc: 0.0948 Val ECE: 0.0055 Test acc: 0.1000 Test ECE: 0.0003
====> Epoch: 261 Train loss: 2.3026  Val  loss: 2.3026 Val acc: 0.0948 Val ECE: 0.0055 Test acc: 0.1000 Test ECE: 0.0003
====> Epoch: 262 Train loss: 2.3026  Val  loss: 2.3026 Val acc: 0.0948 Val ECE: 0.0055 Test acc: 0.1000 Test ECE: 0.0003
====> Epoch: 263 Train loss: 2.3026  Val  loss: 2.3026 Val acc: 0.0948 Val ECE: 0.0055 Test acc: 0.1000 Test ECE: 0.0003
====> Epoch: 264 Train loss: 2.3026  Val  loss: 2.3026 Val acc: 0.0948 Val ECE: 0.0055 Test acc: 0.1000 Test ECE: 0.0003
====> Epoch: 265 Train loss: 2.3026  Val  loss: 2.3026 Val acc: 0.0948 Val ECE: 0.0055 Test acc: 0.1000 Test ECE: 0.0003
====> Epoch: 266 Train loss: 2.3026  Val  loss: 2.3026 Val acc: 0.0948 Val ECE: 0.0055 Test acc: 0.1000 Test ECE: 0.0003
====> Epoch: 267 Train loss: 2.3026  Val  loss: 2.3026 Val acc: 0.0948 Val ECE: 0.0055 Test acc: 0.1000 Test ECE: 0.0003
====> Epoch: 268 Train loss: 2.3026  Val  loss: 2.3026 Val acc: 0.0948 Val ECE: 0.0055 Test acc: 0.1000 Test ECE: 0.0003
====> Epoch: 269 Train loss: 2.3026  Val  loss: 2.3026 Val acc: 0.0948 Val ECE: 0.0055 Test acc: 0.1000 Test ECE: 0.0003
====> Epoch: 270 Train loss: 2.3026  Val  loss: 2.3026 Val acc: 0.0948 Val ECE: 0.0055 Test acc: 0.1000 Test ECE: 0.0003
====> Epoch: 271 Train loss: 2.3026  Val  loss: 2.3026 Val acc: 0.0948 Val ECE: 0.0055 Test acc: 0.1000 Test ECE: 0.0003
====> Epoch: 272 Train loss: 2.3026  Val  loss: 2.3026 Val acc: 0.0948 Val ECE: 0.0055 Test acc: 0.1000 Test ECE: 0.0003
====> Epoch: 273 Train loss: 2.3026  Val  loss: 2.3026 Val acc: 0.0948 Val ECE: 0.0055 Test acc: 0.1000 Test ECE: 0.0003
====> Epoch: 274 Train loss: 2.3026  Val  loss: 2.3026 Val acc: 0.0948 Val ECE: 0.0055 Test acc: 0.1000 Test ECE: 0.0003
====> Epoch: 275 Train loss: 2.3026  Val  loss: 2.3026 Val acc: 0.0948 Val ECE: 0.0055 Test acc: 0.1000 Test ECE: 0.0003
====> Epoch: 276 Train loss: 2.3026  Val  loss: 2.3026 Val acc: 0.0948 Val ECE: 0.0055 Test acc: 0.1000 Test ECE: 0.0003
====> Epoch: 277 Train loss: 2.3026  Val  loss: 2.3026 Val acc: 0.0948 Val ECE: 0.0055 Test acc: 0.1000 Test ECE: 0.0003
====> Epoch: 278 Train loss: 2.3026  Val  loss: 2.3026 Val acc: 0.0948 Val ECE: 0.0055 Test acc: 0.1000 Test ECE: 0.0003
====> Epoch: 279 Train loss: 2.3026  Val  loss: 2.3026 Val acc: 0.0948 Val ECE: 0.0055 Test acc: 0.1000 Test ECE: 0.0003
====> Epoch: 280 Train loss: 2.3026  Val  loss: 2.3026 Val acc: 0.0948 Val ECE: 0.0055 Test acc: 0.1000 Test ECE: 0.0003
====> Epoch: 281 Train loss: 2.3026  Val  loss: 2.3026 Val acc: 0.0948 Val ECE: 0.0055 Test acc: 0.1000 Test ECE: 0.0003
====> Epoch: 282 Train loss: 2.3026  Val  loss: 2.3026 Val acc: 0.0948 Val ECE: 0.0055 Test acc: 0.1000 Test ECE: 0.0003
====> Epoch: 283 Train loss: 2.3026  Val  loss: 2.3026 Val acc: 0.0948 Val ECE: 0.0055 Test acc: 0.1000 Test ECE: 0.0003
====> Epoch: 284 Train loss: 2.3026  Val  loss: 2.3026 Val acc: 0.0948 Val ECE: 0.0055 Test acc: 0.1000 Test ECE: 0.0003
====> Epoch: 285 Train loss: 2.3026  Val  loss: 2.3026 Val acc: 0.0948 Val ECE: 0.0055 Test acc: 0.1000 Test ECE: 0.0003
====> Epoch: 286 Train loss: 2.3026  Val  loss: 2.3026 Val acc: 0.0948 Val ECE: 0.0055 Test acc: 0.1000 Test ECE: 0.0003
====> Epoch: 287 Train loss: 2.3026  Val  loss: 2.3026 Val acc: 0.0948 Val ECE: 0.0055 Test acc: 0.1000 Test ECE: 0.0003
====> Epoch: 288 Train loss: 2.3026  Val  loss: 2.3026 Val acc: 0.0948 Val ECE: 0.0055 Test acc: 0.1000 Test ECE: 0.0003
====> Epoch: 289 Train loss: 2.3026  Val  loss: 2.3026 Val acc: 0.0948 Val ECE: 0.0055 Test acc: 0.1000 Test ECE: 0.0003
====> Epoch: 290 Train loss: 2.3026  Val  loss: 2.3026 Val acc: 0.0948 Val ECE: 0.0055 Test acc: 0.1000 Test ECE: 0.0003
====> Epoch: 291 Train loss: 2.3026  Val  loss: 2.3026 Val acc: 0.0948 Val ECE: 0.0055 Test acc: 0.1000 Test ECE: 0.0003
====> Epoch: 292 Train loss: 2.3026  Val  loss: 2.3026 Val acc: 0.0948 Val ECE: 0.0055 Test acc: 0.1000 Test ECE: 0.0003
====> Epoch: 293 Train loss: 2.3026  Val  loss: 2.3026 Val acc: 0.0948 Val ECE: 0.0055 Test acc: 0.1000 Test ECE: 0.0003
====> Epoch: 294 Train loss: 2.3026  Val  loss: 2.3026 Val acc: 0.0948 Val ECE: 0.0055 Test acc: 0.1000 Test ECE: 0.0003
====> Epoch: 295 Train loss: 2.3026  Val  loss: 2.3026 Val acc: 0.0948 Val ECE: 0.0055 Test acc: 0.1000 Test ECE: 0.0003
====> Epoch: 296 Train loss: 2.3026  Val  loss: 2.3026 Val acc: 0.0948 Val ECE: 0.0055 Test acc: 0.1000 Test ECE: 0.0003
====> Epoch: 297 Train loss: 2.3026  Val  loss: 2.3026 Val acc: 0.0948 Val ECE: 0.0055 Test acc: 0.1000 Test ECE: 0.0003
====> Epoch: 298 Train loss: 2.3026  Val  loss: 2.3026 Val acc: 0.0948 Val ECE: 0.0055 Test acc: 0.1000 Test ECE: 0.0003
====> Epoch: 299 Train loss: 2.3026  Val  loss: 2.3026 Val acc: 0.0948 Val ECE: 0.0055 Test acc: 0.1000 Test ECE: 0.0003
====> Epoch: 300 Train loss: 2.3026  Val  loss: 2.3026 Val acc: 0.0948 Val ECE: 0.0055 Test acc: 0.1000 Test ECE: 0.0003
====> Epoch: 301 Train loss: 2.3026  Val  loss: 2.3026 Val acc: 0.0948 Val ECE: 0.0055 Test acc: 0.1000 Test ECE: 0.0003
====> Epoch: 302 Train loss: 2.3026  Val  loss: 2.3026 Val acc: 0.0948 Val ECE: 0.0055 Test acc: 0.1000 Test ECE: 0.0003
====> Epoch: 303 Train loss: 2.3026  Val  loss: 2.3026 Val acc: 0.0948 Val ECE: 0.0055 Test acc: 0.1000 Test ECE: 0.0003
====> Epoch: 304 Train loss: 2.3026  Val  loss: 2.3026 Val acc: 0.0948 Val ECE: 0.0055 Test acc: 0.1000 Test ECE: 0.0003
====> Epoch: 305 Train loss: 2.3026  Val  loss: 2.3026 Val acc: 0.0948 Val ECE: 0.0055 Test acc: 0.1000 Test ECE: 0.0003
====> Epoch: 306 Train loss: 2.3026  Val  loss: 2.3026 Val acc: 0.0948 Val ECE: 0.0055 Test acc: 0.1000 Test ECE: 0.0003
====> Epoch: 307 Train loss: 2.3026  Val  loss: 2.3026 Val acc: 0.0948 Val ECE: 0.0055 Test acc: 0.1000 Test ECE: 0.0003
====> Epoch: 308 Train loss: 2.3026  Val  loss: 2.3026 Val acc: 0.0948 Val ECE: 0.0055 Test acc: 0.1000 Test ECE: 0.0003
====> Epoch: 309 Train loss: 2.3026  Val  loss: 2.3026 Val acc: 0.0948 Val ECE: 0.0055 Test acc: 0.1000 Test ECE: 0.0003
====> Epoch: 310 Train loss: 2.3026  Val  loss: 2.3026 Val acc: 0.0948 Val ECE: 0.0055 Test acc: 0.1000 Test ECE: 0.0003
====> Epoch: 311 Train loss: 2.3026  Val  loss: 2.3026 Val acc: 0.0948 Val ECE: 0.0055 Test acc: 0.1000 Test ECE: 0.0003
====> Epoch: 312 Train loss: 2.3026  Val  loss: 2.3026 Val acc: 0.0948 Val ECE: 0.0055 Test acc: 0.1000 Test ECE: 0.0003
====> Epoch: 313 Train loss: 2.3026  Val  loss: 2.3026 Val acc: 0.0948 Val ECE: 0.0055 Test acc: 0.1000 Test ECE: 0.0003
====> Epoch: 314 Train loss: 2.3026  Val  loss: 2.3026 Val acc: 0.0948 Val ECE: 0.0055 Test acc: 0.1000 Test ECE: 0.0003
====> Epoch: 315 Train loss: 2.3026  Val  loss: 2.3026 Val acc: 0.0948 Val ECE: 0.0055 Test acc: 0.1000 Test ECE: 0.0003
====> Epoch: 316 Train loss: 2.3026  Val  loss: 2.3026 Val acc: 0.0948 Val ECE: 0.0055 Test acc: 0.1000 Test ECE: 0.0003
====> Epoch: 317 Train loss: 2.3026  Val  loss: 2.3026 Val acc: 0.0948 Val ECE: 0.0055 Test acc: 0.1000 Test ECE: 0.0003
====> Epoch: 318 Train loss: 2.3026  Val  loss: 2.3026 Val acc: 0.0948 Val ECE: 0.0055 Test acc: 0.1000 Test ECE: 0.0003
====> Epoch: 319 Train loss: 2.3026  Val  loss: 2.3026 Val acc: 0.0948 Val ECE: 0.0055 Test acc: 0.1000 Test ECE: 0.0003
====> Epoch: 320 Train loss: 2.3026  Val  loss: 2.3026 Val acc: 0.0948 Val ECE: 0.0055 Test acc: 0.1000 Test ECE: 0.0003
====> Epoch: 321 Train loss: 2.3026  Val  loss: 2.3026 Val acc: 0.0948 Val ECE: 0.0055 Test acc: 0.1000 Test ECE: 0.0003
====> Epoch: 322 Train loss: 2.3026  Val  loss: 2.3026 Val acc: 0.0948 Val ECE: 0.0055 Test acc: 0.1000 Test ECE: 0.0003
====> Epoch: 323 Train loss: 2.3026  Val  loss: 2.3026 Val acc: 0.0948 Val ECE: 0.0055 Test acc: 0.1000 Test ECE: 0.0003
====> Epoch: 324 Train loss: 2.3026  Val  loss: 2.3026 Val acc: 0.0948 Val ECE: 0.0055 Test acc: 0.1000 Test ECE: 0.0003
====> Epoch: 325 Train loss: 2.3026  Val  loss: 2.3026 Val acc: 0.0948 Val ECE: 0.0055 Test acc: 0.1000 Test ECE: 0.0003
====> Epoch: 326 Train loss: 2.3026  Val  loss: 2.3026 Val acc: 0.0948 Val ECE: 0.0055 Test acc: 0.1000 Test ECE: 0.0003
====> Epoch: 327 Train loss: 2.3026  Val  loss: 2.3026 Val acc: 0.0948 Val ECE: 0.0055 Test acc: 0.1000 Test ECE: 0.0003
====> Epoch: 328 Train loss: 2.3026  Val  loss: 2.3026 Val acc: 0.0948 Val ECE: 0.0055 Test acc: 0.1000 Test ECE: 0.0003
====> Epoch: 329 Train loss: 2.3026  Val  loss: 2.3026 Val acc: 0.0948 Val ECE: 0.0055 Test acc: 0.1000 Test ECE: 0.0003
====> Epoch: 330 Train loss: 2.3026  Val  loss: 2.3026 Val acc: 0.0948 Val ECE: 0.0055 Test acc: 0.1000 Test ECE: 0.0003
====> Epoch: 331 Train loss: 2.3026  Val  loss: 2.3026 Val acc: 0.0948 Val ECE: 0.0055 Test acc: 0.1000 Test ECE: 0.0003
====> Epoch: 332 Train loss: 2.3026  Val  loss: 2.3026 Val acc: 0.0948 Val ECE: 0.0055 Test acc: 0.1000 Test ECE: 0.0003
====> Epoch: 333 Train loss: 2.3026  Val  loss: 2.3026 Val acc: 0.0948 Val ECE: 0.0055 Test acc: 0.1000 Test ECE: 0.0003
====> Epoch: 334 Train loss: 2.3026  Val  loss: 2.3026 Val acc: 0.0948 Val ECE: 0.0055 Test acc: 0.1000 Test ECE: 0.0003
====> Epoch: 335 Train loss: 2.3026  Val  loss: 2.3026 Val acc: 0.0948 Val ECE: 0.0055 Test acc: 0.1000 Test ECE: 0.0003
====> Epoch: 336 Train loss: 2.3026  Val  loss: 2.3026 Val acc: 0.0948 Val ECE: 0.0055 Test acc: 0.1000 Test ECE: 0.0003
====> Epoch: 337 Train loss: 2.3026  Val  loss: 2.3026 Val acc: 0.0948 Val ECE: 0.0055 Test acc: 0.1000 Test ECE: 0.0003
====> Epoch: 338 Train loss: 2.3026  Val  loss: 2.3026 Val acc: 0.0948 Val ECE: 0.0055 Test acc: 0.1000 Test ECE: 0.0003
====> Epoch: 339 Train loss: 2.3026  Val  loss: 2.3026 Val acc: 0.0948 Val ECE: 0.0055 Test acc: 0.1000 Test ECE: 0.0003
====> Epoch: 340 Train loss: 2.3026  Val  loss: 2.3026 Val acc: 0.0948 Val ECE: 0.0055 Test acc: 0.1000 Test ECE: 0.0003
====> Epoch: 341 Train loss: 2.3026  Val  loss: 2.3026 Val acc: 0.0948 Val ECE: 0.0055 Test acc: 0.1000 Test ECE: 0.0003
====> Epoch: 342 Train loss: 2.3026  Val  loss: 2.3026 Val acc: 0.0948 Val ECE: 0.0055 Test acc: 0.1000 Test ECE: 0.0003
====> Epoch: 343 Train loss: 2.3026  Val  loss: 2.3026 Val acc: 0.0948 Val ECE: 0.0055 Test acc: 0.1000 Test ECE: 0.0003
====> Epoch: 344 Train loss: 2.3026  Val  loss: 2.3026 Val acc: 0.0948 Val ECE: 0.0055 Test acc: 0.1000 Test ECE: 0.0003
====> Epoch: 345 Train loss: 2.3026  Val  loss: 2.3026 Val acc: 0.0948 Val ECE: 0.0055 Test acc: 0.1000 Test ECE: 0.0003
====> Epoch: 346 Train loss: 2.3026  Val  loss: 2.3026 Val acc: 0.0948 Val ECE: 0.0055 Test acc: 0.1000 Test ECE: 0.0003
====> Epoch: 347 Train loss: 2.3026  Val  loss: 2.3026 Val acc: 0.0948 Val ECE: 0.0055 Test acc: 0.1000 Test ECE: 0.0003
====> Epoch: 348 Train loss: 2.3026  Val  loss: 2.3026 Val acc: 0.0948 Val ECE: 0.0055 Test acc: 0.1000 Test ECE: 0.0003
====> Epoch: 349 Train loss: 2.3026  Val  loss: 2.3026 Val acc: 0.0948 Val ECE: 0.0055 Test acc: 0.1000 Test ECE: 0.0003
