resnet50_cifar10_cross_entropy_GL5_WD0.0001_220123005944
CUDA set: True
Files already downloaded and verified
Files already downloaded and verified
====> Epoch: 0 Train loss: 2.1458  Val  loss: 1.6421 Val acc: 0.3994 Val ECE: 0.0642 Test acc: 0.3929 Test ECE: 0.0706
====> Epoch: 1 Train loss: 1.4455  Val  loss: 1.3358 Val acc: 0.5330 Val ECE: 0.0980 Test acc: 0.5367 Test ECE: 0.1001
====> Epoch: 2 Train loss: 1.1327  Val  loss: 9.3535 Val acc: 0.6250 Val ECE: 0.0666 Test acc: 0.6151 Test ECE: 0.0774
PF_fix round 1
fix fc parameters
====> Epoch: 3 Train loss: 0.9373  Val  loss: 1.0257 Val acc: 0.6634 Val ECE: 0.1077 Test acc: 0.6505 Test ECE: 0.1212
====> Epoch: 4 Train loss: 0.8261  Val  loss: 0.9102 Val acc: 0.6994 Val ECE: 0.0651 Test acc: 0.6867 Test ECE: 0.0783
====> Epoch: 5 Train loss: 0.7344  Val  loss: 0.7582 Val acc: 0.7366 Val ECE: 0.0317 Test acc: 0.7298 Test ECE: 0.0389
====> Epoch: 6 Train loss: 0.6660  Val  loss: 0.7399 Val acc: 0.7414 Val ECE: 0.0345 Test acc: 0.7456 Test ECE: 0.0320
====> Epoch: 7 Train loss: 0.6064  Val  loss: 0.7849 Val acc: 0.7424 Val ECE: 0.0764 Test acc: 0.7329 Test ECE: 0.0881
PF_fix round 2
fix fc parameters
fix layer4 parameters
====> Epoch: 8 Train loss: 0.5468  Val  loss: 0.5898 Val acc: 0.7998 Val ECE: 0.0359 Test acc: 0.7911 Test ECE: 0.0400
====> Epoch: 9 Train loss: 0.4961  Val  loss: 0.5323 Val acc: 0.8162 Val ECE: 0.0227 Test acc: 0.8172 Test ECE: 0.0194
====> Epoch: 10 Train loss: 0.4643  Val  loss: 0.4923 Val acc: 0.8326 Val ECE: 0.0268 Test acc: 0.8223 Test ECE: 0.0358
====> Epoch: 11 Train loss: 0.4398  Val  loss: 0.4917 Val acc: 0.8290 Val ECE: 0.0254 Test acc: 0.8200 Test ECE: 0.0346
====> Epoch: 12 Train loss: 0.4126  Val  loss: 0.5430 Val acc: 0.8176 Val ECE: 0.0499 Test acc: 0.8165 Test ECE: 0.0491
PF_fix round 3
fix fc parameters
fix layer4 parameters
fix layer3 parameters
====> Epoch: 13 Train loss: 0.3934  Val  loss: 0.4758 Val acc: 0.8338 Val ECE: 0.0256 Test acc: 0.8349 Test ECE: 0.0246
====> Epoch: 14 Train loss: 0.3755  Val  loss: 0.4370 Val acc: 0.8498 Val ECE: 0.0163 Test acc: 0.8442 Test ECE: 0.0209
====> Epoch: 15 Train loss: 0.3618  Val  loss: 0.4238 Val acc: 0.8526 Val ECE: 0.0123 Test acc: 0.8527 Test ECE: 0.0136
====> Epoch: 16 Train loss: 0.3584  Val  loss: 0.3998 Val acc: 0.8602 Val ECE: 0.0140 Test acc: 0.8575 Test ECE: 0.0065
====> Epoch: 17 Train loss: 0.3487  Val  loss: 0.4430 Val acc: 0.8458 Val ECE: 0.0115 Test acc: 0.8439 Test ECE: 0.0114
====> Epoch: 18 Train loss: 0.3481  Val  loss: 0.4278 Val acc: 0.8508 Val ECE: 0.0126 Test acc: 0.8474 Test ECE: 0.0096
====> Epoch: 19 Train loss: 0.3436  Val  loss: 0.3975 Val acc: 0.8604 Val ECE: 0.0193 Test acc: 0.8581 Test ECE: 0.0090
====> Epoch: 20 Train loss: 0.3459  Val  loss: 0.4000 Val acc: 0.8642 Val ECE: 0.0244 Test acc: 0.8592 Test ECE: 0.0213
====> Epoch: 21 Train loss: 0.3490  Val  loss: 0.3879 Val acc: 0.8696 Val ECE: 0.0307 Test acc: 0.8682 Test ECE: 0.0288
====> Epoch: 22 Train loss: 0.3457  Val  loss: 0.4068 Val acc: 0.8602 Val ECE: 0.0307 Test acc: 0.8630 Test ECE: 0.0281
====> Epoch: 23 Train loss: 0.3501  Val  loss: 0.3764 Val acc: 0.8730 Val ECE: 0.0415 Test acc: 0.8731 Test ECE: 0.0393
====> Epoch: 24 Train loss: 0.3529  Val  loss: 0.4183 Val acc: 0.8558 Val ECE: 0.0323 Test acc: 0.8587 Test ECE: 0.0372
====> Epoch: 25 Train loss: 0.3563  Val  loss: 0.4257 Val acc: 0.8624 Val ECE: 0.0564 Test acc: 0.8586 Test ECE: 0.0549
====> Epoch: 26 Train loss: 0.3601  Val  loss: 0.4432 Val acc: 0.8538 Val ECE: 0.0343 Test acc: 0.8506 Test ECE: 0.0362
====> Epoch: 27 Train loss: 0.3658  Val  loss: 0.3982 Val acc: 0.8752 Val ECE: 0.0605 Test acc: 0.8717 Test ECE: 0.0599
====> Epoch: 28 Train loss: 0.3711  Val  loss: 0.4342 Val acc: 0.8610 Val ECE: 0.0547 Test acc: 0.8525 Test ECE: 0.0514
====> Epoch: 29 Train loss: 0.3722  Val  loss: 0.4087 Val acc: 0.8758 Val ECE: 0.0792 Test acc: 0.8705 Test ECE: 0.0735
====> Epoch: 30 Train loss: 0.3788  Val  loss: 0.4318 Val acc: 0.8744 Val ECE: 0.0784 Test acc: 0.8626 Test ECE: 0.0699
====> Epoch: 31 Train loss: 0.3924  Val  loss: 0.4916 Val acc: 0.8468 Val ECE: 0.0757 Test acc: 0.8453 Test ECE: 0.0775
====> Epoch: 32 Train loss: 0.4043  Val  loss: 0.4509 Val acc: 0.8636 Val ECE: 0.0800 Test acc: 0.8518 Test ECE: 0.0732
====> Epoch: 33 Train loss: 0.4144  Val  loss: 0.4589 Val acc: 0.8656 Val ECE: 0.0989 Test acc: 0.8642 Test ECE: 0.0999
====> Epoch: 34 Train loss: 0.4249  Val  loss: 0.4582 Val acc: 0.8738 Val ECE: 0.1193 Test acc: 0.8688 Test ECE: 0.1149
====> Epoch: 35 Train loss: 0.4448  Val  loss: 0.5289 Val acc: 0.8322 Val ECE: 0.0814 Test acc: 0.8423 Test ECE: 0.0945
====> Epoch: 36 Train loss: 0.4597  Val  loss: 0.5078 Val acc: 0.8622 Val ECE: 0.1342 Test acc: 0.8657 Test ECE: 0.1408
====> Epoch: 37 Train loss: 0.4792  Val  loss: 0.4986 Val acc: 0.8734 Val ECE: 0.1509 Test acc: 0.8684 Test ECE: 0.1473
====> Epoch: 38 Train loss: 0.4988  Val  loss: 0.5548 Val acc: 0.8500 Val ECE: 0.1460 Test acc: 0.8486 Test ECE: 0.1440
====> Epoch: 39 Train loss: 0.5208  Val  loss: 0.5925 Val acc: 0.8486 Val ECE: 0.1700 Test acc: 0.8498 Test ECE: 0.1726
====> Epoch: 40 Train loss: 0.5477  Val  loss: 0.5583 Val acc: 0.8662 Val ECE: 0.1808 Test acc: 0.8652 Test ECE: 0.1828
====> Epoch: 41 Train loss: 0.5747  Val  loss: 0.6366 Val acc: 0.8444 Val ECE: 0.1981 Test acc: 0.8405 Test ECE: 0.1975
====> Epoch: 42 Train loss: 0.6030  Val  loss: 0.6195 Val acc: 0.8682 Val ECE: 0.2276 Test acc: 0.8593 Test ECE: 0.2202
====> Epoch: 43 Train loss: 0.6357  Val  loss: 0.6827 Val acc: 0.8414 Val ECE: 0.2269 Test acc: 0.8401 Test ECE: 0.2268
====> Epoch: 44 Train loss: 0.6693  Val  loss: 0.7550 Val acc: 0.8288 Val ECE: 0.2524 Test acc: 0.8301 Test ECE: 0.2548
====> Epoch: 45 Train loss: 0.7105  Val  loss: 0.7260 Val acc: 0.8628 Val ECE: 0.2931 Test acc: 0.8611 Test ECE: 0.2922
====> Epoch: 46 Train loss: 0.7494  Val  loss: 0.7452 Val acc: 0.8690 Val ECE: 0.3193 Test acc: 0.8705 Test ECE: 0.3213
====> Epoch: 47 Train loss: 0.7951  Val  loss: 0.8200 Val acc: 0.8532 Val ECE: 0.3359 Test acc: 0.8554 Test ECE: 0.3368
====> Epoch: 48 Train loss: 0.8393  Val  loss: 0.8927 Val acc: 0.8452 Val ECE: 0.3642 Test acc: 0.8464 Test ECE: 0.3687
====> Epoch: 49 Train loss: 0.8846  Val  loss: 0.9144 Val acc: 0.8566 Val ECE: 0.3954 Test acc: 0.8598 Test ECE: 0.3991
====> Epoch: 50 Train loss: 0.9332  Val  loss: 0.9614 Val acc: 0.8554 Val ECE: 0.4164 Test acc: 0.8523 Test ECE: 0.4153
====> Epoch: 51 Train loss: 0.9802  Val  loss: 1.0126 Val acc: 0.8434 Val ECE: 0.4208 Test acc: 0.8406 Test ECE: 0.4215
====> Epoch: 52 Train loss: 1.0290  Val  loss: 1.0563 Val acc: 0.8520 Val ECE: 0.4532 Test acc: 0.8505 Test ECE: 0.4516
====> Epoch: 53 Train loss: 1.0803  Val  loss: 1.0964 Val acc: 0.8684 Val ECE: 0.4960 Test acc: 0.8669 Test ECE: 0.4938
====> Epoch: 54 Train loss: 1.1330  Val  loss: 1.1411 Val acc: 0.8624 Val ECE: 0.5054 Test acc: 0.8614 Test ECE: 0.5068
====> Epoch: 55 Train loss: 1.1837  Val  loss: 1.2082 Val acc: 0.8572 Val ECE: 0.5240 Test acc: 0.8530 Test ECE: 0.5209
====> Epoch: 56 Train loss: 1.2311  Val  loss: 1.2298 Val acc: 0.8642 Val ECE: 0.5420 Test acc: 0.8710 Test ECE: 0.5492
====> Epoch: 57 Train loss: 1.2827  Val  loss: 1.3139 Val acc: 0.8464 Val ECE: 0.5486 Test acc: 0.8503 Test ECE: 0.5531
====> Epoch: 58 Train loss: 1.3298  Val  loss: 1.3562 Val acc: 0.8428 Val ECE: 0.5588 Test acc: 0.8395 Test ECE: 0.5566
====> Epoch: 59 Train loss: 1.3785  Val  loss: 1.3816 Val acc: 0.8600 Val ECE: 0.5875 Test acc: 0.8584 Test ECE: 0.5861
====> Epoch: 60 Train loss: 1.4276  Val  loss: 1.4506 Val acc: 0.8694 Val ECE: 0.6173 Test acc: 0.8676 Test ECE: 0.6157
====> Epoch: 61 Train loss: 1.4728  Val  loss: 1.5224 Val acc: 0.8302 Val ECE: 0.5926 Test acc: 0.8344 Test ECE: 0.5972
====> Epoch: 62 Train loss: 1.5181  Val  loss: 1.5596 Val acc: 0.8124 Val ECE: 0.5840 Test acc: 0.8195 Test ECE: 0.5911
====> Epoch: 63 Train loss: 1.5628  Val  loss: 1.5806 Val acc: 0.8620 Val ECE: 0.6437 Test acc: 0.8607 Test ECE: 0.6427
====> Epoch: 64 Train loss: 1.6042  Val  loss: 1.6259 Val acc: 0.8598 Val ECE: 0.6522 Test acc: 0.8557 Test ECE: 0.6486
====> Epoch: 65 Train loss: 1.6446  Val  loss: 1.6674 Val acc: 0.8470 Val ECE: 0.6479 Test acc: 0.8482 Test ECE: 0.6493
====> Epoch: 66 Train loss: 1.6830  Val  loss: 1.6999 Val acc: 0.8642 Val ECE: 0.6730 Test acc: 0.8617 Test ECE: 0.6706
====> Epoch: 67 Train loss: 1.7212  Val  loss: 1.7454 Val acc: 0.8382 Val ECE: 0.6554 Test acc: 0.8416 Test ECE: 0.6592
====> Epoch: 68 Train loss: 1.7593  Val  loss: 1.7704 Val acc: 0.8598 Val ECE: 0.6827 Test acc: 0.8572 Test ECE: 0.6802
====> Epoch: 69 Train loss: 1.7924  Val  loss: 1.8162 Val acc: 0.8474 Val ECE: 0.6785 Test acc: 0.8455 Test ECE: 0.6769
====> Epoch: 70 Train loss: 1.8262  Val  loss: 1.8418 Val acc: 0.8420 Val ECE: 0.6771 Test acc: 0.8318 Test ECE: 0.6673
====> Epoch: 71 Train loss: 1.8575  Val  loss: 1.8974 Val acc: 0.8128 Val ECE: 0.6565 Test acc: 0.8078 Test ECE: 0.6517
====> Epoch: 72 Train loss: 1.8878  Val  loss: 1.9022 Val acc: 0.8240 Val ECE: 0.6693 Test acc: 0.8233 Test ECE: 0.6685
====> Epoch: 73 Train loss: 1.9166  Val  loss: 1.9364 Val acc: 0.8190 Val ECE: 0.6701 Test acc: 0.8179 Test ECE: 0.6691
====> Epoch: 74 Train loss: 1.9432  Val  loss: 1.9583 Val acc: 0.8536 Val ECE: 0.7093 Test acc: 0.8623 Test ECE: 0.7183
====> Epoch: 75 Train loss: 1.9687  Val  loss: 1.9805 Val acc: 0.8346 Val ECE: 0.6931 Test acc: 0.8233 Test ECE: 0.6819
====> Epoch: 76 Train loss: 1.9932  Val  loss: 2.0039 Val acc: 0.8598 Val ECE: 0.7224 Test acc: 0.8599 Test ECE: 0.7227
====> Epoch: 77 Train loss: 2.0155  Val  loss: 2.0229 Val acc: 0.8522 Val ECE: 0.7175 Test acc: 0.8490 Test ECE: 0.7144
====> Epoch: 78 Train loss: 2.0373  Val  loss: 2.0486 Val acc: 0.8602 Val ECE: 0.7294 Test acc: 0.8604 Test ECE: 0.7297
====> Epoch: 79 Train loss: 2.0575  Val  loss: 2.0820 Val acc: 0.7978 Val ECE: 0.6704 Test acc: 0.7932 Test ECE: 0.6658
====> Epoch: 80 Train loss: 2.0769  Val  loss: 2.0833 Val acc: 0.8584 Val ECE: 0.7323 Test acc: 0.8584 Test ECE: 0.7324
====> Epoch: 81 Train loss: 2.0947  Val  loss: 2.1014 Val acc: 0.8638 Val ECE: 0.7403 Test acc: 0.8592 Test ECE: 0.7358
====> Epoch: 82 Train loss: 2.1116  Val  loss: 2.1180 Val acc: 0.8580 Val ECE: 0.7366 Test acc: 0.8547 Test ECE: 0.7333
====> Epoch: 83 Train loss: 2.1276  Val  loss: 2.1370 Val acc: 0.8372 Val ECE: 0.7180 Test acc: 0.8439 Test ECE: 0.7248
====> Epoch: 84 Train loss: 2.1426  Val  loss: 2.1518 Val acc: 0.8410 Val ECE: 0.7236 Test acc: 0.8322 Test ECE: 0.7148
====> Epoch: 85 Train loss: 2.1568  Val  loss: 2.1645 Val acc: 0.8424 Val ECE: 0.7266 Test acc: 0.8386 Test ECE: 0.7230
====> Epoch: 86 Train loss: 2.1699  Val  loss: 2.1786 Val acc: 0.8282 Val ECE: 0.7141 Test acc: 0.8321 Test ECE: 0.7180
====> Epoch: 87 Train loss: 2.1821  Val  loss: 2.1890 Val acc: 0.8248 Val ECE: 0.7120 Test acc: 0.8302 Test ECE: 0.7175
====> Epoch: 88 Train loss: 2.1938  Val  loss: 2.2044 Val acc: 0.7426 Val ECE: 0.6310 Test acc: 0.7392 Test ECE: 0.6277
====> Epoch: 89 Train loss: 2.2045  Val  loss: 2.2142 Val acc: 0.7702 Val ECE: 0.6600 Test acc: 0.7712 Test ECE: 0.6610
====> Epoch: 90 Train loss: 2.2147  Val  loss: 2.2207 Val acc: 0.8320 Val ECE: 0.7229 Test acc: 0.8237 Test ECE: 0.7147
====> Epoch: 91 Train loss: 2.2239  Val  loss: 2.2327 Val acc: 0.8028 Val ECE: 0.6950 Test acc: 0.7970 Test ECE: 0.6893
====> Epoch: 92 Train loss: 2.2327  Val  loss: 2.2370 Val acc: 0.8248 Val ECE: 0.7176 Test acc: 0.8198 Test ECE: 0.7127
====> Epoch: 93 Train loss: 2.2409  Val  loss: 2.2456 Val acc: 0.7928 Val ECE: 0.6865 Test acc: 0.7928 Test ECE: 0.6865
====> Epoch: 94 Train loss: 2.2487  Val  loss: 2.2527 Val acc: 0.7602 Val ECE: 0.6547 Test acc: 0.7638 Test ECE: 0.6583
====> Epoch: 95 Train loss: 2.2556  Val  loss: 2.2581 Val acc: 0.7150 Val ECE: 0.6099 Test acc: 0.7147 Test ECE: 0.6096
====> Epoch: 96 Train loss: 2.2618  Val  loss: 2.2641 Val acc: 0.6956 Val ECE: 0.5912 Test acc: 0.6954 Test ECE: 0.5910
====> Epoch: 97 Train loss: 2.2672  Val  loss: 2.2690 Val acc: 0.6404 Val ECE: 0.5364 Test acc: 0.6379 Test ECE: 0.5340
====> Epoch: 98 Train loss: 2.2716  Val  loss: 2.2733 Val acc: 0.5990 Val ECE: 0.4955 Test acc: 0.6041 Test ECE: 0.5006
====> Epoch: 99 Train loss: 2.2755  Val  loss: 2.2764 Val acc: 0.5462 Val ECE: 0.4430 Test acc: 0.5536 Test ECE: 0.4504
====> Epoch: 100 Train loss: 2.2788  Val  loss: 2.2792 Val acc: 0.5362 Val ECE: 0.4332 Test acc: 0.5407 Test ECE: 0.4377
====> Epoch: 101 Train loss: 2.2817  Val  loss: 2.2828 Val acc: 0.4494 Val ECE: 0.3467 Test acc: 0.4606 Test ECE: 0.3579
====> Epoch: 102 Train loss: 2.2843  Val  loss: 2.2847 Val acc: 0.4278 Val ECE: 0.3253 Test acc: 0.4431 Test ECE: 0.3406
====> Epoch: 103 Train loss: 2.2865  Val  loss: 2.2868 Val acc: 0.3978 Val ECE: 0.2954 Test acc: 0.4113 Test ECE: 0.3089
====> Epoch: 104 Train loss: 2.2885  Val  loss: 2.2885 Val acc: 0.3702 Val ECE: 0.2680 Test acc: 0.3747 Test ECE: 0.2725
====> Epoch: 105 Train loss: 2.2903  Val  loss: 2.2906 Val acc: 0.3090 Val ECE: 0.2070 Test acc: 0.3125 Test ECE: 0.2105
====> Epoch: 106 Train loss: 2.2918  Val  loss: 2.2922 Val acc: 0.2454 Val ECE: 0.1434 Test acc: 0.2467 Test ECE: 0.1447
====> Epoch: 107 Train loss: 2.2932  Val  loss: 2.2937 Val acc: 0.2388 Val ECE: 0.1370 Test acc: 0.2417 Test ECE: 0.1399
====> Epoch: 108 Train loss: 2.2944  Val  loss: 2.2951 Val acc: 0.1802 Val ECE: 0.0785 Test acc: 0.1846 Test ECE: 0.0829
====> Epoch: 109 Train loss: 2.2955  Val  loss: 2.2960 Val acc: 0.1618 Val ECE: 0.0601 Test acc: 0.1638 Test ECE: 0.0621
====> Epoch: 110 Train loss: 2.2964  Val  loss: 2.2969 Val acc: 0.1572 Val ECE: 0.0556 Test acc: 0.1651 Test ECE: 0.0635
====> Epoch: 111 Train loss: 2.2973  Val  loss: 2.2977 Val acc: 0.1498 Val ECE: 0.0483 Test acc: 0.1545 Test ECE: 0.0530
====> Epoch: 112 Train loss: 2.2980  Val  loss: 2.2983 Val acc: 0.1354 Val ECE: 0.0339 Test acc: 0.1389 Test ECE: 0.0374
====> Epoch: 113 Train loss: 2.2987  Val  loss: 2.2990 Val acc: 0.1278 Val ECE: 0.0264 Test acc: 0.1311 Test ECE: 0.0297
====> Epoch: 114 Train loss: 2.2992  Val  loss: 2.2995 Val acc: 0.1086 Val ECE: 0.0072 Test acc: 0.1138 Test ECE: 0.0124
====> Epoch: 115 Train loss: 2.2997  Val  loss: 2.3000 Val acc: 0.1016 Val ECE: 0.0003 Test acc: 0.1056 Test ECE: 0.0043
====> Epoch: 116 Train loss: 2.3001  Val  loss: 2.3004 Val acc: 0.0968 Val ECE: 0.0045 Test acc: 0.1021 Test ECE: 0.0008
====> Epoch: 117 Train loss: 2.3005  Val  loss: 2.3007 Val acc: 0.0948 Val ECE: 0.0064 Test acc: 0.1000 Test ECE: 0.0012
====> Epoch: 118 Train loss: 2.3008  Val  loss: 2.3010 Val acc: 0.0948 Val ECE: 0.0064 Test acc: 0.1000 Test ECE: 0.0012
====> Epoch: 119 Train loss: 2.3011  Val  loss: 2.3012 Val acc: 0.0948 Val ECE: 0.0063 Test acc: 0.1000 Test ECE: 0.0011
====> Epoch: 120 Train loss: 2.3013  Val  loss: 2.3015 Val acc: 0.0948 Val ECE: 0.0063 Test acc: 0.1000 Test ECE: 0.0011
====> Epoch: 121 Train loss: 2.3015  Val  loss: 2.3016 Val acc: 0.0948 Val ECE: 0.0063 Test acc: 0.1000 Test ECE: 0.0011
====> Epoch: 122 Train loss: 2.3017  Val  loss: 2.3018 Val acc: 0.0948 Val ECE: 0.0062 Test acc: 0.1000 Test ECE: 0.0010
====> Epoch: 123 Train loss: 2.3018  Val  loss: 2.3019 Val acc: 0.0948 Val ECE: 0.0062 Test acc: 0.1000 Test ECE: 0.0010
====> Epoch: 124 Train loss: 2.3020  Val  loss: 2.3021 Val acc: 0.0948 Val ECE: 0.0062 Test acc: 0.1000 Test ECE: 0.0010
====> Epoch: 125 Train loss: 2.3021  Val  loss: 2.3022 Val acc: 0.0948 Val ECE: 0.0061 Test acc: 0.1000 Test ECE: 0.0009
====> Epoch: 126 Train loss: 2.3022  Val  loss: 2.3022 Val acc: 0.0948 Val ECE: 0.0061 Test acc: 0.1000 Test ECE: 0.0009
====> Epoch: 127 Train loss: 2.3022  Val  loss: 2.3023 Val acc: 0.0948 Val ECE: 0.0061 Test acc: 0.1000 Test ECE: 0.0009
====> Epoch: 128 Train loss: 2.3023  Val  loss: 2.3024 Val acc: 0.0948 Val ECE: 0.0060 Test acc: 0.1000 Test ECE: 0.0008
====> Epoch: 129 Train loss: 2.3023  Val  loss: 2.3024 Val acc: 0.0948 Val ECE: 0.0060 Test acc: 0.1000 Test ECE: 0.0008
====> Epoch: 130 Train loss: 2.3024  Val  loss: 2.3025 Val acc: 0.0948 Val ECE: 0.0060 Test acc: 0.1000 Test ECE: 0.0008
====> Epoch: 131 Train loss: 2.3024  Val  loss: 2.3025 Val acc: 0.0948 Val ECE: 0.0059 Test acc: 0.1000 Test ECE: 0.0007
====> Epoch: 132 Train loss: 2.3025  Val  loss: 2.3025 Val acc: 0.0948 Val ECE: 0.0059 Test acc: 0.1000 Test ECE: 0.0007
====> Epoch: 133 Train loss: 2.3025  Val  loss: 2.3025 Val acc: 0.0948 Val ECE: 0.0059 Test acc: 0.1000 Test ECE: 0.0007
====> Epoch: 134 Train loss: 2.3025  Val  loss: 2.3026 Val acc: 0.0948 Val ECE: 0.0059 Test acc: 0.1000 Test ECE: 0.0007
====> Epoch: 135 Train loss: 2.3025  Val  loss: 2.3026 Val acc: 0.0948 Val ECE: 0.0058 Test acc: 0.1000 Test ECE: 0.0006
====> Epoch: 136 Train loss: 2.3025  Val  loss: 2.3026 Val acc: 0.0948 Val ECE: 0.0058 Test acc: 0.1000 Test ECE: 0.0006
====> Epoch: 137 Train loss: 2.3025  Val  loss: 2.3026 Val acc: 0.0948 Val ECE: 0.0058 Test acc: 0.1000 Test ECE: 0.0006
====> Epoch: 138 Train loss: 2.3026  Val  loss: 2.3026 Val acc: 0.0948 Val ECE: 0.0058 Test acc: 0.1000 Test ECE: 0.0006
====> Epoch: 139 Train loss: 2.3026  Val  loss: 2.3026 Val acc: 0.0948 Val ECE: 0.0058 Test acc: 0.1000 Test ECE: 0.0006
====> Epoch: 140 Train loss: 2.3026  Val  loss: 2.3026 Val acc: 0.0948 Val ECE: 0.0057 Test acc: 0.1000 Test ECE: 0.0005
====> Epoch: 141 Train loss: 2.3026  Val  loss: 2.3026 Val acc: 0.0948 Val ECE: 0.0057 Test acc: 0.1000 Test ECE: 0.0005
====> Epoch: 142 Train loss: 2.3026  Val  loss: 2.3026 Val acc: 0.0948 Val ECE: 0.0057 Test acc: 0.1000 Test ECE: 0.0005
====> Epoch: 143 Train loss: 2.3026  Val  loss: 2.3026 Val acc: 0.0948 Val ECE: 0.0057 Test acc: 0.1000 Test ECE: 0.0005
====> Epoch: 144 Train loss: 2.3026  Val  loss: 2.3026 Val acc: 0.0948 Val ECE: 0.0057 Test acc: 0.1000 Test ECE: 0.0005
====> Epoch: 145 Train loss: 2.3026  Val  loss: 2.3026 Val acc: 0.0948 Val ECE: 0.0057 Test acc: 0.1000 Test ECE: 0.0005
====> Epoch: 146 Train loss: 2.3026  Val  loss: 2.3026 Val acc: 0.0948 Val ECE: 0.0056 Test acc: 0.1000 Test ECE: 0.0004
====> Epoch: 147 Train loss: 2.3026  Val  loss: 2.3026 Val acc: 0.0948 Val ECE: 0.0056 Test acc: 0.1000 Test ECE: 0.0004
====> Epoch: 148 Train loss: 2.3026  Val  loss: 2.3026 Val acc: 0.0948 Val ECE: 0.0056 Test acc: 0.1000 Test ECE: 0.0004
====> Epoch: 149 Train loss: 2.3026  Val  loss: 2.3026 Val acc: 0.0948 Val ECE: 0.0056 Test acc: 0.1000 Test ECE: 0.0004
====> Epoch: 150 Train loss: 2.3026  Val  loss: 2.3026 Val acc: 0.0948 Val ECE: 0.0056 Test acc: 0.1000 Test ECE: 0.0004
====> Epoch: 151 Train loss: 2.3026  Val  loss: 2.3026 Val acc: 0.0948 Val ECE: 0.0056 Test acc: 0.1000 Test ECE: 0.0004
====> Epoch: 152 Train loss: 2.3026  Val  loss: 2.3026 Val acc: 0.0948 Val ECE: 0.0056 Test acc: 0.1000 Test ECE: 0.0004
====> Epoch: 153 Train loss: 2.3026  Val  loss: 2.3026 Val acc: 0.0948 Val ECE: 0.0056 Test acc: 0.1000 Test ECE: 0.0004
====> Epoch: 154 Train loss: 2.3026  Val  loss: 2.3026 Val acc: 0.0948 Val ECE: 0.0056 Test acc: 0.1000 Test ECE: 0.0004
====> Epoch: 155 Train loss: 2.3026  Val  loss: 2.3026 Val acc: 0.0948 Val ECE: 0.0056 Test acc: 0.1000 Test ECE: 0.0004
====> Epoch: 156 Train loss: 2.3026  Val  loss: 2.3026 Val acc: 0.0948 Val ECE: 0.0056 Test acc: 0.1000 Test ECE: 0.0004
====> Epoch: 157 Train loss: 2.3026  Val  loss: 2.3026 Val acc: 0.0948 Val ECE: 0.0056 Test acc: 0.1000 Test ECE: 0.0004
====> Epoch: 158 Train loss: 2.3026  Val  loss: 2.3026 Val acc: 0.0948 Val ECE: 0.0056 Test acc: 0.1000 Test ECE: 0.0004
====> Epoch: 159 Train loss: 2.3026  Val  loss: 2.3026 Val acc: 0.0948 Val ECE: 0.0056 Test acc: 0.1000 Test ECE: 0.0004
====> Epoch: 160 Train loss: 2.3026  Val  loss: 2.3026 Val acc: 0.0948 Val ECE: 0.0056 Test acc: 0.1000 Test ECE: 0.0004
====> Epoch: 161 Train loss: 2.3026  Val  loss: 2.3026 Val acc: 0.0948 Val ECE: 0.0056 Test acc: 0.1000 Test ECE: 0.0004
====> Epoch: 162 Train loss: 2.3026  Val  loss: 2.3026 Val acc: 0.0948 Val ECE: 0.0056 Test acc: 0.1000 Test ECE: 0.0004
====> Epoch: 163 Train loss: 2.3026  Val  loss: 2.3026 Val acc: 0.0948 Val ECE: 0.0056 Test acc: 0.1000 Test ECE: 0.0004
====> Epoch: 164 Train loss: 2.3026  Val  loss: 2.3026 Val acc: 0.0948 Val ECE: 0.0056 Test acc: 0.1000 Test ECE: 0.0004
====> Epoch: 165 Train loss: 2.3026  Val  loss: 2.3026 Val acc: 0.0948 Val ECE: 0.0056 Test acc: 0.1000 Test ECE: 0.0004
====> Epoch: 166 Train loss: 2.3026  Val  loss: 2.3026 Val acc: 0.0948 Val ECE: 0.0056 Test acc: 0.1000 Test ECE: 0.0004
====> Epoch: 167 Train loss: 2.3026  Val  loss: 2.3026 Val acc: 0.0948 Val ECE: 0.0056 Test acc: 0.1000 Test ECE: 0.0004
====> Epoch: 168 Train loss: 2.3026  Val  loss: 2.3026 Val acc: 0.0948 Val ECE: 0.0056 Test acc: 0.1000 Test ECE: 0.0004
====> Epoch: 169 Train loss: 2.3026  Val  loss: 2.3026 Val acc: 0.0948 Val ECE: 0.0056 Test acc: 0.1000 Test ECE: 0.0004
====> Epoch: 170 Train loss: 2.3026  Val  loss: 2.3026 Val acc: 0.0948 Val ECE: 0.0056 Test acc: 0.1000 Test ECE: 0.0004
====> Epoch: 171 Train loss: 2.3026  Val  loss: 2.3026 Val acc: 0.0948 Val ECE: 0.0056 Test acc: 0.1000 Test ECE: 0.0004
====> Epoch: 172 Train loss: 2.3026  Val  loss: 2.3026 Val acc: 0.0948 Val ECE: 0.0056 Test acc: 0.1000 Test ECE: 0.0004
====> Epoch: 173 Train loss: 2.3026  Val  loss: 2.3026 Val acc: 0.0948 Val ECE: 0.0056 Test acc: 0.1000 Test ECE: 0.0004
====> Epoch: 174 Train loss: 2.3026  Val  loss: 2.3026 Val acc: 0.0948 Val ECE: 0.0056 Test acc: 0.1000 Test ECE: 0.0004
====> Epoch: 175 Train loss: 2.3026  Val  loss: 2.3026 Val acc: 0.0948 Val ECE: 0.0056 Test acc: 0.1000 Test ECE: 0.0004
====> Epoch: 176 Train loss: 2.3026  Val  loss: 2.3026 Val acc: 0.0948 Val ECE: 0.0056 Test acc: 0.1000 Test ECE: 0.0004
====> Epoch: 177 Train loss: 2.3026  Val  loss: 2.3026 Val acc: 0.0948 Val ECE: 0.0056 Test acc: 0.1000 Test ECE: 0.0004
====> Epoch: 178 Train loss: 2.3026  Val  loss: 2.3026 Val acc: 0.0948 Val ECE: 0.0056 Test acc: 0.1000 Test ECE: 0.0004
====> Epoch: 179 Train loss: 2.3026  Val  loss: 2.3026 Val acc: 0.0948 Val ECE: 0.0056 Test acc: 0.1000 Test ECE: 0.0004
====> Epoch: 180 Train loss: 2.3026  Val  loss: 2.3026 Val acc: 0.0948 Val ECE: 0.0056 Test acc: 0.1000 Test ECE: 0.0004
====> Epoch: 181 Train loss: 2.3026  Val  loss: 2.3026 Val acc: 0.0948 Val ECE: 0.0056 Test acc: 0.1000 Test ECE: 0.0004
====> Epoch: 182 Train loss: 2.3026  Val  loss: 2.3026 Val acc: 0.0948 Val ECE: 0.0055 Test acc: 0.1000 Test ECE: 0.0003
====> Epoch: 183 Train loss: 2.3026  Val  loss: 2.3026 Val acc: 0.0948 Val ECE: 0.0055 Test acc: 0.1000 Test ECE: 0.0003
====> Epoch: 184 Train loss: 2.3026  Val  loss: 2.3026 Val acc: 0.0948 Val ECE: 0.0055 Test acc: 0.1000 Test ECE: 0.0003
====> Epoch: 185 Train loss: 2.3026  Val  loss: 2.3026 Val acc: 0.0948 Val ECE: 0.0055 Test acc: 0.1000 Test ECE: 0.0003
====> Epoch: 186 Train loss: 2.3026  Val  loss: 2.3026 Val acc: 0.0948 Val ECE: 0.0055 Test acc: 0.1000 Test ECE: 0.0003
====> Epoch: 187 Train loss: 2.3026  Val  loss: 2.3026 Val acc: 0.0948 Val ECE: 0.0055 Test acc: 0.1000 Test ECE: 0.0003
====> Epoch: 188 Train loss: 2.3026  Val  loss: 2.3026 Val acc: 0.0948 Val ECE: 0.0055 Test acc: 0.1000 Test ECE: 0.0003
====> Epoch: 189 Train loss: 2.3026  Val  loss: 2.3026 Val acc: 0.0948 Val ECE: 0.0055 Test acc: 0.1000 Test ECE: 0.0003
====> Epoch: 190 Train loss: 2.3026  Val  loss: 2.3026 Val acc: 0.0948 Val ECE: 0.0055 Test acc: 0.1000 Test ECE: 0.0003
====> Epoch: 191 Train loss: 2.3026  Val  loss: 2.3026 Val acc: 0.0948 Val ECE: 0.0055 Test acc: 0.1000 Test ECE: 0.0003
====> Epoch: 192 Train loss: 2.3026  Val  loss: 2.3026 Val acc: 0.0948 Val ECE: 0.0055 Test acc: 0.1000 Test ECE: 0.0003
====> Epoch: 193 Train loss: 2.3026  Val  loss: 2.3026 Val acc: 0.0948 Val ECE: 0.0055 Test acc: 0.1000 Test ECE: 0.0003
====> Epoch: 194 Train loss: 2.3026  Val  loss: 2.3026 Val acc: 0.0948 Val ECE: 0.0055 Test acc: 0.1000 Test ECE: 0.0003
====> Epoch: 195 Train loss: 2.3026  Val  loss: 2.3026 Val acc: 0.0948 Val ECE: 0.0055 Test acc: 0.1000 Test ECE: 0.0003
====> Epoch: 196 Train loss: 2.3026  Val  loss: 2.3026 Val acc: 0.0948 Val ECE: 0.0055 Test acc: 0.1000 Test ECE: 0.0003
====> Epoch: 197 Train loss: 2.3026  Val  loss: 2.3026 Val acc: 0.0948 Val ECE: 0.0055 Test acc: 0.1000 Test ECE: 0.0003
====> Epoch: 198 Train loss: 2.3026  Val  loss: 2.3026 Val acc: 0.0948 Val ECE: 0.0055 Test acc: 0.1000 Test ECE: 0.0003
====> Epoch: 199 Train loss: 2.3026  Val  loss: 2.3026 Val acc: 0.0948 Val ECE: 0.0055 Test acc: 0.1000 Test ECE: 0.0003
====> Epoch: 200 Train loss: 2.3026  Val  loss: 2.3026 Val acc: 0.0948 Val ECE: 0.0055 Test acc: 0.1000 Test ECE: 0.0003
====> Epoch: 201 Train loss: 2.3026  Val  loss: 2.3026 Val acc: 0.0948 Val ECE: 0.0055 Test acc: 0.1000 Test ECE: 0.0003
====> Epoch: 202 Train loss: 2.3026  Val  loss: 2.3026 Val acc: 0.0948 Val ECE: 0.0055 Test acc: 0.1000 Test ECE: 0.0003
====> Epoch: 203 Train loss: 2.3026  Val  loss: 2.3026 Val acc: 0.0948 Val ECE: 0.0055 Test acc: 0.1000 Test ECE: 0.0003
====> Epoch: 204 Train loss: 2.3026  Val  loss: 2.3026 Val acc: 0.0948 Val ECE: 0.0055 Test acc: 0.1000 Test ECE: 0.0003
====> Epoch: 205 Train loss: 2.3026  Val  loss: 2.3026 Val acc: 0.0948 Val ECE: 0.0055 Test acc: 0.1000 Test ECE: 0.0003
====> Epoch: 206 Train loss: 2.3026  Val  loss: 2.3026 Val acc: 0.0948 Val ECE: 0.0055 Test acc: 0.1000 Test ECE: 0.0003
====> Epoch: 207 Train loss: 2.3026  Val  loss: 2.3026 Val acc: 0.0948 Val ECE: 0.0055 Test acc: 0.1000 Test ECE: 0.0003
====> Epoch: 208 Train loss: 2.3026  Val  loss: 2.3026 Val acc: 0.0948 Val ECE: 0.0055 Test acc: 0.1000 Test ECE: 0.0003
====> Epoch: 209 Train loss: 2.3026  Val  loss: 2.3026 Val acc: 0.0948 Val ECE: 0.0055 Test acc: 0.1000 Test ECE: 0.0003
====> Epoch: 210 Train loss: 2.3026  Val  loss: 2.3026 Val acc: 0.0948 Val ECE: 0.0055 Test acc: 0.1000 Test ECE: 0.0003
====> Epoch: 211 Train loss: 2.3026  Val  loss: 2.3026 Val acc: 0.0948 Val ECE: 0.0055 Test acc: 0.1000 Test ECE: 0.0003
====> Epoch: 212 Train loss: 2.3026  Val  loss: 2.3026 Val acc: 0.0948 Val ECE: 0.0055 Test acc: 0.1000 Test ECE: 0.0003
====> Epoch: 213 Train loss: 2.3026  Val  loss: 2.3026 Val acc: 0.0948 Val ECE: 0.0055 Test acc: 0.1000 Test ECE: 0.0003
====> Epoch: 214 Train loss: 2.3026  Val  loss: 2.3026 Val acc: 0.0948 Val ECE: 0.0055 Test acc: 0.1000 Test ECE: 0.0003
====> Epoch: 215 Train loss: 2.3026  Val  loss: 2.3026 Val acc: 0.0948 Val ECE: 0.0055 Test acc: 0.1000 Test ECE: 0.0003
====> Epoch: 216 Train loss: 2.3026  Val  loss: 2.3026 Val acc: 0.0948 Val ECE: 0.0055 Test acc: 0.1000 Test ECE: 0.0003
====> Epoch: 217 Train loss: 2.3026  Val  loss: 2.3026 Val acc: 0.0948 Val ECE: 0.0055 Test acc: 0.1000 Test ECE: 0.0003
====> Epoch: 218 Train loss: 2.3026  Val  loss: 2.3026 Val acc: 0.0948 Val ECE: 0.0055 Test acc: 0.1000 Test ECE: 0.0003
====> Epoch: 219 Train loss: 2.3026  Val  loss: 2.3026 Val acc: 0.0948 Val ECE: 0.0055 Test acc: 0.1000 Test ECE: 0.0003
====> Epoch: 220 Train loss: 2.3026  Val  loss: 2.3026 Val acc: 0.0948 Val ECE: 0.0055 Test acc: 0.1000 Test ECE: 0.0003
====> Epoch: 221 Train loss: 2.3026  Val  loss: 2.3026 Val acc: 0.0948 Val ECE: 0.0055 Test acc: 0.1000 Test ECE: 0.0003
====> Epoch: 222 Train loss: 2.3026  Val  loss: 2.3026 Val acc: 0.0948 Val ECE: 0.0055 Test acc: 0.1000 Test ECE: 0.0003
====> Epoch: 223 Train loss: 2.3026  Val  loss: 2.3026 Val acc: 0.0948 Val ECE: 0.0055 Test acc: 0.1000 Test ECE: 0.0003
====> Epoch: 224 Train loss: 2.3026  Val  loss: 2.3026 Val acc: 0.0948 Val ECE: 0.0055 Test acc: 0.1000 Test ECE: 0.0003
====> Epoch: 225 Train loss: 2.3026  Val  loss: 2.3026 Val acc: 0.0948 Val ECE: 0.0055 Test acc: 0.1000 Test ECE: 0.0003
====> Epoch: 226 Train loss: 2.3026  Val  loss: 2.3026 Val acc: 0.0948 Val ECE: 0.0055 Test acc: 0.1000 Test ECE: 0.0003
====> Epoch: 227 Train loss: 2.3026  Val  loss: 2.3026 Val acc: 0.0948 Val ECE: 0.0055 Test acc: 0.1000 Test ECE: 0.0003
====> Epoch: 228 Train loss: 2.3026  Val  loss: 2.3026 Val acc: 0.0948 Val ECE: 0.0055 Test acc: 0.1000 Test ECE: 0.0003
====> Epoch: 229 Train loss: 2.3026  Val  loss: 2.3026 Val acc: 0.0948 Val ECE: 0.0055 Test acc: 0.1000 Test ECE: 0.0003
====> Epoch: 230 Train loss: 2.3026  Val  loss: 2.3026 Val acc: 0.0948 Val ECE: 0.0055 Test acc: 0.1000 Test ECE: 0.0003
====> Epoch: 231 Train loss: 2.3026  Val  loss: 2.3026 Val acc: 0.0948 Val ECE: 0.0055 Test acc: 0.1000 Test ECE: 0.0003
====> Epoch: 232 Train loss: 2.3026  Val  loss: 2.3026 Val acc: 0.0948 Val ECE: 0.0055 Test acc: 0.1000 Test ECE: 0.0003
====> Epoch: 233 Train loss: 2.3026  Val  loss: 2.3026 Val acc: 0.0948 Val ECE: 0.0055 Test acc: 0.1000 Test ECE: 0.0003
====> Epoch: 234 Train loss: 2.3026  Val  loss: 2.3026 Val acc: 0.0948 Val ECE: 0.0055 Test acc: 0.1000 Test ECE: 0.0003
====> Epoch: 235 Train loss: 2.3026  Val  loss: 2.3026 Val acc: 0.0948 Val ECE: 0.0055 Test acc: 0.1000 Test ECE: 0.0003
====> Epoch: 236 Train loss: 2.3026  Val  loss: 2.3026 Val acc: 0.0948 Val ECE: 0.0055 Test acc: 0.1000 Test ECE: 0.0003
====> Epoch: 237 Train loss: 2.3026  Val  loss: 2.3026 Val acc: 0.0948 Val ECE: 0.0055 Test acc: 0.1000 Test ECE: 0.0003
====> Epoch: 238 Train loss: 2.3026  Val  loss: 2.3026 Val acc: 0.0948 Val ECE: 0.0055 Test acc: 0.1000 Test ECE: 0.0003
====> Epoch: 239 Train loss: 2.3026  Val  loss: 2.3026 Val acc: 0.0948 Val ECE: 0.0055 Test acc: 0.1000 Test ECE: 0.0003
====> Epoch: 240 Train loss: 2.3026  Val  loss: 2.3026 Val acc: 0.0948 Val ECE: 0.0055 Test acc: 0.1000 Test ECE: 0.0003
====> Epoch: 241 Train loss: 2.3026  Val  loss: 2.3026 Val acc: 0.0948 Val ECE: 0.0055 Test acc: 0.1000 Test ECE: 0.0003
====> Epoch: 242 Train loss: 2.3026  Val  loss: 2.3026 Val acc: 0.0948 Val ECE: 0.0055 Test acc: 0.1000 Test ECE: 0.0003
====> Epoch: 243 Train loss: 2.3026  Val  loss: 2.3026 Val acc: 0.0948 Val ECE: 0.0055 Test acc: 0.1000 Test ECE: 0.0003
====> Epoch: 244 Train loss: 2.3026  Val  loss: 2.3026 Val acc: 0.0948 Val ECE: 0.0055 Test acc: 0.1000 Test ECE: 0.0003
====> Epoch: 245 Train loss: 2.3026  Val  loss: 2.3026 Val acc: 0.0948 Val ECE: 0.0055 Test acc: 0.1000 Test ECE: 0.0003
====> Epoch: 246 Train loss: 2.3026  Val  loss: 2.3026 Val acc: 0.0948 Val ECE: 0.0055 Test acc: 0.1000 Test ECE: 0.0003
====> Epoch: 247 Train loss: 2.3026  Val  loss: 2.3026 Val acc: 0.0948 Val ECE: 0.0055 Test acc: 0.1000 Test ECE: 0.0003
====> Epoch: 248 Train loss: 2.3026  Val  loss: 2.3026 Val acc: 0.0948 Val ECE: 0.0055 Test acc: 0.1000 Test ECE: 0.0003
====> Epoch: 249 Train loss: 2.3026  Val  loss: 2.3026 Val acc: 0.0948 Val ECE: 0.0055 Test acc: 0.1000 Test ECE: 0.0003
====> Epoch: 250 Train loss: 2.3026  Val  loss: 2.3026 Val acc: 0.0948 Val ECE: 0.0055 Test acc: 0.1000 Test ECE: 0.0003
====> Epoch: 251 Train loss: 2.3026  Val  loss: 2.3026 Val acc: 0.0948 Val ECE: 0.0055 Test acc: 0.1000 Test ECE: 0.0003
====> Epoch: 252 Train loss: 2.3026  Val  loss: 2.3026 Val acc: 0.0948 Val ECE: 0.0055 Test acc: 0.1000 Test ECE: 0.0003
====> Epoch: 253 Train loss: 2.3026  Val  loss: 2.3026 Val acc: 0.0948 Val ECE: 0.0055 Test acc: 0.1000 Test ECE: 0.0003
====> Epoch: 254 Train loss: 2.3026  Val  loss: 2.3026 Val acc: 0.0948 Val ECE: 0.0055 Test acc: 0.1000 Test ECE: 0.0003
====> Epoch: 255 Train loss: 2.3026  Val  loss: 2.3026 Val acc: 0.0948 Val ECE: 0.0055 Test acc: 0.1000 Test ECE: 0.0003
====> Epoch: 256 Train loss: 2.3026  Val  loss: 2.3026 Val acc: 0.0948 Val ECE: 0.0055 Test acc: 0.1000 Test ECE: 0.0003
====> Epoch: 257 Train loss: 2.3026  Val  loss: 2.3026 Val acc: 0.0948 Val ECE: 0.0055 Test acc: 0.1000 Test ECE: 0.0003
====> Epoch: 258 Train loss: 2.3026  Val  loss: 2.3026 Val acc: 0.0948 Val ECE: 0.0055 Test acc: 0.1000 Test ECE: 0.0003
====> Epoch: 259 Train loss: 2.3026  Val  loss: 2.3026 Val acc: 0.0948 Val ECE: 0.0055 Test acc: 0.1000 Test ECE: 0.0003
====> Epoch: 260 Train loss: 2.3026  Val  loss: 2.3026 Val acc: 0.0948 Val ECE: 0.0055 Test acc: 0.1000 Test ECE: 0.0003
====> Epoch: 261 Train loss: 2.3026  Val  loss: 2.3026 Val acc: 0.0948 Val ECE: 0.0055 Test acc: 0.1000 Test ECE: 0.0003
====> Epoch: 262 Train loss: 2.3026  Val  loss: 2.3026 Val acc: 0.0948 Val ECE: 0.0055 Test acc: 0.1000 Test ECE: 0.0003
====> Epoch: 263 Train loss: 2.3026  Val  loss: 2.3026 Val acc: 0.0948 Val ECE: 0.0055 Test acc: 0.1000 Test ECE: 0.0003
====> Epoch: 264 Train loss: 2.3026  Val  loss: 2.3026 Val acc: 0.0948 Val ECE: 0.0055 Test acc: 0.1000 Test ECE: 0.0003
====> Epoch: 265 Train loss: 2.3026  Val  loss: 2.3026 Val acc: 0.0948 Val ECE: 0.0055 Test acc: 0.1000 Test ECE: 0.0003
====> Epoch: 266 Train loss: 2.3026  Val  loss: 2.3026 Val acc: 0.0948 Val ECE: 0.0055 Test acc: 0.1000 Test ECE: 0.0003
====> Epoch: 267 Train loss: 2.3026  Val  loss: 2.3026 Val acc: 0.0948 Val ECE: 0.0055 Test acc: 0.1000 Test ECE: 0.0003
====> Epoch: 268 Train loss: 2.3026  Val  loss: 2.3026 Val acc: 0.0948 Val ECE: 0.0055 Test acc: 0.1000 Test ECE: 0.0003
====> Epoch: 269 Train loss: 2.3026  Val  loss: 2.3026 Val acc: 0.0948 Val ECE: 0.0055 Test acc: 0.1000 Test ECE: 0.0003
====> Epoch: 270 Train loss: 2.3026  Val  loss: 2.3026 Val acc: 0.0948 Val ECE: 0.0055 Test acc: 0.1000 Test ECE: 0.0003
====> Epoch: 271 Train loss: 2.3026  Val  loss: 2.3026 Val acc: 0.0948 Val ECE: 0.0055 Test acc: 0.1000 Test ECE: 0.0003
====> Epoch: 272 Train loss: 2.3026  Val  loss: 2.3026 Val acc: 0.0948 Val ECE: 0.0055 Test acc: 0.1000 Test ECE: 0.0003
====> Epoch: 273 Train loss: 2.3026  Val  loss: 2.3026 Val acc: 0.0948 Val ECE: 0.0055 Test acc: 0.1000 Test ECE: 0.0003
====> Epoch: 274 Train loss: 2.3026  Val  loss: 2.3026 Val acc: 0.0948 Val ECE: 0.0055 Test acc: 0.1000 Test ECE: 0.0003
====> Epoch: 275 Train loss: 2.3026  Val  loss: 2.3026 Val acc: 0.0948 Val ECE: 0.0055 Test acc: 0.1000 Test ECE: 0.0003
====> Epoch: 276 Train loss: 2.3026  Val  loss: 2.3026 Val acc: 0.0948 Val ECE: 0.0055 Test acc: 0.1000 Test ECE: 0.0003
====> Epoch: 277 Train loss: 2.3026  Val  loss: 2.3026 Val acc: 0.0948 Val ECE: 0.0055 Test acc: 0.1000 Test ECE: 0.0003
====> Epoch: 278 Train loss: 2.3026  Val  loss: 2.3026 Val acc: 0.0948 Val ECE: 0.0055 Test acc: 0.1000 Test ECE: 0.0003
====> Epoch: 279 Train loss: 2.3026  Val  loss: 2.3026 Val acc: 0.0948 Val ECE: 0.0055 Test acc: 0.1000 Test ECE: 0.0003
====> Epoch: 280 Train loss: 2.3026  Val  loss: 2.3026 Val acc: 0.0948 Val ECE: 0.0055 Test acc: 0.1000 Test ECE: 0.0003
====> Epoch: 281 Train loss: 2.3026  Val  loss: 2.3026 Val acc: 0.0948 Val ECE: 0.0055 Test acc: 0.1000 Test ECE: 0.0003
====> Epoch: 282 Train loss: 2.3026  Val  loss: 2.3026 Val acc: 0.0948 Val ECE: 0.0055 Test acc: 0.1000 Test ECE: 0.0003
====> Epoch: 283 Train loss: 2.3026  Val  loss: 2.3026 Val acc: 0.0948 Val ECE: 0.0055 Test acc: 0.1000 Test ECE: 0.0003
====> Epoch: 284 Train loss: 2.3026  Val  loss: 2.3026 Val acc: 0.0948 Val ECE: 0.0055 Test acc: 0.1000 Test ECE: 0.0003
====> Epoch: 285 Train loss: 2.3026  Val  loss: 2.3026 Val acc: 0.0948 Val ECE: 0.0055 Test acc: 0.1000 Test ECE: 0.0003
====> Epoch: 286 Train loss: 2.3026  Val  loss: 2.3026 Val acc: 0.0948 Val ECE: 0.0055 Test acc: 0.1000 Test ECE: 0.0003
====> Epoch: 287 Train loss: 2.3026  Val  loss: 2.3026 Val acc: 0.0948 Val ECE: 0.0055 Test acc: 0.1000 Test ECE: 0.0003
====> Epoch: 288 Train loss: 2.3026  Val  loss: 2.3026 Val acc: 0.0948 Val ECE: 0.0055 Test acc: 0.1000 Test ECE: 0.0003
====> Epoch: 289 Train loss: 2.3026  Val  loss: 2.3026 Val acc: 0.0948 Val ECE: 0.0055 Test acc: 0.1000 Test ECE: 0.0003
====> Epoch: 290 Train loss: 2.3026  Val  loss: 2.3026 Val acc: 0.0948 Val ECE: 0.0055 Test acc: 0.1000 Test ECE: 0.0003
====> Epoch: 291 Train loss: 2.3026  Val  loss: 2.3026 Val acc: 0.0948 Val ECE: 0.0055 Test acc: 0.1000 Test ECE: 0.0003
====> Epoch: 292 Train loss: 2.3026  Val  loss: 2.3026 Val acc: 0.0948 Val ECE: 0.0055 Test acc: 0.1000 Test ECE: 0.0003
====> Epoch: 293 Train loss: 2.3026  Val  loss: 2.3026 Val acc: 0.0948 Val ECE: 0.0055 Test acc: 0.1000 Test ECE: 0.0003
====> Epoch: 294 Train loss: 2.3026  Val  loss: 2.3026 Val acc: 0.0948 Val ECE: 0.0055 Test acc: 0.1000 Test ECE: 0.0003
====> Epoch: 295 Train loss: 2.3026  Val  loss: 2.3026 Val acc: 0.0948 Val ECE: 0.0055 Test acc: 0.1000 Test ECE: 0.0003
====> Epoch: 296 Train loss: 2.3026  Val  loss: 2.3026 Val acc: 0.0948 Val ECE: 0.0055 Test acc: 0.1000 Test ECE: 0.0003
====> Epoch: 297 Train loss: 2.3026  Val  loss: 2.3026 Val acc: 0.0948 Val ECE: 0.0055 Test acc: 0.1000 Test ECE: 0.0003
====> Epoch: 298 Train loss: 2.3026  Val  loss: 2.3026 Val acc: 0.0948 Val ECE: 0.0055 Test acc: 0.1000 Test ECE: 0.0003
====> Epoch: 299 Train loss: 2.3026  Val  loss: 2.3026 Val acc: 0.0948 Val ECE: 0.0055 Test acc: 0.1000 Test ECE: 0.0003
====> Epoch: 300 Train loss: 2.3026  Val  loss: 2.3026 Val acc: 0.0948 Val ECE: 0.0055 Test acc: 0.1000 Test ECE: 0.0003
====> Epoch: 301 Train loss: 2.3026  Val  loss: 2.3026 Val acc: 0.0948 Val ECE: 0.0055 Test acc: 0.1000 Test ECE: 0.0003
====> Epoch: 302 Train loss: 2.3026  Val  loss: 2.3026 Val acc: 0.0948 Val ECE: 0.0055 Test acc: 0.1000 Test ECE: 0.0003
====> Epoch: 303 Train loss: 2.3026  Val  loss: 2.3026 Val acc: 0.0948 Val ECE: 0.0055 Test acc: 0.1000 Test ECE: 0.0003
====> Epoch: 304 Train loss: 2.3026  Val  loss: 2.3026 Val acc: 0.0948 Val ECE: 0.0055 Test acc: 0.1000 Test ECE: 0.0003
====> Epoch: 305 Train loss: 2.3026  Val  loss: 2.3026 Val acc: 0.0948 Val ECE: 0.0055 Test acc: 0.1000 Test ECE: 0.0003
====> Epoch: 306 Train loss: 2.3026  Val  loss: 2.3026 Val acc: 0.0948 Val ECE: 0.0055 Test acc: 0.1000 Test ECE: 0.0003
====> Epoch: 307 Train loss: 2.3026  Val  loss: 2.3026 Val acc: 0.0948 Val ECE: 0.0055 Test acc: 0.1000 Test ECE: 0.0003
====> Epoch: 308 Train loss: 2.3026  Val  loss: 2.3026 Val acc: 0.0948 Val ECE: 0.0055 Test acc: 0.1000 Test ECE: 0.0003
====> Epoch: 309 Train loss: 2.3026  Val  loss: 2.3026 Val acc: 0.0948 Val ECE: 0.0055 Test acc: 0.1000 Test ECE: 0.0003
====> Epoch: 310 Train loss: 2.3026  Val  loss: 2.3026 Val acc: 0.0948 Val ECE: 0.0055 Test acc: 0.1000 Test ECE: 0.0003
====> Epoch: 311 Train loss: 2.3026  Val  loss: 2.3026 Val acc: 0.0948 Val ECE: 0.0055 Test acc: 0.1000 Test ECE: 0.0003
====> Epoch: 312 Train loss: 2.3026  Val  loss: 2.3026 Val acc: 0.0948 Val ECE: 0.0055 Test acc: 0.1000 Test ECE: 0.0003
====> Epoch: 313 Train loss: 2.3026  Val  loss: 2.3026 Val acc: 0.0948 Val ECE: 0.0055 Test acc: 0.1000 Test ECE: 0.0003
====> Epoch: 314 Train loss: 2.3026  Val  loss: 2.3026 Val acc: 0.0948 Val ECE: 0.0055 Test acc: 0.1000 Test ECE: 0.0003
====> Epoch: 315 Train loss: 2.3026  Val  loss: 2.3026 Val acc: 0.0948 Val ECE: 0.0055 Test acc: 0.1000 Test ECE: 0.0003
====> Epoch: 316 Train loss: 2.3026  Val  loss: 2.3026 Val acc: 0.0948 Val ECE: 0.0055 Test acc: 0.1000 Test ECE: 0.0003
====> Epoch: 317 Train loss: 2.3026  Val  loss: 2.3026 Val acc: 0.0948 Val ECE: 0.0055 Test acc: 0.1000 Test ECE: 0.0003
====> Epoch: 318 Train loss: 2.3026  Val  loss: 2.3026 Val acc: 0.0948 Val ECE: 0.0055 Test acc: 0.1000 Test ECE: 0.0003
====> Epoch: 319 Train loss: 2.3026  Val  loss: 2.3026 Val acc: 0.0948 Val ECE: 0.0055 Test acc: 0.1000 Test ECE: 0.0003
====> Epoch: 320 Train loss: 2.3026  Val  loss: 2.3026 Val acc: 0.0948 Val ECE: 0.0055 Test acc: 0.1000 Test ECE: 0.0003
====> Epoch: 321 Train loss: 2.3026  Val  loss: 2.3026 Val acc: 0.0948 Val ECE: 0.0055 Test acc: 0.1000 Test ECE: 0.0003
====> Epoch: 322 Train loss: 2.3026  Val  loss: 2.3026 Val acc: 0.0948 Val ECE: 0.0055 Test acc: 0.1000 Test ECE: 0.0003
====> Epoch: 323 Train loss: 2.3026  Val  loss: 2.3026 Val acc: 0.0948 Val ECE: 0.0055 Test acc: 0.1000 Test ECE: 0.0003
====> Epoch: 324 Train loss: 2.3026  Val  loss: 2.3026 Val acc: 0.0948 Val ECE: 0.0055 Test acc: 0.1000 Test ECE: 0.0003
====> Epoch: 325 Train loss: 2.3026  Val  loss: 2.3026 Val acc: 0.0948 Val ECE: 0.0055 Test acc: 0.1000 Test ECE: 0.0003
====> Epoch: 326 Train loss: 2.3026  Val  loss: 2.3026 Val acc: 0.0948 Val ECE: 0.0055 Test acc: 0.1000 Test ECE: 0.0003
====> Epoch: 327 Train loss: 2.3026  Val  loss: 2.3026 Val acc: 0.0948 Val ECE: 0.0055 Test acc: 0.1000 Test ECE: 0.0003
====> Epoch: 328 Train loss: 2.3026  Val  loss: 2.3026 Val acc: 0.0948 Val ECE: 0.0055 Test acc: 0.1000 Test ECE: 0.0003
====> Epoch: 329 Train loss: 2.3026  Val  loss: 2.3026 Val acc: 0.0948 Val ECE: 0.0055 Test acc: 0.1000 Test ECE: 0.0003
====> Epoch: 330 Train loss: 2.3026  Val  loss: 2.3026 Val acc: 0.0948 Val ECE: 0.0055 Test acc: 0.1000 Test ECE: 0.0003
====> Epoch: 331 Train loss: 2.3026  Val  loss: 2.3026 Val acc: 0.0948 Val ECE: 0.0055 Test acc: 0.1000 Test ECE: 0.0003
====> Epoch: 332 Train loss: 2.3026  Val  loss: 2.3026 Val acc: 0.0948 Val ECE: 0.0055 Test acc: 0.1000 Test ECE: 0.0003
====> Epoch: 333 Train loss: 2.3026  Val  loss: 2.3026 Val acc: 0.0948 Val ECE: 0.0055 Test acc: 0.1000 Test ECE: 0.0003
====> Epoch: 334 Train loss: 2.3026  Val  loss: 2.3026 Val acc: 0.0948 Val ECE: 0.0055 Test acc: 0.1000 Test ECE: 0.0003
====> Epoch: 335 Train loss: 2.3026  Val  loss: 2.3026 Val acc: 0.0948 Val ECE: 0.0055 Test acc: 0.1000 Test ECE: 0.0003
====> Epoch: 336 Train loss: 2.3026  Val  loss: 2.3026 Val acc: 0.0948 Val ECE: 0.0055 Test acc: 0.1000 Test ECE: 0.0003
====> Epoch: 337 Train loss: 2.3026  Val  loss: 2.3026 Val acc: 0.0948 Val ECE: 0.0055 Test acc: 0.1000 Test ECE: 0.0003
====> Epoch: 338 Train loss: 2.3026  Val  loss: 2.3026 Val acc: 0.0948 Val ECE: 0.0055 Test acc: 0.1000 Test ECE: 0.0003
====> Epoch: 339 Train loss: 2.3026  Val  loss: 2.3026 Val acc: 0.0948 Val ECE: 0.0055 Test acc: 0.1000 Test ECE: 0.0003
====> Epoch: 340 Train loss: 2.3026  Val  loss: 2.3026 Val acc: 0.0948 Val ECE: 0.0055 Test acc: 0.1000 Test ECE: 0.0003
====> Epoch: 341 Train loss: 2.3026  Val  loss: 2.3026 Val acc: 0.0948 Val ECE: 0.0055 Test acc: 0.1000 Test ECE: 0.0003
====> Epoch: 342 Train loss: 2.3026  Val  loss: 2.3026 Val acc: 0.0948 Val ECE: 0.0055 Test acc: 0.1000 Test ECE: 0.0003
====> Epoch: 343 Train loss: 2.3026  Val  loss: 2.3026 Val acc: 0.0948 Val ECE: 0.0055 Test acc: 0.1000 Test ECE: 0.0003
====> Epoch: 344 Train loss: 2.3026  Val  loss: 2.3026 Val acc: 0.0948 Val ECE: 0.0055 Test acc: 0.1000 Test ECE: 0.0003
====> Epoch: 345 Train loss: 2.3026  Val  loss: 2.3026 Val acc: 0.0948 Val ECE: 0.0055 Test acc: 0.1000 Test ECE: 0.0003
====> Epoch: 346 Train loss: 2.3026  Val  loss: 2.3026 Val acc: 0.0948 Val ECE: 0.0055 Test acc: 0.1000 Test ECE: 0.0003
====> Epoch: 347 Train loss: 2.3026  Val  loss: 2.3026 Val acc: 0.0948 Val ECE: 0.0055 Test acc: 0.1000 Test ECE: 0.0003
====> Epoch: 348 Train loss: 2.3026  Val  loss: 2.3026 Val acc: 0.0948 Val ECE: 0.0055 Test acc: 0.1000 Test ECE: 0.0003
====> Epoch: 349 Train loss: 2.3026  Val  loss: 2.3026 Val acc: 0.0948 Val ECE: 0.0055 Test acc: 0.1000 Test ECE: 0.0003
