resnet50_cifar10_cross_entropy_PQ2_WD0.0001_220123005101
CUDA set: True
Files already downloaded and verified
Files already downloaded and verified
====> Epoch: 0 Train loss: 2.1458  Val  loss: 1.6421 Val acc: 0.3994 Val ECE: 0.0642 Test acc: 0.3929 Test ECE: 0.0706
====> Epoch: 1 Train loss: 1.4455  Val  loss: 1.3358 Val acc: 0.5330 Val ECE: 0.0980 Test acc: 0.5367 Test ECE: 0.1001
====> Epoch: 2 Train loss: 1.1327  Val  loss: 9.3535 Val acc: 0.6250 Val ECE: 0.0666 Test acc: 0.6151 Test ECE: 0.0774
====> Epoch: 3 Train loss: 0.9455  Val  loss: 1.0940 Val acc: 0.6310 Val ECE: 0.1164 Test acc: 0.6250 Test ECE: 0.1220
====> Epoch: 4 Train loss: 0.8325  Val  loss: 0.8448 Val acc: 0.7186 Val ECE: 0.0513 Test acc: 0.7048 Test ECE: 0.0657
====> Epoch: 5 Train loss: 0.7395  Val  loss: 0.7512 Val acc: 0.7354 Val ECE: 0.0503 Test acc: 0.7328 Test ECE: 0.0531
====> Epoch: 6 Train loss: 0.6743  Val  loss: 0.7454 Val acc: 0.7414 Val ECE: 0.0511 Test acc: 0.7462 Test ECE: 0.0437
====> Epoch: 7 Train loss: 0.6136  Val  loss: 0.8185 Val acc: 0.7480 Val ECE: 0.0703 Test acc: 0.7322 Test ECE: 0.0849
====> Epoch: 8 Train loss: 0.5605  Val  loss: 0.6509 Val acc: 0.7806 Val ECE: 0.0507 Test acc: 0.7709 Test ECE: 0.0566
====> Epoch: 9 Train loss: 0.5160  Val  loss: 0.5856 Val acc: 0.7974 Val ECE: 0.0392 Test acc: 0.7932 Test ECE: 0.0436
====> Epoch: 10 Train loss: 0.4757  Val  loss: 0.5514 Val acc: 0.8196 Val ECE: 0.0487 Test acc: 0.8110 Test ECE: 0.0518
====> Epoch: 11 Train loss: 0.4539  Val  loss: 0.5023 Val acc: 0.8312 Val ECE: 0.0273 Test acc: 0.8258 Test ECE: 0.0314
====> Epoch: 12 Train loss: 0.4268  Val  loss: 0.4800 Val acc: 0.8352 Val ECE: 0.0352 Test acc: 0.8298 Test ECE: 0.0420
====> Epoch: 13 Train loss: 0.4021  Val  loss: 0.4652 Val acc: 0.8436 Val ECE: 0.0366 Test acc: 0.8425 Test ECE: 0.0359
====> Epoch: 14 Train loss: 0.3846  Val  loss: 0.5142 Val acc: 0.8280 Val ECE: 0.0521 Test acc: 0.8343 Test ECE: 0.0481
====> Epoch: 15 Train loss: 0.3658  Val  loss: 0.5093 Val acc: 0.8292 Val ECE: 0.0492 Test acc: 0.8294 Test ECE: 0.0512
====> Epoch: 16 Train loss: 0.3456  Val  loss: 0.5038 Val acc: 0.8358 Val ECE: 0.0588 Test acc: 0.8368 Test ECE: 0.0562
====> Epoch: 17 Train loss: 0.3304  Val  loss: 0.5514 Val acc: 0.8250 Val ECE: 0.0679 Test acc: 0.8316 Test ECE: 0.0603
====> Epoch: 18 Train loss: 0.3214  Val  loss: 0.5359 Val acc: 0.8374 Val ECE: 0.0658 Test acc: 0.8340 Test ECE: 0.0670
====> Epoch: 19 Train loss: 0.3043  Val  loss: 0.5004 Val acc: 0.8388 Val ECE: 0.0583 Test acc: 0.8337 Test ECE: 0.0633
====> Epoch: 20 Train loss: 0.2952  Val  loss: 0.4584 Val acc: 0.8604 Val ECE: 0.0472 Test acc: 0.8498 Test ECE: 0.0539
====> Epoch: 21 Train loss: 0.2807  Val  loss: 0.3801 Val acc: 0.8772 Val ECE: 0.0376 Test acc: 0.8753 Test ECE: 0.0354
====> Epoch: 22 Train loss: 0.2725  Val  loss: 0.4539 Val acc: 0.8586 Val ECE: 0.0542 Test acc: 0.8636 Test ECE: 0.0500
====> Epoch: 23 Train loss: 0.2658  Val  loss: 0.4537 Val acc: 0.8584 Val ECE: 0.0582 Test acc: 0.8570 Test ECE: 0.0546
====> Epoch: 24 Train loss: 0.2530  Val  loss: 0.3898 Val acc: 0.8786 Val ECE: 0.0400 Test acc: 0.8751 Test ECE: 0.0423
====> Epoch: 25 Train loss: 0.2401  Val  loss: 0.4510 Val acc: 0.8572 Val ECE: 0.0619 Test acc: 0.8574 Test ECE: 0.0604
====> Epoch: 26 Train loss: 0.2379  Val  loss: 0.3727 Val acc: 0.8820 Val ECE: 0.0378 Test acc: 0.8757 Test ECE: 0.0434
====> Epoch: 27 Train loss: 0.2329  Val  loss: 0.4871 Val acc: 0.8546 Val ECE: 0.0642 Test acc: 0.8605 Test ECE: 0.0605
====> Epoch: 28 Train loss: 0.2272  Val  loss: 0.4812 Val acc: 0.8608 Val ECE: 0.0567 Test acc: 0.8567 Test ECE: 0.0599
====> Epoch: 29 Train loss: 0.2190  Val  loss: 0.4103 Val acc: 0.8708 Val ECE: 0.0467 Test acc: 0.8670 Test ECE: 0.0491
====> Epoch: 30 Train loss: 0.2098  Val  loss: 0.4861 Val acc: 0.8520 Val ECE: 0.0566 Test acc: 0.8503 Test ECE: 0.0554
====> Epoch: 31 Train loss: 0.2128  Val  loss: 0.3855 Val acc: 0.8824 Val ECE: 0.0480 Test acc: 0.8823 Test ECE: 0.0434
====> Epoch: 32 Train loss: 0.2041  Val  loss: 0.3986 Val acc: 0.8758 Val ECE: 0.0510 Test acc: 0.8798 Test ECE: 0.0507
====> Epoch: 33 Train loss: 0.1986  Val  loss: 0.4130 Val acc: 0.8728 Val ECE: 0.0527 Test acc: 0.8647 Test ECE: 0.0602
====> Epoch: 34 Train loss: 0.1978  Val  loss: 0.3536 Val acc: 0.8840 Val ECE: 0.0509 Test acc: 0.8886 Test ECE: 0.0449
====> Epoch: 35 Train loss: 0.1895  Val  loss: 0.4960 Val acc: 0.8570 Val ECE: 0.0746 Test acc: 0.8591 Test ECE: 0.0732
====> Epoch: 36 Train loss: 0.1898  Val  loss: 0.4278 Val acc: 0.8806 Val ECE: 0.0512 Test acc: 0.8766 Test ECE: 0.0545
====> Epoch: 37 Train loss: 0.1836  Val  loss: 0.3498 Val acc: 0.8856 Val ECE: 0.0434 Test acc: 0.8823 Test ECE: 0.0450
====> Epoch: 38 Train loss: 0.1785  Val  loss: 0.3700 Val acc: 0.8898 Val ECE: 0.0488 Test acc: 0.8879 Test ECE: 0.0499
====> Epoch: 39 Train loss: 0.1772  Val  loss: 0.4884 Val acc: 0.8562 Val ECE: 0.0725 Test acc: 0.8539 Test ECE: 0.0753
====> Epoch: 40 Train loss: 0.1764  Val  loss: 0.3427 Val acc: 0.8972 Val ECE: 0.0436 Test acc: 0.8908 Test ECE: 0.0479
====> Epoch: 41 Train loss: 0.1681  Val  loss: 0.5037 Val acc: 0.8608 Val ECE: 0.0656 Test acc: 0.8524 Test ECE: 0.0718
====> Epoch: 42 Train loss: 0.1684  Val  loss: 0.3441 Val acc: 0.8964 Val ECE: 0.0428 Test acc: 0.8913 Test ECE: 0.0488
====> Epoch: 43 Train loss: 0.1627  Val  loss: 0.3962 Val acc: 0.8812 Val ECE: 0.0549 Test acc: 0.8811 Test ECE: 0.0532
====> Epoch: 44 Train loss: 0.1654  Val  loss: 0.3705 Val acc: 0.8890 Val ECE: 0.0500 Test acc: 0.8867 Test ECE: 0.0512
====> Epoch: 45 Train loss: 0.1584  Val  loss: 0.4582 Val acc: 0.8726 Val ECE: 0.0641 Test acc: 0.8748 Test ECE: 0.0637
====> Epoch: 46 Train loss: 0.1581  Val  loss: 0.5463 Val acc: 0.8608 Val ECE: 0.0701 Test acc: 0.8426 Test ECE: 0.0854
PF_fix round 1
fix fc parameters
====> Epoch: 47 Train loss: 0.1559  Val  loss: 0.3525 Val acc: 0.8954 Val ECE: 0.0433 Test acc: 0.8908 Test ECE: 0.0474
====> Epoch: 48 Train loss: 0.1482  Val  loss: 0.3956 Val acc: 0.8868 Val ECE: 0.0542 Test acc: 0.8824 Test ECE: 0.0576
====> Epoch: 49 Train loss: 0.1491  Val  loss: 0.4502 Val acc: 0.8772 Val ECE: 0.0599 Test acc: 0.8730 Test ECE: 0.0641
====> Epoch: 50 Train loss: 0.1478  Val  loss: 0.3894 Val acc: 0.8822 Val ECE: 0.0471 Test acc: 0.8841 Test ECE: 0.0443
====> Epoch: 51 Train loss: 0.1382  Val  loss: 0.3645 Val acc: 0.8940 Val ECE: 0.0428 Test acc: 0.8856 Test ECE: 0.0493
====> Epoch: 52 Train loss: 0.1431  Val  loss: 0.3474 Val acc: 0.8930 Val ECE: 0.0468 Test acc: 0.8872 Test ECE: 0.0500
====> Epoch: 53 Train loss: 0.1408  Val  loss: 0.3691 Val acc: 0.8932 Val ECE: 0.0464 Test acc: 0.8834 Test ECE: 0.0545
====> Epoch: 54 Train loss: 0.1332  Val  loss: 0.3626 Val acc: 0.8922 Val ECE: 0.0443 Test acc: 0.8886 Test ECE: 0.0481
====> Epoch: 55 Train loss: 0.1365  Val  loss: 0.5024 Val acc: 0.8708 Val ECE: 0.0739 Test acc: 0.8625 Test ECE: 0.0805
====> Epoch: 56 Train loss: 0.1367  Val  loss: 0.3471 Val acc: 0.8990 Val ECE: 0.0461 Test acc: 0.8944 Test ECE: 0.0479
====> Epoch: 57 Train loss: 0.1313  Val  loss: 0.3405 Val acc: 0.8934 Val ECE: 0.0443 Test acc: 0.8889 Test ECE: 0.0490
====> Epoch: 58 Train loss: 0.1346  Val  loss: 0.4259 Val acc: 0.8768 Val ECE: 0.0586 Test acc: 0.8802 Test ECE: 0.0546
====> Epoch: 59 Train loss: 0.1292  Val  loss: 0.3625 Val acc: 0.8992 Val ECE: 0.0476 Test acc: 0.8891 Test ECE: 0.0556
====> Epoch: 60 Train loss: 0.1250  Val  loss: 0.4353 Val acc: 0.8820 Val ECE: 0.0618 Test acc: 0.8804 Test ECE: 0.0630
====> Epoch: 61 Train loss: 0.1304  Val  loss: 0.3536 Val acc: 0.8996 Val ECE: 0.0463 Test acc: 0.8949 Test ECE: 0.0488
====> Epoch: 62 Train loss: 0.1233  Val  loss: 0.4308 Val acc: 0.8818 Val ECE: 0.0604 Test acc: 0.8831 Test ECE: 0.0593
====> Epoch: 63 Train loss: 0.1214  Val  loss: 0.4667 Val acc: 0.8684 Val ECE: 0.0675 Test acc: 0.8697 Test ECE: 0.0663
====> Epoch: 64 Train loss: 0.1221  Val  loss: 0.4849 Val acc: 0.8696 Val ECE: 0.0733 Test acc: 0.8751 Test ECE: 0.0672
====> Epoch: 65 Train loss: 0.1202  Val  loss: 0.3497 Val acc: 0.9002 Val ECE: 0.0457 Test acc: 0.8930 Test ECE: 0.0518
====> Epoch: 66 Train loss: 0.1199  Val  loss: 0.3776 Val acc: 0.8918 Val ECE: 0.0494 Test acc: 0.8890 Test ECE: 0.0570
====> Epoch: 67 Train loss: 0.1195  Val  loss: 0.3635 Val acc: 0.8910 Val ECE: 0.0438 Test acc: 0.8829 Test ECE: 0.0545
====> Epoch: 68 Train loss: 0.1189  Val  loss: 0.3265 Val acc: 0.9006 Val ECE: 0.0419 Test acc: 0.9004 Test ECE: 0.0409
====> Epoch: 69 Train loss: 0.1188  Val  loss: 0.3245 Val acc: 0.9060 Val ECE: 0.0400 Test acc: 0.9017 Test ECE: 0.0465
====> Epoch: 70 Train loss: 0.1131  Val  loss: 0.3792 Val acc: 0.8890 Val ECE: 0.0575 Test acc: 0.8932 Test ECE: 0.0534
====> Epoch: 71 Train loss: 0.1155  Val  loss: 0.4100 Val acc: 0.8864 Val ECE: 0.0551 Test acc: 0.8830 Test ECE: 0.0577
====> Epoch: 72 Train loss: 0.1120  Val  loss: 0.3421 Val acc: 0.9078 Val ECE: 0.0461 Test acc: 0.8957 Test ECE: 0.0497
====> Epoch: 73 Train loss: 0.1116  Val  loss: 0.4051 Val acc: 0.8832 Val ECE: 0.0579 Test acc: 0.8862 Test ECE: 0.0564
====> Epoch: 74 Train loss: 0.1142  Val  loss: 0.3520 Val acc: 0.8972 Val ECE: 0.0485 Test acc: 0.8958 Test ECE: 0.0471
====> Epoch: 75 Train loss: 0.1115  Val  loss: 0.3618 Val acc: 0.8980 Val ECE: 0.0505 Test acc: 0.8935 Test ECE: 0.0523
====> Epoch: 76 Train loss: 0.1080  Val  loss: 0.3477 Val acc: 0.9010 Val ECE: 0.0462 Test acc: 0.9007 Test ECE: 0.0488
====> Epoch: 77 Train loss: 0.1095  Val  loss: 0.4483 Val acc: 0.8816 Val ECE: 0.0673 Test acc: 0.8839 Test ECE: 0.0615
====> Epoch: 78 Train loss: 0.1089  Val  loss: 0.4229 Val acc: 0.8836 Val ECE: 0.0624 Test acc: 0.8776 Test ECE: 0.0675
====> Epoch: 79 Train loss: 0.1110  Val  loss: 0.3912 Val acc: 0.8870 Val ECE: 0.0521 Test acc: 0.8860 Test ECE: 0.0521
====> Epoch: 80 Train loss: 0.1108  Val  loss: 0.3456 Val acc: 0.9036 Val ECE: 0.0429 Test acc: 0.8984 Test ECE: 0.0486
====> Epoch: 81 Train loss: 0.1056  Val  loss: 0.3862 Val acc: 0.8894 Val ECE: 0.0548 Test acc: 0.8815 Test ECE: 0.0617
====> Epoch: 82 Train loss: 0.1057  Val  loss: 0.3840 Val acc: 0.8928 Val ECE: 0.0560 Test acc: 0.8971 Test ECE: 0.0502
====> Epoch: 83 Train loss: 0.1052  Val  loss: 0.3189 Val acc: 0.9154 Val ECE: 0.0395 Test acc: 0.9060 Test ECE: 0.0483
====> Epoch: 84 Train loss: 0.1064  Val  loss: 0.3051 Val acc: 0.9090 Val ECE: 0.0430 Test acc: 0.9062 Test ECE: 0.0472
====> Epoch: 85 Train loss: 0.1046  Val  loss: 0.4141 Val acc: 0.8890 Val ECE: 0.0556 Test acc: 0.8874 Test ECE: 0.0564
PF_fix round 2
fix fc parameters
fix layer4 parameters
====> Epoch: 86 Train loss: 0.0942  Val  loss: 0.4064 Val acc: 0.8820 Val ECE: 0.0535 Test acc: 0.8747 Test ECE: 0.0579
====> Epoch: 87 Train loss: 0.0873  Val  loss: 0.3397 Val acc: 0.8950 Val ECE: 0.0450 Test acc: 0.8959 Test ECE: 0.0426
====> Epoch: 88 Train loss: 0.0848  Val  loss: 0.3192 Val acc: 0.8974 Val ECE: 0.0404 Test acc: 0.8992 Test ECE: 0.0370
====> Epoch: 89 Train loss: 0.0838  Val  loss: 0.2958 Val acc: 0.9078 Val ECE: 0.0337 Test acc: 0.9071 Test ECE: 0.0292
====> Epoch: 90 Train loss: 0.0817  Val  loss: 0.3048 Val acc: 0.9020 Val ECE: 0.0301 Test acc: 0.8994 Test ECE: 0.0307
====> Epoch: 91 Train loss: 0.0800  Val  loss: 0.2881 Val acc: 0.9042 Val ECE: 0.0280 Test acc: 0.8989 Test ECE: 0.0329
====> Epoch: 92 Train loss: 0.0825  Val  loss: 0.2621 Val acc: 0.9148 Val ECE: 0.0202 Test acc: 0.9151 Test ECE: 0.0193
====> Epoch: 93 Train loss: 0.0818  Val  loss: 0.2557 Val acc: 0.9166 Val ECE: 0.0207 Test acc: 0.9179 Test ECE: 0.0201
====> Epoch: 94 Train loss: 0.0839  Val  loss: 0.2523 Val acc: 0.9150 Val ECE: 0.0196 Test acc: 0.9146 Test ECE: 0.0220
====> Epoch: 95 Train loss: 0.0821  Val  loss: 0.2706 Val acc: 0.9124 Val ECE: 0.0229 Test acc: 0.9083 Test ECE: 0.0261
====> Epoch: 96 Train loss: 0.0869  Val  loss: 0.2659 Val acc: 0.9128 Val ECE: 0.0163 Test acc: 0.9119 Test ECE: 0.0191
====> Epoch: 97 Train loss: 0.0893  Val  loss: 0.2900 Val acc: 0.9084 Val ECE: 0.0239 Test acc: 0.9073 Test ECE: 0.0272
====> Epoch: 98 Train loss: 0.0896  Val  loss: 0.3222 Val acc: 0.8942 Val ECE: 0.0266 Test acc: 0.8938 Test ECE: 0.0278
====> Epoch: 99 Train loss: 0.0946  Val  loss: 0.2960 Val acc: 0.9050 Val ECE: 0.0263 Test acc: 0.8988 Test ECE: 0.0305
====> Epoch: 100 Train loss: 0.0970  Val  loss: 0.2561 Val acc: 0.9128 Val ECE: 0.0218 Test acc: 0.9184 Test ECE: 0.0147
====> Epoch: 101 Train loss: 0.1019  Val  loss: 0.3015 Val acc: 0.9024 Val ECE: 0.0293 Test acc: 0.9041 Test ECE: 0.0262
====> Epoch: 102 Train loss: 0.1040  Val  loss: 0.2859 Val acc: 0.9084 Val ECE: 0.0202 Test acc: 0.9026 Test ECE: 0.0260
====> Epoch: 103 Train loss: 0.1097  Val  loss: 0.2729 Val acc: 0.9108 Val ECE: 0.0212 Test acc: 0.9107 Test ECE: 0.0197
====> Epoch: 104 Train loss: 0.1154  Val  loss: 0.3656 Val acc: 0.8826 Val ECE: 0.0313 Test acc: 0.8825 Test ECE: 0.0289
====> Epoch: 105 Train loss: 0.1245  Val  loss: 0.2978 Val acc: 0.9030 Val ECE: 0.0157 Test acc: 0.9021 Test ECE: 0.0178
====> Epoch: 106 Train loss: 0.1318  Val  loss: 0.3248 Val acc: 0.8984 Val ECE: 0.0173 Test acc: 0.8919 Test ECE: 0.0216
====> Epoch: 107 Train loss: 0.1357  Val  loss: 0.3405 Val acc: 0.8958 Val ECE: 0.0200 Test acc: 0.8932 Test ECE: 0.0177
====> Epoch: 108 Train loss: 0.1440  Val  loss: 0.3191 Val acc: 0.9000 Val ECE: 0.0207 Test acc: 0.9019 Test ECE: 0.0159
====> Epoch: 109 Train loss: 0.1598  Val  loss: 0.3748 Val acc: 0.8818 Val ECE: 0.0299 Test acc: 0.8820 Test ECE: 0.0265
====> Epoch: 110 Train loss: 0.1732  Val  loss: 0.3411 Val acc: 0.9008 Val ECE: 0.0244 Test acc: 0.8984 Test ECE: 0.0276
====> Epoch: 111 Train loss: 0.1905  Val  loss: 0.3532 Val acc: 0.8966 Val ECE: 0.0477 Test acc: 0.8937 Test ECE: 0.0392
====> Epoch: 112 Train loss: 0.2121  Val  loss: 0.3585 Val acc: 0.9070 Val ECE: 0.0585 Test acc: 0.9014 Test ECE: 0.0511
====> Epoch: 113 Train loss: 0.2326  Val  loss: 0.3596 Val acc: 0.9066 Val ECE: 0.0786 Test acc: 0.9066 Test ECE: 0.0760
====> Epoch: 114 Train loss: 0.2662  Val  loss: 0.4184 Val acc: 0.8954 Val ECE: 0.0944 Test acc: 0.8941 Test ECE: 0.0905
====> Epoch: 115 Train loss: 0.2932  Val  loss: 0.4222 Val acc: 0.9014 Val ECE: 0.1196 Test acc: 0.9032 Test ECE: 0.1217
====> Epoch: 116 Train loss: 0.3321  Val  loss: 0.4297 Val acc: 0.9120 Val ECE: 0.1511 Test acc: 0.9080 Test ECE: 0.1484
====> Epoch: 117 Train loss: 0.3770  Val  loss: 0.5490 Val acc: 0.8866 Val ECE: 0.1820 Test acc: 0.8915 Test ECE: 0.1872
====> Epoch: 118 Train loss: 0.4253  Val  loss: 0.6189 Val acc: 0.8700 Val ECE: 0.2060 Test acc: 0.8712 Test ECE: 0.2052
====> Epoch: 119 Train loss: 0.4796  Val  loss: 0.6201 Val acc: 0.8952 Val ECE: 0.2563 Test acc: 0.8946 Test ECE: 0.2570
====> Epoch: 120 Train loss: 0.5394  Val  loss: 0.6568 Val acc: 0.9046 Val ECE: 0.3120 Test acc: 0.9007 Test ECE: 0.3079
====> Epoch: 121 Train loss: 0.6013  Val  loss: 0.7136 Val acc: 0.9028 Val ECE: 0.3407 Test acc: 0.8973 Test ECE: 0.3321
====> Epoch: 122 Train loss: 0.6732  Val  loss: 0.8409 Val acc: 0.8744 Val ECE: 0.3608 Test acc: 0.8685 Test ECE: 0.3578
====> Epoch: 123 Train loss: 0.7412  Val  loss: 0.8438 Val acc: 0.9036 Val ECE: 0.4181 Test acc: 0.9039 Test ECE: 0.4189
====> Epoch: 124 Train loss: 0.8148  Val  loss: 0.9104 Val acc: 0.9048 Val ECE: 0.4562 Test acc: 0.9001 Test ECE: 0.4516
====> Epoch: 125 Train loss: 0.8889  Val  loss: 0.9960 Val acc: 0.8978 Val ECE: 0.4842 Test acc: 0.8948 Test ECE: 0.4826
====> Epoch: 126 Train loss: 0.9655  Val  loss: 1.0616 Val acc: 0.9064 Val ECE: 0.5258 Test acc: 0.8999 Test ECE: 0.5197
====> Epoch: 127 Train loss: 1.0395  Val  loss: 1.1269 Val acc: 0.8998 Val ECE: 0.5429 Test acc: 0.8942 Test ECE: 0.5390
====> Epoch: 128 Train loss: 1.1116  Val  loss: 1.1841 Val acc: 0.9118 Val ECE: 0.5803 Test acc: 0.9093 Test ECE: 0.5782
PF_fix round 3
fix fc parameters
fix layer4 parameters
fix layer3 parameters
====> Epoch: 129 Train loss: 1.2291  Val  loss: 1.2851 Val acc: 0.9120 Val ECE: 0.6133 Test acc: 0.9000 Test ECE: 0.6013
====> Epoch: 130 Train loss: 1.2978  Val  loss: 1.3742 Val acc: 0.8972 Val ECE: 0.6236 Test acc: 0.8977 Test ECE: 0.6242
====> Epoch: 131 Train loss: 1.3604  Val  loss: 1.4249 Val acc: 0.9082 Val ECE: 0.6505 Test acc: 0.8938 Test ECE: 0.6364
====> Epoch: 132 Train loss: 1.4245  Val  loss: 1.4890 Val acc: 0.9032 Val ECE: 0.6632 Test acc: 0.9020 Test ECE: 0.6618
====> Epoch: 133 Train loss: 1.4880  Val  loss: 1.5459 Val acc: 0.9072 Val ECE: 0.6821 Test acc: 0.9065 Test ECE: 0.6815
====> Epoch: 134 Train loss: 1.5467  Val  loss: 1.5918 Val acc: 0.9200 Val ECE: 0.7076 Test acc: 0.9192 Test ECE: 0.7064
====> Epoch: 135 Train loss: 1.6028  Val  loss: 1.6421 Val acc: 0.9220 Val ECE: 0.7213 Test acc: 0.9175 Test ECE: 0.7167
====> Epoch: 136 Train loss: 1.6558  Val  loss: 1.6994 Val acc: 0.9174 Val ECE: 0.7281 Test acc: 0.9153 Test ECE: 0.7260
====> Epoch: 137 Train loss: 1.7067  Val  loss: 1.7484 Val acc: 0.9170 Val ECE: 0.7371 Test acc: 0.9135 Test ECE: 0.7337
====> Epoch: 138 Train loss: 1.7545  Val  loss: 1.7929 Val acc: 0.9154 Val ECE: 0.7439 Test acc: 0.9089 Test ECE: 0.7377
====> Epoch: 139 Train loss: 1.7988  Val  loss: 1.8265 Val acc: 0.9276 Val ECE: 0.7628 Test acc: 0.9187 Test ECE: 0.7539
====> Epoch: 140 Train loss: 1.8400  Val  loss: 1.8727 Val acc: 0.9234 Val ECE: 0.7665 Test acc: 0.9183 Test ECE: 0.7614
====> Epoch: 141 Train loss: 1.8786  Val  loss: 1.9078 Val acc: 0.9168 Val ECE: 0.7653 Test acc: 0.9154 Test ECE: 0.7638
====> Epoch: 142 Train loss: 1.9147  Val  loss: 1.9384 Val acc: 0.9300 Val ECE: 0.7838 Test acc: 0.9229 Test ECE: 0.7769
====> Epoch: 143 Train loss: 1.9482  Val  loss: 1.9700 Val acc: 0.9284 Val ECE: 0.7869 Test acc: 0.9214 Test ECE: 0.7800
====> Epoch: 144 Train loss: 1.9796  Val  loss: 1.9988 Val acc: 0.9286 Val ECE: 0.7913 Test acc: 0.9165 Test ECE: 0.7793
====> Epoch: 145 Train loss: 2.0081  Val  loss: 2.0270 Val acc: 0.9254 Val ECE: 0.7921 Test acc: 0.9223 Test ECE: 0.7891
====> Epoch: 146 Train loss: 2.0345  Val  loss: 2.0522 Val acc: 0.9308 Val ECE: 0.8011 Test acc: 0.9228 Test ECE: 0.7931
====> Epoch: 147 Train loss: 2.0589  Val  loss: 2.0759 Val acc: 0.9250 Val ECE: 0.7984 Test acc: 0.9272 Test ECE: 0.8007
====> Epoch: 148 Train loss: 2.0811  Val  loss: 2.0961 Val acc: 0.9336 Val ECE: 0.8098 Test acc: 0.9320 Test ECE: 0.8081
====> Epoch: 149 Train loss: 2.1017  Val  loss: 2.1157 Val acc: 0.9310 Val ECE: 0.8096 Test acc: 0.9271 Test ECE: 0.8058
====> Epoch: 150 Train loss: 2.1113  Val  loss: 2.1144 Val acc: 0.9426 Val ECE: 0.8212 Test acc: 0.9370 Test ECE: 0.8156
====> Epoch: 151 Train loss: 2.1128  Val  loss: 2.1163 Val acc: 0.9438 Val ECE: 0.8227 Test acc: 0.9382 Test ECE: 0.8171
====> Epoch: 152 Train loss: 2.1145  Val  loss: 2.1170 Val acc: 0.9442 Val ECE: 0.8232 Test acc: 0.9378 Test ECE: 0.8168
====> Epoch: 153 Train loss: 2.1162  Val  loss: 2.1214 Val acc: 0.9442 Val ECE: 0.8237 Test acc: 0.9381 Test ECE: 0.8176
====> Epoch: 154 Train loss: 2.1180  Val  loss: 2.1218 Val acc: 0.9458 Val ECE: 0.8253 Test acc: 0.9379 Test ECE: 0.8175
====> Epoch: 155 Train loss: 2.1198  Val  loss: 2.1246 Val acc: 0.9432 Val ECE: 0.8231 Test acc: 0.9365 Test ECE: 0.8164
====> Epoch: 156 Train loss: 2.1215  Val  loss: 2.1266 Val acc: 0.9414 Val ECE: 0.8215 Test acc: 0.9376 Test ECE: 0.8178
====> Epoch: 157 Train loss: 2.1233  Val  loss: 2.1279 Val acc: 0.9426 Val ECE: 0.8229 Test acc: 0.9387 Test ECE: 0.8190
====> Epoch: 158 Train loss: 2.1251  Val  loss: 2.1300 Val acc: 0.9440 Val ECE: 0.8246 Test acc: 0.9367 Test ECE: 0.8173
====> Epoch: 159 Train loss: 2.1268  Val  loss: 2.1318 Val acc: 0.9434 Val ECE: 0.8242 Test acc: 0.9385 Test ECE: 0.8193
====> Epoch: 160 Train loss: 2.1285  Val  loss: 2.1317 Val acc: 0.9426 Val ECE: 0.8234 Test acc: 0.9371 Test ECE: 0.8179
====> Epoch: 161 Train loss: 2.1302  Val  loss: 2.1343 Val acc: 0.9434 Val ECE: 0.8245 Test acc: 0.9374 Test ECE: 0.8185
====> Epoch: 162 Train loss: 2.1318  Val  loss: 2.1362 Val acc: 0.9440 Val ECE: 0.8253 Test acc: 0.9384 Test ECE: 0.8197
====> Epoch: 163 Train loss: 2.1334  Val  loss: 2.1385 Val acc: 0.9422 Val ECE: 0.8238 Test acc: 0.9385 Test ECE: 0.8201
====> Epoch: 164 Train loss: 2.1352  Val  loss: 2.1387 Val acc: 0.9412 Val ECE: 0.8228 Test acc: 0.9377 Test ECE: 0.8194
====> Epoch: 165 Train loss: 2.1368  Val  loss: 2.1415 Val acc: 0.9422 Val ECE: 0.8242 Test acc: 0.9379 Test ECE: 0.8199
====> Epoch: 166 Train loss: 2.1385  Val  loss: 2.1436 Val acc: 0.9428 Val ECE: 0.8250 Test acc: 0.9376 Test ECE: 0.8199
====> Epoch: 167 Train loss: 2.1401  Val  loss: 2.1452 Val acc: 0.9432 Val ECE: 0.8256 Test acc: 0.9384 Test ECE: 0.8209
====> Epoch: 168 Train loss: 2.1418  Val  loss: 2.1468 Val acc: 0.9432 Val ECE: 0.8258 Test acc: 0.9392 Test ECE: 0.8219
====> Epoch: 169 Train loss: 2.1432  Val  loss: 2.1474 Val acc: 0.9436 Val ECE: 0.8263 Test acc: 0.9366 Test ECE: 0.8193
====> Epoch: 170 Train loss: 2.1448  Val  loss: 2.1492 Val acc: 0.9402 Val ECE: 0.8231 Test acc: 0.9375 Test ECE: 0.8204
====> Epoch: 171 Train loss: 2.1464  Val  loss: 2.1515 Val acc: 0.9440 Val ECE: 0.8272 Test acc: 0.9370 Test ECE: 0.8202
====> Epoch: 172 Train loss: 2.1480  Val  loss: 2.1528 Val acc: 0.9430 Val ECE: 0.8263 Test acc: 0.9374 Test ECE: 0.8208
====> Epoch: 173 Train loss: 2.1496  Val  loss: 2.1541 Val acc: 0.9424 Val ECE: 0.8259 Test acc: 0.9388 Test ECE: 0.8223
====> Epoch: 174 Train loss: 2.1512  Val  loss: 2.1540 Val acc: 0.9420 Val ECE: 0.8255 Test acc: 0.9379 Test ECE: 0.8214
====> Epoch: 175 Train loss: 2.1526  Val  loss: 2.1580 Val acc: 0.9446 Val ECE: 0.8286 Test acc: 0.9380 Test ECE: 0.8220
====> Epoch: 176 Train loss: 2.1541  Val  loss: 2.1579 Val acc: 0.9418 Val ECE: 0.8257 Test acc: 0.9374 Test ECE: 0.8214
====> Epoch: 177 Train loss: 2.1555  Val  loss: 2.1598 Val acc: 0.9418 Val ECE: 0.8260 Test acc: 0.9374 Test ECE: 0.8216
====> Epoch: 178 Train loss: 2.1570  Val  loss: 2.1615 Val acc: 0.9434 Val ECE: 0.8278 Test acc: 0.9372 Test ECE: 0.8216
====> Epoch: 179 Train loss: 2.1585  Val  loss: 2.1628 Val acc: 0.9420 Val ECE: 0.8265 Test acc: 0.9383 Test ECE: 0.8229
====> Epoch: 180 Train loss: 2.1600  Val  loss: 2.1638 Val acc: 0.9432 Val ECE: 0.8278 Test acc: 0.9374 Test ECE: 0.8221
====> Epoch: 181 Train loss: 2.1614  Val  loss: 2.1658 Val acc: 0.9422 Val ECE: 0.8271 Test acc: 0.9388 Test ECE: 0.8237
====> Epoch: 182 Train loss: 2.1629  Val  loss: 2.1681 Val acc: 0.9432 Val ECE: 0.8284 Test acc: 0.9377 Test ECE: 0.8229
====> Epoch: 183 Train loss: 2.1642  Val  loss: 2.1687 Val acc: 0.9440 Val ECE: 0.8292 Test acc: 0.9362 Test ECE: 0.8215
====> Epoch: 184 Train loss: 2.1656  Val  loss: 2.1703 Val acc: 0.9430 Val ECE: 0.8284 Test acc: 0.9365 Test ECE: 0.8220
====> Epoch: 185 Train loss: 2.1670  Val  loss: 2.1712 Val acc: 0.9420 Val ECE: 0.8275 Test acc: 0.9368 Test ECE: 0.8224
====> Epoch: 186 Train loss: 2.1684  Val  loss: 2.1724 Val acc: 0.9428 Val ECE: 0.8285 Test acc: 0.9363 Test ECE: 0.8220
====> Epoch: 187 Train loss: 2.1698  Val  loss: 2.1735 Val acc: 0.9436 Val ECE: 0.8294 Test acc: 0.9378 Test ECE: 0.8236
====> Epoch: 188 Train loss: 2.1710  Val  loss: 2.1750 Val acc: 0.9408 Val ECE: 0.8268 Test acc: 0.9369 Test ECE: 0.8229
====> Epoch: 189 Train loss: 2.1723  Val  loss: 2.1766 Val acc: 0.9434 Val ECE: 0.8296 Test acc: 0.9355 Test ECE: 0.8217
====> Epoch: 190 Train loss: 2.1738  Val  loss: 2.1771 Val acc: 0.9404 Val ECE: 0.8266 Test acc: 0.9365 Test ECE: 0.8228
====> Epoch: 191 Train loss: 2.1751  Val  loss: 2.1790 Val acc: 0.9432 Val ECE: 0.8296 Test acc: 0.9368 Test ECE: 0.8233
====> Epoch: 192 Train loss: 2.1763  Val  loss: 2.1806 Val acc: 0.9422 Val ECE: 0.8288 Test acc: 0.9374 Test ECE: 0.8241
====> Epoch: 193 Train loss: 2.1776  Val  loss: 2.1818 Val acc: 0.9422 Val ECE: 0.8290 Test acc: 0.9375 Test ECE: 0.8243
====> Epoch: 194 Train loss: 2.1789  Val  loss: 2.1834 Val acc: 0.9432 Val ECE: 0.8302 Test acc: 0.9368 Test ECE: 0.8238
====> Epoch: 195 Train loss: 2.1801  Val  loss: 2.1847 Val acc: 0.9422 Val ECE: 0.8293 Test acc: 0.9381 Test ECE: 0.8252
====> Epoch: 196 Train loss: 2.1813  Val  loss: 2.1853 Val acc: 0.9422 Val ECE: 0.8294 Test acc: 0.9372 Test ECE: 0.8244
====> Epoch: 197 Train loss: 2.1826  Val  loss: 2.1860 Val acc: 0.9402 Val ECE: 0.8275 Test acc: 0.9368 Test ECE: 0.8241
====> Epoch: 198 Train loss: 2.1838  Val  loss: 2.1878 Val acc: 0.9400 Val ECE: 0.8274 Test acc: 0.9357 Test ECE: 0.8232
====> Epoch: 199 Train loss: 2.1850  Val  loss: 2.1890 Val acc: 0.9420 Val ECE: 0.8296 Test acc: 0.9365 Test ECE: 0.8241
====> Epoch: 200 Train loss: 2.1862  Val  loss: 2.1898 Val acc: 0.9402 Val ECE: 0.8279 Test acc: 0.9360 Test ECE: 0.8237
====> Epoch: 201 Train loss: 2.1874  Val  loss: 2.1905 Val acc: 0.9416 Val ECE: 0.8294 Test acc: 0.9367 Test ECE: 0.8245
====> Epoch: 202 Train loss: 2.1886  Val  loss: 2.1929 Val acc: 0.9414 Val ECE: 0.8295 Test acc: 0.9363 Test ECE: 0.8244
====> Epoch: 203 Train loss: 2.1898  Val  loss: 2.1933 Val acc: 0.9406 Val ECE: 0.8287 Test acc: 0.9363 Test ECE: 0.8244
====> Epoch: 204 Train loss: 2.1909  Val  loss: 2.1950 Val acc: 0.9408 Val ECE: 0.8291 Test acc: 0.9346 Test ECE: 0.8229
====> Epoch: 205 Train loss: 2.1920  Val  loss: 2.1958 Val acc: 0.9420 Val ECE: 0.8304 Test acc: 0.9362 Test ECE: 0.8246
====> Epoch: 206 Train loss: 2.1931  Val  loss: 2.1970 Val acc: 0.9428 Val ECE: 0.8313 Test acc: 0.9366 Test ECE: 0.8252
====> Epoch: 207 Train loss: 2.1942  Val  loss: 2.1981 Val acc: 0.9424 Val ECE: 0.8310 Test acc: 0.9357 Test ECE: 0.8244
====> Epoch: 208 Train loss: 2.1954  Val  loss: 2.1991 Val acc: 0.9390 Val ECE: 0.8278 Test acc: 0.9351 Test ECE: 0.8239
====> Epoch: 209 Train loss: 2.1965  Val  loss: 2.2001 Val acc: 0.9426 Val ECE: 0.8315 Test acc: 0.9356 Test ECE: 0.8245
====> Epoch: 210 Train loss: 2.1976  Val  loss: 2.2011 Val acc: 0.9412 Val ECE: 0.8302 Test acc: 0.9364 Test ECE: 0.8254
====> Epoch: 211 Train loss: 2.1987  Val  loss: 2.2027 Val acc: 0.9410 Val ECE: 0.8302 Test acc: 0.9360 Test ECE: 0.8252
====> Epoch: 212 Train loss: 2.1997  Val  loss: 2.2035 Val acc: 0.9412 Val ECE: 0.8305 Test acc: 0.9357 Test ECE: 0.8250
====> Epoch: 213 Train loss: 2.2008  Val  loss: 2.2043 Val acc: 0.9428 Val ECE: 0.8322 Test acc: 0.9367 Test ECE: 0.8261
====> Epoch: 214 Train loss: 2.2018  Val  loss: 2.2057 Val acc: 0.9404 Val ECE: 0.8299 Test acc: 0.9382 Test ECE: 0.8277
====> Epoch: 215 Train loss: 2.2029  Val  loss: 2.2060 Val acc: 0.9396 Val ECE: 0.8291 Test acc: 0.9355 Test ECE: 0.8251
====> Epoch: 216 Train loss: 2.2039  Val  loss: 2.2074 Val acc: 0.9422 Val ECE: 0.8319 Test acc: 0.9366 Test ECE: 0.8263
====> Epoch: 217 Train loss: 2.2049  Val  loss: 2.2080 Val acc: 0.9404 Val ECE: 0.8302 Test acc: 0.9341 Test ECE: 0.8239
====> Epoch: 218 Train loss: 2.2059  Val  loss: 2.2096 Val acc: 0.9398 Val ECE: 0.8297 Test acc: 0.9362 Test ECE: 0.8262
====> Epoch: 219 Train loss: 2.2069  Val  loss: 2.2104 Val acc: 0.9396 Val ECE: 0.8296 Test acc: 0.9342 Test ECE: 0.8243
====> Epoch: 220 Train loss: 2.2079  Val  loss: 2.2119 Val acc: 0.9402 Val ECE: 0.8304 Test acc: 0.9366 Test ECE: 0.8268
====> Epoch: 221 Train loss: 2.2088  Val  loss: 2.2124 Val acc: 0.9374 Val ECE: 0.8277 Test acc: 0.9362 Test ECE: 0.8265
====> Epoch: 222 Train loss: 2.2098  Val  loss: 2.2136 Val acc: 0.9370 Val ECE: 0.8274 Test acc: 0.9359 Test ECE: 0.8263
====> Epoch: 223 Train loss: 2.2108  Val  loss: 2.2143 Val acc: 0.9408 Val ECE: 0.8313 Test acc: 0.9366 Test ECE: 0.8271
====> Epoch: 224 Train loss: 2.2117  Val  loss: 2.2149 Val acc: 0.9430 Val ECE: 0.8336 Test acc: 0.9357 Test ECE: 0.8263
====> Epoch: 225 Train loss: 2.2127  Val  loss: 2.2161 Val acc: 0.9408 Val ECE: 0.8315 Test acc: 0.9342 Test ECE: 0.8249
====> Epoch: 226 Train loss: 2.2136  Val  loss: 2.2167 Val acc: 0.9396 Val ECE: 0.8303 Test acc: 0.9347 Test ECE: 0.8255
====> Epoch: 227 Train loss: 2.2145  Val  loss: 2.2174 Val acc: 0.9412 Val ECE: 0.8320 Test acc: 0.9346 Test ECE: 0.8255
====> Epoch: 228 Train loss: 2.2154  Val  loss: 2.2188 Val acc: 0.9406 Val ECE: 0.8316 Test acc: 0.9350 Test ECE: 0.8260
====> Epoch: 229 Train loss: 2.2163  Val  loss: 2.2198 Val acc: 0.9410 Val ECE: 0.8321 Test acc: 0.9350 Test ECE: 0.8261
====> Epoch: 230 Train loss: 2.2172  Val  loss: 2.2204 Val acc: 0.9404 Val ECE: 0.8316 Test acc: 0.9353 Test ECE: 0.8265
====> Epoch: 231 Train loss: 2.2181  Val  loss: 2.2215 Val acc: 0.9400 Val ECE: 0.8313 Test acc: 0.9359 Test ECE: 0.8272
====> Epoch: 232 Train loss: 2.2190  Val  loss: 2.2224 Val acc: 0.9404 Val ECE: 0.8318 Test acc: 0.9341 Test ECE: 0.8255
====> Epoch: 233 Train loss: 2.2199  Val  loss: 2.2231 Val acc: 0.9394 Val ECE: 0.8309 Test acc: 0.9343 Test ECE: 0.8258
====> Epoch: 234 Train loss: 2.2207  Val  loss: 2.2242 Val acc: 0.9394 Val ECE: 0.8310 Test acc: 0.9347 Test ECE: 0.8263
====> Epoch: 235 Train loss: 2.2215  Val  loss: 2.2249 Val acc: 0.9408 Val ECE: 0.8325 Test acc: 0.9348 Test ECE: 0.8265
====> Epoch: 236 Train loss: 2.2224  Val  loss: 2.2254 Val acc: 0.9392 Val ECE: 0.8309 Test acc: 0.9355 Test ECE: 0.8272
====> Epoch: 237 Train loss: 2.2233  Val  loss: 2.2267 Val acc: 0.9384 Val ECE: 0.8303 Test acc: 0.9349 Test ECE: 0.8268
====> Epoch: 238 Train loss: 2.2241  Val  loss: 2.2269 Val acc: 0.9390 Val ECE: 0.8309 Test acc: 0.9348 Test ECE: 0.8267
====> Epoch: 239 Train loss: 2.2249  Val  loss: 2.2284 Val acc: 0.9382 Val ECE: 0.8303 Test acc: 0.9351 Test ECE: 0.8272
====> Epoch: 240 Train loss: 2.2257  Val  loss: 2.2285 Val acc: 0.9400 Val ECE: 0.8321 Test acc: 0.9339 Test ECE: 0.8260
====> Epoch: 241 Train loss: 2.2265  Val  loss: 2.2294 Val acc: 0.9378 Val ECE: 0.8300 Test acc: 0.9364 Test ECE: 0.8286
====> Epoch: 242 Train loss: 2.2273  Val  loss: 2.2302 Val acc: 0.9394 Val ECE: 0.8317 Test acc: 0.9365 Test ECE: 0.8288
====> Epoch: 243 Train loss: 2.2281  Val  loss: 2.2309 Val acc: 0.9410 Val ECE: 0.8333 Test acc: 0.9345 Test ECE: 0.8269
====> Epoch: 244 Train loss: 2.2288  Val  loss: 2.2317 Val acc: 0.9404 Val ECE: 0.8328 Test acc: 0.9351 Test ECE: 0.8275
====> Epoch: 245 Train loss: 2.2296  Val  loss: 2.2328 Val acc: 0.9386 Val ECE: 0.8311 Test acc: 0.9366 Test ECE: 0.8292
====> Epoch: 246 Train loss: 2.2304  Val  loss: 2.2333 Val acc: 0.9384 Val ECE: 0.8310 Test acc: 0.9348 Test ECE: 0.8274
====> Epoch: 247 Train loss: 2.2311  Val  loss: 2.2339 Val acc: 0.9376 Val ECE: 0.8303 Test acc: 0.9352 Test ECE: 0.8279
====> Epoch: 248 Train loss: 2.2319  Val  loss: 2.2348 Val acc: 0.9388 Val ECE: 0.8316 Test acc: 0.9349 Test ECE: 0.8277
====> Epoch: 249 Train loss: 2.2326  Val  loss: 2.2356 Val acc: 0.9388 Val ECE: 0.8317 Test acc: 0.9362 Test ECE: 0.8291
====> Epoch: 250 Train loss: 2.2330  Val  loss: 2.2355 Val acc: 0.9376 Val ECE: 0.8304 Test acc: 0.9365 Test ECE: 0.8294
====> Epoch: 251 Train loss: 2.2331  Val  loss: 2.2349 Val acc: 0.9380 Val ECE: 0.8308 Test acc: 0.9364 Test ECE: 0.8292
====> Epoch: 252 Train loss: 2.2331  Val  loss: 2.2354 Val acc: 0.9392 Val ECE: 0.8320 Test acc: 0.9354 Test ECE: 0.8282
====> Epoch: 253 Train loss: 2.2332  Val  loss: 2.2358 Val acc: 0.9374 Val ECE: 0.8303 Test acc: 0.9350 Test ECE: 0.8279
====> Epoch: 254 Train loss: 2.2332  Val  loss: 2.2360 Val acc: 0.9394 Val ECE: 0.8323 Test acc: 0.9352 Test ECE: 0.8281
====> Epoch: 255 Train loss: 2.2333  Val  loss: 2.2362 Val acc: 0.9374 Val ECE: 0.8303 Test acc: 0.9362 Test ECE: 0.8291
====> Epoch: 256 Train loss: 2.2334  Val  loss: 2.2360 Val acc: 0.9384 Val ECE: 0.8313 Test acc: 0.9370 Test ECE: 0.8299
====> Epoch: 257 Train loss: 2.2335  Val  loss: 2.2358 Val acc: 0.9388 Val ECE: 0.8317 Test acc: 0.9371 Test ECE: 0.8300
====> Epoch: 258 Train loss: 2.2336  Val  loss: 2.2361 Val acc: 0.9386 Val ECE: 0.8315 Test acc: 0.9352 Test ECE: 0.8281
====> Epoch: 259 Train loss: 2.2336  Val  loss: 2.2362 Val acc: 0.9364 Val ECE: 0.8293 Test acc: 0.9332 Test ECE: 0.8261
====> Epoch: 260 Train loss: 2.2337  Val  loss: 2.2364 Val acc: 0.9382 Val ECE: 0.8311 Test acc: 0.9360 Test ECE: 0.8290
====> Epoch: 261 Train loss: 2.2338  Val  loss: 2.2366 Val acc: 0.9388 Val ECE: 0.8318 Test acc: 0.9365 Test ECE: 0.8295
====> Epoch: 262 Train loss: 2.2338  Val  loss: 2.2362 Val acc: 0.9392 Val ECE: 0.8321 Test acc: 0.9361 Test ECE: 0.8290
====> Epoch: 263 Train loss: 2.2339  Val  loss: 2.2368 Val acc: 0.9380 Val ECE: 0.8310 Test acc: 0.9340 Test ECE: 0.8270
====> Epoch: 264 Train loss: 2.2339  Val  loss: 2.2363 Val acc: 0.9386 Val ECE: 0.8315 Test acc: 0.9359 Test ECE: 0.8289
====> Epoch: 265 Train loss: 2.2340  Val  loss: 2.2370 Val acc: 0.9362 Val ECE: 0.8292 Test acc: 0.9351 Test ECE: 0.8281
====> Epoch: 266 Train loss: 2.2341  Val  loss: 2.2370 Val acc: 0.9394 Val ECE: 0.8324 Test acc: 0.9347 Test ECE: 0.8277
====> Epoch: 267 Train loss: 2.2342  Val  loss: 2.2366 Val acc: 0.9402 Val ECE: 0.8332 Test acc: 0.9350 Test ECE: 0.8280
====> Epoch: 268 Train loss: 2.2342  Val  loss: 2.2370 Val acc: 0.9392 Val ECE: 0.8322 Test acc: 0.9355 Test ECE: 0.8285
====> Epoch: 269 Train loss: 2.2343  Val  loss: 2.2368 Val acc: 0.9360 Val ECE: 0.8290 Test acc: 0.9349 Test ECE: 0.8279
====> Epoch: 270 Train loss: 2.2344  Val  loss: 2.2368 Val acc: 0.9400 Val ECE: 0.8330 Test acc: 0.9344 Test ECE: 0.8274
====> Epoch: 271 Train loss: 2.2345  Val  loss: 2.2369 Val acc: 0.9372 Val ECE: 0.8302 Test acc: 0.9354 Test ECE: 0.8284
====> Epoch: 272 Train loss: 2.2345  Val  loss: 2.2369 Val acc: 0.9386 Val ECE: 0.8316 Test acc: 0.9345 Test ECE: 0.8275
====> Epoch: 273 Train loss: 2.2346  Val  loss: 2.2369 Val acc: 0.9400 Val ECE: 0.8330 Test acc: 0.9353 Test ECE: 0.8283
====> Epoch: 274 Train loss: 2.2347  Val  loss: 2.2373 Val acc: 0.9388 Val ECE: 0.8318 Test acc: 0.9354 Test ECE: 0.8285
====> Epoch: 275 Train loss: 2.2348  Val  loss: 2.2372 Val acc: 0.9360 Val ECE: 0.8290 Test acc: 0.9356 Test ECE: 0.8286
====> Epoch: 276 Train loss: 2.2348  Val  loss: 2.2377 Val acc: 0.9370 Val ECE: 0.8301 Test acc: 0.9363 Test ECE: 0.8294
====> Epoch: 277 Train loss: 2.2349  Val  loss: 2.2371 Val acc: 0.9406 Val ECE: 0.8336 Test acc: 0.9352 Test ECE: 0.8282
====> Epoch: 278 Train loss: 2.2350  Val  loss: 2.2376 Val acc: 0.9372 Val ECE: 0.8303 Test acc: 0.9360 Test ECE: 0.8291
====> Epoch: 279 Train loss: 2.2350  Val  loss: 2.2376 Val acc: 0.9378 Val ECE: 0.8309 Test acc: 0.9355 Test ECE: 0.8286
====> Epoch: 280 Train loss: 2.2351  Val  loss: 2.2374 Val acc: 0.9366 Val ECE: 0.8296 Test acc: 0.9343 Test ECE: 0.8274
====> Epoch: 281 Train loss: 2.2352  Val  loss: 2.2374 Val acc: 0.9382 Val ECE: 0.8312 Test acc: 0.9362 Test ECE: 0.8293
====> Epoch: 282 Train loss: 2.2352  Val  loss: 2.2380 Val acc: 0.9394 Val ECE: 0.8325 Test acc: 0.9354 Test ECE: 0.8285
====> Epoch: 283 Train loss: 2.2353  Val  loss: 2.2377 Val acc: 0.9398 Val ECE: 0.8329 Test acc: 0.9352 Test ECE: 0.8283
====> Epoch: 284 Train loss: 2.2354  Val  loss: 2.2378 Val acc: 0.9384 Val ECE: 0.8315 Test acc: 0.9354 Test ECE: 0.8285
====> Epoch: 285 Train loss: 2.2354  Val  loss: 2.2375 Val acc: 0.9374 Val ECE: 0.8305 Test acc: 0.9344 Test ECE: 0.8275
====> Epoch: 286 Train loss: 2.2355  Val  loss: 2.2375 Val acc: 0.9398 Val ECE: 0.8329 Test acc: 0.9358 Test ECE: 0.8289
====> Epoch: 287 Train loss: 2.2356  Val  loss: 2.2384 Val acc: 0.9376 Val ECE: 0.8308 Test acc: 0.9358 Test ECE: 0.8290
====> Epoch: 288 Train loss: 2.2357  Val  loss: 2.2383 Val acc: 0.9374 Val ECE: 0.8306 Test acc: 0.9357 Test ECE: 0.8289
====> Epoch: 289 Train loss: 2.2357  Val  loss: 2.2384 Val acc: 0.9372 Val ECE: 0.8304 Test acc: 0.9350 Test ECE: 0.8282
====> Epoch: 290 Train loss: 2.2358  Val  loss: 2.2382 Val acc: 0.9354 Val ECE: 0.8285 Test acc: 0.9343 Test ECE: 0.8274
====> Epoch: 291 Train loss: 2.2359  Val  loss: 2.2385 Val acc: 0.9386 Val ECE: 0.8318 Test acc: 0.9357 Test ECE: 0.8289
====> Epoch: 292 Train loss: 2.2359  Val  loss: 2.2380 Val acc: 0.9380 Val ECE: 0.8311 Test acc: 0.9352 Test ECE: 0.8283
====> Epoch: 293 Train loss: 2.2360  Val  loss: 2.2383 Val acc: 0.9380 Val ECE: 0.8312 Test acc: 0.9343 Test ECE: 0.8275
====> Epoch: 294 Train loss: 2.2361  Val  loss: 2.2390 Val acc: 0.9370 Val ECE: 0.8302 Test acc: 0.9355 Test ECE: 0.8287
====> Epoch: 295 Train loss: 2.2361  Val  loss: 2.2389 Val acc: 0.9388 Val ECE: 0.8320 Test acc: 0.9349 Test ECE: 0.8281
====> Epoch: 296 Train loss: 2.2362  Val  loss: 2.2387 Val acc: 0.9390 Val ECE: 0.8322 Test acc: 0.9339 Test ECE: 0.8271
====> Epoch: 297 Train loss: 2.2363  Val  loss: 2.2390 Val acc: 0.9386 Val ECE: 0.8318 Test acc: 0.9341 Test ECE: 0.8273
====> Epoch: 298 Train loss: 2.2363  Val  loss: 2.2390 Val acc: 0.9388 Val ECE: 0.8320 Test acc: 0.9360 Test ECE: 0.8292
====> Epoch: 299 Train loss: 2.2364  Val  loss: 2.2389 Val acc: 0.9400 Val ECE: 0.8332 Test acc: 0.9355 Test ECE: 0.8287
====> Epoch: 300 Train loss: 2.2364  Val  loss: 2.2392 Val acc: 0.9362 Val ECE: 0.8294 Test acc: 0.9343 Test ECE: 0.8276
====> Epoch: 301 Train loss: 2.2366  Val  loss: 2.2386 Val acc: 0.9404 Val ECE: 0.8336 Test acc: 0.9352 Test ECE: 0.8284
====> Epoch: 302 Train loss: 2.2366  Val  loss: 2.2393 Val acc: 0.9374 Val ECE: 0.8306 Test acc: 0.9355 Test ECE: 0.8288
====> Epoch: 303 Train loss: 2.2367  Val  loss: 2.2392 Val acc: 0.9400 Val ECE: 0.8333 Test acc: 0.9351 Test ECE: 0.8284
====> Epoch: 304 Train loss: 2.2368  Val  loss: 2.2388 Val acc: 0.9394 Val ECE: 0.8326 Test acc: 0.9361 Test ECE: 0.8293
====> Epoch: 305 Train loss: 2.2368  Val  loss: 2.2391 Val acc: 0.9390 Val ECE: 0.8322 Test acc: 0.9350 Test ECE: 0.8283
====> Epoch: 306 Train loss: 2.2369  Val  loss: 2.2396 Val acc: 0.9384 Val ECE: 0.8317 Test acc: 0.9355 Test ECE: 0.8288
====> Epoch: 307 Train loss: 2.2370  Val  loss: 2.2397 Val acc: 0.9380 Val ECE: 0.8313 Test acc: 0.9357 Test ECE: 0.8290
====> Epoch: 308 Train loss: 2.2371  Val  loss: 2.2396 Val acc: 0.9388 Val ECE: 0.8321 Test acc: 0.9360 Test ECE: 0.8293
====> Epoch: 309 Train loss: 2.2371  Val  loss: 2.2397 Val acc: 0.9390 Val ECE: 0.8323 Test acc: 0.9362 Test ECE: 0.8295
====> Epoch: 310 Train loss: 2.2372  Val  loss: 2.2398 Val acc: 0.9394 Val ECE: 0.8327 Test acc: 0.9343 Test ECE: 0.8276
====> Epoch: 311 Train loss: 2.2373  Val  loss: 2.2397 Val acc: 0.9410 Val ECE: 0.8343 Test acc: 0.9367 Test ECE: 0.8300
====> Epoch: 312 Train loss: 2.2373  Val  loss: 2.2397 Val acc: 0.9396 Val ECE: 0.8329 Test acc: 0.9355 Test ECE: 0.8288
====> Epoch: 313 Train loss: 2.2374  Val  loss: 2.2405 Val acc: 0.9382 Val ECE: 0.8316 Test acc: 0.9354 Test ECE: 0.8288
====> Epoch: 314 Train loss: 2.2374  Val  loss: 2.2399 Val acc: 0.9382 Val ECE: 0.8315 Test acc: 0.9351 Test ECE: 0.8284
====> Epoch: 315 Train loss: 2.2375  Val  loss: 2.2394 Val acc: 0.9396 Val ECE: 0.8329 Test acc: 0.9342 Test ECE: 0.8275
====> Epoch: 316 Train loss: 2.2376  Val  loss: 2.2401 Val acc: 0.9378 Val ECE: 0.8311 Test acc: 0.9347 Test ECE: 0.8281
====> Epoch: 317 Train loss: 2.2377  Val  loss: 2.2398 Val acc: 0.9404 Val ECE: 0.8337 Test acc: 0.9338 Test ECE: 0.8271
====> Epoch: 318 Train loss: 2.2377  Val  loss: 2.2404 Val acc: 0.9382 Val ECE: 0.8316 Test acc: 0.9344 Test ECE: 0.8278
====> Epoch: 319 Train loss: 2.2378  Val  loss: 2.2402 Val acc: 0.9380 Val ECE: 0.8314 Test acc: 0.9354 Test ECE: 0.8288
====> Epoch: 320 Train loss: 2.2378  Val  loss: 2.2407 Val acc: 0.9386 Val ECE: 0.8320 Test acc: 0.9350 Test ECE: 0.8284
====> Epoch: 321 Train loss: 2.2379  Val  loss: 2.2403 Val acc: 0.9386 Val ECE: 0.8320 Test acc: 0.9350 Test ECE: 0.8284
====> Epoch: 322 Train loss: 2.2380  Val  loss: 2.2402 Val acc: 0.9378 Val ECE: 0.8312 Test acc: 0.9343 Test ECE: 0.8277
====> Epoch: 323 Train loss: 2.2381  Val  loss: 2.2405 Val acc: 0.9390 Val ECE: 0.8324 Test acc: 0.9357 Test ECE: 0.8291
====> Epoch: 324 Train loss: 2.2381  Val  loss: 2.2410 Val acc: 0.9390 Val ECE: 0.8324 Test acc: 0.9349 Test ECE: 0.8284
====> Epoch: 325 Train loss: 2.2382  Val  loss: 2.2407 Val acc: 0.9378 Val ECE: 0.8312 Test acc: 0.9359 Test ECE: 0.8293
====> Epoch: 326 Train loss: 2.2383  Val  loss: 2.2408 Val acc: 0.9414 Val ECE: 0.8348 Test acc: 0.9349 Test ECE: 0.8283
====> Epoch: 327 Train loss: 2.2383  Val  loss: 2.2412 Val acc: 0.9378 Val ECE: 0.8313 Test acc: 0.9349 Test ECE: 0.8284
====> Epoch: 328 Train loss: 2.2384  Val  loss: 2.2408 Val acc: 0.9390 Val ECE: 0.8324 Test acc: 0.9355 Test ECE: 0.8289
====> Epoch: 329 Train loss: 2.2384  Val  loss: 2.2412 Val acc: 0.9382 Val ECE: 0.8317 Test acc: 0.9353 Test ECE: 0.8288
====> Epoch: 330 Train loss: 2.2385  Val  loss: 2.2415 Val acc: 0.9378 Val ECE: 0.8313 Test acc: 0.9349 Test ECE: 0.8284
====> Epoch: 331 Train loss: 2.2386  Val  loss: 2.2410 Val acc: 0.9364 Val ECE: 0.8298 Test acc: 0.9350 Test ECE: 0.8285
====> Epoch: 332 Train loss: 2.2386  Val  loss: 2.2411 Val acc: 0.9386 Val ECE: 0.8321 Test acc: 0.9326 Test ECE: 0.8261
====> Epoch: 333 Train loss: 2.2387  Val  loss: 2.2412 Val acc: 0.9382 Val ECE: 0.8317 Test acc: 0.9340 Test ECE: 0.8275
====> Epoch: 334 Train loss: 2.2388  Val  loss: 2.2412 Val acc: 0.9378 Val ECE: 0.8313 Test acc: 0.9347 Test ECE: 0.8282
====> Epoch: 335 Train loss: 2.2388  Val  loss: 2.2415 Val acc: 0.9392 Val ECE: 0.8327 Test acc: 0.9349 Test ECE: 0.8284
====> Epoch: 336 Train loss: 2.2389  Val  loss: 2.2416 Val acc: 0.9376 Val ECE: 0.8311 Test acc: 0.9339 Test ECE: 0.8274
====> Epoch: 337 Train loss: 2.2390  Val  loss: 2.2417 Val acc: 0.9360 Val ECE: 0.8295 Test acc: 0.9334 Test ECE: 0.8269
====> Epoch: 338 Train loss: 2.2391  Val  loss: 2.2418 Val acc: 0.9396 Val ECE: 0.8331 Test acc: 0.9358 Test ECE: 0.8293
====> Epoch: 339 Train loss: 2.2392  Val  loss: 2.2419 Val acc: 0.9392 Val ECE: 0.8327 Test acc: 0.9353 Test ECE: 0.8289
====> Epoch: 340 Train loss: 2.2392  Val  loss: 2.2423 Val acc: 0.9372 Val ECE: 0.8308 Test acc: 0.9343 Test ECE: 0.8279
====> Epoch: 341 Train loss: 2.2393  Val  loss: 2.2416 Val acc: 0.9394 Val ECE: 0.8329 Test acc: 0.9353 Test ECE: 0.8288
====> Epoch: 342 Train loss: 2.2393  Val  loss: 2.2417 Val acc: 0.9392 Val ECE: 0.8327 Test acc: 0.9356 Test ECE: 0.8291
====> Epoch: 343 Train loss: 2.2394  Val  loss: 2.2419 Val acc: 0.9362 Val ECE: 0.8297 Test acc: 0.9337 Test ECE: 0.8272
====> Epoch: 344 Train loss: 2.2394  Val  loss: 2.2420 Val acc: 0.9406 Val ECE: 0.8342 Test acc: 0.9343 Test ECE: 0.8279
====> Epoch: 345 Train loss: 2.2395  Val  loss: 2.2422 Val acc: 0.9382 Val ECE: 0.8318 Test acc: 0.9346 Test ECE: 0.8282
====> Epoch: 346 Train loss: 2.2396  Val  loss: 2.2423 Val acc: 0.9380 Val ECE: 0.8316 Test acc: 0.9343 Test ECE: 0.8279
====> Epoch: 347 Train loss: 2.2397  Val  loss: 2.2422 Val acc: 0.9386 Val ECE: 0.8322 Test acc: 0.9353 Test ECE: 0.8289
====> Epoch: 348 Train loss: 2.2397  Val  loss: 2.2420 Val acc: 0.9388 Val ECE: 0.8324 Test acc: 0.9342 Test ECE: 0.8278
====> Epoch: 349 Train loss: 2.2398  Val  loss: 2.2422 Val acc: 0.9392 Val ECE: 0.8328 Test acc: 0.9336 Test ECE: 0.8272
