resnet50_cifar10_cross_entropy_PQ3_WD0.0001_220123005108
CUDA set: True
Files already downloaded and verified
Files already downloaded and verified
====> Epoch: 0 Train loss: 2.1458  Val  loss: 1.6421 Val acc: 0.3994 Val ECE: 0.0642 Test acc: 0.3929 Test ECE: 0.0706
====> Epoch: 1 Train loss: 1.4455  Val  loss: 1.3358 Val acc: 0.5330 Val ECE: 0.0980 Test acc: 0.5367 Test ECE: 0.1001
====> Epoch: 2 Train loss: 1.1327  Val  loss: 9.3535 Val acc: 0.6250 Val ECE: 0.0666 Test acc: 0.6151 Test ECE: 0.0774
====> Epoch: 3 Train loss: 0.9455  Val  loss: 1.0940 Val acc: 0.6310 Val ECE: 0.1164 Test acc: 0.6250 Test ECE: 0.1220
====> Epoch: 4 Train loss: 0.8325  Val  loss: 0.8448 Val acc: 0.7186 Val ECE: 0.0513 Test acc: 0.7048 Test ECE: 0.0657
====> Epoch: 5 Train loss: 0.7395  Val  loss: 0.7512 Val acc: 0.7354 Val ECE: 0.0503 Test acc: 0.7328 Test ECE: 0.0531
====> Epoch: 6 Train loss: 0.6743  Val  loss: 0.7454 Val acc: 0.7414 Val ECE: 0.0511 Test acc: 0.7462 Test ECE: 0.0437
====> Epoch: 7 Train loss: 0.6136  Val  loss: 0.8185 Val acc: 0.7480 Val ECE: 0.0703 Test acc: 0.7322 Test ECE: 0.0849
====> Epoch: 8 Train loss: 0.5605  Val  loss: 0.6509 Val acc: 0.7806 Val ECE: 0.0507 Test acc: 0.7709 Test ECE: 0.0566
====> Epoch: 9 Train loss: 0.5160  Val  loss: 0.5856 Val acc: 0.7974 Val ECE: 0.0392 Test acc: 0.7932 Test ECE: 0.0436
====> Epoch: 10 Train loss: 0.4757  Val  loss: 0.5514 Val acc: 0.8196 Val ECE: 0.0487 Test acc: 0.8110 Test ECE: 0.0518
====> Epoch: 11 Train loss: 0.4539  Val  loss: 0.5023 Val acc: 0.8312 Val ECE: 0.0273 Test acc: 0.8258 Test ECE: 0.0314
====> Epoch: 12 Train loss: 0.4268  Val  loss: 0.4800 Val acc: 0.8352 Val ECE: 0.0352 Test acc: 0.8298 Test ECE: 0.0420
====> Epoch: 13 Train loss: 0.4021  Val  loss: 0.4652 Val acc: 0.8436 Val ECE: 0.0366 Test acc: 0.8425 Test ECE: 0.0359
====> Epoch: 14 Train loss: 0.3846  Val  loss: 0.5142 Val acc: 0.8280 Val ECE: 0.0521 Test acc: 0.8343 Test ECE: 0.0481
====> Epoch: 15 Train loss: 0.3658  Val  loss: 0.5093 Val acc: 0.8292 Val ECE: 0.0492 Test acc: 0.8294 Test ECE: 0.0512
====> Epoch: 16 Train loss: 0.3456  Val  loss: 0.5038 Val acc: 0.8358 Val ECE: 0.0588 Test acc: 0.8368 Test ECE: 0.0562
====> Epoch: 17 Train loss: 0.3304  Val  loss: 0.5514 Val acc: 0.8250 Val ECE: 0.0679 Test acc: 0.8316 Test ECE: 0.0603
====> Epoch: 18 Train loss: 0.3214  Val  loss: 0.5359 Val acc: 0.8374 Val ECE: 0.0658 Test acc: 0.8340 Test ECE: 0.0670
====> Epoch: 19 Train loss: 0.3043  Val  loss: 0.5004 Val acc: 0.8388 Val ECE: 0.0583 Test acc: 0.8337 Test ECE: 0.0633
====> Epoch: 20 Train loss: 0.2952  Val  loss: 0.4584 Val acc: 0.8604 Val ECE: 0.0472 Test acc: 0.8498 Test ECE: 0.0539
====> Epoch: 21 Train loss: 0.2807  Val  loss: 0.3801 Val acc: 0.8772 Val ECE: 0.0376 Test acc: 0.8753 Test ECE: 0.0354
====> Epoch: 22 Train loss: 0.2725  Val  loss: 0.4539 Val acc: 0.8586 Val ECE: 0.0542 Test acc: 0.8636 Test ECE: 0.0500
====> Epoch: 23 Train loss: 0.2658  Val  loss: 0.4537 Val acc: 0.8584 Val ECE: 0.0582 Test acc: 0.8570 Test ECE: 0.0546
====> Epoch: 24 Train loss: 0.2530  Val  loss: 0.3898 Val acc: 0.8786 Val ECE: 0.0400 Test acc: 0.8751 Test ECE: 0.0423
====> Epoch: 25 Train loss: 0.2401  Val  loss: 0.4510 Val acc: 0.8572 Val ECE: 0.0619 Test acc: 0.8574 Test ECE: 0.0604
====> Epoch: 26 Train loss: 0.2379  Val  loss: 0.3727 Val acc: 0.8820 Val ECE: 0.0378 Test acc: 0.8757 Test ECE: 0.0434
====> Epoch: 27 Train loss: 0.2329  Val  loss: 0.4871 Val acc: 0.8546 Val ECE: 0.0642 Test acc: 0.8605 Test ECE: 0.0605
====> Epoch: 28 Train loss: 0.2272  Val  loss: 0.4812 Val acc: 0.8608 Val ECE: 0.0567 Test acc: 0.8567 Test ECE: 0.0599
====> Epoch: 29 Train loss: 0.2190  Val  loss: 0.4103 Val acc: 0.8708 Val ECE: 0.0467 Test acc: 0.8670 Test ECE: 0.0491
====> Epoch: 30 Train loss: 0.2098  Val  loss: 0.4861 Val acc: 0.8520 Val ECE: 0.0566 Test acc: 0.8503 Test ECE: 0.0554
====> Epoch: 31 Train loss: 0.2128  Val  loss: 0.3855 Val acc: 0.8824 Val ECE: 0.0480 Test acc: 0.8823 Test ECE: 0.0434
====> Epoch: 32 Train loss: 0.2041  Val  loss: 0.3986 Val acc: 0.8758 Val ECE: 0.0510 Test acc: 0.8798 Test ECE: 0.0507
====> Epoch: 33 Train loss: 0.1986  Val  loss: 0.4130 Val acc: 0.8728 Val ECE: 0.0527 Test acc: 0.8647 Test ECE: 0.0602
====> Epoch: 34 Train loss: 0.1978  Val  loss: 0.3536 Val acc: 0.8840 Val ECE: 0.0509 Test acc: 0.8886 Test ECE: 0.0449
====> Epoch: 35 Train loss: 0.1895  Val  loss: 0.4960 Val acc: 0.8570 Val ECE: 0.0746 Test acc: 0.8591 Test ECE: 0.0732
====> Epoch: 36 Train loss: 0.1898  Val  loss: 0.4278 Val acc: 0.8806 Val ECE: 0.0512 Test acc: 0.8766 Test ECE: 0.0545
====> Epoch: 37 Train loss: 0.1836  Val  loss: 0.3498 Val acc: 0.8856 Val ECE: 0.0434 Test acc: 0.8823 Test ECE: 0.0450
====> Epoch: 38 Train loss: 0.1785  Val  loss: 0.3700 Val acc: 0.8898 Val ECE: 0.0488 Test acc: 0.8879 Test ECE: 0.0499
====> Epoch: 39 Train loss: 0.1772  Val  loss: 0.4884 Val acc: 0.8562 Val ECE: 0.0725 Test acc: 0.8539 Test ECE: 0.0753
====> Epoch: 40 Train loss: 0.1764  Val  loss: 0.3427 Val acc: 0.8972 Val ECE: 0.0436 Test acc: 0.8908 Test ECE: 0.0479
====> Epoch: 41 Train loss: 0.1681  Val  loss: 0.5037 Val acc: 0.8608 Val ECE: 0.0656 Test acc: 0.8524 Test ECE: 0.0718
====> Epoch: 42 Train loss: 0.1684  Val  loss: 0.3441 Val acc: 0.8964 Val ECE: 0.0428 Test acc: 0.8913 Test ECE: 0.0488
====> Epoch: 43 Train loss: 0.1627  Val  loss: 0.3962 Val acc: 0.8812 Val ECE: 0.0549 Test acc: 0.8811 Test ECE: 0.0532
====> Epoch: 44 Train loss: 0.1654  Val  loss: 0.3705 Val acc: 0.8890 Val ECE: 0.0500 Test acc: 0.8867 Test ECE: 0.0512
====> Epoch: 45 Train loss: 0.1584  Val  loss: 0.4582 Val acc: 0.8726 Val ECE: 0.0641 Test acc: 0.8748 Test ECE: 0.0637
====> Epoch: 46 Train loss: 0.1581  Val  loss: 0.5463 Val acc: 0.8608 Val ECE: 0.0701 Test acc: 0.8426 Test ECE: 0.0854
====> Epoch: 47 Train loss: 0.1582  Val  loss: 0.3491 Val acc: 0.8920 Val ECE: 0.0481 Test acc: 0.8991 Test ECE: 0.0424
====> Epoch: 48 Train loss: 0.1536  Val  loss: 0.4822 Val acc: 0.8680 Val ECE: 0.0718 Test acc: 0.8671 Test ECE: 0.0707
====> Epoch: 49 Train loss: 0.1532  Val  loss: 0.3921 Val acc: 0.8872 Val ECE: 0.0534 Test acc: 0.8872 Test ECE: 0.0548
====> Epoch: 50 Train loss: 0.1505  Val  loss: 0.3845 Val acc: 0.8844 Val ECE: 0.0508 Test acc: 0.8820 Test ECE: 0.0510
====> Epoch: 51 Train loss: 0.1427  Val  loss: 0.3995 Val acc: 0.8798 Val ECE: 0.0573 Test acc: 0.8757 Test ECE: 0.0608
====> Epoch: 52 Train loss: 0.1474  Val  loss: 0.4765 Val acc: 0.8784 Val ECE: 0.0664 Test acc: 0.8696 Test ECE: 0.0726
====> Epoch: 53 Train loss: 0.1454  Val  loss: 0.3678 Val acc: 0.8938 Val ECE: 0.0460 Test acc: 0.8882 Test ECE: 0.0509
====> Epoch: 54 Train loss: 0.1441  Val  loss: 0.4421 Val acc: 0.8728 Val ECE: 0.0640 Test acc: 0.8732 Test ECE: 0.0625
====> Epoch: 55 Train loss: 0.1445  Val  loss: 0.4010 Val acc: 0.8874 Val ECE: 0.0546 Test acc: 0.8816 Test ECE: 0.0581
====> Epoch: 56 Train loss: 0.1376  Val  loss: 0.5428 Val acc: 0.8692 Val ECE: 0.0778 Test acc: 0.8636 Test ECE: 0.0813
====> Epoch: 57 Train loss: 0.1415  Val  loss: 0.3929 Val acc: 0.8880 Val ECE: 0.0567 Test acc: 0.8855 Test ECE: 0.0585
====> Epoch: 58 Train loss: 0.1387  Val  loss: 0.3804 Val acc: 0.8912 Val ECE: 0.0505 Test acc: 0.8901 Test ECE: 0.0471
====> Epoch: 59 Train loss: 0.1404  Val  loss: 0.3440 Val acc: 0.9054 Val ECE: 0.0463 Test acc: 0.8978 Test ECE: 0.0532
====> Epoch: 60 Train loss: 0.1339  Val  loss: 0.4450 Val acc: 0.8792 Val ECE: 0.0651 Test acc: 0.8758 Test ECE: 0.0679
====> Epoch: 61 Train loss: 0.1326  Val  loss: 0.4262 Val acc: 0.8830 Val ECE: 0.0577 Test acc: 0.8739 Test ECE: 0.0668
====> Epoch: 62 Train loss: 0.1324  Val  loss: 0.4254 Val acc: 0.8894 Val ECE: 0.0579 Test acc: 0.8828 Test ECE: 0.0613
====> Epoch: 63 Train loss: 0.1313  Val  loss: 0.3534 Val acc: 0.8958 Val ECE: 0.0526 Test acc: 0.8989 Test ECE: 0.0488
====> Epoch: 64 Train loss: 0.1299  Val  loss: 0.4558 Val acc: 0.8812 Val ECE: 0.0678 Test acc: 0.8786 Test ECE: 0.0697
====> Epoch: 65 Train loss: 0.1290  Val  loss: 0.3458 Val acc: 0.9026 Val ECE: 0.0443 Test acc: 0.8965 Test ECE: 0.0513
====> Epoch: 66 Train loss: 0.1289  Val  loss: 0.4949 Val acc: 0.8666 Val ECE: 0.0739 Test acc: 0.8629 Test ECE: 0.0785
PF_fix round 1
fix fc parameters
====> Epoch: 67 Train loss: 0.1253  Val  loss: 0.3288 Val acc: 0.9022 Val ECE: 0.0425 Test acc: 0.8910 Test ECE: 0.0521
====> Epoch: 68 Train loss: 0.1236  Val  loss: 0.3708 Val acc: 0.8942 Val ECE: 0.0503 Test acc: 0.8912 Test ECE: 0.0520
====> Epoch: 69 Train loss: 0.1183  Val  loss: 0.3929 Val acc: 0.8974 Val ECE: 0.0527 Test acc: 0.8934 Test ECE: 0.0549
====> Epoch: 70 Train loss: 0.1207  Val  loss: 0.4138 Val acc: 0.8920 Val ECE: 0.0554 Test acc: 0.8879 Test ECE: 0.0550
====> Epoch: 71 Train loss: 0.1206  Val  loss: 0.3828 Val acc: 0.8998 Val ECE: 0.0505 Test acc: 0.8952 Test ECE: 0.0562
====> Epoch: 72 Train loss: 0.1163  Val  loss: 0.3713 Val acc: 0.8924 Val ECE: 0.0552 Test acc: 0.8950 Test ECE: 0.0515
====> Epoch: 73 Train loss: 0.1164  Val  loss: 0.3463 Val acc: 0.9004 Val ECE: 0.0478 Test acc: 0.8956 Test ECE: 0.0511
====> Epoch: 74 Train loss: 0.1160  Val  loss: 0.4666 Val acc: 0.8780 Val ECE: 0.0647 Test acc: 0.8756 Test ECE: 0.0639
====> Epoch: 75 Train loss: 0.1120  Val  loss: 0.3747 Val acc: 0.8918 Val ECE: 0.0534 Test acc: 0.8887 Test ECE: 0.0536
====> Epoch: 76 Train loss: 0.1138  Val  loss: 0.4126 Val acc: 0.8916 Val ECE: 0.0561 Test acc: 0.8781 Test ECE: 0.0661
====> Epoch: 77 Train loss: 0.1159  Val  loss: 0.3542 Val acc: 0.8960 Val ECE: 0.0480 Test acc: 0.8975 Test ECE: 0.0461
====> Epoch: 78 Train loss: 0.1106  Val  loss: 0.4359 Val acc: 0.8798 Val ECE: 0.0607 Test acc: 0.8783 Test ECE: 0.0624
====> Epoch: 79 Train loss: 0.1099  Val  loss: 0.3852 Val acc: 0.8892 Val ECE: 0.0567 Test acc: 0.8840 Test ECE: 0.0623
====> Epoch: 80 Train loss: 0.1093  Val  loss: 0.3952 Val acc: 0.8914 Val ECE: 0.0565 Test acc: 0.8855 Test ECE: 0.0611
====> Epoch: 81 Train loss: 0.1085  Val  loss: 0.3832 Val acc: 0.8898 Val ECE: 0.0583 Test acc: 0.8835 Test ECE: 0.0636
====> Epoch: 82 Train loss: 0.1096  Val  loss: 0.3746 Val acc: 0.8882 Val ECE: 0.0507 Test acc: 0.8878 Test ECE: 0.0515
====> Epoch: 83 Train loss: 0.1072  Val  loss: 0.3912 Val acc: 0.8916 Val ECE: 0.0550 Test acc: 0.8897 Test ECE: 0.0555
====> Epoch: 84 Train loss: 0.1064  Val  loss: 0.3549 Val acc: 0.8996 Val ECE: 0.0530 Test acc: 0.8938 Test ECE: 0.0563
====> Epoch: 85 Train loss: 0.1081  Val  loss: 0.3418 Val acc: 0.9026 Val ECE: 0.0477 Test acc: 0.9054 Test ECE: 0.0469
====> Epoch: 86 Train loss: 0.1037  Val  loss: 0.3787 Val acc: 0.8902 Val ECE: 0.0569 Test acc: 0.8873 Test ECE: 0.0606
====> Epoch: 87 Train loss: 0.1057  Val  loss: 0.3316 Val acc: 0.9034 Val ECE: 0.0455 Test acc: 0.8998 Test ECE: 0.0476
====> Epoch: 88 Train loss: 0.1017  Val  loss: 0.3659 Val acc: 0.9002 Val ECE: 0.0511 Test acc: 0.8953 Test ECE: 0.0567
====> Epoch: 89 Train loss: 0.1038  Val  loss: 0.3436 Val acc: 0.8976 Val ECE: 0.0515 Test acc: 0.9006 Test ECE: 0.0502
====> Epoch: 90 Train loss: 0.1035  Val  loss: 0.3848 Val acc: 0.8888 Val ECE: 0.0550 Test acc: 0.8898 Test ECE: 0.0530
====> Epoch: 91 Train loss: 0.0986  Val  loss: 0.3430 Val acc: 0.9050 Val ECE: 0.0489 Test acc: 0.9067 Test ECE: 0.0462
====> Epoch: 92 Train loss: 0.1030  Val  loss: 0.3502 Val acc: 0.9020 Val ECE: 0.0453 Test acc: 0.8930 Test ECE: 0.0548
====> Epoch: 93 Train loss: 0.1007  Val  loss: 0.3455 Val acc: 0.9014 Val ECE: 0.0515 Test acc: 0.9030 Test ECE: 0.0487
====> Epoch: 94 Train loss: 0.0986  Val  loss: 0.3632 Val acc: 0.8964 Val ECE: 0.0487 Test acc: 0.8890 Test ECE: 0.0546
====> Epoch: 95 Train loss: 0.0991  Val  loss: 0.3752 Val acc: 0.8934 Val ECE: 0.0511 Test acc: 0.8891 Test ECE: 0.0580
====> Epoch: 96 Train loss: 0.1016  Val  loss: 0.3253 Val acc: 0.9056 Val ECE: 0.0445 Test acc: 0.9041 Test ECE: 0.0463
====> Epoch: 97 Train loss: 0.0993  Val  loss: 0.5067 Val acc: 0.8708 Val ECE: 0.0692 Test acc: 0.8717 Test ECE: 0.0683
PF_fix round 2
fix fc parameters
fix layer4 parameters
====> Epoch: 98 Train loss: 0.0860  Val  loss: 0.3306 Val acc: 0.9000 Val ECE: 0.0448 Test acc: 0.9025 Test ECE: 0.0411
====> Epoch: 99 Train loss: 0.0817  Val  loss: 0.3197 Val acc: 0.9024 Val ECE: 0.0411 Test acc: 0.8989 Test ECE: 0.0441
====> Epoch: 100 Train loss: 0.0803  Val  loss: 0.2551 Val acc: 0.9156 Val ECE: 0.0290 Test acc: 0.9137 Test ECE: 0.0309
====> Epoch: 101 Train loss: 0.0776  Val  loss: 0.2613 Val acc: 0.9148 Val ECE: 0.0276 Test acc: 0.9152 Test ECE: 0.0276
====> Epoch: 102 Train loss: 0.0766  Val  loss: 0.2568 Val acc: 0.9162 Val ECE: 0.0283 Test acc: 0.9124 Test ECE: 0.0286
====> Epoch: 103 Train loss: 0.0740  Val  loss: 0.2792 Val acc: 0.9104 Val ECE: 0.0340 Test acc: 0.9098 Test ECE: 0.0337
====> Epoch: 104 Train loss: 0.0745  Val  loss: 0.2609 Val acc: 0.9136 Val ECE: 0.0259 Test acc: 0.9158 Test ECE: 0.0235
====> Epoch: 105 Train loss: 0.0760  Val  loss: 0.2616 Val acc: 0.9194 Val ECE: 0.0202 Test acc: 0.9169 Test ECE: 0.0241
====> Epoch: 106 Train loss: 0.0769  Val  loss: 0.2996 Val acc: 0.9062 Val ECE: 0.0344 Test acc: 0.9064 Test ECE: 0.0330
====> Epoch: 107 Train loss: 0.0780  Val  loss: 0.2381 Val acc: 0.9192 Val ECE: 0.0203 Test acc: 0.9199 Test ECE: 0.0187
====> Epoch: 108 Train loss: 0.0775  Val  loss: 0.3003 Val acc: 0.9016 Val ECE: 0.0285 Test acc: 0.8998 Test ECE: 0.0296
====> Epoch: 109 Train loss: 0.0808  Val  loss: 0.2439 Val acc: 0.9178 Val ECE: 0.0201 Test acc: 0.9102 Test ECE: 0.0255
====> Epoch: 110 Train loss: 0.0832  Val  loss: 0.2703 Val acc: 0.9168 Val ECE: 0.0282 Test acc: 0.9116 Test ECE: 0.0290
====> Epoch: 111 Train loss: 0.0860  Val  loss: 0.2492 Val acc: 0.9180 Val ECE: 0.0211 Test acc: 0.9084 Test ECE: 0.0275
====> Epoch: 112 Train loss: 0.0882  Val  loss: 0.2374 Val acc: 0.9246 Val ECE: 0.0154 Test acc: 0.9168 Test ECE: 0.0225
====> Epoch: 113 Train loss: 0.0914  Val  loss: 0.2884 Val acc: 0.9052 Val ECE: 0.0225 Test acc: 0.9031 Test ECE: 0.0288
====> Epoch: 114 Train loss: 0.0978  Val  loss: 0.3183 Val acc: 0.9014 Val ECE: 0.0277 Test acc: 0.9014 Test ECE: 0.0283
====> Epoch: 115 Train loss: 0.0988  Val  loss: 0.2693 Val acc: 0.9070 Val ECE: 0.0303 Test acc: 0.9134 Test ECE: 0.0246
====> Epoch: 116 Train loss: 0.1051  Val  loss: 0.2762 Val acc: 0.9112 Val ECE: 0.0194 Test acc: 0.9047 Test ECE: 0.0231
====> Epoch: 117 Train loss: 0.1106  Val  loss: 0.2764 Val acc: 0.9112 Val ECE: 0.0145 Test acc: 0.9111 Test ECE: 0.0148
====> Epoch: 118 Train loss: 0.1166  Val  loss: 0.2891 Val acc: 0.9058 Val ECE: 0.0150 Test acc: 0.9019 Test ECE: 0.0157
====> Epoch: 119 Train loss: 0.1242  Val  loss: 0.2857 Val acc: 0.9118 Val ECE: 0.0143 Test acc: 0.9092 Test ECE: 0.0137
====> Epoch: 120 Train loss: 0.1340  Val  loss: 0.3331 Val acc: 0.8994 Val ECE: 0.0171 Test acc: 0.8930 Test ECE: 0.0140
====> Epoch: 121 Train loss: 0.1421  Val  loss: 0.3361 Val acc: 0.8944 Val ECE: 0.0275 Test acc: 0.8998 Test ECE: 0.0175
====> Epoch: 122 Train loss: 0.1527  Val  loss: 0.3282 Val acc: 0.9064 Val ECE: 0.0254 Test acc: 0.8998 Test ECE: 0.0262
====> Epoch: 123 Train loss: 0.1669  Val  loss: 0.2997 Val acc: 0.9118 Val ECE: 0.0277 Test acc: 0.9102 Test ECE: 0.0253
====> Epoch: 124 Train loss: 0.1808  Val  loss: 0.3627 Val acc: 0.8962 Val ECE: 0.0394 Test acc: 0.8895 Test ECE: 0.0324
====> Epoch: 125 Train loss: 0.2037  Val  loss: 0.3268 Val acc: 0.9080 Val ECE: 0.0498 Test acc: 0.9074 Test ECE: 0.0429
====> Epoch: 126 Train loss: 0.2282  Val  loss: 0.3718 Val acc: 0.8998 Val ECE: 0.0648 Test acc: 0.8967 Test ECE: 0.0579
====> Epoch: 127 Train loss: 0.2536  Val  loss: 0.4005 Val acc: 0.9012 Val ECE: 0.0894 Test acc: 0.8991 Test ECE: 0.0863
====> Epoch: 128 Train loss: 0.2828  Val  loss: 0.4221 Val acc: 0.9056 Val ECE: 0.1203 Test acc: 0.9098 Test ECE: 0.1255
====> Epoch: 129 Train loss: 0.3217  Val  loss: 0.4597 Val acc: 0.8998 Val ECE: 0.1465 Test acc: 0.9032 Test ECE: 0.1476
====> Epoch: 130 Train loss: 0.3642  Val  loss: 0.4723 Val acc: 0.9114 Val ECE: 0.1877 Test acc: 0.9135 Test ECE: 0.1904
====> Epoch: 131 Train loss: 0.4071  Val  loss: 0.4990 Val acc: 0.9074 Val ECE: 0.1977 Test acc: 0.9135 Test ECE: 0.2022
====> Epoch: 132 Train loss: 0.4605  Val  loss: 0.5685 Val acc: 0.9110 Val ECE: 0.2547 Test acc: 0.9039 Test ECE: 0.2499
====> Epoch: 133 Train loss: 0.5203  Val  loss: 0.6546 Val acc: 0.8942 Val ECE: 0.2836 Test acc: 0.8988 Test ECE: 0.2877
====> Epoch: 134 Train loss: 0.5853  Val  loss: 0.6889 Val acc: 0.9064 Val ECE: 0.3290 Test acc: 0.9046 Test ECE: 0.3245
====> Epoch: 135 Train loss: 0.6481  Val  loss: 0.7648 Val acc: 0.8992 Val ECE: 0.3649 Test acc: 0.8959 Test ECE: 0.3598
====> Epoch: 136 Train loss: 0.7214  Val  loss: 0.8230 Val acc: 0.8974 Val ECE: 0.3978 Test acc: 0.9013 Test ECE: 0.3998
====> Epoch: 137 Train loss: 0.7934  Val  loss: 0.8970 Val acc: 0.9052 Val ECE: 0.4470 Test acc: 0.9001 Test ECE: 0.4448
====> Epoch: 138 Train loss: 0.8682  Val  loss: 0.9755 Val acc: 0.9012 Val ECE: 0.4788 Test acc: 0.8997 Test ECE: 0.4791
====> Epoch: 139 Train loss: 0.9454  Val  loss: 1.0511 Val acc: 0.8892 Val ECE: 0.4952 Test acc: 0.8911 Test ECE: 0.4986
====> Epoch: 140 Train loss: 1.0180  Val  loss: 1.1305 Val acc: 0.8992 Val ECE: 0.5435 Test acc: 0.8987 Test ECE: 0.5439
====> Epoch: 141 Train loss: 1.0933  Val  loss: 1.1806 Val acc: 0.9058 Val ECE: 0.5691 Test acc: 0.9002 Test ECE: 0.5636
====> Epoch: 142 Train loss: 1.1666  Val  loss: 1.2817 Val acc: 0.8772 Val ECE: 0.5679 Test acc: 0.8799 Test ECE: 0.5707
====> Epoch: 143 Train loss: 1.2393  Val  loss: 1.3103 Val acc: 0.9052 Val ECE: 0.6150 Test acc: 0.9054 Test ECE: 0.6144
====> Epoch: 144 Train loss: 1.3103  Val  loss: 1.3836 Val acc: 0.9062 Val ECE: 0.6380 Test acc: 0.9148 Test ECE: 0.6466
PF_fix round 3
fix fc parameters
fix layer4 parameters
fix layer3 parameters
====> Epoch: 145 Train loss: 1.4186  Val  loss: 1.4967 Val acc: 0.8934 Val ECE: 0.6536 Test acc: 0.8938 Test ECE: 0.6537
====> Epoch: 146 Train loss: 1.4784  Val  loss: 1.5252 Val acc: 0.9108 Val ECE: 0.6807 Test acc: 0.9068 Test ECE: 0.6765
====> Epoch: 147 Train loss: 1.5367  Val  loss: 1.5918 Val acc: 0.9050 Val ECE: 0.6912 Test acc: 0.9070 Test ECE: 0.6931
====> Epoch: 148 Train loss: 1.5939  Val  loss: 1.6437 Val acc: 0.9126 Val ECE: 0.7105 Test acc: 0.9100 Test ECE: 0.7077
====> Epoch: 149 Train loss: 1.6477  Val  loss: 1.6987 Val acc: 0.9114 Val ECE: 0.7214 Test acc: 0.9121 Test ECE: 0.7219
====> Epoch: 150 Train loss: 1.6673  Val  loss: 1.6767 Val acc: 0.9384 Val ECE: 0.7461 Test acc: 0.9355 Test ECE: 0.7430
====> Epoch: 151 Train loss: 1.6694  Val  loss: 1.6851 Val acc: 0.9428 Val ECE: 0.7525 Test acc: 0.9391 Test ECE: 0.7488
====> Epoch: 152 Train loss: 1.6737  Val  loss: 1.6911 Val acc: 0.9424 Val ECE: 0.7534 Test acc: 0.9380 Test ECE: 0.7488
====> Epoch: 153 Train loss: 1.6779  Val  loss: 1.6983 Val acc: 0.9416 Val ECE: 0.7541 Test acc: 0.9380 Test ECE: 0.7505
====> Epoch: 154 Train loss: 1.6828  Val  loss: 1.6975 Val acc: 0.9404 Val ECE: 0.7524 Test acc: 0.9409 Test ECE: 0.7530
====> Epoch: 155 Train loss: 1.6871  Val  loss: 1.7022 Val acc: 0.9404 Val ECE: 0.7535 Test acc: 0.9409 Test ECE: 0.7542
====> Epoch: 156 Train loss: 1.6915  Val  loss: 1.7114 Val acc: 0.9396 Val ECE: 0.7547 Test acc: 0.9408 Test ECE: 0.7558
====> Epoch: 157 Train loss: 1.6968  Val  loss: 1.7141 Val acc: 0.9388 Val ECE: 0.7542 Test acc: 0.9378 Test ECE: 0.7532
====> Epoch: 158 Train loss: 1.7014  Val  loss: 1.7190 Val acc: 0.9394 Val ECE: 0.7558 Test acc: 0.9399 Test ECE: 0.7561
====> Epoch: 159 Train loss: 1.7063  Val  loss: 1.7268 Val acc: 0.9398 Val ECE: 0.7578 Test acc: 0.9378 Test ECE: 0.7557
====> Epoch: 160 Train loss: 1.7108  Val  loss: 1.7329 Val acc: 0.9416 Val ECE: 0.7609 Test acc: 0.9393 Test ECE: 0.7586
====> Epoch: 161 Train loss: 1.7157  Val  loss: 1.7351 Val acc: 0.9422 Val ECE: 0.7617 Test acc: 0.9406 Test ECE: 0.7601
====> Epoch: 162 Train loss: 1.7201  Val  loss: 1.7375 Val acc: 0.9388 Val ECE: 0.7587 Test acc: 0.9412 Test ECE: 0.7610
====> Epoch: 163 Train loss: 1.7245  Val  loss: 1.7451 Val acc: 0.9420 Val ECE: 0.7635 Test acc: 0.9404 Test ECE: 0.7619
====> Epoch: 164 Train loss: 1.7297  Val  loss: 1.7507 Val acc: 0.9390 Val ECE: 0.7614 Test acc: 0.9391 Test ECE: 0.7614
====> Epoch: 165 Train loss: 1.7341  Val  loss: 1.7585 Val acc: 0.9386 Val ECE: 0.7625 Test acc: 0.9416 Test ECE: 0.7655
====> Epoch: 166 Train loss: 1.7391  Val  loss: 1.7575 Val acc: 0.9392 Val ECE: 0.7629 Test acc: 0.9376 Test ECE: 0.7612
====> Epoch: 167 Train loss: 1.7435  Val  loss: 1.7669 Val acc: 0.9410 Val ECE: 0.7664 Test acc: 0.9401 Test ECE: 0.7655
====> Epoch: 168 Train loss: 1.7483  Val  loss: 1.7667 Val acc: 0.9414 Val ECE: 0.7668 Test acc: 0.9396 Test ECE: 0.7650
====> Epoch: 169 Train loss: 1.7525  Val  loss: 1.7716 Val acc: 0.9378 Val ECE: 0.7640 Test acc: 0.9388 Test ECE: 0.7649
====> Epoch: 170 Train loss: 1.7570  Val  loss: 1.7799 Val acc: 0.9374 Val ECE: 0.7650 Test acc: 0.9390 Test ECE: 0.7666
====> Epoch: 171 Train loss: 1.7617  Val  loss: 1.7826 Val acc: 0.9376 Val ECE: 0.7658 Test acc: 0.9394 Test ECE: 0.7676
====> Epoch: 172 Train loss: 1.7665  Val  loss: 1.7850 Val acc: 0.9392 Val ECE: 0.7679 Test acc: 0.9413 Test ECE: 0.7700
====> Epoch: 173 Train loss: 1.7710  Val  loss: 1.7914 Val acc: 0.9396 Val ECE: 0.7694 Test acc: 0.9402 Test ECE: 0.7700
====> Epoch: 174 Train loss: 1.7755  Val  loss: 1.7957 Val acc: 0.9412 Val ECE: 0.7717 Test acc: 0.9388 Test ECE: 0.7693
====> Epoch: 175 Train loss: 1.7798  Val  loss: 1.8006 Val acc: 0.9416 Val ECE: 0.7731 Test acc: 0.9414 Test ECE: 0.7730
====> Epoch: 176 Train loss: 1.7841  Val  loss: 1.8055 Val acc: 0.9396 Val ECE: 0.7719 Test acc: 0.9407 Test ECE: 0.7730
====> Epoch: 177 Train loss: 1.7881  Val  loss: 1.8112 Val acc: 0.9408 Val ECE: 0.7742 Test acc: 0.9388 Test ECE: 0.7722
====> Epoch: 178 Train loss: 1.7927  Val  loss: 1.8129 Val acc: 0.9408 Val ECE: 0.7744 Test acc: 0.9410 Test ECE: 0.7747
====> Epoch: 179 Train loss: 1.7973  Val  loss: 1.8195 Val acc: 0.9414 Val ECE: 0.7762 Test acc: 0.9416 Test ECE: 0.7765
====> Epoch: 180 Train loss: 1.8015  Val  loss: 1.8213 Val acc: 0.9428 Val ECE: 0.7779 Test acc: 0.9407 Test ECE: 0.7758
====> Epoch: 181 Train loss: 1.8057  Val  loss: 1.8284 Val acc: 0.9410 Val ECE: 0.7772 Test acc: 0.9383 Test ECE: 0.7745
====> Epoch: 182 Train loss: 1.8103  Val  loss: 1.8303 Val acc: 0.9396 Val ECE: 0.7762 Test acc: 0.9371 Test ECE: 0.7738
====> Epoch: 183 Train loss: 1.8144  Val  loss: 1.8381 Val acc: 0.9408 Val ECE: 0.7788 Test acc: 0.9388 Test ECE: 0.7768
====> Epoch: 184 Train loss: 1.8185  Val  loss: 1.8399 Val acc: 0.9380 Val ECE: 0.7761 Test acc: 0.9373 Test ECE: 0.7756
====> Epoch: 185 Train loss: 1.8226  Val  loss: 1.8432 Val acc: 0.9430 Val ECE: 0.7819 Test acc: 0.9370 Test ECE: 0.7760
====> Epoch: 186 Train loss: 1.8270  Val  loss: 1.8498 Val acc: 0.9414 Val ECE: 0.7813 Test acc: 0.9384 Test ECE: 0.7784
====> Epoch: 187 Train loss: 1.8313  Val  loss: 1.8519 Val acc: 0.9400 Val ECE: 0.7801 Test acc: 0.9369 Test ECE: 0.7771
====> Epoch: 188 Train loss: 1.8349  Val  loss: 1.8534 Val acc: 0.9412 Val ECE: 0.7816 Test acc: 0.9370 Test ECE: 0.7774
====> Epoch: 189 Train loss: 1.8390  Val  loss: 1.8596 Val acc: 0.9396 Val ECE: 0.7811 Test acc: 0.9381 Test ECE: 0.7797
====> Epoch: 190 Train loss: 1.8434  Val  loss: 1.8637 Val acc: 0.9422 Val ECE: 0.7844 Test acc: 0.9364 Test ECE: 0.7788
====> Epoch: 191 Train loss: 1.8473  Val  loss: 1.8685 Val acc: 0.9394 Val ECE: 0.7825 Test acc: 0.9385 Test ECE: 0.7816
====> Epoch: 192 Train loss: 1.8513  Val  loss: 1.8722 Val acc: 0.9434 Val ECE: 0.7871 Test acc: 0.9387 Test ECE: 0.7825
====> Epoch: 193 Train loss: 1.8553  Val  loss: 1.8760 Val acc: 0.9408 Val ECE: 0.7850 Test acc: 0.9362 Test ECE: 0.7804
====> Epoch: 194 Train loss: 1.8593  Val  loss: 1.8786 Val acc: 0.9410 Val ECE: 0.7855 Test acc: 0.9377 Test ECE: 0.7823
====> Epoch: 195 Train loss: 1.8630  Val  loss: 1.8862 Val acc: 0.9406 Val ECE: 0.7865 Test acc: 0.9371 Test ECE: 0.7831
====> Epoch: 196 Train loss: 1.8669  Val  loss: 1.8882 Val acc: 0.9398 Val ECE: 0.7860 Test acc: 0.9369 Test ECE: 0.7833
====> Epoch: 197 Train loss: 1.8710  Val  loss: 1.8920 Val acc: 0.9396 Val ECE: 0.7864 Test acc: 0.9351 Test ECE: 0.7818
====> Epoch: 198 Train loss: 1.8747  Val  loss: 1.8948 Val acc: 0.9412 Val ECE: 0.7885 Test acc: 0.9353 Test ECE: 0.7827
====> Epoch: 199 Train loss: 1.8786  Val  loss: 1.9004 Val acc: 0.9434 Val ECE: 0.7916 Test acc: 0.9366 Test ECE: 0.7849
====> Epoch: 200 Train loss: 1.8822  Val  loss: 1.9020 Val acc: 0.9412 Val ECE: 0.7896 Test acc: 0.9376 Test ECE: 0.7861
====> Epoch: 201 Train loss: 1.8862  Val  loss: 1.9046 Val acc: 0.9434 Val ECE: 0.7923 Test acc: 0.9363 Test ECE: 0.7852
====> Epoch: 202 Train loss: 1.8898  Val  loss: 1.9082 Val acc: 0.9430 Val ECE: 0.7924 Test acc: 0.9372 Test ECE: 0.7866
====> Epoch: 203 Train loss: 1.8935  Val  loss: 1.9133 Val acc: 0.9408 Val ECE: 0.7909 Test acc: 0.9347 Test ECE: 0.7849
====> Epoch: 204 Train loss: 1.8972  Val  loss: 1.9187 Val acc: 0.9396 Val ECE: 0.7905 Test acc: 0.9379 Test ECE: 0.7889
====> Epoch: 205 Train loss: 1.9009  Val  loss: 1.9205 Val acc: 0.9392 Val ECE: 0.7905 Test acc: 0.9351 Test ECE: 0.7864
====> Epoch: 206 Train loss: 1.9044  Val  loss: 1.9245 Val acc: 0.9406 Val ECE: 0.7925 Test acc: 0.9361 Test ECE: 0.7881
====> Epoch: 207 Train loss: 1.9079  Val  loss: 1.9281 Val acc: 0.9380 Val ECE: 0.7904 Test acc: 0.9339 Test ECE: 0.7862
====> Epoch: 208 Train loss: 1.9118  Val  loss: 1.9322 Val acc: 0.9362 Val ECE: 0.7893 Test acc: 0.9365 Test ECE: 0.7897
====> Epoch: 209 Train loss: 1.9153  Val  loss: 1.9349 Val acc: 0.9380 Val ECE: 0.7914 Test acc: 0.9358 Test ECE: 0.7893
====> Epoch: 210 Train loss: 1.9187  Val  loss: 1.9380 Val acc: 0.9354 Val ECE: 0.7893 Test acc: 0.9385 Test ECE: 0.7924
====> Epoch: 211 Train loss: 1.9224  Val  loss: 1.9414 Val acc: 0.9368 Val ECE: 0.7911 Test acc: 0.9351 Test ECE: 0.7894
====> Epoch: 212 Train loss: 1.9256  Val  loss: 1.9450 Val acc: 0.9384 Val ECE: 0.7934 Test acc: 0.9386 Test ECE: 0.7936
====> Epoch: 213 Train loss: 1.9292  Val  loss: 1.9489 Val acc: 0.9372 Val ECE: 0.7928 Test acc: 0.9338 Test ECE: 0.7894
====> Epoch: 214 Train loss: 1.9327  Val  loss: 1.9505 Val acc: 0.9404 Val ECE: 0.7963 Test acc: 0.9357 Test ECE: 0.7916
====> Epoch: 215 Train loss: 1.9361  Val  loss: 1.9556 Val acc: 0.9420 Val ECE: 0.7986 Test acc: 0.9365 Test ECE: 0.7931
====> Epoch: 216 Train loss: 1.9396  Val  loss: 1.9575 Val acc: 0.9370 Val ECE: 0.7938 Test acc: 0.9342 Test ECE: 0.7909
====> Epoch: 217 Train loss: 1.9429  Val  loss: 1.9596 Val acc: 0.9386 Val ECE: 0.7958 Test acc: 0.9361 Test ECE: 0.7934
====> Epoch: 218 Train loss: 1.9462  Val  loss: 1.9653 Val acc: 0.9354 Val ECE: 0.7934 Test acc: 0.9366 Test ECE: 0.7946
====> Epoch: 219 Train loss: 1.9493  Val  loss: 1.9709 Val acc: 0.9352 Val ECE: 0.7940 Test acc: 0.9358 Test ECE: 0.7946
====> Epoch: 220 Train loss: 1.9529  Val  loss: 1.9696 Val acc: 0.9378 Val ECE: 0.7964 Test acc: 0.9354 Test ECE: 0.7940
====> Epoch: 221 Train loss: 1.9559  Val  loss: 1.9734 Val acc: 0.9398 Val ECE: 0.7991 Test acc: 0.9374 Test ECE: 0.7966
====> Epoch: 222 Train loss: 1.9593  Val  loss: 1.9786 Val acc: 0.9350 Val ECE: 0.7949 Test acc: 0.9328 Test ECE: 0.7928
====> Epoch: 223 Train loss: 1.9624  Val  loss: 1.9799 Val acc: 0.9352 Val ECE: 0.7953 Test acc: 0.9365 Test ECE: 0.7966
====> Epoch: 224 Train loss: 1.9656  Val  loss: 1.9847 Val acc: 0.9342 Val ECE: 0.7949 Test acc: 0.9339 Test ECE: 0.7947
====> Epoch: 225 Train loss: 1.9689  Val  loss: 1.9876 Val acc: 0.9362 Val ECE: 0.7974 Test acc: 0.9363 Test ECE: 0.7976
====> Epoch: 226 Train loss: 1.9720  Val  loss: 1.9899 Val acc: 0.9328 Val ECE: 0.7943 Test acc: 0.9360 Test ECE: 0.7975
====> Epoch: 227 Train loss: 1.9750  Val  loss: 1.9920 Val acc: 0.9362 Val ECE: 0.7981 Test acc: 0.9346 Test ECE: 0.7965
====> Epoch: 228 Train loss: 1.9781  Val  loss: 1.9945 Val acc: 0.9394 Val ECE: 0.8017 Test acc: 0.9343 Test ECE: 0.7966
====> Epoch: 229 Train loss: 1.9811  Val  loss: 1.9985 Val acc: 0.9352 Val ECE: 0.7980 Test acc: 0.9369 Test ECE: 0.7998
====> Epoch: 230 Train loss: 1.9841  Val  loss: 2.0025 Val acc: 0.9368 Val ECE: 0.8002 Test acc: 0.9333 Test ECE: 0.7967
====> Epoch: 231 Train loss: 1.9872  Val  loss: 2.0056 Val acc: 0.9372 Val ECE: 0.8010 Test acc: 0.9355 Test ECE: 0.7994
====> Epoch: 232 Train loss: 1.9901  Val  loss: 2.0079 Val acc: 0.9346 Val ECE: 0.7987 Test acc: 0.9358 Test ECE: 0.8000
====> Epoch: 233 Train loss: 1.9932  Val  loss: 2.0109 Val acc: 0.9346 Val ECE: 0.7991 Test acc: 0.9342 Test ECE: 0.7988
====> Epoch: 234 Train loss: 1.9961  Val  loss: 2.0128 Val acc: 0.9374 Val ECE: 0.8022 Test acc: 0.9354 Test ECE: 0.8002
====> Epoch: 235 Train loss: 1.9989  Val  loss: 2.0146 Val acc: 0.9406 Val ECE: 0.8057 Test acc: 0.9337 Test ECE: 0.7989
====> Epoch: 236 Train loss: 2.0018  Val  loss: 2.0180 Val acc: 0.9382 Val ECE: 0.8038 Test acc: 0.9354 Test ECE: 0.8011
====> Epoch: 237 Train loss: 2.0048  Val  loss: 2.0201 Val acc: 0.9372 Val ECE: 0.8031 Test acc: 0.9359 Test ECE: 0.8019
====> Epoch: 238 Train loss: 2.0077  Val  loss: 2.0235 Val acc: 0.9396 Val ECE: 0.8059 Test acc: 0.9339 Test ECE: 0.8004
====> Epoch: 239 Train loss: 2.0105  Val  loss: 2.0257 Val acc: 0.9360 Val ECE: 0.8026 Test acc: 0.9347 Test ECE: 0.8014
====> Epoch: 240 Train loss: 2.0134  Val  loss: 2.0298 Val acc: 0.9352 Val ECE: 0.8024 Test acc: 0.9359 Test ECE: 0.8032
====> Epoch: 241 Train loss: 2.0161  Val  loss: 2.0316 Val acc: 0.9334 Val ECE: 0.8008 Test acc: 0.9346 Test ECE: 0.8020
====> Epoch: 242 Train loss: 2.0189  Val  loss: 2.0346 Val acc: 0.9344 Val ECE: 0.8023 Test acc: 0.9325 Test ECE: 0.8004
====> Epoch: 243 Train loss: 2.0215  Val  loss: 2.0389 Val acc: 0.9376 Val ECE: 0.8061 Test acc: 0.9343 Test ECE: 0.8028
====> Epoch: 244 Train loss: 2.0242  Val  loss: 2.0409 Val acc: 0.9328 Val ECE: 0.8015 Test acc: 0.9344 Test ECE: 0.8030
====> Epoch: 245 Train loss: 2.0270  Val  loss: 2.0435 Val acc: 0.9322 Val ECE: 0.8012 Test acc: 0.9334 Test ECE: 0.8024
====> Epoch: 246 Train loss: 2.0296  Val  loss: 2.0449 Val acc: 0.9344 Val ECE: 0.8037 Test acc: 0.9327 Test ECE: 0.8020
====> Epoch: 247 Train loss: 2.0323  Val  loss: 2.0478 Val acc: 0.9338 Val ECE: 0.8035 Test acc: 0.9322 Test ECE: 0.8018
====> Epoch: 248 Train loss: 2.0349  Val  loss: 2.0510 Val acc: 0.9358 Val ECE: 0.8059 Test acc: 0.9346 Test ECE: 0.8048
====> Epoch: 249 Train loss: 2.0375  Val  loss: 2.0541 Val acc: 0.9320 Val ECE: 0.8025 Test acc: 0.9336 Test ECE: 0.8041
====> Epoch: 250 Train loss: 2.0388  Val  loss: 2.0543 Val acc: 0.9364 Val ECE: 0.8070 Test acc: 0.9346 Test ECE: 0.8052
====> Epoch: 251 Train loss: 2.0389  Val  loss: 2.0537 Val acc: 0.9356 Val ECE: 0.8061 Test acc: 0.9351 Test ECE: 0.8057
====> Epoch: 252 Train loss: 2.0391  Val  loss: 2.0539 Val acc: 0.9344 Val ECE: 0.8049 Test acc: 0.9365 Test ECE: 0.8071
====> Epoch: 253 Train loss: 2.0392  Val  loss: 2.0542 Val acc: 0.9354 Val ECE: 0.8059 Test acc: 0.9342 Test ECE: 0.8047
====> Epoch: 254 Train loss: 2.0393  Val  loss: 2.0555 Val acc: 0.9350 Val ECE: 0.8057 Test acc: 0.9346 Test ECE: 0.8053
====> Epoch: 255 Train loss: 2.0397  Val  loss: 2.0534 Val acc: 0.9334 Val ECE: 0.8038 Test acc: 0.9348 Test ECE: 0.8052
====> Epoch: 256 Train loss: 2.0398  Val  loss: 2.0555 Val acc: 0.9362 Val ECE: 0.8069 Test acc: 0.9348 Test ECE: 0.8055
====> Epoch: 257 Train loss: 2.0402  Val  loss: 2.0548 Val acc: 0.9354 Val ECE: 0.8060 Test acc: 0.9350 Test ECE: 0.8057
====> Epoch: 258 Train loss: 2.0405  Val  loss: 2.0559 Val acc: 0.9340 Val ECE: 0.8047 Test acc: 0.9337 Test ECE: 0.8045
====> Epoch: 259 Train loss: 2.0406  Val  loss: 2.0549 Val acc: 0.9346 Val ECE: 0.8052 Test acc: 0.9352 Test ECE: 0.8058
====> Epoch: 260 Train loss: 2.0409  Val  loss: 2.0564 Val acc: 0.9352 Val ECE: 0.8060 Test acc: 0.9341 Test ECE: 0.8049
====> Epoch: 261 Train loss: 2.0412  Val  loss: 2.0565 Val acc: 0.9342 Val ECE: 0.8050 Test acc: 0.9337 Test ECE: 0.8046
====> Epoch: 262 Train loss: 2.0414  Val  loss: 2.0561 Val acc: 0.9350 Val ECE: 0.8058 Test acc: 0.9357 Test ECE: 0.8065
====> Epoch: 263 Train loss: 2.0416  Val  loss: 2.0565 Val acc: 0.9366 Val ECE: 0.8074 Test acc: 0.9349 Test ECE: 0.8057
====> Epoch: 264 Train loss: 2.0417  Val  loss: 2.0581 Val acc: 0.9336 Val ECE: 0.8046 Test acc: 0.9351 Test ECE: 0.8062
====> Epoch: 265 Train loss: 2.0421  Val  loss: 2.0557 Val acc: 0.9338 Val ECE: 0.8044 Test acc: 0.9334 Test ECE: 0.8041
====> Epoch: 266 Train loss: 2.0424  Val  loss: 2.0575 Val acc: 0.9320 Val ECE: 0.8029 Test acc: 0.9339 Test ECE: 0.8049
====> Epoch: 267 Train loss: 2.0425  Val  loss: 2.0589 Val acc: 0.9346 Val ECE: 0.8057 Test acc: 0.9329 Test ECE: 0.8041
====> Epoch: 268 Train loss: 2.0429  Val  loss: 2.0589 Val acc: 0.9302 Val ECE: 0.8013 Test acc: 0.9337 Test ECE: 0.8049
====> Epoch: 269 Train loss: 2.0432  Val  loss: 2.0582 Val acc: 0.9342 Val ECE: 0.8052 Test acc: 0.9340 Test ECE: 0.8051
====> Epoch: 270 Train loss: 2.0434  Val  loss: 2.0589 Val acc: 0.9338 Val ECE: 0.8049 Test acc: 0.9339 Test ECE: 0.8051
====> Epoch: 271 Train loss: 2.0436  Val  loss: 2.0588 Val acc: 0.9358 Val ECE: 0.8069 Test acc: 0.9330 Test ECE: 0.8041
====> Epoch: 272 Train loss: 2.0438  Val  loss: 2.0589 Val acc: 0.9368 Val ECE: 0.8079 Test acc: 0.9340 Test ECE: 0.8052
====> Epoch: 273 Train loss: 2.0441  Val  loss: 2.0596 Val acc: 0.9350 Val ECE: 0.8062 Test acc: 0.9340 Test ECE: 0.8053
====> Epoch: 274 Train loss: 2.0443  Val  loss: 2.0595 Val acc: 0.9346 Val ECE: 0.8058 Test acc: 0.9333 Test ECE: 0.8046
====> Epoch: 275 Train loss: 2.0447  Val  loss: 2.0597 Val acc: 0.9346 Val ECE: 0.8058 Test acc: 0.9328 Test ECE: 0.8040
====> Epoch: 276 Train loss: 2.0449  Val  loss: 2.0597 Val acc: 0.9348 Val ECE: 0.8060 Test acc: 0.9340 Test ECE: 0.8053
====> Epoch: 277 Train loss: 2.0452  Val  loss: 2.0606 Val acc: 0.9314 Val ECE: 0.8027 Test acc: 0.9326 Test ECE: 0.8040
====> Epoch: 278 Train loss: 2.0453  Val  loss: 2.0601 Val acc: 0.9336 Val ECE: 0.8049 Test acc: 0.9322 Test ECE: 0.8035
====> Epoch: 279 Train loss: 2.0456  Val  loss: 2.0617 Val acc: 0.9330 Val ECE: 0.8045 Test acc: 0.9333 Test ECE: 0.8048
====> Epoch: 280 Train loss: 2.0458  Val  loss: 2.0599 Val acc: 0.9340 Val ECE: 0.8052 Test acc: 0.9334 Test ECE: 0.8047
====> Epoch: 281 Train loss: 2.0461  Val  loss: 2.0612 Val acc: 0.9344 Val ECE: 0.8058 Test acc: 0.9324 Test ECE: 0.8039
====> Epoch: 282 Train loss: 2.0463  Val  loss: 2.0610 Val acc: 0.9330 Val ECE: 0.8044 Test acc: 0.9329 Test ECE: 0.8043
====> Epoch: 283 Train loss: 2.0466  Val  loss: 2.0621 Val acc: 0.9346 Val ECE: 0.8061 Test acc: 0.9334 Test ECE: 0.8050
====> Epoch: 284 Train loss: 2.0470  Val  loss: 2.0622 Val acc: 0.9322 Val ECE: 0.8037 Test acc: 0.9336 Test ECE: 0.8052
====> Epoch: 285 Train loss: 2.0469  Val  loss: 2.0624 Val acc: 0.9338 Val ECE: 0.8054 Test acc: 0.9325 Test ECE: 0.8041
====> Epoch: 286 Train loss: 2.0473  Val  loss: 2.0614 Val acc: 0.9332 Val ECE: 0.8046 Test acc: 0.9344 Test ECE: 0.8059
====> Epoch: 287 Train loss: 2.0475  Val  loss: 2.0633 Val acc: 0.9336 Val ECE: 0.8053 Test acc: 0.9323 Test ECE: 0.8041
====> Epoch: 288 Train loss: 2.0478  Val  loss: 2.0627 Val acc: 0.9326 Val ECE: 0.8041 Test acc: 0.9310 Test ECE: 0.8026
====> Epoch: 289 Train loss: 2.0480  Val  loss: 2.0629 Val acc: 0.9334 Val ECE: 0.8050 Test acc: 0.9328 Test ECE: 0.8045
====> Epoch: 290 Train loss: 2.0483  Val  loss: 2.0635 Val acc: 0.9338 Val ECE: 0.8055 Test acc: 0.9309 Test ECE: 0.8026
====> Epoch: 291 Train loss: 2.0485  Val  loss: 2.0629 Val acc: 0.9326 Val ECE: 0.8042 Test acc: 0.9330 Test ECE: 0.8047
====> Epoch: 292 Train loss: 2.0487  Val  loss: 2.0639 Val acc: 0.9322 Val ECE: 0.8040 Test acc: 0.9306 Test ECE: 0.8024
====> Epoch: 293 Train loss: 2.0490  Val  loss: 2.0652 Val acc: 0.9336 Val ECE: 0.8055 Test acc: 0.9321 Test ECE: 0.8041
====> Epoch: 294 Train loss: 2.0493  Val  loss: 2.0637 Val acc: 0.9324 Val ECE: 0.8041 Test acc: 0.9338 Test ECE: 0.8055
====> Epoch: 295 Train loss: 2.0495  Val  loss: 2.0656 Val acc: 0.9318 Val ECE: 0.8038 Test acc: 0.9321 Test ECE: 0.8041
====> Epoch: 296 Train loss: 2.0497  Val  loss: 2.0656 Val acc: 0.9320 Val ECE: 0.8040 Test acc: 0.9317 Test ECE: 0.8037
====> Epoch: 297 Train loss: 2.0500  Val  loss: 2.0657 Val acc: 0.9300 Val ECE: 0.8020 Test acc: 0.9325 Test ECE: 0.8045
====> Epoch: 298 Train loss: 2.0501  Val  loss: 2.0661 Val acc: 0.9320 Val ECE: 0.8040 Test acc: 0.9319 Test ECE: 0.8040
====> Epoch: 299 Train loss: 2.0505  Val  loss: 2.0650 Val acc: 0.9308 Val ECE: 0.8027 Test acc: 0.9338 Test ECE: 0.8058
====> Epoch: 300 Train loss: 2.0506  Val  loss: 2.0647 Val acc: 0.9326 Val ECE: 0.8044 Test acc: 0.9325 Test ECE: 0.8043
====> Epoch: 301 Train loss: 2.0510  Val  loss: 2.0664 Val acc: 0.9294 Val ECE: 0.8015 Test acc: 0.9304 Test ECE: 0.8025
====> Epoch: 302 Train loss: 2.0511  Val  loss: 2.0662 Val acc: 0.9312 Val ECE: 0.8032 Test acc: 0.9322 Test ECE: 0.8042
====> Epoch: 303 Train loss: 2.0515  Val  loss: 2.0678 Val acc: 0.9314 Val ECE: 0.8037 Test acc: 0.9311 Test ECE: 0.8034
====> Epoch: 304 Train loss: 2.0517  Val  loss: 2.0674 Val acc: 0.9324 Val ECE: 0.8046 Test acc: 0.9323 Test ECE: 0.8045
====> Epoch: 305 Train loss: 2.0520  Val  loss: 2.0670 Val acc: 0.9310 Val ECE: 0.8032 Test acc: 0.9320 Test ECE: 0.8042
====> Epoch: 306 Train loss: 2.0521  Val  loss: 2.0683 Val acc: 0.9328 Val ECE: 0.8051 Test acc: 0.9329 Test ECE: 0.8053
====> Epoch: 307 Train loss: 2.0524  Val  loss: 2.0675 Val acc: 0.9328 Val ECE: 0.8050 Test acc: 0.9318 Test ECE: 0.8041
====> Epoch: 308 Train loss: 2.0527  Val  loss: 2.0675 Val acc: 0.9334 Val ECE: 0.8056 Test acc: 0.9325 Test ECE: 0.8048
====> Epoch: 309 Train loss: 2.0529  Val  loss: 2.0675 Val acc: 0.9326 Val ECE: 0.8048 Test acc: 0.9299 Test ECE: 0.8021
====> Epoch: 310 Train loss: 2.0531  Val  loss: 2.0692 Val acc: 0.9324 Val ECE: 0.8049 Test acc: 0.9318 Test ECE: 0.8043
====> Epoch: 311 Train loss: 2.0535  Val  loss: 2.0676 Val acc: 0.9342 Val ECE: 0.8064 Test acc: 0.9310 Test ECE: 0.8033
====> Epoch: 312 Train loss: 2.0537  Val  loss: 2.0702 Val acc: 0.9334 Val ECE: 0.8060 Test acc: 0.9325 Test ECE: 0.8052
====> Epoch: 313 Train loss: 2.0539  Val  loss: 2.0696 Val acc: 0.9328 Val ECE: 0.8053 Test acc: 0.9326 Test ECE: 0.8052
====> Epoch: 314 Train loss: 2.0542  Val  loss: 2.0687 Val acc: 0.9316 Val ECE: 0.8040 Test acc: 0.9326 Test ECE: 0.8050
====> Epoch: 315 Train loss: 2.0545  Val  loss: 2.0698 Val acc: 0.9310 Val ECE: 0.8035 Test acc: 0.9308 Test ECE: 0.8034
====> Epoch: 316 Train loss: 2.0546  Val  loss: 2.0702 Val acc: 0.9338 Val ECE: 0.8064 Test acc: 0.9328 Test ECE: 0.8055
====> Epoch: 317 Train loss: 2.0549  Val  loss: 2.0683 Val acc: 0.9330 Val ECE: 0.8053 Test acc: 0.9306 Test ECE: 0.8030
====> Epoch: 318 Train loss: 2.0552  Val  loss: 2.0705 Val acc: 0.9302 Val ECE: 0.8028 Test acc: 0.9300 Test ECE: 0.8026
====> Epoch: 319 Train loss: 2.0552  Val  loss: 2.0714 Val acc: 0.9334 Val ECE: 0.8061 Test acc: 0.9309 Test ECE: 0.8037
====> Epoch: 320 Train loss: 2.0556  Val  loss: 2.0717 Val acc: 0.9338 Val ECE: 0.8066 Test acc: 0.9288 Test ECE: 0.8016
====> Epoch: 321 Train loss: 2.0559  Val  loss: 2.0720 Val acc: 0.9316 Val ECE: 0.8044 Test acc: 0.9293 Test ECE: 0.8022
====> Epoch: 322 Train loss: 2.0560  Val  loss: 2.0720 Val acc: 0.9302 Val ECE: 0.8030 Test acc: 0.9297 Test ECE: 0.8026
====> Epoch: 323 Train loss: 2.0563  Val  loss: 2.0717 Val acc: 0.9330 Val ECE: 0.8058 Test acc: 0.9299 Test ECE: 0.8027
====> Epoch: 324 Train loss: 2.0566  Val  loss: 2.0732 Val acc: 0.9322 Val ECE: 0.8052 Test acc: 0.9300 Test ECE: 0.8031
====> Epoch: 325 Train loss: 2.0567  Val  loss: 2.0709 Val acc: 0.9324 Val ECE: 0.8050 Test acc: 0.9306 Test ECE: 0.8033
====> Epoch: 326 Train loss: 2.0570  Val  loss: 2.0733 Val acc: 0.9308 Val ECE: 0.8038 Test acc: 0.9307 Test ECE: 0.8037
====> Epoch: 327 Train loss: 2.0573  Val  loss: 2.0726 Val acc: 0.9326 Val ECE: 0.8054 Test acc: 0.9310 Test ECE: 0.8039
====> Epoch: 328 Train loss: 2.0575  Val  loss: 2.0736 Val acc: 0.9300 Val ECE: 0.8030 Test acc: 0.9302 Test ECE: 0.8033
====> Epoch: 329 Train loss: 2.0577  Val  loss: 2.0729 Val acc: 0.9304 Val ECE: 0.8033 Test acc: 0.9295 Test ECE: 0.8025
====> Epoch: 330 Train loss: 2.0580  Val  loss: 2.0730 Val acc: 0.9304 Val ECE: 0.8033 Test acc: 0.9309 Test ECE: 0.8039
====> Epoch: 331 Train loss: 2.0583  Val  loss: 2.0722 Val acc: 0.9292 Val ECE: 0.8019 Test acc: 0.9301 Test ECE: 0.8029
====> Epoch: 332 Train loss: 2.0584  Val  loss: 2.0743 Val acc: 0.9316 Val ECE: 0.8047 Test acc: 0.9300 Test ECE: 0.8031
====> Epoch: 333 Train loss: 2.0586  Val  loss: 2.0745 Val acc: 0.9302 Val ECE: 0.8033 Test acc: 0.9295 Test ECE: 0.8027
====> Epoch: 334 Train loss: 2.0590  Val  loss: 2.0744 Val acc: 0.9316 Val ECE: 0.8047 Test acc: 0.9305 Test ECE: 0.8037
====> Epoch: 335 Train loss: 2.0591  Val  loss: 2.0744 Val acc: 0.9316 Val ECE: 0.8047 Test acc: 0.9305 Test ECE: 0.8037
====> Epoch: 336 Train loss: 2.0593  Val  loss: 2.0751 Val acc: 0.9298 Val ECE: 0.8030 Test acc: 0.9301 Test ECE: 0.8034
====> Epoch: 337 Train loss: 2.0597  Val  loss: 2.0744 Val acc: 0.9304 Val ECE: 0.8035 Test acc: 0.9309 Test ECE: 0.8040
====> Epoch: 338 Train loss: 2.0599  Val  loss: 2.0753 Val acc: 0.9314 Val ECE: 0.8046 Test acc: 0.9313 Test ECE: 0.8046
====> Epoch: 339 Train loss: 2.0603  Val  loss: 2.0756 Val acc: 0.9296 Val ECE: 0.8028 Test acc: 0.9287 Test ECE: 0.8020
====> Epoch: 340 Train loss: 2.0604  Val  loss: 2.0752 Val acc: 0.9274 Val ECE: 0.8005 Test acc: 0.9282 Test ECE: 0.8014
====> Epoch: 341 Train loss: 2.0607  Val  loss: 2.0767 Val acc: 0.9286 Val ECE: 0.8020 Test acc: 0.9293 Test ECE: 0.8028
====> Epoch: 342 Train loss: 2.0607  Val  loss: 2.0777 Val acc: 0.9284 Val ECE: 0.8019 Test acc: 0.9287 Test ECE: 0.8023
====> Epoch: 343 Train loss: 2.0611  Val  loss: 2.0753 Val acc: 0.9294 Val ECE: 0.8025 Test acc: 0.9282 Test ECE: 0.8014
====> Epoch: 344 Train loss: 2.0613  Val  loss: 2.0768 Val acc: 0.9302 Val ECE: 0.8036 Test acc: 0.9284 Test ECE: 0.8019
====> Epoch: 345 Train loss: 2.0617  Val  loss: 2.0762 Val acc: 0.9292 Val ECE: 0.8025 Test acc: 0.9297 Test ECE: 0.8031
====> Epoch: 346 Train loss: 2.0618  Val  loss: 2.0764 Val acc: 0.9300 Val ECE: 0.8033 Test acc: 0.9304 Test ECE: 0.8038
====> Epoch: 347 Train loss: 2.0621  Val  loss: 2.0776 Val acc: 0.9302 Val ECE: 0.8037 Test acc: 0.9292 Test ECE: 0.8028
====> Epoch: 348 Train loss: 2.0623  Val  loss: 2.0768 Val acc: 0.9322 Val ECE: 0.8056 Test acc: 0.9315 Test ECE: 0.8050
====> Epoch: 349 Train loss: 2.0626  Val  loss: 2.0785 Val acc: 0.9300 Val ECE: 0.8037 Test acc: 0.9314 Test ECE: 0.8052
