resnet50_cifar10_cross_entropy_PQ4_WD0.0001_220123005119
CUDA set: True
Files already downloaded and verified
Files already downloaded and verified
====> Epoch: 0 Train loss: 2.1458  Val  loss: 1.6421 Val acc: 0.3994 Val ECE: 0.0642 Test acc: 0.3929 Test ECE: 0.0706
====> Epoch: 1 Train loss: 1.4455  Val  loss: 1.3358 Val acc: 0.5330 Val ECE: 0.0980 Test acc: 0.5367 Test ECE: 0.1001
====> Epoch: 2 Train loss: 1.1327  Val  loss: 9.3535 Val acc: 0.6250 Val ECE: 0.0666 Test acc: 0.6151 Test ECE: 0.0774
====> Epoch: 3 Train loss: 0.9455  Val  loss: 1.0940 Val acc: 0.6310 Val ECE: 0.1164 Test acc: 0.6250 Test ECE: 0.1220
====> Epoch: 4 Train loss: 0.8325  Val  loss: 0.8448 Val acc: 0.7186 Val ECE: 0.0513 Test acc: 0.7048 Test ECE: 0.0657
====> Epoch: 5 Train loss: 0.7395  Val  loss: 0.7512 Val acc: 0.7354 Val ECE: 0.0503 Test acc: 0.7328 Test ECE: 0.0531
====> Epoch: 6 Train loss: 0.6743  Val  loss: 0.7454 Val acc: 0.7414 Val ECE: 0.0511 Test acc: 0.7462 Test ECE: 0.0437
====> Epoch: 7 Train loss: 0.6136  Val  loss: 0.8185 Val acc: 0.7480 Val ECE: 0.0703 Test acc: 0.7322 Test ECE: 0.0849
====> Epoch: 8 Train loss: 0.5605  Val  loss: 0.6509 Val acc: 0.7806 Val ECE: 0.0507 Test acc: 0.7709 Test ECE: 0.0566
====> Epoch: 9 Train loss: 0.5160  Val  loss: 0.5856 Val acc: 0.7974 Val ECE: 0.0392 Test acc: 0.7932 Test ECE: 0.0436
====> Epoch: 10 Train loss: 0.4757  Val  loss: 0.5514 Val acc: 0.8196 Val ECE: 0.0487 Test acc: 0.8110 Test ECE: 0.0518
====> Epoch: 11 Train loss: 0.4539  Val  loss: 0.5023 Val acc: 0.8312 Val ECE: 0.0273 Test acc: 0.8258 Test ECE: 0.0314
====> Epoch: 12 Train loss: 0.4268  Val  loss: 0.4800 Val acc: 0.8352 Val ECE: 0.0352 Test acc: 0.8298 Test ECE: 0.0420
====> Epoch: 13 Train loss: 0.4021  Val  loss: 0.4652 Val acc: 0.8436 Val ECE: 0.0366 Test acc: 0.8425 Test ECE: 0.0359
====> Epoch: 14 Train loss: 0.3846  Val  loss: 0.5142 Val acc: 0.8280 Val ECE: 0.0521 Test acc: 0.8343 Test ECE: 0.0481
====> Epoch: 15 Train loss: 0.3658  Val  loss: 0.5093 Val acc: 0.8292 Val ECE: 0.0492 Test acc: 0.8294 Test ECE: 0.0512
====> Epoch: 16 Train loss: 0.3456  Val  loss: 0.5038 Val acc: 0.8358 Val ECE: 0.0588 Test acc: 0.8368 Test ECE: 0.0562
====> Epoch: 17 Train loss: 0.3304  Val  loss: 0.5514 Val acc: 0.8250 Val ECE: 0.0679 Test acc: 0.8316 Test ECE: 0.0603
====> Epoch: 18 Train loss: 0.3214  Val  loss: 0.5359 Val acc: 0.8374 Val ECE: 0.0658 Test acc: 0.8340 Test ECE: 0.0670
====> Epoch: 19 Train loss: 0.3043  Val  loss: 0.5004 Val acc: 0.8388 Val ECE: 0.0583 Test acc: 0.8337 Test ECE: 0.0633
====> Epoch: 20 Train loss: 0.2952  Val  loss: 0.4584 Val acc: 0.8604 Val ECE: 0.0472 Test acc: 0.8498 Test ECE: 0.0539
====> Epoch: 21 Train loss: 0.2807  Val  loss: 0.3801 Val acc: 0.8772 Val ECE: 0.0376 Test acc: 0.8753 Test ECE: 0.0354
====> Epoch: 22 Train loss: 0.2725  Val  loss: 0.4539 Val acc: 0.8586 Val ECE: 0.0542 Test acc: 0.8636 Test ECE: 0.0500
====> Epoch: 23 Train loss: 0.2658  Val  loss: 0.4537 Val acc: 0.8584 Val ECE: 0.0582 Test acc: 0.8570 Test ECE: 0.0546
====> Epoch: 24 Train loss: 0.2530  Val  loss: 0.3898 Val acc: 0.8786 Val ECE: 0.0400 Test acc: 0.8751 Test ECE: 0.0423
====> Epoch: 25 Train loss: 0.2401  Val  loss: 0.4510 Val acc: 0.8572 Val ECE: 0.0619 Test acc: 0.8574 Test ECE: 0.0604
====> Epoch: 26 Train loss: 0.2379  Val  loss: 0.3727 Val acc: 0.8820 Val ECE: 0.0378 Test acc: 0.8757 Test ECE: 0.0434
====> Epoch: 27 Train loss: 0.2329  Val  loss: 0.4871 Val acc: 0.8546 Val ECE: 0.0642 Test acc: 0.8605 Test ECE: 0.0605
====> Epoch: 28 Train loss: 0.2272  Val  loss: 0.4812 Val acc: 0.8608 Val ECE: 0.0567 Test acc: 0.8567 Test ECE: 0.0599
====> Epoch: 29 Train loss: 0.2190  Val  loss: 0.4103 Val acc: 0.8708 Val ECE: 0.0467 Test acc: 0.8670 Test ECE: 0.0491
====> Epoch: 30 Train loss: 0.2098  Val  loss: 0.4861 Val acc: 0.8520 Val ECE: 0.0566 Test acc: 0.8503 Test ECE: 0.0554
====> Epoch: 31 Train loss: 0.2128  Val  loss: 0.3855 Val acc: 0.8824 Val ECE: 0.0480 Test acc: 0.8823 Test ECE: 0.0434
====> Epoch: 32 Train loss: 0.2041  Val  loss: 0.3986 Val acc: 0.8758 Val ECE: 0.0510 Test acc: 0.8798 Test ECE: 0.0507
====> Epoch: 33 Train loss: 0.1986  Val  loss: 0.4130 Val acc: 0.8728 Val ECE: 0.0527 Test acc: 0.8647 Test ECE: 0.0602
====> Epoch: 34 Train loss: 0.1978  Val  loss: 0.3536 Val acc: 0.8840 Val ECE: 0.0509 Test acc: 0.8886 Test ECE: 0.0449
====> Epoch: 35 Train loss: 0.1895  Val  loss: 0.4960 Val acc: 0.8570 Val ECE: 0.0746 Test acc: 0.8591 Test ECE: 0.0732
====> Epoch: 36 Train loss: 0.1898  Val  loss: 0.4278 Val acc: 0.8806 Val ECE: 0.0512 Test acc: 0.8766 Test ECE: 0.0545
====> Epoch: 37 Train loss: 0.1836  Val  loss: 0.3498 Val acc: 0.8856 Val ECE: 0.0434 Test acc: 0.8823 Test ECE: 0.0450
====> Epoch: 38 Train loss: 0.1785  Val  loss: 0.3700 Val acc: 0.8898 Val ECE: 0.0488 Test acc: 0.8879 Test ECE: 0.0499
====> Epoch: 39 Train loss: 0.1772  Val  loss: 0.4884 Val acc: 0.8562 Val ECE: 0.0725 Test acc: 0.8539 Test ECE: 0.0753
====> Epoch: 40 Train loss: 0.1764  Val  loss: 0.3427 Val acc: 0.8972 Val ECE: 0.0436 Test acc: 0.8908 Test ECE: 0.0479
====> Epoch: 41 Train loss: 0.1681  Val  loss: 0.5037 Val acc: 0.8608 Val ECE: 0.0656 Test acc: 0.8524 Test ECE: 0.0718
====> Epoch: 42 Train loss: 0.1684  Val  loss: 0.3441 Val acc: 0.8964 Val ECE: 0.0428 Test acc: 0.8913 Test ECE: 0.0488
====> Epoch: 43 Train loss: 0.1627  Val  loss: 0.3962 Val acc: 0.8812 Val ECE: 0.0549 Test acc: 0.8811 Test ECE: 0.0532
====> Epoch: 44 Train loss: 0.1654  Val  loss: 0.3705 Val acc: 0.8890 Val ECE: 0.0500 Test acc: 0.8867 Test ECE: 0.0512
====> Epoch: 45 Train loss: 0.1584  Val  loss: 0.4582 Val acc: 0.8726 Val ECE: 0.0641 Test acc: 0.8748 Test ECE: 0.0637
====> Epoch: 46 Train loss: 0.1581  Val  loss: 0.5463 Val acc: 0.8608 Val ECE: 0.0701 Test acc: 0.8426 Test ECE: 0.0854
====> Epoch: 47 Train loss: 0.1582  Val  loss: 0.3491 Val acc: 0.8920 Val ECE: 0.0481 Test acc: 0.8991 Test ECE: 0.0424
====> Epoch: 48 Train loss: 0.1536  Val  loss: 0.4822 Val acc: 0.8680 Val ECE: 0.0718 Test acc: 0.8671 Test ECE: 0.0707
====> Epoch: 49 Train loss: 0.1532  Val  loss: 0.3921 Val acc: 0.8872 Val ECE: 0.0534 Test acc: 0.8872 Test ECE: 0.0548
====> Epoch: 50 Train loss: 0.1505  Val  loss: 0.3845 Val acc: 0.8844 Val ECE: 0.0508 Test acc: 0.8820 Test ECE: 0.0510
====> Epoch: 51 Train loss: 0.1427  Val  loss: 0.3995 Val acc: 0.8798 Val ECE: 0.0573 Test acc: 0.8757 Test ECE: 0.0608
====> Epoch: 52 Train loss: 0.1474  Val  loss: 0.4765 Val acc: 0.8784 Val ECE: 0.0664 Test acc: 0.8696 Test ECE: 0.0726
====> Epoch: 53 Train loss: 0.1454  Val  loss: 0.3678 Val acc: 0.8938 Val ECE: 0.0460 Test acc: 0.8882 Test ECE: 0.0509
====> Epoch: 54 Train loss: 0.1441  Val  loss: 0.4421 Val acc: 0.8728 Val ECE: 0.0640 Test acc: 0.8732 Test ECE: 0.0625
====> Epoch: 55 Train loss: 0.1445  Val  loss: 0.4010 Val acc: 0.8874 Val ECE: 0.0546 Test acc: 0.8816 Test ECE: 0.0581
====> Epoch: 56 Train loss: 0.1376  Val  loss: 0.5428 Val acc: 0.8692 Val ECE: 0.0778 Test acc: 0.8636 Test ECE: 0.0813
====> Epoch: 57 Train loss: 0.1415  Val  loss: 0.3929 Val acc: 0.8880 Val ECE: 0.0567 Test acc: 0.8855 Test ECE: 0.0585
====> Epoch: 58 Train loss: 0.1387  Val  loss: 0.3804 Val acc: 0.8912 Val ECE: 0.0505 Test acc: 0.8901 Test ECE: 0.0471
====> Epoch: 59 Train loss: 0.1404  Val  loss: 0.3440 Val acc: 0.9054 Val ECE: 0.0463 Test acc: 0.8978 Test ECE: 0.0532
====> Epoch: 60 Train loss: 0.1339  Val  loss: 0.4450 Val acc: 0.8792 Val ECE: 0.0651 Test acc: 0.8758 Test ECE: 0.0679
====> Epoch: 61 Train loss: 0.1326  Val  loss: 0.4262 Val acc: 0.8830 Val ECE: 0.0577 Test acc: 0.8739 Test ECE: 0.0668
====> Epoch: 62 Train loss: 0.1324  Val  loss: 0.4254 Val acc: 0.8894 Val ECE: 0.0579 Test acc: 0.8828 Test ECE: 0.0613
====> Epoch: 63 Train loss: 0.1313  Val  loss: 0.3534 Val acc: 0.8958 Val ECE: 0.0526 Test acc: 0.8989 Test ECE: 0.0488
====> Epoch: 64 Train loss: 0.1299  Val  loss: 0.4558 Val acc: 0.8812 Val ECE: 0.0678 Test acc: 0.8786 Test ECE: 0.0697
====> Epoch: 65 Train loss: 0.1290  Val  loss: 0.3458 Val acc: 0.9026 Val ECE: 0.0443 Test acc: 0.8965 Test ECE: 0.0513
====> Epoch: 66 Train loss: 0.1289  Val  loss: 0.4949 Val acc: 0.8666 Val ECE: 0.0739 Test acc: 0.8629 Test ECE: 0.0785
PF_fix round 1
fix fc parameters
====> Epoch: 67 Train loss: 0.1253  Val  loss: 0.3288 Val acc: 0.9022 Val ECE: 0.0425 Test acc: 0.8910 Test ECE: 0.0521
====> Epoch: 68 Train loss: 0.1236  Val  loss: 0.3708 Val acc: 0.8942 Val ECE: 0.0503 Test acc: 0.8912 Test ECE: 0.0520
====> Epoch: 69 Train loss: 0.1183  Val  loss: 0.3929 Val acc: 0.8974 Val ECE: 0.0527 Test acc: 0.8934 Test ECE: 0.0549
====> Epoch: 70 Train loss: 0.1207  Val  loss: 0.4138 Val acc: 0.8920 Val ECE: 0.0554 Test acc: 0.8879 Test ECE: 0.0550
====> Epoch: 71 Train loss: 0.1206  Val  loss: 0.3828 Val acc: 0.8998 Val ECE: 0.0505 Test acc: 0.8952 Test ECE: 0.0562
====> Epoch: 72 Train loss: 0.1163  Val  loss: 0.3713 Val acc: 0.8924 Val ECE: 0.0552 Test acc: 0.8950 Test ECE: 0.0515
====> Epoch: 73 Train loss: 0.1164  Val  loss: 0.3463 Val acc: 0.9004 Val ECE: 0.0478 Test acc: 0.8956 Test ECE: 0.0511
====> Epoch: 74 Train loss: 0.1160  Val  loss: 0.4666 Val acc: 0.8780 Val ECE: 0.0647 Test acc: 0.8756 Test ECE: 0.0639
====> Epoch: 75 Train loss: 0.1120  Val  loss: 0.3747 Val acc: 0.8918 Val ECE: 0.0534 Test acc: 0.8887 Test ECE: 0.0536
====> Epoch: 76 Train loss: 0.1138  Val  loss: 0.4126 Val acc: 0.8916 Val ECE: 0.0561 Test acc: 0.8781 Test ECE: 0.0661
====> Epoch: 77 Train loss: 0.1159  Val  loss: 0.3542 Val acc: 0.8960 Val ECE: 0.0480 Test acc: 0.8975 Test ECE: 0.0461
====> Epoch: 78 Train loss: 0.1106  Val  loss: 0.4359 Val acc: 0.8798 Val ECE: 0.0607 Test acc: 0.8783 Test ECE: 0.0624
====> Epoch: 79 Train loss: 0.1099  Val  loss: 0.3852 Val acc: 0.8892 Val ECE: 0.0567 Test acc: 0.8840 Test ECE: 0.0623
====> Epoch: 80 Train loss: 0.1093  Val  loss: 0.3952 Val acc: 0.8914 Val ECE: 0.0565 Test acc: 0.8855 Test ECE: 0.0611
====> Epoch: 81 Train loss: 0.1085  Val  loss: 0.3832 Val acc: 0.8898 Val ECE: 0.0583 Test acc: 0.8835 Test ECE: 0.0636
====> Epoch: 82 Train loss: 0.1096  Val  loss: 0.3746 Val acc: 0.8882 Val ECE: 0.0507 Test acc: 0.8878 Test ECE: 0.0515
====> Epoch: 83 Train loss: 0.1072  Val  loss: 0.3912 Val acc: 0.8916 Val ECE: 0.0550 Test acc: 0.8897 Test ECE: 0.0555
====> Epoch: 84 Train loss: 0.1064  Val  loss: 0.3549 Val acc: 0.8996 Val ECE: 0.0530 Test acc: 0.8938 Test ECE: 0.0563
====> Epoch: 85 Train loss: 0.1081  Val  loss: 0.3418 Val acc: 0.9026 Val ECE: 0.0477 Test acc: 0.9054 Test ECE: 0.0469
====> Epoch: 86 Train loss: 0.1037  Val  loss: 0.3787 Val acc: 0.8902 Val ECE: 0.0569 Test acc: 0.8873 Test ECE: 0.0606
====> Epoch: 87 Train loss: 0.1057  Val  loss: 0.3316 Val acc: 0.9034 Val ECE: 0.0455 Test acc: 0.8998 Test ECE: 0.0476
====> Epoch: 88 Train loss: 0.1017  Val  loss: 0.3659 Val acc: 0.9002 Val ECE: 0.0511 Test acc: 0.8953 Test ECE: 0.0567
====> Epoch: 89 Train loss: 0.1038  Val  loss: 0.3436 Val acc: 0.8976 Val ECE: 0.0515 Test acc: 0.9006 Test ECE: 0.0502
====> Epoch: 90 Train loss: 0.1035  Val  loss: 0.3848 Val acc: 0.8888 Val ECE: 0.0550 Test acc: 0.8898 Test ECE: 0.0530
====> Epoch: 91 Train loss: 0.0986  Val  loss: 0.3430 Val acc: 0.9050 Val ECE: 0.0489 Test acc: 0.9067 Test ECE: 0.0462
====> Epoch: 92 Train loss: 0.1030  Val  loss: 0.3502 Val acc: 0.9020 Val ECE: 0.0453 Test acc: 0.8930 Test ECE: 0.0548
====> Epoch: 93 Train loss: 0.1007  Val  loss: 0.3455 Val acc: 0.9014 Val ECE: 0.0515 Test acc: 0.9030 Test ECE: 0.0487
====> Epoch: 94 Train loss: 0.0986  Val  loss: 0.3632 Val acc: 0.8964 Val ECE: 0.0487 Test acc: 0.8890 Test ECE: 0.0546
====> Epoch: 95 Train loss: 0.0991  Val  loss: 0.3752 Val acc: 0.8934 Val ECE: 0.0511 Test acc: 0.8891 Test ECE: 0.0580
====> Epoch: 96 Train loss: 0.1016  Val  loss: 0.3253 Val acc: 0.9056 Val ECE: 0.0445 Test acc: 0.9041 Test ECE: 0.0463
====> Epoch: 97 Train loss: 0.0993  Val  loss: 0.5067 Val acc: 0.8708 Val ECE: 0.0692 Test acc: 0.8717 Test ECE: 0.0683
PF_fix round 2
fix fc parameters
fix layer4 parameters
====> Epoch: 98 Train loss: 0.0860  Val  loss: 0.3306 Val acc: 0.9000 Val ECE: 0.0448 Test acc: 0.9025 Test ECE: 0.0411
====> Epoch: 99 Train loss: 0.0817  Val  loss: 0.3197 Val acc: 0.9024 Val ECE: 0.0411 Test acc: 0.8989 Test ECE: 0.0441
====> Epoch: 100 Train loss: 0.0803  Val  loss: 0.2551 Val acc: 0.9156 Val ECE: 0.0290 Test acc: 0.9137 Test ECE: 0.0309
====> Epoch: 101 Train loss: 0.0776  Val  loss: 0.2613 Val acc: 0.9148 Val ECE: 0.0276 Test acc: 0.9152 Test ECE: 0.0276
====> Epoch: 102 Train loss: 0.0766  Val  loss: 0.2568 Val acc: 0.9162 Val ECE: 0.0283 Test acc: 0.9124 Test ECE: 0.0286
====> Epoch: 103 Train loss: 0.0740  Val  loss: 0.2792 Val acc: 0.9104 Val ECE: 0.0340 Test acc: 0.9098 Test ECE: 0.0337
====> Epoch: 104 Train loss: 0.0745  Val  loss: 0.2609 Val acc: 0.9136 Val ECE: 0.0259 Test acc: 0.9158 Test ECE: 0.0235
====> Epoch: 105 Train loss: 0.0760  Val  loss: 0.2616 Val acc: 0.9194 Val ECE: 0.0202 Test acc: 0.9169 Test ECE: 0.0241
====> Epoch: 106 Train loss: 0.0769  Val  loss: 0.2996 Val acc: 0.9062 Val ECE: 0.0344 Test acc: 0.9064 Test ECE: 0.0330
====> Epoch: 107 Train loss: 0.0780  Val  loss: 0.2381 Val acc: 0.9192 Val ECE: 0.0203 Test acc: 0.9199 Test ECE: 0.0187
====> Epoch: 108 Train loss: 0.0775  Val  loss: 0.3003 Val acc: 0.9016 Val ECE: 0.0285 Test acc: 0.8998 Test ECE: 0.0296
====> Epoch: 109 Train loss: 0.0808  Val  loss: 0.2439 Val acc: 0.9178 Val ECE: 0.0201 Test acc: 0.9102 Test ECE: 0.0255
====> Epoch: 110 Train loss: 0.0832  Val  loss: 0.2703 Val acc: 0.9168 Val ECE: 0.0282 Test acc: 0.9116 Test ECE: 0.0290
====> Epoch: 111 Train loss: 0.0860  Val  loss: 0.2492 Val acc: 0.9180 Val ECE: 0.0211 Test acc: 0.9084 Test ECE: 0.0275
====> Epoch: 112 Train loss: 0.0882  Val  loss: 0.2374 Val acc: 0.9246 Val ECE: 0.0154 Test acc: 0.9168 Test ECE: 0.0225
====> Epoch: 113 Train loss: 0.0914  Val  loss: 0.2884 Val acc: 0.9052 Val ECE: 0.0225 Test acc: 0.9031 Test ECE: 0.0288
====> Epoch: 114 Train loss: 0.0978  Val  loss: 0.3183 Val acc: 0.9014 Val ECE: 0.0277 Test acc: 0.9014 Test ECE: 0.0283
====> Epoch: 115 Train loss: 0.0988  Val  loss: 0.2693 Val acc: 0.9070 Val ECE: 0.0303 Test acc: 0.9134 Test ECE: 0.0246
====> Epoch: 116 Train loss: 0.1051  Val  loss: 0.2762 Val acc: 0.9112 Val ECE: 0.0194 Test acc: 0.9047 Test ECE: 0.0231
====> Epoch: 117 Train loss: 0.1106  Val  loss: 0.2764 Val acc: 0.9112 Val ECE: 0.0145 Test acc: 0.9111 Test ECE: 0.0148
====> Epoch: 118 Train loss: 0.1166  Val  loss: 0.2891 Val acc: 0.9058 Val ECE: 0.0150 Test acc: 0.9019 Test ECE: 0.0157
====> Epoch: 119 Train loss: 0.1242  Val  loss: 0.2857 Val acc: 0.9118 Val ECE: 0.0143 Test acc: 0.9092 Test ECE: 0.0137
====> Epoch: 120 Train loss: 0.1340  Val  loss: 0.3331 Val acc: 0.8994 Val ECE: 0.0171 Test acc: 0.8930 Test ECE: 0.0140
====> Epoch: 121 Train loss: 0.1421  Val  loss: 0.3361 Val acc: 0.8944 Val ECE: 0.0275 Test acc: 0.8998 Test ECE: 0.0175
====> Epoch: 122 Train loss: 0.1527  Val  loss: 0.3282 Val acc: 0.9064 Val ECE: 0.0254 Test acc: 0.8998 Test ECE: 0.0262
====> Epoch: 123 Train loss: 0.1669  Val  loss: 0.2997 Val acc: 0.9118 Val ECE: 0.0277 Test acc: 0.9102 Test ECE: 0.0253
====> Epoch: 124 Train loss: 0.1808  Val  loss: 0.3627 Val acc: 0.8962 Val ECE: 0.0394 Test acc: 0.8895 Test ECE: 0.0324
====> Epoch: 125 Train loss: 0.2037  Val  loss: 0.3268 Val acc: 0.9080 Val ECE: 0.0498 Test acc: 0.9074 Test ECE: 0.0429
====> Epoch: 126 Train loss: 0.2282  Val  loss: 0.3718 Val acc: 0.8998 Val ECE: 0.0648 Test acc: 0.8967 Test ECE: 0.0579
====> Epoch: 127 Train loss: 0.2536  Val  loss: 0.4005 Val acc: 0.9012 Val ECE: 0.0894 Test acc: 0.8991 Test ECE: 0.0863
====> Epoch: 128 Train loss: 0.2828  Val  loss: 0.4221 Val acc: 0.9056 Val ECE: 0.1203 Test acc: 0.9098 Test ECE: 0.1255
====> Epoch: 129 Train loss: 0.3217  Val  loss: 0.4597 Val acc: 0.8998 Val ECE: 0.1465 Test acc: 0.9032 Test ECE: 0.1476
====> Epoch: 130 Train loss: 0.3642  Val  loss: 0.4723 Val acc: 0.9114 Val ECE: 0.1877 Test acc: 0.9135 Test ECE: 0.1904
====> Epoch: 131 Train loss: 0.4071  Val  loss: 0.4990 Val acc: 0.9074 Val ECE: 0.1977 Test acc: 0.9135 Test ECE: 0.2022
====> Epoch: 132 Train loss: 0.4605  Val  loss: 0.5685 Val acc: 0.9110 Val ECE: 0.2547 Test acc: 0.9039 Test ECE: 0.2499
====> Epoch: 133 Train loss: 0.5203  Val  loss: 0.6546 Val acc: 0.8942 Val ECE: 0.2836 Test acc: 0.8988 Test ECE: 0.2877
====> Epoch: 134 Train loss: 0.5853  Val  loss: 0.6889 Val acc: 0.9064 Val ECE: 0.3290 Test acc: 0.9046 Test ECE: 0.3245
====> Epoch: 135 Train loss: 0.6481  Val  loss: 0.7648 Val acc: 0.8992 Val ECE: 0.3649 Test acc: 0.8959 Test ECE: 0.3598
====> Epoch: 136 Train loss: 0.7214  Val  loss: 0.8230 Val acc: 0.8974 Val ECE: 0.3978 Test acc: 0.9013 Test ECE: 0.3998
====> Epoch: 137 Train loss: 0.7934  Val  loss: 0.8970 Val acc: 0.9052 Val ECE: 0.4470 Test acc: 0.9001 Test ECE: 0.4448
====> Epoch: 138 Train loss: 0.8682  Val  loss: 0.9755 Val acc: 0.9012 Val ECE: 0.4788 Test acc: 0.8997 Test ECE: 0.4791
====> Epoch: 139 Train loss: 0.9454  Val  loss: 1.0511 Val acc: 0.8892 Val ECE: 0.4952 Test acc: 0.8911 Test ECE: 0.4986
====> Epoch: 140 Train loss: 1.0180  Val  loss: 1.1305 Val acc: 0.8992 Val ECE: 0.5435 Test acc: 0.8987 Test ECE: 0.5439
====> Epoch: 141 Train loss: 1.0933  Val  loss: 1.1806 Val acc: 0.9058 Val ECE: 0.5691 Test acc: 0.9002 Test ECE: 0.5636
====> Epoch: 142 Train loss: 1.1666  Val  loss: 1.2817 Val acc: 0.8772 Val ECE: 0.5679 Test acc: 0.8799 Test ECE: 0.5707
====> Epoch: 143 Train loss: 1.2393  Val  loss: 1.3103 Val acc: 0.9052 Val ECE: 0.6150 Test acc: 0.9054 Test ECE: 0.6144
====> Epoch: 144 Train loss: 1.3103  Val  loss: 1.3836 Val acc: 0.9062 Val ECE: 0.6380 Test acc: 0.9148 Test ECE: 0.6466
====> Epoch: 145 Train loss: 1.3777  Val  loss: 1.4293 Val acc: 0.9116 Val ECE: 0.6577 Test acc: 0.9082 Test ECE: 0.6547
====> Epoch: 146 Train loss: 1.4407  Val  loss: 1.5126 Val acc: 0.9032 Val ECE: 0.6699 Test acc: 0.8973 Test ECE: 0.6640
PF_fix round 3
fix fc parameters
fix layer4 parameters
fix layer3 parameters
====> Epoch: 147 Train loss: 1.5418  Val  loss: 1.5897 Val acc: 0.8992 Val ECE: 0.6838 Test acc: 0.8971 Test ECE: 0.6815
====> Epoch: 148 Train loss: 1.5948  Val  loss: 1.6433 Val acc: 0.8990 Val ECE: 0.6962 Test acc: 0.9069 Test ECE: 0.7039
====> Epoch: 149 Train loss: 1.6479  Val  loss: 1.6819 Val acc: 0.9118 Val ECE: 0.7182 Test acc: 0.9173 Test ECE: 0.7235
====> Epoch: 150 Train loss: 1.6650  Val  loss: 1.6751 Val acc: 0.9328 Val ECE: 0.7399 Test acc: 0.9358 Test ECE: 0.7428
====> Epoch: 151 Train loss: 1.6671  Val  loss: 1.6768 Val acc: 0.9368 Val ECE: 0.7445 Test acc: 0.9369 Test ECE: 0.7446
====> Epoch: 152 Train loss: 1.6709  Val  loss: 1.6803 Val acc: 0.9356 Val ECE: 0.7440 Test acc: 0.9341 Test ECE: 0.7425
====> Epoch: 153 Train loss: 1.6753  Val  loss: 1.6893 Val acc: 0.9370 Val ECE: 0.7474 Test acc: 0.9378 Test ECE: 0.7481
====> Epoch: 154 Train loss: 1.6803  Val  loss: 1.6941 Val acc: 0.9394 Val ECE: 0.7509 Test acc: 0.9394 Test ECE: 0.7508
====> Epoch: 155 Train loss: 1.6846  Val  loss: 1.6939 Val acc: 0.9354 Val ECE: 0.7466 Test acc: 0.9397 Test ECE: 0.7509
====> Epoch: 156 Train loss: 1.6887  Val  loss: 1.7041 Val acc: 0.9372 Val ECE: 0.7506 Test acc: 0.9400 Test ECE: 0.7532
====> Epoch: 157 Train loss: 1.6938  Val  loss: 1.7100 Val acc: 0.9360 Val ECE: 0.7506 Test acc: 0.9403 Test ECE: 0.7548
====> Epoch: 158 Train loss: 1.6987  Val  loss: 1.7137 Val acc: 0.9378 Val ECE: 0.7532 Test acc: 0.9416 Test ECE: 0.7570
====> Epoch: 159 Train loss: 1.7032  Val  loss: 1.7196 Val acc: 0.9388 Val ECE: 0.7554 Test acc: 0.9407 Test ECE: 0.7573
====> Epoch: 160 Train loss: 1.7078  Val  loss: 1.7237 Val acc: 0.9384 Val ECE: 0.7558 Test acc: 0.9389 Test ECE: 0.7562
====> Epoch: 161 Train loss: 1.7127  Val  loss: 1.7322 Val acc: 0.9390 Val ECE: 0.7579 Test acc: 0.9397 Test ECE: 0.7586
====> Epoch: 162 Train loss: 1.7170  Val  loss: 1.7332 Val acc: 0.9376 Val ECE: 0.7567 Test acc: 0.9413 Test ECE: 0.7605
====> Epoch: 163 Train loss: 1.7216  Val  loss: 1.7394 Val acc: 0.9366 Val ECE: 0.7568 Test acc: 0.9403 Test ECE: 0.7605
====> Epoch: 164 Train loss: 1.7266  Val  loss: 1.7425 Val acc: 0.9402 Val ECE: 0.7610 Test acc: 0.9410 Test ECE: 0.7619
====> Epoch: 165 Train loss: 1.7311  Val  loss: 1.7489 Val acc: 0.9418 Val ECE: 0.7640 Test acc: 0.9414 Test ECE: 0.7637
====> Epoch: 166 Train loss: 1.7361  Val  loss: 1.7519 Val acc: 0.9374 Val ECE: 0.7600 Test acc: 0.9403 Test ECE: 0.7630
====> Epoch: 167 Train loss: 1.7402  Val  loss: 1.7602 Val acc: 0.9386 Val ECE: 0.7628 Test acc: 0.9402 Test ECE: 0.7644
====> Epoch: 168 Train loss: 1.7452  Val  loss: 1.7608 Val acc: 0.9372 Val ECE: 0.7614 Test acc: 0.9378 Test ECE: 0.7621
====> Epoch: 169 Train loss: 1.7493  Val  loss: 1.7700 Val acc: 0.9344 Val ECE: 0.7602 Test acc: 0.9380 Test ECE: 0.7639
====> Epoch: 170 Train loss: 1.7539  Val  loss: 1.7737 Val acc: 0.9360 Val ECE: 0.7627 Test acc: 0.9385 Test ECE: 0.7653
====> Epoch: 171 Train loss: 1.7585  Val  loss: 1.7766 Val acc: 0.9372 Val ECE: 0.7643 Test acc: 0.9384 Test ECE: 0.7656
====> Epoch: 172 Train loss: 1.7632  Val  loss: 1.7808 Val acc: 0.9380 Val ECE: 0.7659 Test acc: 0.9392 Test ECE: 0.7671
====> Epoch: 173 Train loss: 1.7680  Val  loss: 1.7876 Val acc: 0.9358 Val ECE: 0.7649 Test acc: 0.9382 Test ECE: 0.7672
====> Epoch: 174 Train loss: 1.7724  Val  loss: 1.7898 Val acc: 0.9352 Val ECE: 0.7647 Test acc: 0.9388 Test ECE: 0.7684
====> Epoch: 175 Train loss: 1.7765  Val  loss: 1.7951 Val acc: 0.9394 Val ECE: 0.7699 Test acc: 0.9380 Test ECE: 0.7686
====> Epoch: 176 Train loss: 1.7810  Val  loss: 1.8004 Val acc: 0.9358 Val ECE: 0.7672 Test acc: 0.9379 Test ECE: 0.7694
====> Epoch: 177 Train loss: 1.7849  Val  loss: 1.8057 Val acc: 0.9364 Val ECE: 0.7688 Test acc: 0.9390 Test ECE: 0.7715
====> Epoch: 178 Train loss: 1.7896  Val  loss: 1.8076 Val acc: 0.9386 Val ECE: 0.7712 Test acc: 0.9366 Test ECE: 0.7692
====> Epoch: 179 Train loss: 1.7942  Val  loss: 1.8124 Val acc: 0.9402 Val ECE: 0.7738 Test acc: 0.9370 Test ECE: 0.7706
====> Epoch: 180 Train loss: 1.7984  Val  loss: 1.8191 Val acc: 0.9390 Val ECE: 0.7737 Test acc: 0.9384 Test ECE: 0.7731
====> Epoch: 181 Train loss: 1.8026  Val  loss: 1.8227 Val acc: 0.9372 Val ECE: 0.7725 Test acc: 0.9359 Test ECE: 0.7712
====> Epoch: 182 Train loss: 1.8071  Val  loss: 1.8249 Val acc: 0.9370 Val ECE: 0.7728 Test acc: 0.9382 Test ECE: 0.7740
====> Epoch: 183 Train loss: 1.8113  Val  loss: 1.8301 Val acc: 0.9376 Val ECE: 0.7742 Test acc: 0.9377 Test ECE: 0.7743
====> Epoch: 184 Train loss: 1.8154  Val  loss: 1.8332 Val acc: 0.9364 Val ECE: 0.7735 Test acc: 0.9363 Test ECE: 0.7734
====> Epoch: 185 Train loss: 1.8195  Val  loss: 1.8384 Val acc: 0.9370 Val ECE: 0.7750 Test acc: 0.9358 Test ECE: 0.7738
====> Epoch: 186 Train loss: 1.8239  Val  loss: 1.8452 Val acc: 0.9368 Val ECE: 0.7760 Test acc: 0.9360 Test ECE: 0.7751
====> Epoch: 187 Train loss: 1.8280  Val  loss: 1.8477 Val acc: 0.9380 Val ECE: 0.7775 Test acc: 0.9358 Test ECE: 0.7754
====> Epoch: 188 Train loss: 1.8318  Val  loss: 1.8487 Val acc: 0.9352 Val ECE: 0.7749 Test acc: 0.9385 Test ECE: 0.7782
====> Epoch: 189 Train loss: 1.8359  Val  loss: 1.8573 Val acc: 0.9338 Val ECE: 0.7748 Test acc: 0.9363 Test ECE: 0.7774
====> Epoch: 190 Train loss: 1.8403  Val  loss: 1.8554 Val acc: 0.9392 Val ECE: 0.7801 Test acc: 0.9348 Test ECE: 0.7758
====> Epoch: 191 Train loss: 1.8443  Val  loss: 1.8635 Val acc: 0.9390 Val ECE: 0.7813 Test acc: 0.9376 Test ECE: 0.7800
====> Epoch: 192 Train loss: 1.8482  Val  loss: 1.8671 Val acc: 0.9364 Val ECE: 0.7791 Test acc: 0.9377 Test ECE: 0.7804
====> Epoch: 193 Train loss: 1.8523  Val  loss: 1.8722 Val acc: 0.9368 Val ECE: 0.7805 Test acc: 0.9363 Test ECE: 0.7800
====> Epoch: 194 Train loss: 1.8560  Val  loss: 1.8764 Val acc: 0.9368 Val ECE: 0.7810 Test acc: 0.9376 Test ECE: 0.7817
====> Epoch: 195 Train loss: 1.8598  Val  loss: 1.8780 Val acc: 0.9350 Val ECE: 0.7794 Test acc: 0.9365 Test ECE: 0.7809
====> Epoch: 196 Train loss: 1.8639  Val  loss: 1.8836 Val acc: 0.9370 Val ECE: 0.7824 Test acc: 0.9371 Test ECE: 0.7825
====> Epoch: 197 Train loss: 1.8679  Val  loss: 1.8885 Val acc: 0.9368 Val ECE: 0.7830 Test acc: 0.9360 Test ECE: 0.7823
====> Epoch: 198 Train loss: 1.8716  Val  loss: 1.8916 Val acc: 0.9334 Val ECE: 0.7801 Test acc: 0.9365 Test ECE: 0.7830
====> Epoch: 199 Train loss: 1.8756  Val  loss: 1.8951 Val acc: 0.9390 Val ECE: 0.7864 Test acc: 0.9339 Test ECE: 0.7813
====> Epoch: 200 Train loss: 1.8792  Val  loss: 1.8978 Val acc: 0.9346 Val ECE: 0.7823 Test acc: 0.9381 Test ECE: 0.7859
====> Epoch: 201 Train loss: 1.8832  Val  loss: 1.9006 Val acc: 0.9358 Val ECE: 0.7840 Test acc: 0.9363 Test ECE: 0.7846
====> Epoch: 202 Train loss: 1.8868  Val  loss: 1.9047 Val acc: 0.9352 Val ECE: 0.7840 Test acc: 0.9340 Test ECE: 0.7829
====> Epoch: 203 Train loss: 1.8906  Val  loss: 1.9076 Val acc: 0.9346 Val ECE: 0.7838 Test acc: 0.9352 Test ECE: 0.7845
====> Epoch: 204 Train loss: 1.8943  Val  loss: 1.9132 Val acc: 0.9326 Val ECE: 0.7827 Test acc: 0.9335 Test ECE: 0.7837
====> Epoch: 205 Train loss: 1.8980  Val  loss: 1.9170 Val acc: 0.9358 Val ECE: 0.7865 Test acc: 0.9359 Test ECE: 0.7866
====> Epoch: 206 Train loss: 1.9015  Val  loss: 1.9203 Val acc: 0.9364 Val ECE: 0.7876 Test acc: 0.9358 Test ECE: 0.7870
====> Epoch: 207 Train loss: 1.9050  Val  loss: 1.9270 Val acc: 0.9360 Val ECE: 0.7882 Test acc: 0.9337 Test ECE: 0.7859
====> Epoch: 208 Train loss: 1.9089  Val  loss: 1.9268 Val acc: 0.9382 Val ECE: 0.7904 Test acc: 0.9363 Test ECE: 0.7887
====> Epoch: 209 Train loss: 1.9124  Val  loss: 1.9298 Val acc: 0.9384 Val ECE: 0.7912 Test acc: 0.9363 Test ECE: 0.7892
====> Epoch: 210 Train loss: 1.9158  Val  loss: 1.9321 Val acc: 0.9388 Val ECE: 0.7919 Test acc: 0.9372 Test ECE: 0.7904
====> Epoch: 211 Train loss: 1.9194  Val  loss: 1.9372 Val acc: 0.9348 Val ECE: 0.7886 Test acc: 0.9332 Test ECE: 0.7871
====> Epoch: 212 Train loss: 1.9227  Val  loss: 1.9391 Val acc: 0.9360 Val ECE: 0.7901 Test acc: 0.9337 Test ECE: 0.7879
====> Epoch: 213 Train loss: 1.9263  Val  loss: 1.9422 Val acc: 0.9350 Val ECE: 0.7896 Test acc: 0.9342 Test ECE: 0.7890
====> Epoch: 214 Train loss: 1.9298  Val  loss: 1.9471 Val acc: 0.9342 Val ECE: 0.7896 Test acc: 0.9343 Test ECE: 0.7897
====> Epoch: 215 Train loss: 1.9333  Val  loss: 1.9510 Val acc: 0.9334 Val ECE: 0.7894 Test acc: 0.9352 Test ECE: 0.7912
====> Epoch: 216 Train loss: 1.9367  Val  loss: 1.9520 Val acc: 0.9350 Val ECE: 0.7910 Test acc: 0.9352 Test ECE: 0.7914
====> Epoch: 217 Train loss: 1.9400  Val  loss: 1.9562 Val acc: 0.9374 Val ECE: 0.7941 Test acc: 0.9359 Test ECE: 0.7928
====> Epoch: 218 Train loss: 1.9433  Val  loss: 1.9623 Val acc: 0.9384 Val ECE: 0.7961 Test acc: 0.9363 Test ECE: 0.7941
====> Epoch: 219 Train loss: 1.9465  Val  loss: 1.9639 Val acc: 0.9386 Val ECE: 0.7966 Test acc: 0.9336 Test ECE: 0.7916
====> Epoch: 220 Train loss: 1.9501  Val  loss: 1.9649 Val acc: 0.9392 Val ECE: 0.7972 Test acc: 0.9345 Test ECE: 0.7926
====> Epoch: 221 Train loss: 1.9531  Val  loss: 1.9694 Val acc: 0.9358 Val ECE: 0.7945 Test acc: 0.9349 Test ECE: 0.7936
====> Epoch: 222 Train loss: 1.9565  Val  loss: 1.9728 Val acc: 0.9348 Val ECE: 0.7940 Test acc: 0.9346 Test ECE: 0.7938
====> Epoch: 223 Train loss: 1.9596  Val  loss: 1.9760 Val acc: 0.9344 Val ECE: 0.7941 Test acc: 0.9329 Test ECE: 0.7926
====> Epoch: 224 Train loss: 1.9629  Val  loss: 1.9796 Val acc: 0.9348 Val ECE: 0.7951 Test acc: 0.9338 Test ECE: 0.7940
====> Epoch: 225 Train loss: 1.9661  Val  loss: 1.9806 Val acc: 0.9376 Val ECE: 0.7980 Test acc: 0.9354 Test ECE: 0.7959
====> Epoch: 226 Train loss: 1.9692  Val  loss: 1.9830 Val acc: 0.9392 Val ECE: 0.8000 Test acc: 0.9358 Test ECE: 0.7967
====> Epoch: 227 Train loss: 1.9722  Val  loss: 1.9869 Val acc: 0.9352 Val ECE: 0.7964 Test acc: 0.9344 Test ECE: 0.7958
====> Epoch: 228 Train loss: 1.9754  Val  loss: 1.9927 Val acc: 0.9344 Val ECE: 0.7964 Test acc: 0.9352 Test ECE: 0.7973
====> Epoch: 229 Train loss: 1.9784  Val  loss: 1.9941 Val acc: 0.9370 Val ECE: 0.7993 Test acc: 0.9330 Test ECE: 0.7955
====> Epoch: 230 Train loss: 1.9814  Val  loss: 1.9975 Val acc: 0.9362 Val ECE: 0.7990 Test acc: 0.9335 Test ECE: 0.7963
====> Epoch: 231 Train loss: 1.9846  Val  loss: 2.0004 Val acc: 0.9344 Val ECE: 0.7976 Test acc: 0.9352 Test ECE: 0.7984
====> Epoch: 232 Train loss: 1.9874  Val  loss: 2.0032 Val acc: 0.9368 Val ECE: 0.8004 Test acc: 0.9346 Test ECE: 0.7982
====> Epoch: 233 Train loss: 1.9906  Val  loss: 2.0059 Val acc: 0.9338 Val ECE: 0.7978 Test acc: 0.9327 Test ECE: 0.7967
====> Epoch: 234 Train loss: 1.9934  Val  loss: 2.0085 Val acc: 0.9356 Val ECE: 0.7999 Test acc: 0.9371 Test ECE: 0.8015
====> Epoch: 235 Train loss: 1.9963  Val  loss: 2.0100 Val acc: 0.9322 Val ECE: 0.7967 Test acc: 0.9330 Test ECE: 0.7975
====> Epoch: 236 Train loss: 1.9993  Val  loss: 2.0145 Val acc: 0.9372 Val ECE: 0.8024 Test acc: 0.9342 Test ECE: 0.7994
====> Epoch: 237 Train loss: 2.0023  Val  loss: 2.0156 Val acc: 0.9370 Val ECE: 0.8023 Test acc: 0.9321 Test ECE: 0.7975
====> Epoch: 238 Train loss: 2.0051  Val  loss: 2.0190 Val acc: 0.9380 Val ECE: 0.8038 Test acc: 0.9330 Test ECE: 0.7990
====> Epoch: 239 Train loss: 2.0080  Val  loss: 2.0219 Val acc: 0.9304 Val ECE: 0.7965 Test acc: 0.9346 Test ECE: 0.8008
====> Epoch: 240 Train loss: 2.0109  Val  loss: 2.0240 Val acc: 0.9318 Val ECE: 0.7982 Test acc: 0.9312 Test ECE: 0.7978
====> Epoch: 241 Train loss: 2.0135  Val  loss: 2.0286 Val acc: 0.9304 Val ECE: 0.7974 Test acc: 0.9315 Test ECE: 0.7985
====> Epoch: 242 Train loss: 2.0164  Val  loss: 2.0314 Val acc: 0.9304 Val ECE: 0.7979 Test acc: 0.9316 Test ECE: 0.7991
====> Epoch: 243 Train loss: 2.0190  Val  loss: 2.0335 Val acc: 0.9298 Val ECE: 0.7976 Test acc: 0.9313 Test ECE: 0.7991
====> Epoch: 244 Train loss: 2.0218  Val  loss: 2.0356 Val acc: 0.9356 Val ECE: 0.8037 Test acc: 0.9325 Test ECE: 0.8006
====> Epoch: 245 Train loss: 2.0246  Val  loss: 2.0373 Val acc: 0.9344 Val ECE: 0.8027 Test acc: 0.9333 Test ECE: 0.8017
====> Epoch: 246 Train loss: 2.0272  Val  loss: 2.0390 Val acc: 0.9378 Val ECE: 0.8064 Test acc: 0.9333 Test ECE: 0.8019
====> Epoch: 247 Train loss: 2.0299  Val  loss: 2.0446 Val acc: 0.9310 Val ECE: 0.8003 Test acc: 0.9343 Test ECE: 0.8036
====> Epoch: 248 Train loss: 2.0325  Val  loss: 2.0462 Val acc: 0.9348 Val ECE: 0.8044 Test acc: 0.9337 Test ECE: 0.8032
====> Epoch: 249 Train loss: 2.0351  Val  loss: 2.0494 Val acc: 0.9328 Val ECE: 0.8028 Test acc: 0.9326 Test ECE: 0.8026
====> Epoch: 250 Train loss: 2.0364  Val  loss: 2.0497 Val acc: 0.9356 Val ECE: 0.8056 Test acc: 0.9354 Test ECE: 0.8055
====> Epoch: 251 Train loss: 2.0366  Val  loss: 2.0485 Val acc: 0.9364 Val ECE: 0.8063 Test acc: 0.9348 Test ECE: 0.8047
====> Epoch: 252 Train loss: 2.0367  Val  loss: 2.0492 Val acc: 0.9364 Val ECE: 0.8064 Test acc: 0.9365 Test ECE: 0.8065
====> Epoch: 253 Train loss: 2.0368  Val  loss: 2.0498 Val acc: 0.9368 Val ECE: 0.8069 Test acc: 0.9340 Test ECE: 0.8041
====> Epoch: 254 Train loss: 2.0369  Val  loss: 2.0511 Val acc: 0.9364 Val ECE: 0.8066 Test acc: 0.9351 Test ECE: 0.8053
====> Epoch: 255 Train loss: 2.0373  Val  loss: 2.0494 Val acc: 0.9364 Val ECE: 0.8064 Test acc: 0.9351 Test ECE: 0.8051
====> Epoch: 256 Train loss: 2.0374  Val  loss: 2.0504 Val acc: 0.9352 Val ECE: 0.8053 Test acc: 0.9356 Test ECE: 0.8057
====> Epoch: 257 Train loss: 2.0378  Val  loss: 2.0515 Val acc: 0.9362 Val ECE: 0.8065 Test acc: 0.9356 Test ECE: 0.8059
====> Epoch: 258 Train loss: 2.0381  Val  loss: 2.0519 Val acc: 0.9340 Val ECE: 0.8043 Test acc: 0.9336 Test ECE: 0.8040
====> Epoch: 259 Train loss: 2.0382  Val  loss: 2.0511 Val acc: 0.9348 Val ECE: 0.8050 Test acc: 0.9340 Test ECE: 0.8042
====> Epoch: 260 Train loss: 2.0385  Val  loss: 2.0520 Val acc: 0.9350 Val ECE: 0.8053 Test acc: 0.9340 Test ECE: 0.8043
====> Epoch: 261 Train loss: 2.0388  Val  loss: 2.0528 Val acc: 0.9352 Val ECE: 0.8056 Test acc: 0.9340 Test ECE: 0.8045
====> Epoch: 262 Train loss: 2.0390  Val  loss: 2.0518 Val acc: 0.9344 Val ECE: 0.8047 Test acc: 0.9354 Test ECE: 0.8057
====> Epoch: 263 Train loss: 2.0392  Val  loss: 2.0513 Val acc: 0.9358 Val ECE: 0.8060 Test acc: 0.9331 Test ECE: 0.8033
====> Epoch: 264 Train loss: 2.0394  Val  loss: 2.0532 Val acc: 0.9350 Val ECE: 0.8055 Test acc: 0.9347 Test ECE: 0.8052
====> Epoch: 265 Train loss: 2.0397  Val  loss: 2.0520 Val acc: 0.9352 Val ECE: 0.8055 Test acc: 0.9347 Test ECE: 0.8050
====> Epoch: 266 Train loss: 2.0400  Val  loss: 2.0535 Val acc: 0.9354 Val ECE: 0.8059 Test acc: 0.9348 Test ECE: 0.8054
====> Epoch: 267 Train loss: 2.0401  Val  loss: 2.0541 Val acc: 0.9346 Val ECE: 0.8052 Test acc: 0.9344 Test ECE: 0.8050
====> Epoch: 268 Train loss: 2.0405  Val  loss: 2.0545 Val acc: 0.9338 Val ECE: 0.8044 Test acc: 0.9334 Test ECE: 0.8041
====> Epoch: 269 Train loss: 2.0408  Val  loss: 2.0535 Val acc: 0.9348 Val ECE: 0.8053 Test acc: 0.9333 Test ECE: 0.8038
====> Epoch: 270 Train loss: 2.0409  Val  loss: 2.0543 Val acc: 0.9336 Val ECE: 0.8042 Test acc: 0.9325 Test ECE: 0.8031
====> Epoch: 271 Train loss: 2.0413  Val  loss: 2.0559 Val acc: 0.9358 Val ECE: 0.8067 Test acc: 0.9331 Test ECE: 0.8040
====> Epoch: 272 Train loss: 2.0414  Val  loss: 2.0570 Val acc: 0.9336 Val ECE: 0.8046 Test acc: 0.9332 Test ECE: 0.8042
====> Epoch: 273 Train loss: 2.0418  Val  loss: 2.0552 Val acc: 0.9348 Val ECE: 0.8056 Test acc: 0.9340 Test ECE: 0.8048
====> Epoch: 274 Train loss: 2.0420  Val  loss: 2.0560 Val acc: 0.9362 Val ECE: 0.8070 Test acc: 0.9339 Test ECE: 0.8048
====> Epoch: 275 Train loss: 2.0423  Val  loss: 2.0552 Val acc: 0.9358 Val ECE: 0.8065 Test acc: 0.9335 Test ECE: 0.8042
====> Epoch: 276 Train loss: 2.0426  Val  loss: 2.0568 Val acc: 0.9358 Val ECE: 0.8068 Test acc: 0.9341 Test ECE: 0.8051
====> Epoch: 277 Train loss: 2.0428  Val  loss: 2.0568 Val acc: 0.9326 Val ECE: 0.8035 Test acc: 0.9327 Test ECE: 0.8036
====> Epoch: 278 Train loss: 2.0430  Val  loss: 2.0577 Val acc: 0.9354 Val ECE: 0.8064 Test acc: 0.9329 Test ECE: 0.8040
====> Epoch: 279 Train loss: 2.0432  Val  loss: 2.0570 Val acc: 0.9356 Val ECE: 0.8066 Test acc: 0.9336 Test ECE: 0.8046
====> Epoch: 280 Train loss: 2.0434  Val  loss: 2.0568 Val acc: 0.9342 Val ECE: 0.8051 Test acc: 0.9327 Test ECE: 0.8036
====> Epoch: 281 Train loss: 2.0437  Val  loss: 2.0581 Val acc: 0.9354 Val ECE: 0.8065 Test acc: 0.9341 Test ECE: 0.8052
====> Epoch: 282 Train loss: 2.0439  Val  loss: 2.0577 Val acc: 0.9348 Val ECE: 0.8058 Test acc: 0.9339 Test ECE: 0.8049
====> Epoch: 283 Train loss: 2.0442  Val  loss: 2.0580 Val acc: 0.9334 Val ECE: 0.8045 Test acc: 0.9330 Test ECE: 0.8041
====> Epoch: 284 Train loss: 2.0446  Val  loss: 2.0584 Val acc: 0.9352 Val ECE: 0.8063 Test acc: 0.9339 Test ECE: 0.8050
====> Epoch: 285 Train loss: 2.0445  Val  loss: 2.0591 Val acc: 0.9344 Val ECE: 0.8056 Test acc: 0.9314 Test ECE: 0.8026
====> Epoch: 286 Train loss: 2.0450  Val  loss: 2.0575 Val acc: 0.9334 Val ECE: 0.8044 Test acc: 0.9339 Test ECE: 0.8050
====> Epoch: 287 Train loss: 2.0451  Val  loss: 2.0593 Val acc: 0.9342 Val ECE: 0.8055 Test acc: 0.9325 Test ECE: 0.8038
====> Epoch: 288 Train loss: 2.0454  Val  loss: 2.0605 Val acc: 0.9316 Val ECE: 0.8029 Test acc: 0.9312 Test ECE: 0.8026
====> Epoch: 289 Train loss: 2.0456  Val  loss: 2.0579 Val acc: 0.9318 Val ECE: 0.8028 Test acc: 0.9320 Test ECE: 0.8031
====> Epoch: 290 Train loss: 2.0459  Val  loss: 2.0607 Val acc: 0.9364 Val ECE: 0.8078 Test acc: 0.9319 Test ECE: 0.8033
====> Epoch: 291 Train loss: 2.0462  Val  loss: 2.0598 Val acc: 0.9340 Val ECE: 0.8053 Test acc: 0.9315 Test ECE: 0.8028
====> Epoch: 292 Train loss: 2.0464  Val  loss: 2.0619 Val acc: 0.9342 Val ECE: 0.8058 Test acc: 0.9322 Test ECE: 0.8038
====> Epoch: 293 Train loss: 2.0467  Val  loss: 2.0617 Val acc: 0.9340 Val ECE: 0.8056 Test acc: 0.9327 Test ECE: 0.8043
====> Epoch: 294 Train loss: 2.0469  Val  loss: 2.0612 Val acc: 0.9320 Val ECE: 0.8035 Test acc: 0.9304 Test ECE: 0.8019
====> Epoch: 295 Train loss: 2.0472  Val  loss: 2.0615 Val acc: 0.9338 Val ECE: 0.8053 Test acc: 0.9318 Test ECE: 0.8034
====> Epoch: 296 Train loss: 2.0474  Val  loss: 2.0599 Val acc: 0.9330 Val ECE: 0.8043 Test acc: 0.9320 Test ECE: 0.8034
====> Epoch: 297 Train loss: 2.0476  Val  loss: 2.0619 Val acc: 0.9332 Val ECE: 0.8048 Test acc: 0.9294 Test ECE: 0.8010
====> Epoch: 298 Train loss: 2.0478  Val  loss: 2.0628 Val acc: 0.9314 Val ECE: 0.8031 Test acc: 0.9303 Test ECE: 0.8020
====> Epoch: 299 Train loss: 2.0481  Val  loss: 2.0620 Val acc: 0.9336 Val ECE: 0.8052 Test acc: 0.9309 Test ECE: 0.8026
====> Epoch: 300 Train loss: 2.0483  Val  loss: 2.0622 Val acc: 0.9318 Val ECE: 0.8034 Test acc: 0.9310 Test ECE: 0.8026
====> Epoch: 301 Train loss: 2.0486  Val  loss: 2.0622 Val acc: 0.9332 Val ECE: 0.8048 Test acc: 0.9311 Test ECE: 0.8028
====> Epoch: 302 Train loss: 2.0488  Val  loss: 2.0641 Val acc: 0.9332 Val ECE: 0.8051 Test acc: 0.9330 Test ECE: 0.8049
====> Epoch: 303 Train loss: 2.0492  Val  loss: 2.0628 Val acc: 0.9338 Val ECE: 0.8055 Test acc: 0.9304 Test ECE: 0.8022
====> Epoch: 304 Train loss: 2.0493  Val  loss: 2.0639 Val acc: 0.9324 Val ECE: 0.8042 Test acc: 0.9320 Test ECE: 0.8039
====> Epoch: 305 Train loss: 2.0497  Val  loss: 2.0624 Val acc: 0.9320 Val ECE: 0.8036 Test acc: 0.9310 Test ECE: 0.8027
====> Epoch: 306 Train loss: 2.0498  Val  loss: 2.0648 Val acc: 0.9324 Val ECE: 0.8044 Test acc: 0.9325 Test ECE: 0.8045
====> Epoch: 307 Train loss: 2.0501  Val  loss: 2.0646 Val acc: 0.9336 Val ECE: 0.8055 Test acc: 0.9310 Test ECE: 0.8030
====> Epoch: 308 Train loss: 2.0504  Val  loss: 2.0645 Val acc: 0.9314 Val ECE: 0.8033 Test acc: 0.9320 Test ECE: 0.8040
====> Epoch: 309 Train loss: 2.0506  Val  loss: 2.0647 Val acc: 0.9312 Val ECE: 0.8031 Test acc: 0.9300 Test ECE: 0.8019
====> Epoch: 310 Train loss: 2.0508  Val  loss: 2.0648 Val acc: 0.9330 Val ECE: 0.8050 Test acc: 0.9290 Test ECE: 0.8010
====> Epoch: 311 Train loss: 2.0511  Val  loss: 2.0651 Val acc: 0.9302 Val ECE: 0.8022 Test acc: 0.9300 Test ECE: 0.8020
====> Epoch: 312 Train loss: 2.0513  Val  loss: 2.0669 Val acc: 0.9344 Val ECE: 0.8067 Test acc: 0.9307 Test ECE: 0.8030
====> Epoch: 313 Train loss: 2.0515  Val  loss: 2.0660 Val acc: 0.9342 Val ECE: 0.8063 Test acc: 0.9307 Test ECE: 0.8029
====> Epoch: 314 Train loss: 2.0518  Val  loss: 2.0666 Val acc: 0.9298 Val ECE: 0.8020 Test acc: 0.9304 Test ECE: 0.8026
====> Epoch: 315 Train loss: 2.0522  Val  loss: 2.0647 Val acc: 0.9304 Val ECE: 0.8023 Test acc: 0.9288 Test ECE: 0.8007
====> Epoch: 316 Train loss: 2.0522  Val  loss: 2.0668 Val acc: 0.9326 Val ECE: 0.8048 Test acc: 0.9303 Test ECE: 0.8026
====> Epoch: 317 Train loss: 2.0526  Val  loss: 2.0645 Val acc: 0.9320 Val ECE: 0.8039 Test acc: 0.9287 Test ECE: 0.8006
====> Epoch: 318 Train loss: 2.0528  Val  loss: 2.0664 Val acc: 0.9294 Val ECE: 0.8015 Test acc: 0.9291 Test ECE: 0.8013
====> Epoch: 319 Train loss: 2.0529  Val  loss: 2.0690 Val acc: 0.9316 Val ECE: 0.8041 Test acc: 0.9288 Test ECE: 0.8013
====> Epoch: 320 Train loss: 2.0533  Val  loss: 2.0680 Val acc: 0.9330 Val ECE: 0.8054 Test acc: 0.9300 Test ECE: 0.8024
====> Epoch: 321 Train loss: 2.0536  Val  loss: 2.0672 Val acc: 0.9314 Val ECE: 0.8037 Test acc: 0.9290 Test ECE: 0.8014
====> Epoch: 322 Train loss: 2.0537  Val  loss: 2.0685 Val acc: 0.9314 Val ECE: 0.8039 Test acc: 0.9282 Test ECE: 0.8007
====> Epoch: 323 Train loss: 2.0540  Val  loss: 2.0678 Val acc: 0.9290 Val ECE: 0.8013 Test acc: 0.9296 Test ECE: 0.8020
====> Epoch: 324 Train loss: 2.0543  Val  loss: 2.0694 Val acc: 0.9300 Val ECE: 0.8025 Test acc: 0.9289 Test ECE: 0.8015
====> Epoch: 325 Train loss: 2.0544  Val  loss: 2.0691 Val acc: 0.9300 Val ECE: 0.8025 Test acc: 0.9306 Test ECE: 0.8031
====> Epoch: 326 Train loss: 2.0547  Val  loss: 2.0685 Val acc: 0.9306 Val ECE: 0.8030 Test acc: 0.9291 Test ECE: 0.8015
====> Epoch: 327 Train loss: 2.0550  Val  loss: 2.0685 Val acc: 0.9318 Val ECE: 0.8042 Test acc: 0.9310 Test ECE: 0.8035
====> Epoch: 328 Train loss: 2.0552  Val  loss: 2.0699 Val acc: 0.9310 Val ECE: 0.8036 Test acc: 0.9291 Test ECE: 0.8017
====> Epoch: 329 Train loss: 2.0554  Val  loss: 2.0706 Val acc: 0.9310 Val ECE: 0.8037 Test acc: 0.9291 Test ECE: 0.8018
====> Epoch: 330 Train loss: 2.0557  Val  loss: 2.0690 Val acc: 0.9334 Val ECE: 0.8059 Test acc: 0.9293 Test ECE: 0.8018
====> Epoch: 331 Train loss: 2.0560  Val  loss: 2.0706 Val acc: 0.9286 Val ECE: 0.8013 Test acc: 0.9272 Test ECE: 0.7999
====> Epoch: 332 Train loss: 2.0561  Val  loss: 2.0708 Val acc: 0.9320 Val ECE: 0.8047 Test acc: 0.9281 Test ECE: 0.8009
====> Epoch: 333 Train loss: 2.0564  Val  loss: 2.0701 Val acc: 0.9322 Val ECE: 0.8048 Test acc: 0.9282 Test ECE: 0.8009
====> Epoch: 334 Train loss: 2.0567  Val  loss: 2.0712 Val acc: 0.9296 Val ECE: 0.8024 Test acc: 0.9285 Test ECE: 0.8013
====> Epoch: 335 Train loss: 2.0568  Val  loss: 2.0720 Val acc: 0.9302 Val ECE: 0.8031 Test acc: 0.9295 Test ECE: 0.8024
====> Epoch: 336 Train loss: 2.0570  Val  loss: 2.0709 Val acc: 0.9302 Val ECE: 0.8029 Test acc: 0.9297 Test ECE: 0.8025
====> Epoch: 337 Train loss: 2.0574  Val  loss: 2.0716 Val acc: 0.9314 Val ECE: 0.8042 Test acc: 0.9292 Test ECE: 0.8020
====> Epoch: 338 Train loss: 2.0576  Val  loss: 2.0719 Val acc: 0.9290 Val ECE: 0.8019 Test acc: 0.9291 Test ECE: 0.8020
====> Epoch: 339 Train loss: 2.0579  Val  loss: 2.0726 Val acc: 0.9312 Val ECE: 0.8042 Test acc: 0.9301 Test ECE: 0.8031
====> Epoch: 340 Train loss: 2.0581  Val  loss: 2.0726 Val acc: 0.9296 Val ECE: 0.8025 Test acc: 0.9291 Test ECE: 0.8020
====> Epoch: 341 Train loss: 2.0584  Val  loss: 2.0725 Val acc: 0.9304 Val ECE: 0.8034 Test acc: 0.9290 Test ECE: 0.8020
====> Epoch: 342 Train loss: 2.0584  Val  loss: 2.0719 Val acc: 0.9288 Val ECE: 0.8017 Test acc: 0.9272 Test ECE: 0.8001
====> Epoch: 343 Train loss: 2.0588  Val  loss: 2.0727 Val acc: 0.9284 Val ECE: 0.8013 Test acc: 0.9281 Test ECE: 0.8010
====> Epoch: 344 Train loss: 2.0590  Val  loss: 2.0731 Val acc: 0.9292 Val ECE: 0.8022 Test acc: 0.9261 Test ECE: 0.7992
====> Epoch: 345 Train loss: 2.0593  Val  loss: 2.0720 Val acc: 0.9280 Val ECE: 0.8008 Test acc: 0.9271 Test ECE: 0.8000
====> Epoch: 346 Train loss: 2.0595  Val  loss: 2.0735 Val acc: 0.9316 Val ECE: 0.8047 Test acc: 0.9278 Test ECE: 0.8009
====> Epoch: 347 Train loss: 2.0598  Val  loss: 2.0737 Val acc: 0.9308 Val ECE: 0.8039 Test acc: 0.9280 Test ECE: 0.8011
====> Epoch: 348 Train loss: 2.0600  Val  loss: 2.0744 Val acc: 0.9326 Val ECE: 0.8058 Test acc: 0.9285 Test ECE: 0.8018
====> Epoch: 349 Train loss: 2.0602  Val  loss: 2.0731 Val acc: 0.9320 Val ECE: 0.8050 Test acc: 0.9297 Test ECE: 0.8028
