resnet50_cifar10_cross_entropy_PQ9_WD0.0001_220123005224
CUDA set: True
Files already downloaded and verified
Files already downloaded and verified
====> Epoch: 0 Train loss: 2.1458  Val  loss: 1.6421 Val acc: 0.3994 Val ECE: 0.0642 Test acc: 0.3929 Test ECE: 0.0706
====> Epoch: 1 Train loss: 1.4455  Val  loss: 1.3358 Val acc: 0.5330 Val ECE: 0.0980 Test acc: 0.5367 Test ECE: 0.1001
====> Epoch: 2 Train loss: 1.1327  Val  loss: 9.3535 Val acc: 0.6250 Val ECE: 0.0666 Test acc: 0.6151 Test ECE: 0.0774
====> Epoch: 3 Train loss: 0.9455  Val  loss: 1.0940 Val acc: 0.6310 Val ECE: 0.1164 Test acc: 0.6250 Test ECE: 0.1220
====> Epoch: 4 Train loss: 0.8325  Val  loss: 0.8448 Val acc: 0.7186 Val ECE: 0.0513 Test acc: 0.7048 Test ECE: 0.0657
====> Epoch: 5 Train loss: 0.7395  Val  loss: 0.7512 Val acc: 0.7354 Val ECE: 0.0503 Test acc: 0.7328 Test ECE: 0.0531
====> Epoch: 6 Train loss: 0.6743  Val  loss: 0.7454 Val acc: 0.7414 Val ECE: 0.0511 Test acc: 0.7462 Test ECE: 0.0437
====> Epoch: 7 Train loss: 0.6136  Val  loss: 0.8185 Val acc: 0.7480 Val ECE: 0.0703 Test acc: 0.7322 Test ECE: 0.0849
====> Epoch: 8 Train loss: 0.5605  Val  loss: 0.6509 Val acc: 0.7806 Val ECE: 0.0507 Test acc: 0.7709 Test ECE: 0.0566
====> Epoch: 9 Train loss: 0.5160  Val  loss: 0.5856 Val acc: 0.7974 Val ECE: 0.0392 Test acc: 0.7932 Test ECE: 0.0436
====> Epoch: 10 Train loss: 0.4757  Val  loss: 0.5514 Val acc: 0.8196 Val ECE: 0.0487 Test acc: 0.8110 Test ECE: 0.0518
====> Epoch: 11 Train loss: 0.4539  Val  loss: 0.5023 Val acc: 0.8312 Val ECE: 0.0273 Test acc: 0.8258 Test ECE: 0.0314
====> Epoch: 12 Train loss: 0.4268  Val  loss: 0.4800 Val acc: 0.8352 Val ECE: 0.0352 Test acc: 0.8298 Test ECE: 0.0420
====> Epoch: 13 Train loss: 0.4021  Val  loss: 0.4652 Val acc: 0.8436 Val ECE: 0.0366 Test acc: 0.8425 Test ECE: 0.0359
====> Epoch: 14 Train loss: 0.3846  Val  loss: 0.5142 Val acc: 0.8280 Val ECE: 0.0521 Test acc: 0.8343 Test ECE: 0.0481
====> Epoch: 15 Train loss: 0.3658  Val  loss: 0.5093 Val acc: 0.8292 Val ECE: 0.0492 Test acc: 0.8294 Test ECE: 0.0512
====> Epoch: 16 Train loss: 0.3456  Val  loss: 0.5038 Val acc: 0.8358 Val ECE: 0.0588 Test acc: 0.8368 Test ECE: 0.0562
====> Epoch: 17 Train loss: 0.3304  Val  loss: 0.5514 Val acc: 0.8250 Val ECE: 0.0679 Test acc: 0.8316 Test ECE: 0.0603
====> Epoch: 18 Train loss: 0.3214  Val  loss: 0.5359 Val acc: 0.8374 Val ECE: 0.0658 Test acc: 0.8340 Test ECE: 0.0670
====> Epoch: 19 Train loss: 0.3043  Val  loss: 0.5004 Val acc: 0.8388 Val ECE: 0.0583 Test acc: 0.8337 Test ECE: 0.0633
====> Epoch: 20 Train loss: 0.2952  Val  loss: 0.4584 Val acc: 0.8604 Val ECE: 0.0472 Test acc: 0.8498 Test ECE: 0.0539
====> Epoch: 21 Train loss: 0.2807  Val  loss: 0.3801 Val acc: 0.8772 Val ECE: 0.0376 Test acc: 0.8753 Test ECE: 0.0354
====> Epoch: 22 Train loss: 0.2725  Val  loss: 0.4539 Val acc: 0.8586 Val ECE: 0.0542 Test acc: 0.8636 Test ECE: 0.0500
====> Epoch: 23 Train loss: 0.2658  Val  loss: 0.4537 Val acc: 0.8584 Val ECE: 0.0582 Test acc: 0.8570 Test ECE: 0.0546
====> Epoch: 24 Train loss: 0.2530  Val  loss: 0.3898 Val acc: 0.8786 Val ECE: 0.0400 Test acc: 0.8751 Test ECE: 0.0423
====> Epoch: 25 Train loss: 0.2401  Val  loss: 0.4510 Val acc: 0.8572 Val ECE: 0.0619 Test acc: 0.8574 Test ECE: 0.0604
====> Epoch: 26 Train loss: 0.2379  Val  loss: 0.3727 Val acc: 0.8820 Val ECE: 0.0378 Test acc: 0.8757 Test ECE: 0.0434
====> Epoch: 27 Train loss: 0.2329  Val  loss: 0.4871 Val acc: 0.8546 Val ECE: 0.0642 Test acc: 0.8605 Test ECE: 0.0605
====> Epoch: 28 Train loss: 0.2272  Val  loss: 0.4812 Val acc: 0.8608 Val ECE: 0.0567 Test acc: 0.8567 Test ECE: 0.0599
====> Epoch: 29 Train loss: 0.2190  Val  loss: 0.4103 Val acc: 0.8708 Val ECE: 0.0467 Test acc: 0.8670 Test ECE: 0.0491
====> Epoch: 30 Train loss: 0.2098  Val  loss: 0.4861 Val acc: 0.8520 Val ECE: 0.0566 Test acc: 0.8503 Test ECE: 0.0554
====> Epoch: 31 Train loss: 0.2128  Val  loss: 0.3855 Val acc: 0.8824 Val ECE: 0.0480 Test acc: 0.8823 Test ECE: 0.0434
====> Epoch: 32 Train loss: 0.2041  Val  loss: 0.3986 Val acc: 0.8758 Val ECE: 0.0510 Test acc: 0.8798 Test ECE: 0.0507
====> Epoch: 33 Train loss: 0.1986  Val  loss: 0.4130 Val acc: 0.8728 Val ECE: 0.0527 Test acc: 0.8647 Test ECE: 0.0602
====> Epoch: 34 Train loss: 0.1978  Val  loss: 0.3536 Val acc: 0.8840 Val ECE: 0.0509 Test acc: 0.8886 Test ECE: 0.0449
====> Epoch: 35 Train loss: 0.1895  Val  loss: 0.4960 Val acc: 0.8570 Val ECE: 0.0746 Test acc: 0.8591 Test ECE: 0.0732
====> Epoch: 36 Train loss: 0.1898  Val  loss: 0.4278 Val acc: 0.8806 Val ECE: 0.0512 Test acc: 0.8766 Test ECE: 0.0545
====> Epoch: 37 Train loss: 0.1836  Val  loss: 0.3498 Val acc: 0.8856 Val ECE: 0.0434 Test acc: 0.8823 Test ECE: 0.0450
====> Epoch: 38 Train loss: 0.1785  Val  loss: 0.3700 Val acc: 0.8898 Val ECE: 0.0488 Test acc: 0.8879 Test ECE: 0.0499
====> Epoch: 39 Train loss: 0.1772  Val  loss: 0.4884 Val acc: 0.8562 Val ECE: 0.0725 Test acc: 0.8539 Test ECE: 0.0753
====> Epoch: 40 Train loss: 0.1764  Val  loss: 0.3427 Val acc: 0.8972 Val ECE: 0.0436 Test acc: 0.8908 Test ECE: 0.0479
====> Epoch: 41 Train loss: 0.1681  Val  loss: 0.5037 Val acc: 0.8608 Val ECE: 0.0656 Test acc: 0.8524 Test ECE: 0.0718
====> Epoch: 42 Train loss: 0.1684  Val  loss: 0.3441 Val acc: 0.8964 Val ECE: 0.0428 Test acc: 0.8913 Test ECE: 0.0488
====> Epoch: 43 Train loss: 0.1627  Val  loss: 0.3962 Val acc: 0.8812 Val ECE: 0.0549 Test acc: 0.8811 Test ECE: 0.0532
====> Epoch: 44 Train loss: 0.1654  Val  loss: 0.3705 Val acc: 0.8890 Val ECE: 0.0500 Test acc: 0.8867 Test ECE: 0.0512
====> Epoch: 45 Train loss: 0.1584  Val  loss: 0.4582 Val acc: 0.8726 Val ECE: 0.0641 Test acc: 0.8748 Test ECE: 0.0637
====> Epoch: 46 Train loss: 0.1581  Val  loss: 0.5463 Val acc: 0.8608 Val ECE: 0.0701 Test acc: 0.8426 Test ECE: 0.0854
====> Epoch: 47 Train loss: 0.1582  Val  loss: 0.3491 Val acc: 0.8920 Val ECE: 0.0481 Test acc: 0.8991 Test ECE: 0.0424
====> Epoch: 48 Train loss: 0.1536  Val  loss: 0.4822 Val acc: 0.8680 Val ECE: 0.0718 Test acc: 0.8671 Test ECE: 0.0707
====> Epoch: 49 Train loss: 0.1532  Val  loss: 0.3921 Val acc: 0.8872 Val ECE: 0.0534 Test acc: 0.8872 Test ECE: 0.0548
====> Epoch: 50 Train loss: 0.1505  Val  loss: 0.3845 Val acc: 0.8844 Val ECE: 0.0508 Test acc: 0.8820 Test ECE: 0.0510
====> Epoch: 51 Train loss: 0.1427  Val  loss: 0.3995 Val acc: 0.8798 Val ECE: 0.0573 Test acc: 0.8757 Test ECE: 0.0608
====> Epoch: 52 Train loss: 0.1474  Val  loss: 0.4765 Val acc: 0.8784 Val ECE: 0.0664 Test acc: 0.8696 Test ECE: 0.0726
====> Epoch: 53 Train loss: 0.1454  Val  loss: 0.3678 Val acc: 0.8938 Val ECE: 0.0460 Test acc: 0.8882 Test ECE: 0.0509
====> Epoch: 54 Train loss: 0.1441  Val  loss: 0.4421 Val acc: 0.8728 Val ECE: 0.0640 Test acc: 0.8732 Test ECE: 0.0625
====> Epoch: 55 Train loss: 0.1445  Val  loss: 0.4010 Val acc: 0.8874 Val ECE: 0.0546 Test acc: 0.8816 Test ECE: 0.0581
====> Epoch: 56 Train loss: 0.1376  Val  loss: 0.5428 Val acc: 0.8692 Val ECE: 0.0778 Test acc: 0.8636 Test ECE: 0.0813
====> Epoch: 57 Train loss: 0.1415  Val  loss: 0.3929 Val acc: 0.8880 Val ECE: 0.0567 Test acc: 0.8855 Test ECE: 0.0585
====> Epoch: 58 Train loss: 0.1387  Val  loss: 0.3804 Val acc: 0.8912 Val ECE: 0.0505 Test acc: 0.8901 Test ECE: 0.0471
====> Epoch: 59 Train loss: 0.1404  Val  loss: 0.3440 Val acc: 0.9054 Val ECE: 0.0463 Test acc: 0.8978 Test ECE: 0.0532
====> Epoch: 60 Train loss: 0.1339  Val  loss: 0.4450 Val acc: 0.8792 Val ECE: 0.0651 Test acc: 0.8758 Test ECE: 0.0679
====> Epoch: 61 Train loss: 0.1326  Val  loss: 0.4262 Val acc: 0.8830 Val ECE: 0.0577 Test acc: 0.8739 Test ECE: 0.0668
====> Epoch: 62 Train loss: 0.1324  Val  loss: 0.4254 Val acc: 0.8894 Val ECE: 0.0579 Test acc: 0.8828 Test ECE: 0.0613
====> Epoch: 63 Train loss: 0.1313  Val  loss: 0.3534 Val acc: 0.8958 Val ECE: 0.0526 Test acc: 0.8989 Test ECE: 0.0488
====> Epoch: 64 Train loss: 0.1299  Val  loss: 0.4558 Val acc: 0.8812 Val ECE: 0.0678 Test acc: 0.8786 Test ECE: 0.0697
====> Epoch: 65 Train loss: 0.1290  Val  loss: 0.3458 Val acc: 0.9026 Val ECE: 0.0443 Test acc: 0.8965 Test ECE: 0.0513
====> Epoch: 66 Train loss: 0.1289  Val  loss: 0.4949 Val acc: 0.8666 Val ECE: 0.0739 Test acc: 0.8629 Test ECE: 0.0785
====> Epoch: 67 Train loss: 0.1273  Val  loss: 0.3338 Val acc: 0.8970 Val ECE: 0.0460 Test acc: 0.8949 Test ECE: 0.0474
====> Epoch: 68 Train loss: 0.1267  Val  loss: 0.3545 Val acc: 0.8994 Val ECE: 0.0466 Test acc: 0.8897 Test ECE: 0.0565
====> Epoch: 69 Train loss: 0.1219  Val  loss: 0.4539 Val acc: 0.8866 Val ECE: 0.0638 Test acc: 0.8852 Test ECE: 0.0640
====> Epoch: 70 Train loss: 0.1263  Val  loss: 0.3599 Val acc: 0.8960 Val ECE: 0.0523 Test acc: 0.8980 Test ECE: 0.0510
====> Epoch: 71 Train loss: 0.1226  Val  loss: 0.3920 Val acc: 0.8936 Val ECE: 0.0557 Test acc: 0.8889 Test ECE: 0.0598
====> Epoch: 72 Train loss: 0.1226  Val  loss: 0.3420 Val acc: 0.9024 Val ECE: 0.0454 Test acc: 0.8953 Test ECE: 0.0505
====> Epoch: 73 Train loss: 0.1200  Val  loss: 0.3362 Val acc: 0.9052 Val ECE: 0.0443 Test acc: 0.9008 Test ECE: 0.0486
====> Epoch: 74 Train loss: 0.1245  Val  loss: 0.4878 Val acc: 0.8778 Val ECE: 0.0663 Test acc: 0.8703 Test ECE: 0.0696
====> Epoch: 75 Train loss: 0.1213  Val  loss: 0.4176 Val acc: 0.8876 Val ECE: 0.0561 Test acc: 0.8808 Test ECE: 0.0632
====> Epoch: 76 Train loss: 0.1202  Val  loss: 0.3526 Val acc: 0.9040 Val ECE: 0.0472 Test acc: 0.8993 Test ECE: 0.0494
====> Epoch: 77 Train loss: 0.1201  Val  loss: 0.3849 Val acc: 0.8958 Val ECE: 0.0502 Test acc: 0.8953 Test ECE: 0.0510
====> Epoch: 78 Train loss: 0.1203  Val  loss: 0.3812 Val acc: 0.8950 Val ECE: 0.0547 Test acc: 0.8935 Test ECE: 0.0532
====> Epoch: 79 Train loss: 0.1160  Val  loss: 0.3233 Val acc: 0.9104 Val ECE: 0.0428 Test acc: 0.8996 Test ECE: 0.0528
====> Epoch: 80 Train loss: 0.1162  Val  loss: 0.3414 Val acc: 0.9038 Val ECE: 0.0455 Test acc: 0.9026 Test ECE: 0.0497
====> Epoch: 81 Train loss: 0.1150  Val  loss: 0.4108 Val acc: 0.8886 Val ECE: 0.0631 Test acc: 0.8867 Test ECE: 0.0652
====> Epoch: 82 Train loss: 0.1172  Val  loss: 0.3784 Val acc: 0.8946 Val ECE: 0.0504 Test acc: 0.8824 Test ECE: 0.0610
====> Epoch: 83 Train loss: 0.1146  Val  loss: 0.3434 Val acc: 0.9046 Val ECE: 0.0472 Test acc: 0.9032 Test ECE: 0.0465
====> Epoch: 84 Train loss: 0.1143  Val  loss: 0.3815 Val acc: 0.8946 Val ECE: 0.0524 Test acc: 0.8911 Test ECE: 0.0561
====> Epoch: 85 Train loss: 0.1172  Val  loss: 0.4372 Val acc: 0.8914 Val ECE: 0.0604 Test acc: 0.8876 Test ECE: 0.0628
====> Epoch: 86 Train loss: 0.1115  Val  loss: 0.3457 Val acc: 0.9020 Val ECE: 0.0457 Test acc: 0.8961 Test ECE: 0.0532
====> Epoch: 87 Train loss: 0.1115  Val  loss: 0.3428 Val acc: 0.9048 Val ECE: 0.0499 Test acc: 0.9001 Test ECE: 0.0518
====> Epoch: 88 Train loss: 0.1112  Val  loss: 0.3833 Val acc: 0.8968 Val ECE: 0.0502 Test acc: 0.8885 Test ECE: 0.0582
====> Epoch: 89 Train loss: 0.1113  Val  loss: 0.4142 Val acc: 0.8962 Val ECE: 0.0584 Test acc: 0.8981 Test ECE: 0.0582
====> Epoch: 90 Train loss: 0.1126  Val  loss: 0.4477 Val acc: 0.8952 Val ECE: 0.0607 Test acc: 0.8846 Test ECE: 0.0686
PF_fix round 1
fix fc parameters
====> Epoch: 91 Train loss: 0.1094  Val  loss: 0.3497 Val acc: 0.9034 Val ECE: 0.0447 Test acc: 0.8974 Test ECE: 0.0492
====> Epoch: 92 Train loss: 0.1071  Val  loss: 0.3476 Val acc: 0.9016 Val ECE: 0.0478 Test acc: 0.8997 Test ECE: 0.0490
====> Epoch: 93 Train loss: 0.1050  Val  loss: 0.4961 Val acc: 0.8774 Val ECE: 0.0710 Test acc: 0.8727 Test ECE: 0.0723
====> Epoch: 94 Train loss: 0.1065  Val  loss: 0.3911 Val acc: 0.9000 Val ECE: 0.0510 Test acc: 0.8972 Test ECE: 0.0527
====> Epoch: 95 Train loss: 0.1043  Val  loss: 0.4168 Val acc: 0.8846 Val ECE: 0.0578 Test acc: 0.8843 Test ECE: 0.0582
====> Epoch: 96 Train loss: 0.1019  Val  loss: 0.3763 Val acc: 0.9038 Val ECE: 0.0531 Test acc: 0.9013 Test ECE: 0.0542
====> Epoch: 97 Train loss: 0.1045  Val  loss: 0.4039 Val acc: 0.8942 Val ECE: 0.0548 Test acc: 0.8880 Test ECE: 0.0611
====> Epoch: 98 Train loss: 0.1040  Val  loss: 0.3421 Val acc: 0.9016 Val ECE: 0.0491 Test acc: 0.8984 Test ECE: 0.0513
====> Epoch: 99 Train loss: 0.0993  Val  loss: 0.3854 Val acc: 0.9036 Val ECE: 0.0511 Test acc: 0.9008 Test ECE: 0.0551
====> Epoch: 100 Train loss: 0.1008  Val  loss: 0.4096 Val acc: 0.8930 Val ECE: 0.0576 Test acc: 0.8896 Test ECE: 0.0582
====> Epoch: 101 Train loss: 0.0980  Val  loss: 0.3766 Val acc: 0.9008 Val ECE: 0.0513 Test acc: 0.8962 Test ECE: 0.0557
====> Epoch: 102 Train loss: 0.0993  Val  loss: 0.4417 Val acc: 0.8844 Val ECE: 0.0622 Test acc: 0.8814 Test ECE: 0.0634
====> Epoch: 103 Train loss: 0.0985  Val  loss: 0.3313 Val acc: 0.9084 Val ECE: 0.0464 Test acc: 0.9020 Test ECE: 0.0527
====> Epoch: 104 Train loss: 0.0966  Val  loss: 0.3587 Val acc: 0.9078 Val ECE: 0.0465 Test acc: 0.9019 Test ECE: 0.0516
====> Epoch: 105 Train loss: 0.0969  Val  loss: 0.3378 Val acc: 0.9054 Val ECE: 0.0512 Test acc: 0.9106 Test ECE: 0.0433
====> Epoch: 106 Train loss: 0.0955  Val  loss: 0.3823 Val acc: 0.8962 Val ECE: 0.0519 Test acc: 0.8879 Test ECE: 0.0586
====> Epoch: 107 Train loss: 0.0978  Val  loss: 0.3341 Val acc: 0.9116 Val ECE: 0.0438 Test acc: 0.9091 Test ECE: 0.0476
====> Epoch: 108 Train loss: 0.0958  Val  loss: 0.3331 Val acc: 0.8992 Val ECE: 0.0508 Test acc: 0.8974 Test ECE: 0.0534
====> Epoch: 109 Train loss: 0.0969  Val  loss: 0.3629 Val acc: 0.9028 Val ECE: 0.0508 Test acc: 0.8971 Test ECE: 0.0545
====> Epoch: 110 Train loss: 0.0957  Val  loss: 0.3816 Val acc: 0.8922 Val ECE: 0.0568 Test acc: 0.8905 Test ECE: 0.0604
====> Epoch: 111 Train loss: 0.0925  Val  loss: 0.4706 Val acc: 0.8838 Val ECE: 0.0666 Test acc: 0.8743 Test ECE: 0.0772
====> Epoch: 112 Train loss: 0.0941  Val  loss: 0.3162 Val acc: 0.9062 Val ECE: 0.0430 Test acc: 0.9019 Test ECE: 0.0452
====> Epoch: 113 Train loss: 0.0951  Val  loss: 0.3938 Val acc: 0.8970 Val ECE: 0.0568 Test acc: 0.8907 Test ECE: 0.0585
====> Epoch: 114 Train loss: 0.0923  Val  loss: 0.3350 Val acc: 0.9080 Val ECE: 0.0463 Test acc: 0.9062 Test ECE: 0.0485
====> Epoch: 115 Train loss: 0.0946  Val  loss: 0.3048 Val acc: 0.9112 Val ECE: 0.0432 Test acc: 0.9085 Test ECE: 0.0438
====> Epoch: 116 Train loss: 0.0934  Val  loss: 0.3798 Val acc: 0.9004 Val ECE: 0.0514 Test acc: 0.8902 Test ECE: 0.0602
====> Epoch: 117 Train loss: 0.0964  Val  loss: 0.4162 Val acc: 0.8896 Val ECE: 0.0577 Test acc: 0.8851 Test ECE: 0.0604
====> Epoch: 118 Train loss: 0.0919  Val  loss: 0.3507 Val acc: 0.9004 Val ECE: 0.0522 Test acc: 0.8991 Test ECE: 0.0536
====> Epoch: 119 Train loss: 0.0912  Val  loss: 0.3503 Val acc: 0.9004 Val ECE: 0.0508 Test acc: 0.8988 Test ECE: 0.0515
====> Epoch: 120 Train loss: 0.0907  Val  loss: 0.3260 Val acc: 0.9054 Val ECE: 0.0457 Test acc: 0.8998 Test ECE: 0.0510
====> Epoch: 121 Train loss: 0.0880  Val  loss: 0.3134 Val acc: 0.9102 Val ECE: 0.0432 Test acc: 0.9107 Test ECE: 0.0418
====> Epoch: 122 Train loss: 0.0888  Val  loss: 0.3583 Val acc: 0.9098 Val ECE: 0.0493 Test acc: 0.9077 Test ECE: 0.0489
====> Epoch: 123 Train loss: 0.0915  Val  loss: 0.3403 Val acc: 0.9040 Val ECE: 0.0455 Test acc: 0.8979 Test ECE: 0.0529
====> Epoch: 124 Train loss: 0.0922  Val  loss: 0.3023 Val acc: 0.9128 Val ECE: 0.0436 Test acc: 0.9127 Test ECE: 0.0441
====> Epoch: 125 Train loss: 0.0885  Val  loss: 0.3215 Val acc: 0.9040 Val ECE: 0.0471 Test acc: 0.9012 Test ECE: 0.0494
====> Epoch: 126 Train loss: 0.0899  Val  loss: 0.3452 Val acc: 0.9020 Val ECE: 0.0510 Test acc: 0.8998 Test ECE: 0.0537
====> Epoch: 127 Train loss: 0.0879  Val  loss: 0.3937 Val acc: 0.8924 Val ECE: 0.0619 Test acc: 0.8960 Test ECE: 0.0569
====> Epoch: 128 Train loss: 0.0867  Val  loss: 0.3557 Val acc: 0.9094 Val ECE: 0.0464 Test acc: 0.9056 Test ECE: 0.0493
====> Epoch: 129 Train loss: 0.0861  Val  loss: 0.3577 Val acc: 0.9002 Val ECE: 0.0517 Test acc: 0.9012 Test ECE: 0.0485
====> Epoch: 130 Train loss: 0.0909  Val  loss: 0.3240 Val acc: 0.9142 Val ECE: 0.0373 Test acc: 0.9069 Test ECE: 0.0472
====> Epoch: 131 Train loss: 0.0854  Val  loss: 0.2803 Val acc: 0.9196 Val ECE: 0.0377 Test acc: 0.9100 Test ECE: 0.0443
====> Epoch: 132 Train loss: 0.0865  Val  loss: 0.3708 Val acc: 0.9022 Val ECE: 0.0497 Test acc: 0.8957 Test ECE: 0.0546
====> Epoch: 133 Train loss: 0.0904  Val  loss: 0.2840 Val acc: 0.9176 Val ECE: 0.0333 Test acc: 0.9122 Test ECE: 0.0403
====> Epoch: 134 Train loss: 0.0867  Val  loss: 0.3080 Val acc: 0.9096 Val ECE: 0.0427 Test acc: 0.9056 Test ECE: 0.0469
====> Epoch: 135 Train loss: 0.0868  Val  loss: 0.3353 Val acc: 0.9032 Val ECE: 0.0475 Test acc: 0.9101 Test ECE: 0.0411
====> Epoch: 136 Train loss: 0.0848  Val  loss: 0.4059 Val acc: 0.8872 Val ECE: 0.0624 Test acc: 0.8925 Test ECE: 0.0581
====> Epoch: 137 Train loss: 0.0866  Val  loss: 0.3607 Val acc: 0.8974 Val ECE: 0.0532 Test acc: 0.8978 Test ECE: 0.0544
====> Epoch: 138 Train loss: 0.0876  Val  loss: 0.4298 Val acc: 0.8834 Val ECE: 0.0564 Test acc: 0.8798 Test ECE: 0.0584
====> Epoch: 139 Train loss: 0.0884  Val  loss: 0.4067 Val acc: 0.8944 Val ECE: 0.0622 Test acc: 0.8933 Test ECE: 0.0568
====> Epoch: 140 Train loss: 0.0867  Val  loss: 0.4002 Val acc: 0.8910 Val ECE: 0.0608 Test acc: 0.8875 Test ECE: 0.0630
====> Epoch: 141 Train loss: 0.0877  Val  loss: 0.2804 Val acc: 0.9132 Val ECE: 0.0411 Test acc: 0.9070 Test ECE: 0.0459
====> Epoch: 142 Train loss: 0.0865  Val  loss: 0.3435 Val acc: 0.9020 Val ECE: 0.0479 Test acc: 0.8995 Test ECE: 0.0501
====> Epoch: 143 Train loss: 0.0842  Val  loss: 0.3079 Val acc: 0.9188 Val ECE: 0.0384 Test acc: 0.9120 Test ECE: 0.0427
====> Epoch: 144 Train loss: 0.0834  Val  loss: 0.3448 Val acc: 0.9048 Val ECE: 0.0512 Test acc: 0.9032 Test ECE: 0.0514
====> Epoch: 145 Train loss: 0.0867  Val  loss: 0.3112 Val acc: 0.9174 Val ECE: 0.0421 Test acc: 0.9109 Test ECE: 0.0466
====> Epoch: 146 Train loss: 0.0865  Val  loss: 0.4278 Val acc: 0.8904 Val ECE: 0.0631 Test acc: 0.8918 Test ECE: 0.0599
====> Epoch: 147 Train loss: 0.0888  Val  loss: 0.2944 Val acc: 0.9168 Val ECE: 0.0391 Test acc: 0.9137 Test ECE: 0.0402
====> Epoch: 148 Train loss: 0.0867  Val  loss: 0.2869 Val acc: 0.9152 Val ECE: 0.0372 Test acc: 0.9097 Test ECE: 0.0417
====> Epoch: 149 Train loss: 0.0874  Val  loss: 0.3569 Val acc: 0.9030 Val ECE: 0.0494 Test acc: 0.8952 Test ECE: 0.0552
====> Epoch: 150 Train loss: 0.0282  Val  loss: 0.2099 Val acc: 0.9436 Val ECE: 0.0298 Test acc: 0.9434 Test ECE: 0.0294
====> Epoch: 151 Train loss: 0.0118  Val  loss: 0.2168 Val acc: 0.9474 Val ECE: 0.0313 Test acc: 0.9448 Test ECE: 0.0318
====> Epoch: 152 Train loss: 0.0076  Val  loss: 0.2244 Val acc: 0.9486 Val ECE: 0.0310 Test acc: 0.9453 Test ECE: 0.0338
====> Epoch: 153 Train loss: 0.0053  Val  loss: 0.2354 Val acc: 0.9492 Val ECE: 0.0330 Test acc: 0.9472 Test ECE: 0.0343
====> Epoch: 154 Train loss: 0.0041  Val  loss: 0.2414 Val acc: 0.9500 Val ECE: 0.0344 Test acc: 0.9469 Test ECE: 0.0368
====> Epoch: 155 Train loss: 0.0035  Val  loss: 0.2572 Val acc: 0.9498 Val ECE: 0.0339 Test acc: 0.9484 Test ECE: 0.0360
====> Epoch: 156 Train loss: 0.0022  Val  loss: 0.2701 Val acc: 0.9494 Val ECE: 0.0375 Test acc: 0.9475 Test ECE: 0.0377
====> Epoch: 157 Train loss: 0.0023  Val  loss: 0.2696 Val acc: 0.9490 Val ECE: 0.0363 Test acc: 0.9481 Test ECE: 0.0377
====> Epoch: 158 Train loss: 0.0021  Val  loss: 0.2781 Val acc: 0.9498 Val ECE: 0.0371 Test acc: 0.9481 Test ECE: 0.0379
====> Epoch: 159 Train loss: 0.0026  Val  loss: 0.2756 Val acc: 0.9526 Val ECE: 0.0359 Test acc: 0.9493 Test ECE: 0.0376
====> Epoch: 160 Train loss: 0.0015  Val  loss: 0.2723 Val acc: 0.9546 Val ECE: 0.0336 Test acc: 0.9485 Test ECE: 0.0390
====> Epoch: 161 Train loss: 0.0016  Val  loss: 0.2912 Val acc: 0.9520 Val ECE: 0.0356 Test acc: 0.9494 Test ECE: 0.0380
====> Epoch: 162 Train loss: 0.0016  Val  loss: 0.2897 Val acc: 0.9510 Val ECE: 0.0363 Test acc: 0.9490 Test ECE: 0.0393
====> Epoch: 163 Train loss: 0.0017  Val  loss: 0.3010 Val acc: 0.9494 Val ECE: 0.0401 Test acc: 0.9497 Test ECE: 0.0393
====> Epoch: 164 Train loss: 0.0013  Val  loss: 0.3049 Val acc: 0.9502 Val ECE: 0.0391 Test acc: 0.9496 Test ECE: 0.0392
====> Epoch: 165 Train loss: 0.0007  Val  loss: 0.3138 Val acc: 0.9518 Val ECE: 0.0376 Test acc: 0.9505 Test ECE: 0.0391
====> Epoch: 166 Train loss: 0.0011  Val  loss: 0.3094 Val acc: 0.9502 Val ECE: 0.0380 Test acc: 0.9489 Test ECE: 0.0405
====> Epoch: 167 Train loss: 0.0012  Val  loss: 0.3242 Val acc: 0.9496 Val ECE: 0.0402 Test acc: 0.9503 Test ECE: 0.0392
====> Epoch: 168 Train loss: 0.0010  Val  loss: 0.3257 Val acc: 0.9494 Val ECE: 0.0404 Test acc: 0.9502 Test ECE: 0.0394
====> Epoch: 169 Train loss: 0.0008  Val  loss: 0.3383 Val acc: 0.9484 Val ECE: 0.0412 Test acc: 0.9511 Test ECE: 0.0393
====> Epoch: 170 Train loss: 0.0007  Val  loss: 0.3390 Val acc: 0.9466 Val ECE: 0.0435 Test acc: 0.9483 Test ECE: 0.0418
====> Epoch: 171 Train loss: 0.0008  Val  loss: 0.3239 Val acc: 0.9482 Val ECE: 0.0407 Test acc: 0.9506 Test ECE: 0.0399
====> Epoch: 172 Train loss: 0.0006  Val  loss: 0.3277 Val acc: 0.9498 Val ECE: 0.0409 Test acc: 0.9516 Test ECE: 0.0389
====> Epoch: 173 Train loss: 0.0007  Val  loss: 0.3217 Val acc: 0.9500 Val ECE: 0.0394 Test acc: 0.9499 Test ECE: 0.0404
====> Epoch: 174 Train loss: 0.0007  Val  loss: 0.3286 Val acc: 0.9466 Val ECE: 0.0425 Test acc: 0.9490 Test ECE: 0.0422
====> Epoch: 175 Train loss: 0.0006  Val  loss: 0.3357 Val acc: 0.9502 Val ECE: 0.0412 Test acc: 0.9467 Test ECE: 0.0439
====> Epoch: 176 Train loss: 0.0009  Val  loss: 0.3409 Val acc: 0.9488 Val ECE: 0.0415 Test acc: 0.9486 Test ECE: 0.0428
====> Epoch: 177 Train loss: 0.0006  Val  loss: 0.3473 Val acc: 0.9496 Val ECE: 0.0423 Test acc: 0.9477 Test ECE: 0.0430
====> Epoch: 178 Train loss: 0.0005  Val  loss: 0.3325 Val acc: 0.9500 Val ECE: 0.0411 Test acc: 0.9489 Test ECE: 0.0423
====> Epoch: 179 Train loss: 0.0010  Val  loss: 0.3518 Val acc: 0.9492 Val ECE: 0.0412 Test acc: 0.9493 Test ECE: 0.0425
====> Epoch: 180 Train loss: 0.0005  Val  loss: 0.3591 Val acc: 0.9506 Val ECE: 0.0403 Test acc: 0.9504 Test ECE: 0.0403
====> Epoch: 181 Train loss: 0.0008  Val  loss: 0.3379 Val acc: 0.9512 Val ECE: 0.0400 Test acc: 0.9495 Test ECE: 0.0418
====> Epoch: 182 Train loss: 0.0005  Val  loss: 0.3359 Val acc: 0.9516 Val ECE: 0.0392 Test acc: 0.9485 Test ECE: 0.0430
====> Epoch: 183 Train loss: 0.0007  Val  loss: 0.3376 Val acc: 0.9496 Val ECE: 0.0414 Test acc: 0.9473 Test ECE: 0.0438
====> Epoch: 184 Train loss: 0.0006  Val  loss: 0.3314 Val acc: 0.9498 Val ECE: 0.0419 Test acc: 0.9490 Test ECE: 0.0428
====> Epoch: 185 Train loss: 0.0004  Val  loss: 0.3314 Val acc: 0.9514 Val ECE: 0.0396 Test acc: 0.9489 Test ECE: 0.0423
====> Epoch: 186 Train loss: 0.0006  Val  loss: 0.3315 Val acc: 0.9502 Val ECE: 0.0397 Test acc: 0.9485 Test ECE: 0.0435
====> Epoch: 187 Train loss: 0.0006  Val  loss: 0.3465 Val acc: 0.9482 Val ECE: 0.0424 Test acc: 0.9483 Test ECE: 0.0433
====> Epoch: 188 Train loss: 0.0007  Val  loss: 0.3558 Val acc: 0.9478 Val ECE: 0.0423 Test acc: 0.9484 Test ECE: 0.0435
====> Epoch: 189 Train loss: 0.0006  Val  loss: 0.3494 Val acc: 0.9514 Val ECE: 0.0395 Test acc: 0.9501 Test ECE: 0.0417
====> Epoch: 190 Train loss: 0.0007  Val  loss: 0.3511 Val acc: 0.9512 Val ECE: 0.0407 Test acc: 0.9484 Test ECE: 0.0430
====> Epoch: 191 Train loss: 0.0006  Val  loss: 0.3500 Val acc: 0.9508 Val ECE: 0.0404 Test acc: 0.9506 Test ECE: 0.0415
====> Epoch: 192 Train loss: 0.0004  Val  loss: 0.3626 Val acc: 0.9482 Val ECE: 0.0435 Test acc: 0.9487 Test ECE: 0.0430
====> Epoch: 193 Train loss: 0.0003  Val  loss: 0.3507 Val acc: 0.9502 Val ECE: 0.0410 Test acc: 0.9500 Test ECE: 0.0413
====> Epoch: 194 Train loss: 0.0007  Val  loss: 0.3564 Val acc: 0.9514 Val ECE: 0.0404 Test acc: 0.9496 Test ECE: 0.0415
====> Epoch: 195 Train loss: 0.0004  Val  loss: 0.3422 Val acc: 0.9518 Val ECE: 0.0396 Test acc: 0.9475 Test ECE: 0.0437
====> Epoch: 196 Train loss: 0.0007  Val  loss: 0.3518 Val acc: 0.9500 Val ECE: 0.0413 Test acc: 0.9489 Test ECE: 0.0434
====> Epoch: 197 Train loss: 0.0005  Val  loss: 0.3666 Val acc: 0.9496 Val ECE: 0.0420 Test acc: 0.9490 Test ECE: 0.0439
====> Epoch: 198 Train loss: 0.0008  Val  loss: 0.3597 Val acc: 0.9488 Val ECE: 0.0438 Test acc: 0.9490 Test ECE: 0.0433
====> Epoch: 199 Train loss: 0.0003  Val  loss: 0.3718 Val acc: 0.9498 Val ECE: 0.0420 Test acc: 0.9494 Test ECE: 0.0429
====> Epoch: 200 Train loss: 0.0006  Val  loss: 0.3713 Val acc: 0.9492 Val ECE: 0.0441 Test acc: 0.9498 Test ECE: 0.0426
====> Epoch: 201 Train loss: 0.0004  Val  loss: 0.3805 Val acc: 0.9488 Val ECE: 0.0430 Test acc: 0.9504 Test ECE: 0.0421
====> Epoch: 202 Train loss: 0.0004  Val  loss: 0.3822 Val acc: 0.9474 Val ECE: 0.0447 Test acc: 0.9508 Test ECE: 0.0422
====> Epoch: 203 Train loss: 0.0009  Val  loss: 0.3866 Val acc: 0.9494 Val ECE: 0.0430 Test acc: 0.9506 Test ECE: 0.0421
====> Epoch: 204 Train loss: 0.0004  Val  loss: 0.3894 Val acc: 0.9498 Val ECE: 0.0427 Test acc: 0.9504 Test ECE: 0.0424
====> Epoch: 205 Train loss: 0.0003  Val  loss: 0.3920 Val acc: 0.9474 Val ECE: 0.0451 Test acc: 0.9496 Test ECE: 0.0440
====> Epoch: 206 Train loss: 0.0002  Val  loss: 0.3844 Val acc: 0.9498 Val ECE: 0.0429 Test acc: 0.9491 Test ECE: 0.0439
====> Epoch: 207 Train loss: 0.0005  Val  loss: 0.3727 Val acc: 0.9494 Val ECE: 0.0426 Test acc: 0.9476 Test ECE: 0.0452
====> Epoch: 208 Train loss: 0.0005  Val  loss: 0.3710 Val acc: 0.9478 Val ECE: 0.0449 Test acc: 0.9495 Test ECE: 0.0434
====> Epoch: 209 Train loss: 0.0006  Val  loss: 0.3797 Val acc: 0.9506 Val ECE: 0.0432 Test acc: 0.9499 Test ECE: 0.0430
====> Epoch: 210 Train loss: 0.0002  Val  loss: 0.3786 Val acc: 0.9504 Val ECE: 0.0425 Test acc: 0.9498 Test ECE: 0.0429
====> Epoch: 211 Train loss: 0.0005  Val  loss: 0.3901 Val acc: 0.9498 Val ECE: 0.0436 Test acc: 0.9494 Test ECE: 0.0429
====> Epoch: 212 Train loss: 0.0002  Val  loss: 0.3746 Val acc: 0.9498 Val ECE: 0.0426 Test acc: 0.9483 Test ECE: 0.0445
====> Epoch: 213 Train loss: 0.0007  Val  loss: 0.3659 Val acc: 0.9498 Val ECE: 0.0419 Test acc: 0.9484 Test ECE: 0.0448
====> Epoch: 214 Train loss: 0.0006  Val  loss: 0.3702 Val acc: 0.9498 Val ECE: 0.0434 Test acc: 0.9486 Test ECE: 0.0441
====> Epoch: 215 Train loss: 0.0009  Val  loss: 0.3572 Val acc: 0.9512 Val ECE: 0.0416 Test acc: 0.9485 Test ECE: 0.0437
====> Epoch: 216 Train loss: 0.0006  Val  loss: 0.3530 Val acc: 0.9526 Val ECE: 0.0399 Test acc: 0.9499 Test ECE: 0.0427
====> Epoch: 217 Train loss: 0.0003  Val  loss: 0.3822 Val acc: 0.9508 Val ECE: 0.0433 Test acc: 0.9495 Test ECE: 0.0429
====> Epoch: 218 Train loss: 0.0005  Val  loss: 0.3699 Val acc: 0.9480 Val ECE: 0.0446 Test acc: 0.9485 Test ECE: 0.0441
====> Epoch: 219 Train loss: 0.0007  Val  loss: 0.3905 Val acc: 0.9488 Val ECE: 0.0440 Test acc: 0.9495 Test ECE: 0.0433
====> Epoch: 220 Train loss: 0.0004  Val  loss: 0.3866 Val acc: 0.9496 Val ECE: 0.0425 Test acc: 0.9508 Test ECE: 0.0420
====> Epoch: 221 Train loss: 0.0003  Val  loss: 0.4016 Val acc: 0.9500 Val ECE: 0.0437 Test acc: 0.9498 Test ECE: 0.0435
====> Epoch: 222 Train loss: 0.0012  Val  loss: 0.3819 Val acc: 0.9508 Val ECE: 0.0422 Test acc: 0.9480 Test ECE: 0.0450
====> Epoch: 223 Train loss: 0.0005  Val  loss: 0.3882 Val acc: 0.9488 Val ECE: 0.0431 Test acc: 0.9481 Test ECE: 0.0447
====> Epoch: 224 Train loss: 0.0004  Val  loss: 0.3857 Val acc: 0.9480 Val ECE: 0.0440 Test acc: 0.9503 Test ECE: 0.0435
====> Epoch: 225 Train loss: 0.0004  Val  loss: 0.3536 Val acc: 0.9500 Val ECE: 0.0426 Test acc: 0.9489 Test ECE: 0.0447
====> Epoch: 226 Train loss: 0.0008  Val  loss: 0.3735 Val acc: 0.9470 Val ECE: 0.0456 Test acc: 0.9481 Test ECE: 0.0460
====> Epoch: 227 Train loss: 0.0007  Val  loss: 0.3687 Val acc: 0.9494 Val ECE: 0.0431 Test acc: 0.9482 Test ECE: 0.0445
====> Epoch: 228 Train loss: 0.0004  Val  loss: 0.3990 Val acc: 0.9472 Val ECE: 0.0458 Test acc: 0.9490 Test ECE: 0.0442
====> Epoch: 229 Train loss: 0.0004  Val  loss: 0.3973 Val acc: 0.9468 Val ECE: 0.0455 Test acc: 0.9483 Test ECE: 0.0445
====> Epoch: 230 Train loss: 0.0007  Val  loss: 0.4092 Val acc: 0.9468 Val ECE: 0.0474 Test acc: 0.9477 Test ECE: 0.0450
====> Epoch: 231 Train loss: 0.0005  Val  loss: 0.3898 Val acc: 0.9498 Val ECE: 0.0432 Test acc: 0.9490 Test ECE: 0.0448
====> Epoch: 232 Train loss: 0.0003  Val  loss: 0.3987 Val acc: 0.9490 Val ECE: 0.0435 Test acc: 0.9484 Test ECE: 0.0447
====> Epoch: 233 Train loss: 0.0005  Val  loss: 0.3880 Val acc: 0.9484 Val ECE: 0.0450 Test acc: 0.9473 Test ECE: 0.0463
====> Epoch: 234 Train loss: 0.0004  Val  loss: 0.3880 Val acc: 0.9492 Val ECE: 0.0438 Test acc: 0.9488 Test ECE: 0.0443
====> Epoch: 235 Train loss: 0.0003  Val  loss: 0.3944 Val acc: 0.9494 Val ECE: 0.0438 Test acc: 0.9474 Test ECE: 0.0458
====> Epoch: 236 Train loss: 0.0004  Val  loss: 0.3836 Val acc: 0.9484 Val ECE: 0.0444 Test acc: 0.9466 Test ECE: 0.0473
====> Epoch: 237 Train loss: 0.0010  Val  loss: 0.3607 Val acc: 0.9518 Val ECE: 0.0413 Test acc: 0.9480 Test ECE: 0.0455
====> Epoch: 238 Train loss: 0.0005  Val  loss: 0.3803 Val acc: 0.9490 Val ECE: 0.0451 Test acc: 0.9507 Test ECE: 0.0425
====> Epoch: 239 Train loss: 0.0005  Val  loss: 0.3829 Val acc: 0.9510 Val ECE: 0.0421 Test acc: 0.9500 Test ECE: 0.0437
====> Epoch: 240 Train loss: 0.0003  Val  loss: 0.3803 Val acc: 0.9486 Val ECE: 0.0442 Test acc: 0.9499 Test ECE: 0.0440
====> Epoch: 241 Train loss: 0.0004  Val  loss: 0.3905 Val acc: 0.9472 Val ECE: 0.0467 Test acc: 0.9466 Test ECE: 0.0467
====> Epoch: 242 Train loss: 0.0003  Val  loss: 0.3888 Val acc: 0.9486 Val ECE: 0.0453 Test acc: 0.9476 Test ECE: 0.0466
====> Epoch: 243 Train loss: 0.0009  Val  loss: 0.3798 Val acc: 0.9506 Val ECE: 0.0437 Test acc: 0.9486 Test ECE: 0.0450
====> Epoch: 244 Train loss: 0.0004  Val  loss: 0.3661 Val acc: 0.9500 Val ECE: 0.0435 Test acc: 0.9490 Test ECE: 0.0442
====> Epoch: 245 Train loss: 0.0007  Val  loss: 0.3728 Val acc: 0.9476 Val ECE: 0.0447 Test acc: 0.9494 Test ECE: 0.0439
====> Epoch: 246 Train loss: 0.0006  Val  loss: 0.3731 Val acc: 0.9524 Val ECE: 0.0414 Test acc: 0.9486 Test ECE: 0.0443
====> Epoch: 247 Train loss: 0.0006  Val  loss: 0.3731 Val acc: 0.9488 Val ECE: 0.0448 Test acc: 0.9512 Test ECE: 0.0429
====> Epoch: 248 Train loss: 0.0005  Val  loss: 0.3739 Val acc: 0.9508 Val ECE: 0.0426 Test acc: 0.9502 Test ECE: 0.0439
====> Epoch: 249 Train loss: 0.0007  Val  loss: 0.3730 Val acc: 0.9502 Val ECE: 0.0428 Test acc: 0.9498 Test ECE: 0.0443
====> Epoch: 250 Train loss: 0.0010  Val  loss: 0.3649 Val acc: 0.9504 Val ECE: 0.0426 Test acc: 0.9492 Test ECE: 0.0452
====> Epoch: 251 Train loss: 0.0001  Val  loss: 0.3594 Val acc: 0.9510 Val ECE: 0.0431 Test acc: 0.9497 Test ECE: 0.0446
====> Epoch: 252 Train loss: 0.0003  Val  loss: 0.3593 Val acc: 0.9512 Val ECE: 0.0419 Test acc: 0.9501 Test ECE: 0.0439
====> Epoch: 253 Train loss: 0.0001  Val  loss: 0.3667 Val acc: 0.9512 Val ECE: 0.0428 Test acc: 0.9499 Test ECE: 0.0446
====> Epoch: 254 Train loss: 0.0002  Val  loss: 0.3606 Val acc: 0.9504 Val ECE: 0.0430 Test acc: 0.9496 Test ECE: 0.0446
====> Epoch: 255 Train loss: 0.0003  Val  loss: 0.3643 Val acc: 0.9508 Val ECE: 0.0420 Test acc: 0.9504 Test ECE: 0.0440
====> Epoch: 256 Train loss: 0.0003  Val  loss: 0.3586 Val acc: 0.9510 Val ECE: 0.0423 Test acc: 0.9506 Test ECE: 0.0439
====> Epoch: 257 Train loss: 0.0001  Val  loss: 0.3586 Val acc: 0.9508 Val ECE: 0.0422 Test acc: 0.9498 Test ECE: 0.0447
====> Epoch: 258 Train loss: 0.0002  Val  loss: 0.3619 Val acc: 0.9530 Val ECE: 0.0410 Test acc: 0.9497 Test ECE: 0.0441
====> Epoch: 259 Train loss: 0.0001  Val  loss: 0.3597 Val acc: 0.9518 Val ECE: 0.0413 Test acc: 0.9504 Test ECE: 0.0445
====> Epoch: 260 Train loss: 0.0002  Val  loss: 0.3579 Val acc: 0.9522 Val ECE: 0.0408 Test acc: 0.9505 Test ECE: 0.0444
====> Epoch: 261 Train loss: 0.0001  Val  loss: 0.3567 Val acc: 0.9514 Val ECE: 0.0418 Test acc: 0.9506 Test ECE: 0.0438
====> Epoch: 262 Train loss: 0.0002  Val  loss: 0.3632 Val acc: 0.9506 Val ECE: 0.0428 Test acc: 0.9507 Test ECE: 0.0435
====> Epoch: 263 Train loss: 0.0001  Val  loss: 0.3618 Val acc: 0.9534 Val ECE: 0.0405 Test acc: 0.9503 Test ECE: 0.0436
====> Epoch: 264 Train loss: 0.0001  Val  loss: 0.3632 Val acc: 0.9514 Val ECE: 0.0428 Test acc: 0.9510 Test ECE: 0.0436
====> Epoch: 265 Train loss: 0.0000  Val  loss: 0.3632 Val acc: 0.9514 Val ECE: 0.0425 Test acc: 0.9504 Test ECE: 0.0443
====> Epoch: 266 Train loss: 0.0001  Val  loss: 0.3640 Val acc: 0.9512 Val ECE: 0.0421 Test acc: 0.9517 Test ECE: 0.0428
====> Epoch: 267 Train loss: 0.0002  Val  loss: 0.3576 Val acc: 0.9522 Val ECE: 0.0420 Test acc: 0.9505 Test ECE: 0.0439
====> Epoch: 268 Train loss: 0.0001  Val  loss: 0.3603 Val acc: 0.9510 Val ECE: 0.0426 Test acc: 0.9507 Test ECE: 0.0436
====> Epoch: 269 Train loss: 0.0002  Val  loss: 0.3622 Val acc: 0.9506 Val ECE: 0.0433 Test acc: 0.9509 Test ECE: 0.0440
====> Epoch: 270 Train loss: 0.0001  Val  loss: 0.3599 Val acc: 0.9512 Val ECE: 0.0427 Test acc: 0.9514 Test ECE: 0.0432
====> Epoch: 271 Train loss: 0.0002  Val  loss: 0.3653 Val acc: 0.9506 Val ECE: 0.0430 Test acc: 0.9507 Test ECE: 0.0441
====> Epoch: 272 Train loss: 0.0000  Val  loss: 0.3643 Val acc: 0.9512 Val ECE: 0.0424 Test acc: 0.9504 Test ECE: 0.0444
====> Epoch: 273 Train loss: 0.0001  Val  loss: 0.3599 Val acc: 0.9510 Val ECE: 0.0429 Test acc: 0.9512 Test ECE: 0.0436
====> Epoch: 274 Train loss: 0.0001  Val  loss: 0.3591 Val acc: 0.9508 Val ECE: 0.0431 Test acc: 0.9511 Test ECE: 0.0436
====> Epoch: 275 Train loss: 0.0000  Val  loss: 0.3664 Val acc: 0.9508 Val ECE: 0.0435 Test acc: 0.9513 Test ECE: 0.0430
====> Epoch: 276 Train loss: 0.0001  Val  loss: 0.3628 Val acc: 0.9506 Val ECE: 0.0422 Test acc: 0.9515 Test ECE: 0.0431
====> Epoch: 277 Train loss: 0.0002  Val  loss: 0.3622 Val acc: 0.9512 Val ECE: 0.0428 Test acc: 0.9524 Test ECE: 0.0419
====> Epoch: 278 Train loss: 0.0002  Val  loss: 0.3640 Val acc: 0.9520 Val ECE: 0.0416 Test acc: 0.9513 Test ECE: 0.0430
====> Epoch: 279 Train loss: 0.0001  Val  loss: 0.3602 Val acc: 0.9518 Val ECE: 0.0418 Test acc: 0.9501 Test ECE: 0.0441
====> Epoch: 280 Train loss: 0.0001  Val  loss: 0.3642 Val acc: 0.9510 Val ECE: 0.0426 Test acc: 0.9513 Test ECE: 0.0429
====> Epoch: 281 Train loss: 0.0001  Val  loss: 0.3581 Val acc: 0.9512 Val ECE: 0.0429 Test acc: 0.9510 Test ECE: 0.0437
====> Epoch: 282 Train loss: 0.0001  Val  loss: 0.3568 Val acc: 0.9510 Val ECE: 0.0433 Test acc: 0.9505 Test ECE: 0.0440
====> Epoch: 283 Train loss: 0.0001  Val  loss: 0.3631 Val acc: 0.9502 Val ECE: 0.0437 Test acc: 0.9511 Test ECE: 0.0428
====> Epoch: 284 Train loss: 0.0003  Val  loss: 0.3634 Val acc: 0.9498 Val ECE: 0.0437 Test acc: 0.9501 Test ECE: 0.0443
====> Epoch: 285 Train loss: 0.0001  Val  loss: 0.3622 Val acc: 0.9510 Val ECE: 0.0421 Test acc: 0.9499 Test ECE: 0.0447
====> Epoch: 286 Train loss: 0.0002  Val  loss: 0.3589 Val acc: 0.9506 Val ECE: 0.0422 Test acc: 0.9511 Test ECE: 0.0433
====> Epoch: 287 Train loss: 0.0000  Val  loss: 0.3637 Val acc: 0.9502 Val ECE: 0.0432 Test acc: 0.9500 Test ECE: 0.0446
====> Epoch: 288 Train loss: 0.0001  Val  loss: 0.3635 Val acc: 0.9506 Val ECE: 0.0429 Test acc: 0.9515 Test ECE: 0.0429
====> Epoch: 289 Train loss: 0.0001  Val  loss: 0.3599 Val acc: 0.9514 Val ECE: 0.0416 Test acc: 0.9508 Test ECE: 0.0436
====> Epoch: 290 Train loss: 0.0001  Val  loss: 0.3616 Val acc: 0.9510 Val ECE: 0.0425 Test acc: 0.9514 Test ECE: 0.0430
====> Epoch: 291 Train loss: 0.0000  Val  loss: 0.3623 Val acc: 0.9510 Val ECE: 0.0431 Test acc: 0.9516 Test ECE: 0.0432
====> Epoch: 292 Train loss: 0.0000  Val  loss: 0.3622 Val acc: 0.9498 Val ECE: 0.0441 Test acc: 0.9513 Test ECE: 0.0435
====> Epoch: 293 Train loss: 0.0002  Val  loss: 0.3565 Val acc: 0.9516 Val ECE: 0.0423 Test acc: 0.9515 Test ECE: 0.0428
====> Epoch: 294 Train loss: 0.0000  Val  loss: 0.3645 Val acc: 0.9506 Val ECE: 0.0434 Test acc: 0.9513 Test ECE: 0.0431
====> Epoch: 295 Train loss: 0.0000  Val  loss: 0.3575 Val acc: 0.9518 Val ECE: 0.0421 Test acc: 0.9516 Test ECE: 0.0431
====> Epoch: 296 Train loss: 0.0000  Val  loss: 0.3536 Val acc: 0.9514 Val ECE: 0.0424 Test acc: 0.9507 Test ECE: 0.0439
====> Epoch: 297 Train loss: 0.0002  Val  loss: 0.3624 Val acc: 0.9512 Val ECE: 0.0425 Test acc: 0.9506 Test ECE: 0.0438
====> Epoch: 298 Train loss: 0.0000  Val  loss: 0.3612 Val acc: 0.9516 Val ECE: 0.0435 Test acc: 0.9520 Test ECE: 0.0424
====> Epoch: 299 Train loss: 0.0002  Val  loss: 0.3581 Val acc: 0.9512 Val ECE: 0.0428 Test acc: 0.9524 Test ECE: 0.0423
====> Epoch: 300 Train loss: 0.0001  Val  loss: 0.3594 Val acc: 0.9518 Val ECE: 0.0420 Test acc: 0.9524 Test ECE: 0.0423
====> Epoch: 301 Train loss: 0.0001  Val  loss: 0.3558 Val acc: 0.9526 Val ECE: 0.0414 Test acc: 0.9514 Test ECE: 0.0428
====> Epoch: 302 Train loss: 0.0001  Val  loss: 0.3626 Val acc: 0.9504 Val ECE: 0.0434 Test acc: 0.9516 Test ECE: 0.0428
====> Epoch: 303 Train loss: 0.0000  Val  loss: 0.3556 Val acc: 0.9516 Val ECE: 0.0423 Test acc: 0.9518 Test ECE: 0.0429
====> Epoch: 304 Train loss: 0.0001  Val  loss: 0.3611 Val acc: 0.9510 Val ECE: 0.0420 Test acc: 0.9526 Test ECE: 0.0417
====> Epoch: 305 Train loss: 0.0000  Val  loss: 0.3574 Val acc: 0.9522 Val ECE: 0.0420 Test acc: 0.9504 Test ECE: 0.0440
====> Epoch: 306 Train loss: 0.0001  Val  loss: 0.3610 Val acc: 0.9510 Val ECE: 0.0424 Test acc: 0.9521 Test ECE: 0.0428
====> Epoch: 307 Train loss: 0.0000  Val  loss: 0.3552 Val acc: 0.9516 Val ECE: 0.0422 Test acc: 0.9513 Test ECE: 0.0431
====> Epoch: 308 Train loss: 0.0000  Val  loss: 0.3565 Val acc: 0.9504 Val ECE: 0.0429 Test acc: 0.9511 Test ECE: 0.0435
====> Epoch: 309 Train loss: 0.0001  Val  loss: 0.3585 Val acc: 0.9514 Val ECE: 0.0424 Test acc: 0.9520 Test ECE: 0.0429
====> Epoch: 310 Train loss: 0.0001  Val  loss: 0.3570 Val acc: 0.9514 Val ECE: 0.0422 Test acc: 0.9510 Test ECE: 0.0438
====> Epoch: 311 Train loss: 0.0000  Val  loss: 0.3599 Val acc: 0.9502 Val ECE: 0.0440 Test acc: 0.9519 Test ECE: 0.0428
====> Epoch: 312 Train loss: 0.0001  Val  loss: 0.3576 Val acc: 0.9508 Val ECE: 0.0428 Test acc: 0.9510 Test ECE: 0.0441
====> Epoch: 313 Train loss: 0.0000  Val  loss: 0.3666 Val acc: 0.9514 Val ECE: 0.0423 Test acc: 0.9503 Test ECE: 0.0445
====> Epoch: 314 Train loss: 0.0001  Val  loss: 0.3578 Val acc: 0.9512 Val ECE: 0.0424 Test acc: 0.9515 Test ECE: 0.0432
====> Epoch: 315 Train loss: 0.0001  Val  loss: 0.3583 Val acc: 0.9512 Val ECE: 0.0429 Test acc: 0.9517 Test ECE: 0.0431
====> Epoch: 316 Train loss: 0.0000  Val  loss: 0.3556 Val acc: 0.9520 Val ECE: 0.0436 Test acc: 0.9520 Test ECE: 0.0431
====> Epoch: 317 Train loss: 0.0001  Val  loss: 0.3586 Val acc: 0.9524 Val ECE: 0.0419 Test acc: 0.9515 Test ECE: 0.0428
====> Epoch: 318 Train loss: 0.0001  Val  loss: 0.3616 Val acc: 0.9506 Val ECE: 0.0432 Test acc: 0.9513 Test ECE: 0.0431
====> Epoch: 319 Train loss: 0.0000  Val  loss: 0.3596 Val acc: 0.9522 Val ECE: 0.0416 Test acc: 0.9515 Test ECE: 0.0429
====> Epoch: 320 Train loss: 0.0000  Val  loss: 0.3609 Val acc: 0.9516 Val ECE: 0.0424 Test acc: 0.9518 Test ECE: 0.0429
====> Epoch: 321 Train loss: 0.0001  Val  loss: 0.3574 Val acc: 0.9510 Val ECE: 0.0427 Test acc: 0.9508 Test ECE: 0.0437
====> Epoch: 322 Train loss: 0.0000  Val  loss: 0.3580 Val acc: 0.9510 Val ECE: 0.0428 Test acc: 0.9517 Test ECE: 0.0430
====> Epoch: 323 Train loss: 0.0000  Val  loss: 0.3579 Val acc: 0.9524 Val ECE: 0.0408 Test acc: 0.9522 Test ECE: 0.0426
====> Epoch: 324 Train loss: 0.0001  Val  loss: 0.3560 Val acc: 0.9520 Val ECE: 0.0414 Test acc: 0.9524 Test ECE: 0.0424
====> Epoch: 325 Train loss: 0.0000  Val  loss: 0.3575 Val acc: 0.9512 Val ECE: 0.0422 Test acc: 0.9515 Test ECE: 0.0430
====> Epoch: 326 Train loss: 0.0001  Val  loss: 0.3531 Val acc: 0.9534 Val ECE: 0.0402 Test acc: 0.9514 Test ECE: 0.0433
====> Epoch: 327 Train loss: 0.0000  Val  loss: 0.3622 Val acc: 0.9516 Val ECE: 0.0420 Test acc: 0.9523 Test ECE: 0.0421
====> Epoch: 328 Train loss: 0.0000  Val  loss: 0.3587 Val acc: 0.9516 Val ECE: 0.0422 Test acc: 0.9519 Test ECE: 0.0426
====> Epoch: 329 Train loss: 0.0000  Val  loss: 0.3543 Val acc: 0.9530 Val ECE: 0.0405 Test acc: 0.9528 Test ECE: 0.0415
====> Epoch: 330 Train loss: 0.0001  Val  loss: 0.3566 Val acc: 0.9528 Val ECE: 0.0408 Test acc: 0.9512 Test ECE: 0.0431
====> Epoch: 331 Train loss: 0.0000  Val  loss: 0.3629 Val acc: 0.9526 Val ECE: 0.0413 Test acc: 0.9518 Test ECE: 0.0425
====> Epoch: 332 Train loss: 0.0000  Val  loss: 0.3501 Val acc: 0.9524 Val ECE: 0.0412 Test acc: 0.9525 Test ECE: 0.0420
====> Epoch: 333 Train loss: 0.0001  Val  loss: 0.3564 Val acc: 0.9514 Val ECE: 0.0422 Test acc: 0.9524 Test ECE: 0.0426
====> Epoch: 334 Train loss: 0.0001  Val  loss: 0.3564 Val acc: 0.9528 Val ECE: 0.0409 Test acc: 0.9524 Test ECE: 0.0415
====> Epoch: 335 Train loss: 0.0001  Val  loss: 0.3582 Val acc: 0.9522 Val ECE: 0.0422 Test acc: 0.9520 Test ECE: 0.0423
====> Epoch: 336 Train loss: 0.0000  Val  loss: 0.3554 Val acc: 0.9520 Val ECE: 0.0418 Test acc: 0.9520 Test ECE: 0.0425
====> Epoch: 337 Train loss: 0.0001  Val  loss: 0.3565 Val acc: 0.9514 Val ECE: 0.0427 Test acc: 0.9513 Test ECE: 0.0432
====> Epoch: 338 Train loss: 0.0000  Val  loss: 0.3613 Val acc: 0.9508 Val ECE: 0.0427 Test acc: 0.9524 Test ECE: 0.0421
====> Epoch: 339 Train loss: 0.0001  Val  loss: 0.3532 Val acc: 0.9516 Val ECE: 0.0418 Test acc: 0.9513 Test ECE: 0.0431
====> Epoch: 340 Train loss: 0.0001  Val  loss: 0.3581 Val acc: 0.9520 Val ECE: 0.0416 Test acc: 0.9519 Test ECE: 0.0424
====> Epoch: 341 Train loss: 0.0002  Val  loss: 0.3545 Val acc: 0.9520 Val ECE: 0.0412 Test acc: 0.9530 Test ECE: 0.0416
====> Epoch: 342 Train loss: 0.0000  Val  loss: 0.3558 Val acc: 0.9522 Val ECE: 0.0411 Test acc: 0.9528 Test ECE: 0.0415
====> Epoch: 343 Train loss: 0.0001  Val  loss: 0.3677 Val acc: 0.9500 Val ECE: 0.0437 Test acc: 0.9521 Test ECE: 0.0422
====> Epoch: 344 Train loss: 0.0000  Val  loss: 0.3571 Val acc: 0.9510 Val ECE: 0.0424 Test acc: 0.9525 Test ECE: 0.0418
====> Epoch: 345 Train loss: 0.0000  Val  loss: 0.3600 Val acc: 0.9516 Val ECE: 0.0422 Test acc: 0.9529 Test ECE: 0.0415
====> Epoch: 346 Train loss: 0.0000  Val  loss: 0.3555 Val acc: 0.9534 Val ECE: 0.0406 Test acc: 0.9512 Test ECE: 0.0430
====> Epoch: 347 Train loss: 0.0001  Val  loss: 0.3539 Val acc: 0.9512 Val ECE: 0.0419 Test acc: 0.9525 Test ECE: 0.0424
====> Epoch: 348 Train loss: 0.0001  Val  loss: 0.3546 Val acc: 0.9524 Val ECE: 0.0410 Test acc: 0.9516 Test ECE: 0.0431
====> Epoch: 349 Train loss: 0.0002  Val  loss: 0.3557 Val acc: 0.9526 Val ECE: 0.0405 Test acc: 0.9513 Test ECE: 0.0429
