resnet50_cifar10_cross_entropy_UP2_WD0.0001_220123000005
CUDA set: True
Files already downloaded and verified
Files already downloaded and verified
====> Epoch: 0 Train loss: 2.1458  Val  loss: 1.6421 Val acc: 0.3994 Val ECE: 0.0642 Test acc: 0.3929 Test ECE: 0.0706
====> Epoch: 1 Train loss: 1.4455  Val  loss: 1.3358 Val acc: 0.5330 Val ECE: 0.0980 Test acc: 0.5367 Test ECE: 0.1001
====> Epoch: 2 Train loss: 1.1327  Val  loss: 9.3535 Val acc: 0.6250 Val ECE: 0.0666 Test acc: 0.6151 Test ECE: 0.0774
====> Epoch: 3 Train loss: 0.9455  Val  loss: 1.0940 Val acc: 0.6310 Val ECE: 0.1164 Test acc: 0.6250 Test ECE: 0.1220
====> Epoch: 4 Train loss: 0.8325  Val  loss: 0.8448 Val acc: 0.7186 Val ECE: 0.0513 Test acc: 0.7048 Test ECE: 0.0657
====> Epoch: 5 Train loss: 0.7395  Val  loss: 0.7512 Val acc: 0.7354 Val ECE: 0.0503 Test acc: 0.7328 Test ECE: 0.0531
====> Epoch: 6 Train loss: 0.6743  Val  loss: 0.7454 Val acc: 0.7414 Val ECE: 0.0511 Test acc: 0.7462 Test ECE: 0.0437
====> Epoch: 7 Train loss: 0.6136  Val  loss: 0.8185 Val acc: 0.7480 Val ECE: 0.0703 Test acc: 0.7322 Test ECE: 0.0849
====> Epoch: 8 Train loss: 0.5605  Val  loss: 0.6509 Val acc: 0.7806 Val ECE: 0.0507 Test acc: 0.7709 Test ECE: 0.0566
====> Epoch: 9 Train loss: 0.5160  Val  loss: 0.5856 Val acc: 0.7974 Val ECE: 0.0392 Test acc: 0.7932 Test ECE: 0.0436
====> Epoch: 10 Train loss: 0.4757  Val  loss: 0.5514 Val acc: 0.8196 Val ECE: 0.0487 Test acc: 0.8110 Test ECE: 0.0518
====> Epoch: 11 Train loss: 0.4539  Val  loss: 0.5023 Val acc: 0.8312 Val ECE: 0.0273 Test acc: 0.8258 Test ECE: 0.0314
====> Epoch: 12 Train loss: 0.4268  Val  loss: 0.4800 Val acc: 0.8352 Val ECE: 0.0352 Test acc: 0.8298 Test ECE: 0.0420
====> Epoch: 13 Train loss: 0.4021  Val  loss: 0.4652 Val acc: 0.8436 Val ECE: 0.0366 Test acc: 0.8425 Test ECE: 0.0359
====> Epoch: 14 Train loss: 0.3846  Val  loss: 0.5142 Val acc: 0.8280 Val ECE: 0.0521 Test acc: 0.8343 Test ECE: 0.0481
====> Epoch: 15 Train loss: 0.3658  Val  loss: 0.5093 Val acc: 0.8292 Val ECE: 0.0492 Test acc: 0.8294 Test ECE: 0.0512
====> Epoch: 16 Train loss: 0.3456  Val  loss: 0.5038 Val acc: 0.8358 Val ECE: 0.0588 Test acc: 0.8368 Test ECE: 0.0562
====> Epoch: 17 Train loss: 0.3304  Val  loss: 0.5514 Val acc: 0.8250 Val ECE: 0.0679 Test acc: 0.8316 Test ECE: 0.0603
====> Epoch: 18 Train loss: 0.3214  Val  loss: 0.5359 Val acc: 0.8374 Val ECE: 0.0658 Test acc: 0.8340 Test ECE: 0.0670
====> Epoch: 19 Train loss: 0.3043  Val  loss: 0.5004 Val acc: 0.8388 Val ECE: 0.0583 Test acc: 0.8337 Test ECE: 0.0633
====> Epoch: 20 Train loss: 0.2952  Val  loss: 0.4584 Val acc: 0.8604 Val ECE: 0.0472 Test acc: 0.8498 Test ECE: 0.0539
====> Epoch: 21 Train loss: 0.2807  Val  loss: 0.3801 Val acc: 0.8772 Val ECE: 0.0376 Test acc: 0.8753 Test ECE: 0.0354
====> Epoch: 22 Train loss: 0.2725  Val  loss: 0.4539 Val acc: 0.8586 Val ECE: 0.0542 Test acc: 0.8636 Test ECE: 0.0500
====> Epoch: 23 Train loss: 0.2658  Val  loss: 0.4537 Val acc: 0.8584 Val ECE: 0.0582 Test acc: 0.8570 Test ECE: 0.0546
====> Epoch: 24 Train loss: 0.2530  Val  loss: 0.3898 Val acc: 0.8786 Val ECE: 0.0400 Test acc: 0.8751 Test ECE: 0.0423
====> Epoch: 25 Train loss: 0.2401  Val  loss: 0.4510 Val acc: 0.8572 Val ECE: 0.0619 Test acc: 0.8574 Test ECE: 0.0604
====> Epoch: 26 Train loss: 0.2379  Val  loss: 0.3727 Val acc: 0.8820 Val ECE: 0.0378 Test acc: 0.8757 Test ECE: 0.0434
====> Epoch: 27 Train loss: 0.2329  Val  loss: 0.4871 Val acc: 0.8546 Val ECE: 0.0642 Test acc: 0.8605 Test ECE: 0.0605
====> Epoch: 28 Train loss: 0.2272  Val  loss: 0.4812 Val acc: 0.8608 Val ECE: 0.0567 Test acc: 0.8567 Test ECE: 0.0599
====> Epoch: 29 Train loss: 0.2190  Val  loss: 0.4103 Val acc: 0.8708 Val ECE: 0.0467 Test acc: 0.8670 Test ECE: 0.0491
====> Epoch: 30 Train loss: 0.2098  Val  loss: 0.4861 Val acc: 0.8520 Val ECE: 0.0566 Test acc: 0.8503 Test ECE: 0.0554
====> Epoch: 31 Train loss: 0.2128  Val  loss: 0.3855 Val acc: 0.8824 Val ECE: 0.0480 Test acc: 0.8823 Test ECE: 0.0434
====> Epoch: 32 Train loss: 0.2041  Val  loss: 0.3986 Val acc: 0.8758 Val ECE: 0.0510 Test acc: 0.8798 Test ECE: 0.0507
====> Epoch: 33 Train loss: 0.1986  Val  loss: 0.4130 Val acc: 0.8728 Val ECE: 0.0527 Test acc: 0.8647 Test ECE: 0.0602
====> Epoch: 34 Train loss: 0.1978  Val  loss: 0.3536 Val acc: 0.8840 Val ECE: 0.0509 Test acc: 0.8886 Test ECE: 0.0449
====> Epoch: 35 Train loss: 0.1895  Val  loss: 0.4960 Val acc: 0.8570 Val ECE: 0.0746 Test acc: 0.8591 Test ECE: 0.0732
PF_fix round 1
fix fc parameters
====> Epoch: 36 Train loss: 0.1877  Val  loss: 0.4078 Val acc: 0.8824 Val ECE: 0.0519 Test acc: 0.8810 Test ECE: 0.0500
PF_fix round 2
fix fc parameters
fix layer4 parameters
====> Epoch: 37 Train loss: 0.1685  Val  loss: 0.3996 Val acc: 0.8752 Val ECE: 0.0508 Test acc: 0.8746 Test ECE: 0.0488
====> Epoch: 38 Train loss: 0.1609  Val  loss: 0.3051 Val acc: 0.8980 Val ECE: 0.0296 Test acc: 0.8922 Test ECE: 0.0379
====> Epoch: 39 Train loss: 0.1572  Val  loss: 0.3835 Val acc: 0.8730 Val ECE: 0.0453 Test acc: 0.8736 Test ECE: 0.0452
====> Epoch: 40 Train loss: 0.1539  Val  loss: 0.3360 Val acc: 0.8940 Val ECE: 0.0322 Test acc: 0.8913 Test ECE: 0.0334
====> Epoch: 41 Train loss: 0.1487  Val  loss: 0.3498 Val acc: 0.8878 Val ECE: 0.0341 Test acc: 0.8863 Test ECE: 0.0302
====> Epoch: 42 Train loss: 0.1449  Val  loss: 0.3044 Val acc: 0.9012 Val ECE: 0.0263 Test acc: 0.8887 Test ECE: 0.0335
====> Epoch: 43 Train loss: 0.1385  Val  loss: 0.2852 Val acc: 0.9046 Val ECE: 0.0222 Test acc: 0.9016 Test ECE: 0.0240
====> Epoch: 44 Train loss: 0.1381  Val  loss: 0.3275 Val acc: 0.8930 Val ECE: 0.0276 Test acc: 0.8888 Test ECE: 0.0273
====> Epoch: 45 Train loss: 0.1343  Val  loss: 0.3054 Val acc: 0.9018 Val ECE: 0.0228 Test acc: 0.8996 Test ECE: 0.0245
====> Epoch: 46 Train loss: 0.1346  Val  loss: 0.3023 Val acc: 0.9012 Val ECE: 0.0257 Test acc: 0.8902 Test ECE: 0.0325
====> Epoch: 47 Train loss: 0.1346  Val  loss: 0.3053 Val acc: 0.8986 Val ECE: 0.0236 Test acc: 0.8912 Test ECE: 0.0283
====> Epoch: 48 Train loss: 0.1302  Val  loss: 0.3166 Val acc: 0.8978 Val ECE: 0.0288 Test acc: 0.9002 Test ECE: 0.0243
====> Epoch: 49 Train loss: 0.1350  Val  loss: 0.3060 Val acc: 0.8998 Val ECE: 0.0199 Test acc: 0.9005 Test ECE: 0.0195
====> Epoch: 50 Train loss: 0.1351  Val  loss: 0.3017 Val acc: 0.9010 Val ECE: 0.0202 Test acc: 0.8974 Test ECE: 0.0206
====> Epoch: 51 Train loss: 0.1323  Val  loss: 0.3049 Val acc: 0.8984 Val ECE: 0.0192 Test acc: 0.8959 Test ECE: 0.0206
====> Epoch: 52 Train loss: 0.1329  Val  loss: 0.3023 Val acc: 0.8986 Val ECE: 0.0245 Test acc: 0.8997 Test ECE: 0.0241
====> Epoch: 53 Train loss: 0.1369  Val  loss: 0.3073 Val acc: 0.9010 Val ECE: 0.0239 Test acc: 0.8983 Test ECE: 0.0241
====> Epoch: 54 Train loss: 0.1357  Val  loss: 0.3193 Val acc: 0.9010 Val ECE: 0.0214 Test acc: 0.9000 Test ECE: 0.0182
====> Epoch: 55 Train loss: 0.1428  Val  loss: 0.4216 Val acc: 0.8670 Val ECE: 0.0514 Test acc: 0.8665 Test ECE: 0.0497
====> Epoch: 56 Train loss: 0.1395  Val  loss: 0.3170 Val acc: 0.8934 Val ECE: 0.0265 Test acc: 0.9031 Test ECE: 0.0172
PF_fix round 3
fix fc parameters
fix layer4 parameters
fix layer3 parameters
====> Epoch: 57 Train loss: 0.1634  Val  loss: 0.3100 Val acc: 0.8972 Val ECE: 0.0112 Test acc: 0.8976 Test ECE: 0.0103
====> Epoch: 58 Train loss: 0.1576  Val  loss: 0.3087 Val acc: 0.8978 Val ECE: 0.0137 Test acc: 0.8967 Test ECE: 0.0080
====> Epoch: 59 Train loss: 0.1603  Val  loss: 0.2989 Val acc: 0.9040 Val ECE: 0.0195 Test acc: 0.9013 Test ECE: 0.0149
====> Epoch: 60 Train loss: 0.1677  Val  loss: 0.3017 Val acc: 0.9008 Val ECE: 0.0255 Test acc: 0.9099 Test ECE: 0.0286
====> Epoch: 61 Train loss: 0.1743  Val  loss: 0.2937 Val acc: 0.9100 Val ECE: 0.0382 Test acc: 0.9143 Test ECE: 0.0408
====> Epoch: 62 Train loss: 0.1944  Val  loss: 0.2893 Val acc: 0.9224 Val ECE: 0.0672 Test acc: 0.9173 Test ECE: 0.0620
====> Epoch: 63 Train loss: 0.2114  Val  loss: 0.3065 Val acc: 0.9190 Val ECE: 0.0829 Test acc: 0.9209 Test ECE: 0.0830
====> Epoch: 64 Train loss: 0.2357  Val  loss: 0.3182 Val acc: 0.9182 Val ECE: 0.0931 Test acc: 0.9242 Test ECE: 0.0978
====> Epoch: 65 Train loss: 0.2652  Val  loss: 0.3563 Val acc: 0.9112 Val ECE: 0.1126 Test acc: 0.9164 Test ECE: 0.1183
====> Epoch: 66 Train loss: 0.2973  Val  loss: 0.3627 Val acc: 0.9224 Val ECE: 0.1430 Test acc: 0.9181 Test ECE: 0.1386
====> Epoch: 67 Train loss: 0.3344  Val  loss: 0.3984 Val acc: 0.9240 Val ECE: 0.1742 Test acc: 0.9195 Test ECE: 0.1669
====> Epoch: 68 Train loss: 0.3763  Val  loss: 0.4405 Val acc: 0.9178 Val ECE: 0.1959 Test acc: 0.9171 Test ECE: 0.1953
====> Epoch: 69 Train loss: 0.4218  Val  loss: 0.4766 Val acc: 0.9198 Val ECE: 0.2287 Test acc: 0.9236 Test ECE: 0.2311
====> Epoch: 70 Train loss: 0.4732  Val  loss: 0.5205 Val acc: 0.9168 Val ECE: 0.2577 Test acc: 0.9209 Test ECE: 0.2606
====> Epoch: 71 Train loss: 0.5258  Val  loss: 0.5796 Val acc: 0.9116 Val ECE: 0.2896 Test acc: 0.9184 Test ECE: 0.2935
====> Epoch: 72 Train loss: 0.5850  Val  loss: 0.6292 Val acc: 0.9140 Val ECE: 0.3231 Test acc: 0.9160 Test ECE: 0.3230
====> Epoch: 73 Train loss: 0.6446  Val  loss: 0.6803 Val acc: 0.9182 Val ECE: 0.3605 Test acc: 0.9173 Test ECE: 0.3592
====> Epoch: 74 Train loss: 0.7098  Val  loss: 0.7322 Val acc: 0.9210 Val ECE: 0.3965 Test acc: 0.9221 Test ECE: 0.3971
====> Epoch: 75 Train loss: 0.7762  Val  loss: 0.7853 Val acc: 0.9196 Val ECE: 0.4236 Test acc: 0.9193 Test ECE: 0.4236
====> Epoch: 76 Train loss: 0.8418  Val  loss: 0.8695 Val acc: 0.9146 Val ECE: 0.4594 Test acc: 0.9130 Test ECE: 0.4572
====> Epoch: 77 Train loss: 0.9094  Val  loss: 0.9328 Val acc: 0.9062 Val ECE: 0.4781 Test acc: 0.9142 Test ECE: 0.4863
====> Epoch: 78 Train loss: 0.9797  Val  loss: 1.0147 Val acc: 0.9098 Val ECE: 0.5187 Test acc: 0.9062 Test ECE: 0.5149
====> Epoch: 79 Train loss: 1.0471  Val  loss: 1.0645 Val acc: 0.9058 Val ECE: 0.5341 Test acc: 0.9102 Test ECE: 0.5388
====> Epoch: 80 Train loss: 1.1155  Val  loss: 1.1267 Val acc: 0.9154 Val ECE: 0.5700 Test acc: 0.9125 Test ECE: 0.5672
====> Epoch: 81 Train loss: 1.1824  Val  loss: 1.1937 Val acc: 0.9170 Val ECE: 0.5951 Test acc: 0.9109 Test ECE: 0.5895
====> Epoch: 82 Train loss: 1.2469  Val  loss: 1.2561 Val acc: 0.9182 Val ECE: 0.6170 Test acc: 0.9159 Test ECE: 0.6151
====> Epoch: 83 Train loss: 1.3115  Val  loss: 1.3249 Val acc: 0.9022 Val ECE: 0.6206 Test acc: 0.9071 Test ECE: 0.6251
====> Epoch: 84 Train loss: 1.3749  Val  loss: 1.3881 Val acc: 0.9082 Val ECE: 0.6456 Test acc: 0.9118 Test ECE: 0.6484
====> Epoch: 85 Train loss: 1.4357  Val  loss: 1.4567 Val acc: 0.9086 Val ECE: 0.6651 Test acc: 0.9054 Test ECE: 0.6615
====> Epoch: 86 Train loss: 1.4955  Val  loss: 1.5019 Val acc: 0.9056 Val ECE: 0.6735 Test acc: 0.9098 Test ECE: 0.6773
====> Epoch: 87 Train loss: 1.5512  Val  loss: 1.5681 Val acc: 0.8998 Val ECE: 0.6822 Test acc: 0.8971 Test ECE: 0.6798
====> Epoch: 88 Train loss: 1.6056  Val  loss: 1.6176 Val acc: 0.9044 Val ECE: 0.6987 Test acc: 0.9006 Test ECE: 0.6954
====> Epoch: 89 Train loss: 1.6557  Val  loss: 1.6682 Val acc: 0.9014 Val ECE: 0.7062 Test acc: 0.9017 Test ECE: 0.7066
====> Epoch: 90 Train loss: 1.7059  Val  loss: 1.7171 Val acc: 0.8956 Val ECE: 0.7101 Test acc: 0.9025 Test ECE: 0.7169
====> Epoch: 91 Train loss: 1.7529  Val  loss: 1.7651 Val acc: 0.8918 Val ECE: 0.7153 Test acc: 0.8882 Test ECE: 0.7116
====> Epoch: 92 Train loss: 1.7981  Val  loss: 1.8154 Val acc: 0.8984 Val ECE: 0.7314 Test acc: 0.8943 Test ECE: 0.7274
====> Epoch: 93 Train loss: 1.8390  Val  loss: 1.8518 Val acc: 0.9022 Val ECE: 0.7417 Test acc: 0.8958 Test ECE: 0.7353
====> Epoch: 94 Train loss: 1.8796  Val  loss: 1.8892 Val acc: 0.9012 Val ECE: 0.7469 Test acc: 0.9010 Test ECE: 0.7466
====> Epoch: 95 Train loss: 1.9171  Val  loss: 1.9267 Val acc: 0.8948 Val ECE: 0.7463 Test acc: 0.8919 Test ECE: 0.7432
====> Epoch: 96 Train loss: 1.9517  Val  loss: 1.9626 Val acc: 0.8898 Val ECE: 0.7467 Test acc: 0.8910 Test ECE: 0.7479
====> Epoch: 97 Train loss: 1.9845  Val  loss: 1.9881 Val acc: 0.8918 Val ECE: 0.7526 Test acc: 0.8934 Test ECE: 0.7542
====> Epoch: 98 Train loss: 2.0147  Val  loss: 2.0221 Val acc: 0.8848 Val ECE: 0.7504 Test acc: 0.8900 Test ECE: 0.7555
====> Epoch: 99 Train loss: 2.0433  Val  loss: 2.0464 Val acc: 0.8860 Val ECE: 0.7550 Test acc: 0.8865 Test ECE: 0.7555
====> Epoch: 100 Train loss: 2.0693  Val  loss: 2.0695 Val acc: 0.8782 Val ECE: 0.7503 Test acc: 0.8789 Test ECE: 0.7509
====> Epoch: 101 Train loss: 2.0927  Val  loss: 2.0992 Val acc: 0.8796 Val ECE: 0.7556 Test acc: 0.8791 Test ECE: 0.7550
====> Epoch: 102 Train loss: 2.1148  Val  loss: 2.1177 Val acc: 0.8740 Val ECE: 0.7524 Test acc: 0.8701 Test ECE: 0.7485
====> Epoch: 103 Train loss: 2.1347  Val  loss: 2.1385 Val acc: 0.8680 Val ECE: 0.7490 Test acc: 0.8695 Test ECE: 0.7505
====> Epoch: 104 Train loss: 2.1527  Val  loss: 2.1520 Val acc: 0.8596 Val ECE: 0.7422 Test acc: 0.8601 Test ECE: 0.7427
====> Epoch: 105 Train loss: 2.1690  Val  loss: 2.1719 Val acc: 0.8740 Val ECE: 0.7592 Test acc: 0.8683 Test ECE: 0.7536
====> Epoch: 106 Train loss: 2.1842  Val  loss: 2.1844 Val acc: 0.8478 Val ECE: 0.7343 Test acc: 0.8483 Test ECE: 0.7348
====> Epoch: 107 Train loss: 2.1971  Val  loss: 2.1985 Val acc: 0.8032 Val ECE: 0.6912 Test acc: 0.8058 Test ECE: 0.6938
====> Epoch: 108 Train loss: 2.2089  Val  loss: 2.2070 Val acc: 0.8292 Val ECE: 0.7184 Test acc: 0.8236 Test ECE: 0.7129
====> Epoch: 109 Train loss: 2.2191  Val  loss: 2.2220 Val acc: 0.7128 Val ECE: 0.6032 Test acc: 0.7184 Test ECE: 0.6089
====> Epoch: 110 Train loss: 2.2282  Val  loss: 2.2299 Val acc: 0.6514 Val ECE: 0.5426 Test acc: 0.6546 Test ECE: 0.5458
====> Epoch: 111 Train loss: 2.2366  Val  loss: 2.2362 Val acc: 0.6402 Val ECE: 0.5324 Test acc: 0.6410 Test ECE: 0.5332
====> Epoch: 112 Train loss: 2.2441  Val  loss: 2.2438 Val acc: 0.5882 Val ECE: 0.4810 Test acc: 0.5892 Test ECE: 0.4820
====> Epoch: 113 Train loss: 2.2507  Val  loss: 2.2505 Val acc: 0.5566 Val ECE: 0.4500 Test acc: 0.5650 Test ECE: 0.4584
====> Epoch: 114 Train loss: 2.2569  Val  loss: 2.2568 Val acc: 0.5256 Val ECE: 0.4194 Test acc: 0.5276 Test ECE: 0.4214
====> Epoch: 115 Train loss: 2.2625  Val  loss: 2.2617 Val acc: 0.4842 Val ECE: 0.3784 Test acc: 0.4918 Test ECE: 0.3860
====> Epoch: 116 Train loss: 2.2674  Val  loss: 2.2671 Val acc: 0.4320 Val ECE: 0.3266 Test acc: 0.4324 Test ECE: 0.3270
====> Epoch: 117 Train loss: 2.2720  Val  loss: 2.2714 Val acc: 0.3534 Val ECE: 0.2484 Test acc: 0.3567 Test ECE: 0.2517
====> Epoch: 118 Train loss: 2.2760  Val  loss: 2.2770 Val acc: 0.2958 Val ECE: 0.1911 Test acc: 0.3004 Test ECE: 0.1957
====> Epoch: 119 Train loss: 2.2796  Val  loss: 2.2801 Val acc: 0.2522 Val ECE: 0.1477 Test acc: 0.2494 Test ECE: 0.1450
====> Epoch: 120 Train loss: 2.2828  Val  loss: 2.2828 Val acc: 0.2360 Val ECE: 0.1317 Test acc: 0.2265 Test ECE: 0.1222
====> Epoch: 121 Train loss: 2.2856  Val  loss: 2.2857 Val acc: 0.2030 Val ECE: 0.0989 Test acc: 0.1968 Test ECE: 0.0928
====> Epoch: 122 Train loss: 2.2881  Val  loss: 2.2884 Val acc: 0.1612 Val ECE: 0.0573 Test acc: 0.1602 Test ECE: 0.0563
====> Epoch: 123 Train loss: 2.2903  Val  loss: 2.2898 Val acc: 0.1584 Val ECE: 0.0546 Test acc: 0.1595 Test ECE: 0.0557
====> Epoch: 124 Train loss: 2.2922  Val  loss: 2.2923 Val acc: 0.1356 Val ECE: 0.0320 Test acc: 0.1377 Test ECE: 0.0341
====> Epoch: 125 Train loss: 2.2937  Val  loss: 2.2941 Val acc: 0.1278 Val ECE: 0.0243 Test acc: 0.1286 Test ECE: 0.0251
====> Epoch: 126 Train loss: 2.2950  Val  loss: 2.2948 Val acc: 0.1058 Val ECE: 0.0024 Test acc: 0.1111 Test ECE: 0.0077
====> Epoch: 127 Train loss: 2.2960  Val  loss: 2.2960 Val acc: 0.1084 Val ECE: 0.0052 Test acc: 0.1133 Test ECE: 0.0101
====> Epoch: 128 Train loss: 2.2970  Val  loss: 2.2975 Val acc: 0.0994 Val ECE: 0.0037 Test acc: 0.1047 Test ECE: 0.0016
====> Epoch: 129 Train loss: 2.2977  Val  loss: 2.2980 Val acc: 0.1034 Val ECE: 0.0004 Test acc: 0.1088 Test ECE: 0.0058
====> Epoch: 130 Train loss: 2.2984  Val  loss: 2.2982 Val acc: 0.0978 Val ECE: 0.0051 Test acc: 0.1048 Test ECE: 0.0019
====> Epoch: 131 Train loss: 2.2990  Val  loss: 2.2988 Val acc: 0.0948 Val ECE: 0.0080 Test acc: 0.1003 Test ECE: 0.0025
====> Epoch: 132 Train loss: 2.2995  Val  loss: 2.2997 Val acc: 0.0950 Val ECE: 0.0077 Test acc: 0.1000 Test ECE: 0.0027
====> Epoch: 133 Train loss: 2.3000  Val  loss: 2.2998 Val acc: 0.0948 Val ECE: 0.0078 Test acc: 0.1000 Test ECE: 0.0026
====> Epoch: 134 Train loss: 2.3004  Val  loss: 2.3002 Val acc: 0.0948 Val ECE: 0.0077 Test acc: 0.1000 Test ECE: 0.0025
====> Epoch: 135 Train loss: 2.3007  Val  loss: 2.3006 Val acc: 0.0948 Val ECE: 0.0076 Test acc: 0.1000 Test ECE: 0.0024
====> Epoch: 136 Train loss: 2.3010  Val  loss: 2.3008 Val acc: 0.0948 Val ECE: 0.0075 Test acc: 0.1000 Test ECE: 0.0023
====> Epoch: 137 Train loss: 2.3012  Val  loss: 2.3010 Val acc: 0.0948 Val ECE: 0.0075 Test acc: 0.1000 Test ECE: 0.0023
====> Epoch: 138 Train loss: 2.3014  Val  loss: 2.3013 Val acc: 0.0948 Val ECE: 0.0074 Test acc: 0.1000 Test ECE: 0.0022
====> Epoch: 139 Train loss: 2.3016  Val  loss: 2.3015 Val acc: 0.0948 Val ECE: 0.0073 Test acc: 0.1000 Test ECE: 0.0021
====> Epoch: 140 Train loss: 2.3018  Val  loss: 2.3017 Val acc: 0.0948 Val ECE: 0.0072 Test acc: 0.1000 Test ECE: 0.0020
====> Epoch: 141 Train loss: 2.3019  Val  loss: 2.3018 Val acc: 0.0948 Val ECE: 0.0071 Test acc: 0.1000 Test ECE: 0.0019
====> Epoch: 142 Train loss: 2.3020  Val  loss: 2.3020 Val acc: 0.0948 Val ECE: 0.0071 Test acc: 0.1000 Test ECE: 0.0019
====> Epoch: 143 Train loss: 2.3021  Val  loss: 2.3020 Val acc: 0.0948 Val ECE: 0.0070 Test acc: 0.1000 Test ECE: 0.0018
====> Epoch: 144 Train loss: 2.3022  Val  loss: 2.3021 Val acc: 0.0948 Val ECE: 0.0069 Test acc: 0.1000 Test ECE: 0.0017
====> Epoch: 145 Train loss: 2.3023  Val  loss: 2.3022 Val acc: 0.0948 Val ECE: 0.0069 Test acc: 0.1000 Test ECE: 0.0017
====> Epoch: 146 Train loss: 2.3024  Val  loss: 2.3023 Val acc: 0.0948 Val ECE: 0.0068 Test acc: 0.1000 Test ECE: 0.0016
====> Epoch: 147 Train loss: 2.3024  Val  loss: 2.3024 Val acc: 0.0948 Val ECE: 0.0068 Test acc: 0.1000 Test ECE: 0.0016
====> Epoch: 148 Train loss: 2.3024  Val  loss: 2.3024 Val acc: 0.0948 Val ECE: 0.0067 Test acc: 0.1000 Test ECE: 0.0015
====> Epoch: 149 Train loss: 2.3025  Val  loss: 2.3024 Val acc: 0.0948 Val ECE: 0.0067 Test acc: 0.1000 Test ECE: 0.0015
====> Epoch: 150 Train loss: 2.3025  Val  loss: 2.3024 Val acc: 0.0948 Val ECE: 0.0067 Test acc: 0.1000 Test ECE: 0.0015
====> Epoch: 151 Train loss: 2.3025  Val  loss: 2.3024 Val acc: 0.0948 Val ECE: 0.0066 Test acc: 0.1000 Test ECE: 0.0014
====> Epoch: 152 Train loss: 2.3025  Val  loss: 2.3024 Val acc: 0.0948 Val ECE: 0.0066 Test acc: 0.1000 Test ECE: 0.0014
====> Epoch: 153 Train loss: 2.3025  Val  loss: 2.3024 Val acc: 0.0948 Val ECE: 0.0066 Test acc: 0.1000 Test ECE: 0.0014
====> Epoch: 154 Train loss: 2.3025  Val  loss: 2.3024 Val acc: 0.0948 Val ECE: 0.0066 Test acc: 0.1000 Test ECE: 0.0014
====> Epoch: 155 Train loss: 2.3025  Val  loss: 2.3024 Val acc: 0.0948 Val ECE: 0.0066 Test acc: 0.1000 Test ECE: 0.0014
====> Epoch: 156 Train loss: 2.3025  Val  loss: 2.3024 Val acc: 0.0948 Val ECE: 0.0066 Test acc: 0.1000 Test ECE: 0.0014
====> Epoch: 157 Train loss: 2.3025  Val  loss: 2.3024 Val acc: 0.0948 Val ECE: 0.0066 Test acc: 0.1000 Test ECE: 0.0014
====> Epoch: 158 Train loss: 2.3025  Val  loss: 2.3024 Val acc: 0.0948 Val ECE: 0.0066 Test acc: 0.1000 Test ECE: 0.0014
====> Epoch: 159 Train loss: 2.3025  Val  loss: 2.3024 Val acc: 0.0948 Val ECE: 0.0066 Test acc: 0.1000 Test ECE: 0.0014
====> Epoch: 160 Train loss: 2.3025  Val  loss: 2.3024 Val acc: 0.0948 Val ECE: 0.0066 Test acc: 0.1000 Test ECE: 0.0014
====> Epoch: 161 Train loss: 2.3025  Val  loss: 2.3025 Val acc: 0.0948 Val ECE: 0.0066 Test acc: 0.1000 Test ECE: 0.0014
====> Epoch: 162 Train loss: 2.3025  Val  loss: 2.3025 Val acc: 0.0948 Val ECE: 0.0066 Test acc: 0.1000 Test ECE: 0.0014
====> Epoch: 163 Train loss: 2.3025  Val  loss: 2.3025 Val acc: 0.0948 Val ECE: 0.0066 Test acc: 0.1000 Test ECE: 0.0014
====> Epoch: 164 Train loss: 2.3025  Val  loss: 2.3025 Val acc: 0.0948 Val ECE: 0.0066 Test acc: 0.1000 Test ECE: 0.0014
====> Epoch: 165 Train loss: 2.3025  Val  loss: 2.3025 Val acc: 0.0948 Val ECE: 0.0066 Test acc: 0.1000 Test ECE: 0.0014
====> Epoch: 166 Train loss: 2.3025  Val  loss: 2.3025 Val acc: 0.0948 Val ECE: 0.0066 Test acc: 0.1000 Test ECE: 0.0014
====> Epoch: 167 Train loss: 2.3025  Val  loss: 2.3025 Val acc: 0.0948 Val ECE: 0.0066 Test acc: 0.1000 Test ECE: 0.0014
====> Epoch: 168 Train loss: 2.3025  Val  loss: 2.3025 Val acc: 0.0948 Val ECE: 0.0066 Test acc: 0.1000 Test ECE: 0.0014
====> Epoch: 169 Train loss: 2.3025  Val  loss: 2.3025 Val acc: 0.0948 Val ECE: 0.0066 Test acc: 0.1000 Test ECE: 0.0014
====> Epoch: 170 Train loss: 2.3025  Val  loss: 2.3025 Val acc: 0.0948 Val ECE: 0.0066 Test acc: 0.1000 Test ECE: 0.0014
====> Epoch: 171 Train loss: 2.3025  Val  loss: 2.3025 Val acc: 0.0948 Val ECE: 0.0065 Test acc: 0.1000 Test ECE: 0.0013
====> Epoch: 172 Train loss: 2.3025  Val  loss: 2.3025 Val acc: 0.0948 Val ECE: 0.0065 Test acc: 0.1000 Test ECE: 0.0013
====> Epoch: 173 Train loss: 2.3025  Val  loss: 2.3025 Val acc: 0.0948 Val ECE: 0.0065 Test acc: 0.1000 Test ECE: 0.0013
====> Epoch: 174 Train loss: 2.3025  Val  loss: 2.3025 Val acc: 0.0948 Val ECE: 0.0065 Test acc: 0.1000 Test ECE: 0.0013
====> Epoch: 175 Train loss: 2.3025  Val  loss: 2.3025 Val acc: 0.0948 Val ECE: 0.0065 Test acc: 0.1000 Test ECE: 0.0013
====> Epoch: 176 Train loss: 2.3025  Val  loss: 2.3025 Val acc: 0.0948 Val ECE: 0.0065 Test acc: 0.1000 Test ECE: 0.0013
====> Epoch: 177 Train loss: 2.3026  Val  loss: 2.3025 Val acc: 0.0948 Val ECE: 0.0065 Test acc: 0.1000 Test ECE: 0.0013
====> Epoch: 178 Train loss: 2.3026  Val  loss: 2.3025 Val acc: 0.0948 Val ECE: 0.0065 Test acc: 0.1000 Test ECE: 0.0013
====> Epoch: 179 Train loss: 2.3026  Val  loss: 2.3025 Val acc: 0.0948 Val ECE: 0.0065 Test acc: 0.1000 Test ECE: 0.0013
====> Epoch: 180 Train loss: 2.3026  Val  loss: 2.3025 Val acc: 0.0948 Val ECE: 0.0065 Test acc: 0.1000 Test ECE: 0.0013
====> Epoch: 181 Train loss: 2.3026  Val  loss: 2.3025 Val acc: 0.0948 Val ECE: 0.0065 Test acc: 0.1000 Test ECE: 0.0013
====> Epoch: 182 Train loss: 2.3026  Val  loss: 2.3025 Val acc: 0.0948 Val ECE: 0.0065 Test acc: 0.1000 Test ECE: 0.0013
====> Epoch: 183 Train loss: 2.3026  Val  loss: 2.3025 Val acc: 0.0948 Val ECE: 0.0065 Test acc: 0.1000 Test ECE: 0.0013
====> Epoch: 184 Train loss: 2.3026  Val  loss: 2.3025 Val acc: 0.0948 Val ECE: 0.0065 Test acc: 0.1000 Test ECE: 0.0013
====> Epoch: 185 Train loss: 2.3026  Val  loss: 2.3025 Val acc: 0.0948 Val ECE: 0.0065 Test acc: 0.1000 Test ECE: 0.0013
====> Epoch: 186 Train loss: 2.3026  Val  loss: 2.3025 Val acc: 0.0948 Val ECE: 0.0065 Test acc: 0.1000 Test ECE: 0.0013
====> Epoch: 187 Train loss: 2.3026  Val  loss: 2.3025 Val acc: 0.0948 Val ECE: 0.0065 Test acc: 0.1000 Test ECE: 0.0013
====> Epoch: 188 Train loss: 2.3026  Val  loss: 2.3025 Val acc: 0.0948 Val ECE: 0.0065 Test acc: 0.1000 Test ECE: 0.0013
====> Epoch: 189 Train loss: 2.3026  Val  loss: 2.3025 Val acc: 0.0948 Val ECE: 0.0065 Test acc: 0.1000 Test ECE: 0.0013
====> Epoch: 190 Train loss: 2.3026  Val  loss: 2.3025 Val acc: 0.0948 Val ECE: 0.0065 Test acc: 0.1000 Test ECE: 0.0013
====> Epoch: 191 Train loss: 2.3026  Val  loss: 2.3025 Val acc: 0.0948 Val ECE: 0.0065 Test acc: 0.1000 Test ECE: 0.0013
====> Epoch: 192 Train loss: 2.3026  Val  loss: 2.3025 Val acc: 0.0948 Val ECE: 0.0065 Test acc: 0.1000 Test ECE: 0.0013
====> Epoch: 193 Train loss: 2.3026  Val  loss: 2.3025 Val acc: 0.0948 Val ECE: 0.0064 Test acc: 0.1000 Test ECE: 0.0012
====> Epoch: 194 Train loss: 2.3026  Val  loss: 2.3025 Val acc: 0.0948 Val ECE: 0.0064 Test acc: 0.1000 Test ECE: 0.0012
====> Epoch: 195 Train loss: 2.3026  Val  loss: 2.3025 Val acc: 0.0948 Val ECE: 0.0064 Test acc: 0.1000 Test ECE: 0.0012
====> Epoch: 196 Train loss: 2.3026  Val  loss: 2.3025 Val acc: 0.0948 Val ECE: 0.0064 Test acc: 0.1000 Test ECE: 0.0012
====> Epoch: 197 Train loss: 2.3026  Val  loss: 2.3025 Val acc: 0.0948 Val ECE: 0.0064 Test acc: 0.1000 Test ECE: 0.0012
====> Epoch: 198 Train loss: 2.3026  Val  loss: 2.3025 Val acc: 0.0948 Val ECE: 0.0064 Test acc: 0.1000 Test ECE: 0.0012
====> Epoch: 199 Train loss: 2.3026  Val  loss: 2.3025 Val acc: 0.0948 Val ECE: 0.0064 Test acc: 0.1000 Test ECE: 0.0012
====> Epoch: 200 Train loss: 2.3026  Val  loss: 2.3025 Val acc: 0.0948 Val ECE: 0.0064 Test acc: 0.1000 Test ECE: 0.0012
====> Epoch: 201 Train loss: 2.3026  Val  loss: 2.3025 Val acc: 0.0948 Val ECE: 0.0064 Test acc: 0.1000 Test ECE: 0.0012
====> Epoch: 202 Train loss: 2.3026  Val  loss: 2.3025 Val acc: 0.0948 Val ECE: 0.0064 Test acc: 0.1000 Test ECE: 0.0012
====> Epoch: 203 Train loss: 2.3026  Val  loss: 2.3025 Val acc: 0.0948 Val ECE: 0.0064 Test acc: 0.1000 Test ECE: 0.0012
====> Epoch: 204 Train loss: 2.3026  Val  loss: 2.3025 Val acc: 0.0948 Val ECE: 0.0064 Test acc: 0.1000 Test ECE: 0.0012
====> Epoch: 205 Train loss: 2.3026  Val  loss: 2.3025 Val acc: 0.0948 Val ECE: 0.0064 Test acc: 0.1000 Test ECE: 0.0012
====> Epoch: 206 Train loss: 2.3026  Val  loss: 2.3025 Val acc: 0.0948 Val ECE: 0.0064 Test acc: 0.1000 Test ECE: 0.0012
====> Epoch: 207 Train loss: 2.3026  Val  loss: 2.3025 Val acc: 0.0948 Val ECE: 0.0064 Test acc: 0.1000 Test ECE: 0.0012
====> Epoch: 208 Train loss: 2.3026  Val  loss: 2.3025 Val acc: 0.0948 Val ECE: 0.0064 Test acc: 0.1000 Test ECE: 0.0012
====> Epoch: 209 Train loss: 2.3026  Val  loss: 2.3025 Val acc: 0.0948 Val ECE: 0.0064 Test acc: 0.1000 Test ECE: 0.0012
====> Epoch: 210 Train loss: 2.3026  Val  loss: 2.3025 Val acc: 0.0948 Val ECE: 0.0064 Test acc: 0.1000 Test ECE: 0.0012
====> Epoch: 211 Train loss: 2.3026  Val  loss: 2.3025 Val acc: 0.0948 Val ECE: 0.0064 Test acc: 0.1000 Test ECE: 0.0012
====> Epoch: 212 Train loss: 2.3026  Val  loss: 2.3025 Val acc: 0.0948 Val ECE: 0.0064 Test acc: 0.1000 Test ECE: 0.0012
====> Epoch: 213 Train loss: 2.3026  Val  loss: 2.3025 Val acc: 0.0948 Val ECE: 0.0064 Test acc: 0.1000 Test ECE: 0.0012
====> Epoch: 214 Train loss: 2.3026  Val  loss: 2.3025 Val acc: 0.0948 Val ECE: 0.0064 Test acc: 0.1000 Test ECE: 0.0012
====> Epoch: 215 Train loss: 2.3026  Val  loss: 2.3025 Val acc: 0.0948 Val ECE: 0.0064 Test acc: 0.1000 Test ECE: 0.0012
====> Epoch: 216 Train loss: 2.3026  Val  loss: 2.3025 Val acc: 0.0948 Val ECE: 0.0064 Test acc: 0.1000 Test ECE: 0.0012
====> Epoch: 217 Train loss: 2.3026  Val  loss: 2.3025 Val acc: 0.0948 Val ECE: 0.0063 Test acc: 0.1000 Test ECE: 0.0011
====> Epoch: 218 Train loss: 2.3026  Val  loss: 2.3025 Val acc: 0.0948 Val ECE: 0.0063 Test acc: 0.1000 Test ECE: 0.0011
====> Epoch: 219 Train loss: 2.3026  Val  loss: 2.3025 Val acc: 0.0948 Val ECE: 0.0063 Test acc: 0.1000 Test ECE: 0.0011
====> Epoch: 220 Train loss: 2.3026  Val  loss: 2.3025 Val acc: 0.0948 Val ECE: 0.0063 Test acc: 0.1000 Test ECE: 0.0011
====> Epoch: 221 Train loss: 2.3026  Val  loss: 2.3025 Val acc: 0.0948 Val ECE: 0.0063 Test acc: 0.1000 Test ECE: 0.0011
====> Epoch: 222 Train loss: 2.3026  Val  loss: 2.3025 Val acc: 0.0948 Val ECE: 0.0063 Test acc: 0.1000 Test ECE: 0.0011
====> Epoch: 223 Train loss: 2.3026  Val  loss: 2.3025 Val acc: 0.0948 Val ECE: 0.0063 Test acc: 0.1000 Test ECE: 0.0011
====> Epoch: 224 Train loss: 2.3026  Val  loss: 2.3025 Val acc: 0.0948 Val ECE: 0.0063 Test acc: 0.1000 Test ECE: 0.0011
====> Epoch: 225 Train loss: 2.3026  Val  loss: 2.3025 Val acc: 0.0948 Val ECE: 0.0063 Test acc: 0.1000 Test ECE: 0.0011
====> Epoch: 226 Train loss: 2.3026  Val  loss: 2.3025 Val acc: 0.0948 Val ECE: 0.0063 Test acc: 0.1000 Test ECE: 0.0011
====> Epoch: 227 Train loss: 2.3026  Val  loss: 2.3025 Val acc: 0.0948 Val ECE: 0.0063 Test acc: 0.1000 Test ECE: 0.0011
====> Epoch: 228 Train loss: 2.3026  Val  loss: 2.3025 Val acc: 0.0948 Val ECE: 0.0063 Test acc: 0.1000 Test ECE: 0.0011
====> Epoch: 229 Train loss: 2.3026  Val  loss: 2.3025 Val acc: 0.0948 Val ECE: 0.0063 Test acc: 0.1000 Test ECE: 0.0011
====> Epoch: 230 Train loss: 2.3026  Val  loss: 2.3026 Val acc: 0.0948 Val ECE: 0.0063 Test acc: 0.1000 Test ECE: 0.0011
====> Epoch: 231 Train loss: 2.3026  Val  loss: 2.3025 Val acc: 0.0948 Val ECE: 0.0063 Test acc: 0.1000 Test ECE: 0.0011
====> Epoch: 232 Train loss: 2.3026  Val  loss: 2.3025 Val acc: 0.0948 Val ECE: 0.0063 Test acc: 0.1000 Test ECE: 0.0011
====> Epoch: 233 Train loss: 2.3026  Val  loss: 2.3026 Val acc: 0.0948 Val ECE: 0.0063 Test acc: 0.1000 Test ECE: 0.0011
====> Epoch: 234 Train loss: 2.3026  Val  loss: 2.3026 Val acc: 0.0948 Val ECE: 0.0063 Test acc: 0.1000 Test ECE: 0.0011
====> Epoch: 235 Train loss: 2.3026  Val  loss: 2.3026 Val acc: 0.0948 Val ECE: 0.0063 Test acc: 0.1000 Test ECE: 0.0011
====> Epoch: 236 Train loss: 2.3026  Val  loss: 2.3026 Val acc: 0.0948 Val ECE: 0.0063 Test acc: 0.1000 Test ECE: 0.0011
====> Epoch: 237 Train loss: 2.3026  Val  loss: 2.3026 Val acc: 0.0948 Val ECE: 0.0063 Test acc: 0.1000 Test ECE: 0.0011
====> Epoch: 238 Train loss: 2.3026  Val  loss: 2.3026 Val acc: 0.0948 Val ECE: 0.0063 Test acc: 0.1000 Test ECE: 0.0011
====> Epoch: 239 Train loss: 2.3026  Val  loss: 2.3026 Val acc: 0.0948 Val ECE: 0.0063 Test acc: 0.1000 Test ECE: 0.0011
====> Epoch: 240 Train loss: 2.3026  Val  loss: 2.3026 Val acc: 0.0948 Val ECE: 0.0063 Test acc: 0.1000 Test ECE: 0.0011
====> Epoch: 241 Train loss: 2.3026  Val  loss: 2.3026 Val acc: 0.0948 Val ECE: 0.0063 Test acc: 0.1000 Test ECE: 0.0011
====> Epoch: 242 Train loss: 2.3026  Val  loss: 2.3026 Val acc: 0.0948 Val ECE: 0.0062 Test acc: 0.1000 Test ECE: 0.0010
====> Epoch: 243 Train loss: 2.3026  Val  loss: 2.3026 Val acc: 0.0948 Val ECE: 0.0062 Test acc: 0.1000 Test ECE: 0.0010
====> Epoch: 244 Train loss: 2.3026  Val  loss: 2.3026 Val acc: 0.0948 Val ECE: 0.0062 Test acc: 0.1000 Test ECE: 0.0010
====> Epoch: 245 Train loss: 2.3026  Val  loss: 2.3026 Val acc: 0.0948 Val ECE: 0.0062 Test acc: 0.1000 Test ECE: 0.0010
====> Epoch: 246 Train loss: 2.3026  Val  loss: 2.3026 Val acc: 0.0948 Val ECE: 0.0062 Test acc: 0.1000 Test ECE: 0.0010
====> Epoch: 247 Train loss: 2.3026  Val  loss: 2.3026 Val acc: 0.0948 Val ECE: 0.0062 Test acc: 0.1000 Test ECE: 0.0010
====> Epoch: 248 Train loss: 2.3026  Val  loss: 2.3026 Val acc: 0.0948 Val ECE: 0.0062 Test acc: 0.1000 Test ECE: 0.0010
====> Epoch: 249 Train loss: 2.3026  Val  loss: 2.3026 Val acc: 0.0948 Val ECE: 0.0062 Test acc: 0.1000 Test ECE: 0.0010
====> Epoch: 250 Train loss: 2.3026  Val  loss: 2.3026 Val acc: 0.0948 Val ECE: 0.0062 Test acc: 0.1000 Test ECE: 0.0010
====> Epoch: 251 Train loss: 2.3026  Val  loss: 2.3026 Val acc: 0.0948 Val ECE: 0.0062 Test acc: 0.1000 Test ECE: 0.0010
====> Epoch: 252 Train loss: 2.3026  Val  loss: 2.3026 Val acc: 0.0948 Val ECE: 0.0062 Test acc: 0.1000 Test ECE: 0.0010
====> Epoch: 253 Train loss: 2.3026  Val  loss: 2.3026 Val acc: 0.0948 Val ECE: 0.0062 Test acc: 0.1000 Test ECE: 0.0010
====> Epoch: 254 Train loss: 2.3026  Val  loss: 2.3026 Val acc: 0.0948 Val ECE: 0.0062 Test acc: 0.1000 Test ECE: 0.0010
====> Epoch: 255 Train loss: 2.3026  Val  loss: 2.3026 Val acc: 0.0948 Val ECE: 0.0062 Test acc: 0.1000 Test ECE: 0.0010
====> Epoch: 256 Train loss: 2.3026  Val  loss: 2.3026 Val acc: 0.0948 Val ECE: 0.0062 Test acc: 0.1000 Test ECE: 0.0010
====> Epoch: 257 Train loss: 2.3026  Val  loss: 2.3026 Val acc: 0.0948 Val ECE: 0.0062 Test acc: 0.1000 Test ECE: 0.0010
====> Epoch: 258 Train loss: 2.3026  Val  loss: 2.3026 Val acc: 0.0948 Val ECE: 0.0062 Test acc: 0.1000 Test ECE: 0.0010
====> Epoch: 259 Train loss: 2.3026  Val  loss: 2.3026 Val acc: 0.0948 Val ECE: 0.0062 Test acc: 0.1000 Test ECE: 0.0010
====> Epoch: 260 Train loss: 2.3026  Val  loss: 2.3026 Val acc: 0.0948 Val ECE: 0.0062 Test acc: 0.1000 Test ECE: 0.0010
====> Epoch: 261 Train loss: 2.3026  Val  loss: 2.3026 Val acc: 0.0948 Val ECE: 0.0062 Test acc: 0.1000 Test ECE: 0.0010
====> Epoch: 262 Train loss: 2.3026  Val  loss: 2.3026 Val acc: 0.0948 Val ECE: 0.0062 Test acc: 0.1000 Test ECE: 0.0010
====> Epoch: 263 Train loss: 2.3026  Val  loss: 2.3026 Val acc: 0.0948 Val ECE: 0.0062 Test acc: 0.1000 Test ECE: 0.0010
====> Epoch: 264 Train loss: 2.3026  Val  loss: 2.3026 Val acc: 0.0948 Val ECE: 0.0062 Test acc: 0.1000 Test ECE: 0.0010
====> Epoch: 265 Train loss: 2.3026  Val  loss: 2.3026 Val acc: 0.0948 Val ECE: 0.0062 Test acc: 0.1000 Test ECE: 0.0010
====> Epoch: 266 Train loss: 2.3026  Val  loss: 2.3026 Val acc: 0.0948 Val ECE: 0.0062 Test acc: 0.1000 Test ECE: 0.0010
====> Epoch: 267 Train loss: 2.3026  Val  loss: 2.3026 Val acc: 0.0948 Val ECE: 0.0062 Test acc: 0.1000 Test ECE: 0.0010
====> Epoch: 268 Train loss: 2.3026  Val  loss: 2.3026 Val acc: 0.0948 Val ECE: 0.0062 Test acc: 0.1000 Test ECE: 0.0010
====> Epoch: 269 Train loss: 2.3026  Val  loss: 2.3026 Val acc: 0.0948 Val ECE: 0.0062 Test acc: 0.1000 Test ECE: 0.0010
====> Epoch: 270 Train loss: 2.3026  Val  loss: 2.3026 Val acc: 0.0948 Val ECE: 0.0062 Test acc: 0.1000 Test ECE: 0.0010
====> Epoch: 271 Train loss: 2.3026  Val  loss: 2.3026 Val acc: 0.0948 Val ECE: 0.0062 Test acc: 0.1000 Test ECE: 0.0010
====> Epoch: 272 Train loss: 2.3026  Val  loss: 2.3026 Val acc: 0.0948 Val ECE: 0.0062 Test acc: 0.1000 Test ECE: 0.0010
====> Epoch: 273 Train loss: 2.3026  Val  loss: 2.3026 Val acc: 0.0948 Val ECE: 0.0062 Test acc: 0.1000 Test ECE: 0.0010
====> Epoch: 274 Train loss: 2.3026  Val  loss: 2.3026 Val acc: 0.0948 Val ECE: 0.0062 Test acc: 0.1000 Test ECE: 0.0010
====> Epoch: 275 Train loss: 2.3026  Val  loss: 2.3026 Val acc: 0.0948 Val ECE: 0.0062 Test acc: 0.1000 Test ECE: 0.0010
====> Epoch: 276 Train loss: 2.3026  Val  loss: 2.3026 Val acc: 0.0948 Val ECE: 0.0062 Test acc: 0.1000 Test ECE: 0.0010
====> Epoch: 277 Train loss: 2.3026  Val  loss: 2.3026 Val acc: 0.0948 Val ECE: 0.0062 Test acc: 0.1000 Test ECE: 0.0010
====> Epoch: 278 Train loss: 2.3026  Val  loss: 2.3026 Val acc: 0.0948 Val ECE: 0.0062 Test acc: 0.1000 Test ECE: 0.0010
====> Epoch: 279 Train loss: 2.3026  Val  loss: 2.3026 Val acc: 0.0948 Val ECE: 0.0062 Test acc: 0.1000 Test ECE: 0.0010
====> Epoch: 280 Train loss: 2.3026  Val  loss: 2.3026 Val acc: 0.0948 Val ECE: 0.0062 Test acc: 0.1000 Test ECE: 0.0010
====> Epoch: 281 Train loss: 2.3026  Val  loss: 2.3026 Val acc: 0.0948 Val ECE: 0.0062 Test acc: 0.1000 Test ECE: 0.0010
====> Epoch: 282 Train loss: 2.3026  Val  loss: 2.3026 Val acc: 0.0948 Val ECE: 0.0062 Test acc: 0.1000 Test ECE: 0.0010
====> Epoch: 283 Train loss: 2.3026  Val  loss: 2.3026 Val acc: 0.0948 Val ECE: 0.0062 Test acc: 0.1000 Test ECE: 0.0010
====> Epoch: 284 Train loss: 2.3026  Val  loss: 2.3026 Val acc: 0.0948 Val ECE: 0.0062 Test acc: 0.1000 Test ECE: 0.0010
====> Epoch: 285 Train loss: 2.3026  Val  loss: 2.3026 Val acc: 0.0948 Val ECE: 0.0062 Test acc: 0.1000 Test ECE: 0.0010
====> Epoch: 286 Train loss: 2.3026  Val  loss: 2.3026 Val acc: 0.0948 Val ECE: 0.0062 Test acc: 0.1000 Test ECE: 0.0010
====> Epoch: 287 Train loss: 2.3026  Val  loss: 2.3026 Val acc: 0.0948 Val ECE: 0.0062 Test acc: 0.1000 Test ECE: 0.0010
====> Epoch: 288 Train loss: 2.3026  Val  loss: 2.3026 Val acc: 0.0948 Val ECE: 0.0062 Test acc: 0.1000 Test ECE: 0.0010
====> Epoch: 289 Train loss: 2.3026  Val  loss: 2.3026 Val acc: 0.0948 Val ECE: 0.0062 Test acc: 0.1000 Test ECE: 0.0010
====> Epoch: 290 Train loss: 2.3026  Val  loss: 2.3026 Val acc: 0.0948 Val ECE: 0.0062 Test acc: 0.1000 Test ECE: 0.0010
====> Epoch: 291 Train loss: 2.3026  Val  loss: 2.3026 Val acc: 0.0948 Val ECE: 0.0062 Test acc: 0.1000 Test ECE: 0.0010
====> Epoch: 292 Train loss: 2.3026  Val  loss: 2.3026 Val acc: 0.0948 Val ECE: 0.0062 Test acc: 0.1000 Test ECE: 0.0010
====> Epoch: 293 Train loss: 2.3026  Val  loss: 2.3026 Val acc: 0.0948 Val ECE: 0.0062 Test acc: 0.1000 Test ECE: 0.0010
====> Epoch: 294 Train loss: 2.3026  Val  loss: 2.3026 Val acc: 0.0948 Val ECE: 0.0062 Test acc: 0.1000 Test ECE: 0.0010
====> Epoch: 295 Train loss: 2.3026  Val  loss: 2.3026 Val acc: 0.0948 Val ECE: 0.0062 Test acc: 0.1000 Test ECE: 0.0010
====> Epoch: 296 Train loss: 2.3026  Val  loss: 2.3026 Val acc: 0.0948 Val ECE: 0.0062 Test acc: 0.1000 Test ECE: 0.0010
====> Epoch: 297 Train loss: 2.3026  Val  loss: 2.3026 Val acc: 0.0948 Val ECE: 0.0062 Test acc: 0.1000 Test ECE: 0.0010
====> Epoch: 298 Train loss: 2.3026  Val  loss: 2.3026 Val acc: 0.0948 Val ECE: 0.0062 Test acc: 0.1000 Test ECE: 0.0010
====> Epoch: 299 Train loss: 2.3026  Val  loss: 2.3026 Val acc: 0.0948 Val ECE: 0.0062 Test acc: 0.1000 Test ECE: 0.0010
====> Epoch: 300 Train loss: 2.3026  Val  loss: 2.3026 Val acc: 0.0948 Val ECE: 0.0062 Test acc: 0.1000 Test ECE: 0.0010
====> Epoch: 301 Train loss: 2.3026  Val  loss: 2.3026 Val acc: 0.0948 Val ECE: 0.0062 Test acc: 0.1000 Test ECE: 0.0010
====> Epoch: 302 Train loss: 2.3026  Val  loss: 2.3026 Val acc: 0.0948 Val ECE: 0.0062 Test acc: 0.1000 Test ECE: 0.0010
====> Epoch: 303 Train loss: 2.3026  Val  loss: 2.3026 Val acc: 0.0948 Val ECE: 0.0062 Test acc: 0.1000 Test ECE: 0.0010
====> Epoch: 304 Train loss: 2.3026  Val  loss: 2.3026 Val acc: 0.0948 Val ECE: 0.0062 Test acc: 0.1000 Test ECE: 0.0010
====> Epoch: 305 Train loss: 2.3026  Val  loss: 2.3026 Val acc: 0.0948 Val ECE: 0.0062 Test acc: 0.1000 Test ECE: 0.0010
====> Epoch: 306 Train loss: 2.3026  Val  loss: 2.3026 Val acc: 0.0948 Val ECE: 0.0062 Test acc: 0.1000 Test ECE: 0.0010
====> Epoch: 307 Train loss: 2.3026  Val  loss: 2.3026 Val acc: 0.0948 Val ECE: 0.0062 Test acc: 0.1000 Test ECE: 0.0010
====> Epoch: 308 Train loss: 2.3026  Val  loss: 2.3026 Val acc: 0.0948 Val ECE: 0.0062 Test acc: 0.1000 Test ECE: 0.0010
====> Epoch: 309 Train loss: 2.3026  Val  loss: 2.3026 Val acc: 0.0948 Val ECE: 0.0062 Test acc: 0.1000 Test ECE: 0.0010
====> Epoch: 310 Train loss: 2.3026  Val  loss: 2.3026 Val acc: 0.0948 Val ECE: 0.0062 Test acc: 0.1000 Test ECE: 0.0010
====> Epoch: 311 Train loss: 2.3026  Val  loss: 2.3026 Val acc: 0.0948 Val ECE: 0.0062 Test acc: 0.1000 Test ECE: 0.0010
====> Epoch: 312 Train loss: 2.3026  Val  loss: 2.3026 Val acc: 0.0948 Val ECE: 0.0062 Test acc: 0.1000 Test ECE: 0.0010
====> Epoch: 313 Train loss: 2.3026  Val  loss: 2.3026 Val acc: 0.0948 Val ECE: 0.0062 Test acc: 0.1000 Test ECE: 0.0010
====> Epoch: 314 Train loss: 2.3026  Val  loss: 2.3026 Val acc: 0.0948 Val ECE: 0.0062 Test acc: 0.1000 Test ECE: 0.0010
====> Epoch: 315 Train loss: 2.3026  Val  loss: 2.3026 Val acc: 0.0948 Val ECE: 0.0062 Test acc: 0.1000 Test ECE: 0.0010
====> Epoch: 316 Train loss: 2.3026  Val  loss: 2.3026 Val acc: 0.0948 Val ECE: 0.0062 Test acc: 0.1000 Test ECE: 0.0010
====> Epoch: 317 Train loss: 2.3026  Val  loss: 2.3026 Val acc: 0.0948 Val ECE: 0.0062 Test acc: 0.1000 Test ECE: 0.0010
====> Epoch: 318 Train loss: 2.3026  Val  loss: 2.3026 Val acc: 0.0948 Val ECE: 0.0062 Test acc: 0.1000 Test ECE: 0.0010
====> Epoch: 319 Train loss: 2.3026  Val  loss: 2.3026 Val acc: 0.0948 Val ECE: 0.0062 Test acc: 0.1000 Test ECE: 0.0010
====> Epoch: 320 Train loss: 2.3026  Val  loss: 2.3026 Val acc: 0.0948 Val ECE: 0.0062 Test acc: 0.1000 Test ECE: 0.0010
====> Epoch: 321 Train loss: 2.3026  Val  loss: 2.3026 Val acc: 0.0948 Val ECE: 0.0062 Test acc: 0.1000 Test ECE: 0.0010
====> Epoch: 322 Train loss: 2.3026  Val  loss: 2.3026 Val acc: 0.0948 Val ECE: 0.0062 Test acc: 0.1000 Test ECE: 0.0010
====> Epoch: 323 Train loss: 2.3026  Val  loss: 2.3026 Val acc: 0.0948 Val ECE: 0.0062 Test acc: 0.1000 Test ECE: 0.0010
====> Epoch: 324 Train loss: 2.3026  Val  loss: 2.3026 Val acc: 0.0948 Val ECE: 0.0062 Test acc: 0.1000 Test ECE: 0.0010
====> Epoch: 325 Train loss: 2.3026  Val  loss: 2.3026 Val acc: 0.0948 Val ECE: 0.0062 Test acc: 0.1000 Test ECE: 0.0010
====> Epoch: 326 Train loss: 2.3026  Val  loss: 2.3026 Val acc: 0.0948 Val ECE: 0.0062 Test acc: 0.1000 Test ECE: 0.0010
====> Epoch: 327 Train loss: 2.3026  Val  loss: 2.3026 Val acc: 0.0948 Val ECE: 0.0062 Test acc: 0.1000 Test ECE: 0.0010
====> Epoch: 328 Train loss: 2.3026  Val  loss: 2.3026 Val acc: 0.0948 Val ECE: 0.0062 Test acc: 0.1000 Test ECE: 0.0010
====> Epoch: 329 Train loss: 2.3026  Val  loss: 2.3026 Val acc: 0.0948 Val ECE: 0.0062 Test acc: 0.1000 Test ECE: 0.0010
====> Epoch: 330 Train loss: 2.3026  Val  loss: 2.3026 Val acc: 0.0948 Val ECE: 0.0062 Test acc: 0.1000 Test ECE: 0.0010
====> Epoch: 331 Train loss: 2.3026  Val  loss: 2.3026 Val acc: 0.0948 Val ECE: 0.0062 Test acc: 0.1000 Test ECE: 0.0010
====> Epoch: 332 Train loss: 2.3026  Val  loss: 2.3026 Val acc: 0.0948 Val ECE: 0.0062 Test acc: 0.1000 Test ECE: 0.0010
====> Epoch: 333 Train loss: 2.3026  Val  loss: 2.3026 Val acc: 0.0948 Val ECE: 0.0062 Test acc: 0.1000 Test ECE: 0.0010
====> Epoch: 334 Train loss: 2.3026  Val  loss: 2.3026 Val acc: 0.0948 Val ECE: 0.0062 Test acc: 0.1000 Test ECE: 0.0010
====> Epoch: 335 Train loss: 2.3026  Val  loss: 2.3026 Val acc: 0.0948 Val ECE: 0.0062 Test acc: 0.1000 Test ECE: 0.0010
====> Epoch: 336 Train loss: 2.3026  Val  loss: 2.3026 Val acc: 0.0948 Val ECE: 0.0062 Test acc: 0.1000 Test ECE: 0.0010
====> Epoch: 337 Train loss: 2.3026  Val  loss: 2.3026 Val acc: 0.0948 Val ECE: 0.0062 Test acc: 0.1000 Test ECE: 0.0010
====> Epoch: 338 Train loss: 2.3026  Val  loss: 2.3026 Val acc: 0.0948 Val ECE: 0.0062 Test acc: 0.1000 Test ECE: 0.0010
====> Epoch: 339 Train loss: 2.3026  Val  loss: 2.3026 Val acc: 0.0948 Val ECE: 0.0062 Test acc: 0.1000 Test ECE: 0.0010
====> Epoch: 340 Train loss: 2.3026  Val  loss: 2.3026 Val acc: 0.0948 Val ECE: 0.0062 Test acc: 0.1000 Test ECE: 0.0010
====> Epoch: 341 Train loss: 2.3026  Val  loss: 2.3026 Val acc: 0.0948 Val ECE: 0.0062 Test acc: 0.1000 Test ECE: 0.0010
====> Epoch: 342 Train loss: 2.3026  Val  loss: 2.3026 Val acc: 0.0948 Val ECE: 0.0062 Test acc: 0.1000 Test ECE: 0.0010
====> Epoch: 343 Train loss: 2.3026  Val  loss: 2.3026 Val acc: 0.0948 Val ECE: 0.0062 Test acc: 0.1000 Test ECE: 0.0010
====> Epoch: 344 Train loss: 2.3026  Val  loss: 2.3026 Val acc: 0.0948 Val ECE: 0.0062 Test acc: 0.1000 Test ECE: 0.0010
====> Epoch: 345 Train loss: 2.3026  Val  loss: 2.3026 Val acc: 0.0948 Val ECE: 0.0062 Test acc: 0.1000 Test ECE: 0.0010
====> Epoch: 346 Train loss: 2.3026  Val  loss: 2.3026 Val acc: 0.0948 Val ECE: 0.0062 Test acc: 0.1000 Test ECE: 0.0010
====> Epoch: 347 Train loss: 2.3026  Val  loss: 2.3026 Val acc: 0.0948 Val ECE: 0.0062 Test acc: 0.1000 Test ECE: 0.0010
====> Epoch: 348 Train loss: 2.3026  Val  loss: 2.3026 Val acc: 0.0948 Val ECE: 0.0062 Test acc: 0.1000 Test ECE: 0.0010
====> Epoch: 349 Train loss: 2.3026  Val  loss: 2.3026 Val acc: 0.0948 Val ECE: 0.0062 Test acc: 0.1000 Test ECE: 0.0010
