resnet50_cifar10_cross_entropy_UP3_WD0.0001_220123002124
CUDA set: True
Files already downloaded and verified
Files already downloaded and verified
====> Epoch: 0 Train loss: 2.1458  Val  loss: 1.6421 Val acc: 0.3994 Val ECE: 0.0642 Test acc: 0.3929 Test ECE: 0.0706
====> Epoch: 1 Train loss: 1.4455  Val  loss: 1.3358 Val acc: 0.5330 Val ECE: 0.0980 Test acc: 0.5367 Test ECE: 0.1001
====> Epoch: 2 Train loss: 1.1327  Val  loss: 9.3535 Val acc: 0.6250 Val ECE: 0.0666 Test acc: 0.6151 Test ECE: 0.0774
====> Epoch: 3 Train loss: 0.9455  Val  loss: 1.0940 Val acc: 0.6310 Val ECE: 0.1164 Test acc: 0.6250 Test ECE: 0.1220
====> Epoch: 4 Train loss: 0.8325  Val  loss: 0.8448 Val acc: 0.7186 Val ECE: 0.0513 Test acc: 0.7048 Test ECE: 0.0657
====> Epoch: 5 Train loss: 0.7395  Val  loss: 0.7512 Val acc: 0.7354 Val ECE: 0.0503 Test acc: 0.7328 Test ECE: 0.0531
====> Epoch: 6 Train loss: 0.6743  Val  loss: 0.7454 Val acc: 0.7414 Val ECE: 0.0511 Test acc: 0.7462 Test ECE: 0.0437
====> Epoch: 7 Train loss: 0.6136  Val  loss: 0.8185 Val acc: 0.7480 Val ECE: 0.0703 Test acc: 0.7322 Test ECE: 0.0849
====> Epoch: 8 Train loss: 0.5605  Val  loss: 0.6509 Val acc: 0.7806 Val ECE: 0.0507 Test acc: 0.7709 Test ECE: 0.0566
====> Epoch: 9 Train loss: 0.5160  Val  loss: 0.5856 Val acc: 0.7974 Val ECE: 0.0392 Test acc: 0.7932 Test ECE: 0.0436
====> Epoch: 10 Train loss: 0.4757  Val  loss: 0.5514 Val acc: 0.8196 Val ECE: 0.0487 Test acc: 0.8110 Test ECE: 0.0518
====> Epoch: 11 Train loss: 0.4539  Val  loss: 0.5023 Val acc: 0.8312 Val ECE: 0.0273 Test acc: 0.8258 Test ECE: 0.0314
====> Epoch: 12 Train loss: 0.4268  Val  loss: 0.4800 Val acc: 0.8352 Val ECE: 0.0352 Test acc: 0.8298 Test ECE: 0.0420
====> Epoch: 13 Train loss: 0.4021  Val  loss: 0.4652 Val acc: 0.8436 Val ECE: 0.0366 Test acc: 0.8425 Test ECE: 0.0359
====> Epoch: 14 Train loss: 0.3846  Val  loss: 0.5142 Val acc: 0.8280 Val ECE: 0.0521 Test acc: 0.8343 Test ECE: 0.0481
====> Epoch: 15 Train loss: 0.3658  Val  loss: 0.5093 Val acc: 0.8292 Val ECE: 0.0492 Test acc: 0.8294 Test ECE: 0.0512
====> Epoch: 16 Train loss: 0.3456  Val  loss: 0.5038 Val acc: 0.8358 Val ECE: 0.0588 Test acc: 0.8368 Test ECE: 0.0562
====> Epoch: 17 Train loss: 0.3304  Val  loss: 0.5514 Val acc: 0.8250 Val ECE: 0.0679 Test acc: 0.8316 Test ECE: 0.0603
====> Epoch: 18 Train loss: 0.3214  Val  loss: 0.5359 Val acc: 0.8374 Val ECE: 0.0658 Test acc: 0.8340 Test ECE: 0.0670
====> Epoch: 19 Train loss: 0.3043  Val  loss: 0.5004 Val acc: 0.8388 Val ECE: 0.0583 Test acc: 0.8337 Test ECE: 0.0633
====> Epoch: 20 Train loss: 0.2952  Val  loss: 0.4584 Val acc: 0.8604 Val ECE: 0.0472 Test acc: 0.8498 Test ECE: 0.0539
====> Epoch: 21 Train loss: 0.2807  Val  loss: 0.3801 Val acc: 0.8772 Val ECE: 0.0376 Test acc: 0.8753 Test ECE: 0.0354
====> Epoch: 22 Train loss: 0.2725  Val  loss: 0.4539 Val acc: 0.8586 Val ECE: 0.0542 Test acc: 0.8636 Test ECE: 0.0500
====> Epoch: 23 Train loss: 0.2658  Val  loss: 0.4537 Val acc: 0.8584 Val ECE: 0.0582 Test acc: 0.8570 Test ECE: 0.0546
====> Epoch: 24 Train loss: 0.2530  Val  loss: 0.3898 Val acc: 0.8786 Val ECE: 0.0400 Test acc: 0.8751 Test ECE: 0.0423
====> Epoch: 25 Train loss: 0.2401  Val  loss: 0.4510 Val acc: 0.8572 Val ECE: 0.0619 Test acc: 0.8574 Test ECE: 0.0604
====> Epoch: 26 Train loss: 0.2379  Val  loss: 0.3727 Val acc: 0.8820 Val ECE: 0.0378 Test acc: 0.8757 Test ECE: 0.0434
====> Epoch: 27 Train loss: 0.2329  Val  loss: 0.4871 Val acc: 0.8546 Val ECE: 0.0642 Test acc: 0.8605 Test ECE: 0.0605
====> Epoch: 28 Train loss: 0.2272  Val  loss: 0.4812 Val acc: 0.8608 Val ECE: 0.0567 Test acc: 0.8567 Test ECE: 0.0599
====> Epoch: 29 Train loss: 0.2190  Val  loss: 0.4103 Val acc: 0.8708 Val ECE: 0.0467 Test acc: 0.8670 Test ECE: 0.0491
====> Epoch: 30 Train loss: 0.2098  Val  loss: 0.4861 Val acc: 0.8520 Val ECE: 0.0566 Test acc: 0.8503 Test ECE: 0.0554
====> Epoch: 31 Train loss: 0.2128  Val  loss: 0.3855 Val acc: 0.8824 Val ECE: 0.0480 Test acc: 0.8823 Test ECE: 0.0434
====> Epoch: 32 Train loss: 0.2041  Val  loss: 0.3986 Val acc: 0.8758 Val ECE: 0.0510 Test acc: 0.8798 Test ECE: 0.0507
====> Epoch: 33 Train loss: 0.1986  Val  loss: 0.4130 Val acc: 0.8728 Val ECE: 0.0527 Test acc: 0.8647 Test ECE: 0.0602
====> Epoch: 34 Train loss: 0.1978  Val  loss: 0.3536 Val acc: 0.8840 Val ECE: 0.0509 Test acc: 0.8886 Test ECE: 0.0449
====> Epoch: 35 Train loss: 0.1895  Val  loss: 0.4960 Val acc: 0.8570 Val ECE: 0.0746 Test acc: 0.8591 Test ECE: 0.0732
====> Epoch: 36 Train loss: 0.1898  Val  loss: 0.4278 Val acc: 0.8806 Val ECE: 0.0512 Test acc: 0.8766 Test ECE: 0.0545
====> Epoch: 37 Train loss: 0.1836  Val  loss: 0.3498 Val acc: 0.8856 Val ECE: 0.0434 Test acc: 0.8823 Test ECE: 0.0450
====> Epoch: 38 Train loss: 0.1785  Val  loss: 0.3700 Val acc: 0.8898 Val ECE: 0.0488 Test acc: 0.8879 Test ECE: 0.0499
====> Epoch: 39 Train loss: 0.1772  Val  loss: 0.4884 Val acc: 0.8562 Val ECE: 0.0725 Test acc: 0.8539 Test ECE: 0.0753
====> Epoch: 40 Train loss: 0.1764  Val  loss: 0.3427 Val acc: 0.8972 Val ECE: 0.0436 Test acc: 0.8908 Test ECE: 0.0479
====> Epoch: 41 Train loss: 0.1681  Val  loss: 0.5037 Val acc: 0.8608 Val ECE: 0.0656 Test acc: 0.8524 Test ECE: 0.0718
PF_fix round 1
fix fc parameters
====> Epoch: 42 Train loss: 0.1638  Val  loss: 0.3906 Val acc: 0.8938 Val ECE: 0.0492 Test acc: 0.8830 Test ECE: 0.0558
====> Epoch: 43 Train loss: 0.1590  Val  loss: 0.3566 Val acc: 0.8904 Val ECE: 0.0458 Test acc: 0.8831 Test ECE: 0.0503
====> Epoch: 44 Train loss: 0.1590  Val  loss: 0.3872 Val acc: 0.8850 Val ECE: 0.0495 Test acc: 0.8834 Test ECE: 0.0504
====> Epoch: 45 Train loss: 0.1556  Val  loss: 0.3954 Val acc: 0.8852 Val ECE: 0.0539 Test acc: 0.8870 Test ECE: 0.0504
====> Epoch: 46 Train loss: 0.1534  Val  loss: 0.4729 Val acc: 0.8718 Val ECE: 0.0672 Test acc: 0.8636 Test ECE: 0.0712
====> Epoch: 47 Train loss: 0.1523  Val  loss: 0.3693 Val acc: 0.8924 Val ECE: 0.0490 Test acc: 0.8857 Test ECE: 0.0541
====> Epoch: 48 Train loss: 0.1449  Val  loss: 0.3950 Val acc: 0.8832 Val ECE: 0.0560 Test acc: 0.8874 Test ECE: 0.0531
====> Epoch: 49 Train loss: 0.1495  Val  loss: 0.3726 Val acc: 0.8898 Val ECE: 0.0458 Test acc: 0.8865 Test ECE: 0.0540
====> Epoch: 50 Train loss: 0.1439  Val  loss: 0.3877 Val acc: 0.8848 Val ECE: 0.0487 Test acc: 0.8869 Test ECE: 0.0471
====> Epoch: 51 Train loss: 0.1396  Val  loss: 0.4252 Val acc: 0.8792 Val ECE: 0.0570 Test acc: 0.8751 Test ECE: 0.0593
====> Epoch: 52 Train loss: 0.1409  Val  loss: 0.3413 Val acc: 0.9008 Val ECE: 0.0434 Test acc: 0.8921 Test ECE: 0.0478
====> Epoch: 53 Train loss: 0.1367  Val  loss: 0.3640 Val acc: 0.8988 Val ECE: 0.0477 Test acc: 0.8910 Test ECE: 0.0493
====> Epoch: 54 Train loss: 0.1321  Val  loss: 0.4630 Val acc: 0.8622 Val ECE: 0.0726 Test acc: 0.8631 Test ECE: 0.0710
====> Epoch: 55 Train loss: 0.1392  Val  loss: 0.3728 Val acc: 0.8974 Val ECE: 0.0513 Test acc: 0.8889 Test ECE: 0.0541
====> Epoch: 56 Train loss: 0.1364  Val  loss: 0.3563 Val acc: 0.8986 Val ECE: 0.0398 Test acc: 0.8955 Test ECE: 0.0422
====> Epoch: 57 Train loss: 0.1312  Val  loss: 0.3705 Val acc: 0.8932 Val ECE: 0.0488 Test acc: 0.8882 Test ECE: 0.0493
====> Epoch: 58 Train loss: 0.1315  Val  loss: 0.3061 Val acc: 0.9060 Val ECE: 0.0402 Test acc: 0.9025 Test ECE: 0.0449
====> Epoch: 59 Train loss: 0.1304  Val  loss: 0.3207 Val acc: 0.9044 Val ECE: 0.0436 Test acc: 0.9011 Test ECE: 0.0426
====> Epoch: 60 Train loss: 0.1254  Val  loss: 0.3726 Val acc: 0.8958 Val ECE: 0.0517 Test acc: 0.8888 Test ECE: 0.0567
====> Epoch: 61 Train loss: 0.1250  Val  loss: 0.3750 Val acc: 0.8946 Val ECE: 0.0538 Test acc: 0.8913 Test ECE: 0.0551
====> Epoch: 62 Train loss: 0.1254  Val  loss: 0.3975 Val acc: 0.8852 Val ECE: 0.0593 Test acc: 0.8853 Test ECE: 0.0572
====> Epoch: 63 Train loss: 0.1208  Val  loss: 0.3514 Val acc: 0.8986 Val ECE: 0.0449 Test acc: 0.8919 Test ECE: 0.0480
====> Epoch: 64 Train loss: 0.1235  Val  loss: 0.3342 Val acc: 0.9104 Val ECE: 0.0439 Test acc: 0.9001 Test ECE: 0.0513
====> Epoch: 65 Train loss: 0.1214  Val  loss: 0.3825 Val acc: 0.8902 Val ECE: 0.0454 Test acc: 0.8838 Test ECE: 0.0514
====> Epoch: 66 Train loss: 0.1191  Val  loss: 0.3843 Val acc: 0.8868 Val ECE: 0.0529 Test acc: 0.8863 Test ECE: 0.0544
====> Epoch: 67 Train loss: 0.1182  Val  loss: 0.3955 Val acc: 0.8876 Val ECE: 0.0556 Test acc: 0.8745 Test ECE: 0.0632
====> Epoch: 68 Train loss: 0.1185  Val  loss: 0.3678 Val acc: 0.9004 Val ECE: 0.0471 Test acc: 0.8917 Test ECE: 0.0527
====> Epoch: 69 Train loss: 0.1150  Val  loss: 0.4010 Val acc: 0.8932 Val ECE: 0.0535 Test acc: 0.8907 Test ECE: 0.0548
====> Epoch: 70 Train loss: 0.1138  Val  loss: 0.3943 Val acc: 0.8920 Val ECE: 0.0499 Test acc: 0.8871 Test ECE: 0.0522
====> Epoch: 71 Train loss: 0.1160  Val  loss: 0.3448 Val acc: 0.8992 Val ECE: 0.0476 Test acc: 0.9002 Test ECE: 0.0465
====> Epoch: 72 Train loss: 0.1116  Val  loss: 0.3402 Val acc: 0.8990 Val ECE: 0.0472 Test acc: 0.8974 Test ECE: 0.0462
====> Epoch: 73 Train loss: 0.1117  Val  loss: 0.3548 Val acc: 0.8908 Val ECE: 0.0534 Test acc: 0.8912 Test ECE: 0.0509
====> Epoch: 74 Train loss: 0.1160  Val  loss: 0.3845 Val acc: 0.8910 Val ECE: 0.0515 Test acc: 0.8852 Test ECE: 0.0551
====> Epoch: 75 Train loss: 0.1116  Val  loss: 0.4192 Val acc: 0.8838 Val ECE: 0.0601 Test acc: 0.8794 Test ECE: 0.0646
PF_fix round 2
fix fc parameters
fix layer4 parameters
====> Epoch: 76 Train loss: 0.1039  Val  loss: 0.3064 Val acc: 0.9046 Val ECE: 0.0383 Test acc: 0.9047 Test ECE: 0.0377
====> Epoch: 77 Train loss: 0.0930  Val  loss: 0.3048 Val acc: 0.8980 Val ECE: 0.0378 Test acc: 0.9029 Test ECE: 0.0337
====> Epoch: 78 Train loss: 0.0933  Val  loss: 0.2816 Val acc: 0.9086 Val ECE: 0.0266 Test acc: 0.8991 Test ECE: 0.0364
====> Epoch: 79 Train loss: 0.0886  Val  loss: 0.2905 Val acc: 0.9068 Val ECE: 0.0298 Test acc: 0.9062 Test ECE: 0.0306
====> Epoch: 80 Train loss: 0.0882  Val  loss: 0.2470 Val acc: 0.9158 Val ECE: 0.0208 Test acc: 0.9097 Test ECE: 0.0269
====> Epoch: 81 Train loss: 0.0872  Val  loss: 0.2565 Val acc: 0.9118 Val ECE: 0.0273 Test acc: 0.9112 Test ECE: 0.0257
====> Epoch: 82 Train loss: 0.0874  Val  loss: 0.3020 Val acc: 0.9018 Val ECE: 0.0308 Test acc: 0.8999 Test ECE: 0.0305
====> Epoch: 83 Train loss: 0.0870  Val  loss: 0.2593 Val acc: 0.9150 Val ECE: 0.0228 Test acc: 0.9071 Test ECE: 0.0267
====> Epoch: 84 Train loss: 0.0883  Val  loss: 0.3041 Val acc: 0.9018 Val ECE: 0.0257 Test acc: 0.8995 Test ECE: 0.0292
====> Epoch: 85 Train loss: 0.0883  Val  loss: 0.3300 Val acc: 0.8994 Val ECE: 0.0337 Test acc: 0.9002 Test ECE: 0.0305
====> Epoch: 86 Train loss: 0.0893  Val  loss: 0.2777 Val acc: 0.9080 Val ECE: 0.0236 Test acc: 0.9063 Test ECE: 0.0248
====> Epoch: 87 Train loss: 0.0934  Val  loss: 0.3199 Val acc: 0.9000 Val ECE: 0.0253 Test acc: 0.8949 Test ECE: 0.0304
====> Epoch: 88 Train loss: 0.0964  Val  loss: 0.2582 Val acc: 0.9180 Val ECE: 0.0176 Test acc: 0.9063 Test ECE: 0.0249
====> Epoch: 89 Train loss: 0.0964  Val  loss: 0.3072 Val acc: 0.8970 Val ECE: 0.0322 Test acc: 0.9011 Test ECE: 0.0297
====> Epoch: 90 Train loss: 0.0997  Val  loss: 0.2899 Val acc: 0.9028 Val ECE: 0.0257 Test acc: 0.9007 Test ECE: 0.0264
====> Epoch: 91 Train loss: 0.1028  Val  loss: 0.2952 Val acc: 0.9044 Val ECE: 0.0199 Test acc: 0.8971 Test ECE: 0.0241
====> Epoch: 92 Train loss: 0.1092  Val  loss: 0.2971 Val acc: 0.8964 Val ECE: 0.0276 Test acc: 0.9025 Test ECE: 0.0195
====> Epoch: 93 Train loss: 0.1113  Val  loss: 0.3926 Val acc: 0.8732 Val ECE: 0.0388 Test acc: 0.8678 Test ECE: 0.0415
====> Epoch: 94 Train loss: 0.1157  Val  loss: 0.3152 Val acc: 0.8996 Val ECE: 0.0223 Test acc: 0.8985 Test ECE: 0.0209
PF_fix round 3
fix fc parameters
fix layer4 parameters
fix layer3 parameters
====> Epoch: 95 Train loss: 0.1479  Val  loss: 0.2778 Val acc: 0.9112 Val ECE: 0.0124 Test acc: 0.9031 Test ECE: 0.0148
====> Epoch: 96 Train loss: 0.1483  Val  loss: 0.2626 Val acc: 0.9168 Val ECE: 0.0174 Test acc: 0.9139 Test ECE: 0.0112
====> Epoch: 97 Train loss: 0.1535  Val  loss: 0.2951 Val acc: 0.9038 Val ECE: 0.0234 Test acc: 0.9062 Test ECE: 0.0220
====> Epoch: 98 Train loss: 0.1656  Val  loss: 0.2828 Val acc: 0.9136 Val ECE: 0.0395 Test acc: 0.9100 Test ECE: 0.0344
====> Epoch: 99 Train loss: 0.1860  Val  loss: 0.2859 Val acc: 0.9206 Val ECE: 0.0564 Test acc: 0.9148 Test ECE: 0.0499
====> Epoch: 100 Train loss: 0.2080  Val  loss: 0.3014 Val acc: 0.9246 Val ECE: 0.0797 Test acc: 0.9199 Test ECE: 0.0762
====> Epoch: 101 Train loss: 0.2351  Val  loss: 0.3142 Val acc: 0.9256 Val ECE: 0.1040 Test acc: 0.9168 Test ECE: 0.0969
====> Epoch: 102 Train loss: 0.2691  Val  loss: 0.3347 Val acc: 0.9262 Val ECE: 0.1265 Test acc: 0.9177 Test ECE: 0.1197
====> Epoch: 103 Train loss: 0.3074  Val  loss: 0.3769 Val acc: 0.9248 Val ECE: 0.1582 Test acc: 0.9257 Test ECE: 0.1597
====> Epoch: 104 Train loss: 0.3543  Val  loss: 0.4284 Val acc: 0.9220 Val ECE: 0.1912 Test acc: 0.9187 Test ECE: 0.1900
====> Epoch: 105 Train loss: 0.4052  Val  loss: 0.4605 Val acc: 0.9228 Val ECE: 0.2210 Test acc: 0.9231 Test ECE: 0.2224
====> Epoch: 106 Train loss: 0.4618  Val  loss: 0.5045 Val acc: 0.9276 Val ECE: 0.2589 Test acc: 0.9241 Test ECE: 0.2550
====> Epoch: 107 Train loss: 0.5205  Val  loss: 0.5706 Val acc: 0.9248 Val ECE: 0.2989 Test acc: 0.9166 Test ECE: 0.2934
====> Epoch: 108 Train loss: 0.5849  Val  loss: 0.6150 Val acc: 0.9256 Val ECE: 0.3328 Test acc: 0.9197 Test ECE: 0.3285
====> Epoch: 109 Train loss: 0.6518  Val  loss: 0.7024 Val acc: 0.9174 Val ECE: 0.3723 Test acc: 0.9195 Test ECE: 0.3732
====> Epoch: 110 Train loss: 0.7223  Val  loss: 0.7393 Val acc: 0.9262 Val ECE: 0.4068 Test acc: 0.9264 Test ECE: 0.4065
====> Epoch: 111 Train loss: 0.7956  Val  loss: 0.8213 Val acc: 0.9280 Val ECE: 0.4522 Test acc: 0.9233 Test ECE: 0.4487
====> Epoch: 112 Train loss: 0.8691  Val  loss: 0.8846 Val acc: 0.9252 Val ECE: 0.4806 Test acc: 0.9195 Test ECE: 0.4743
====> Epoch: 113 Train loss: 0.9408  Val  loss: 0.9580 Val acc: 0.9298 Val ECE: 0.5187 Test acc: 0.9226 Test ECE: 0.5122
====> Epoch: 114 Train loss: 1.0149  Val  loss: 1.0453 Val acc: 0.9166 Val ECE: 0.5387 Test acc: 0.9203 Test ECE: 0.5428
====> Epoch: 115 Train loss: 1.0887  Val  loss: 1.1072 Val acc: 0.9270 Val ECE: 0.5758 Test acc: 0.9208 Test ECE: 0.5697
====> Epoch: 116 Train loss: 1.1597  Val  loss: 1.1715 Val acc: 0.9212 Val ECE: 0.5934 Test acc: 0.9226 Test ECE: 0.5950
====> Epoch: 117 Train loss: 1.2306  Val  loss: 1.2373 Val acc: 0.9226 Val ECE: 0.6169 Test acc: 0.9240 Test ECE: 0.6182
====> Epoch: 118 Train loss: 1.2975  Val  loss: 1.2989 Val acc: 0.9286 Val ECE: 0.6430 Test acc: 0.9258 Test ECE: 0.6399
====> Epoch: 119 Train loss: 1.3628  Val  loss: 1.3780 Val acc: 0.9240 Val ECE: 0.6608 Test acc: 0.9196 Test ECE: 0.6562
====> Epoch: 120 Train loss: 1.4257  Val  loss: 1.4302 Val acc: 0.9206 Val ECE: 0.6710 Test acc: 0.9194 Test ECE: 0.6702
====> Epoch: 121 Train loss: 1.4862  Val  loss: 1.4933 Val acc: 0.9212 Val ECE: 0.6881 Test acc: 0.9223 Test ECE: 0.6889
====> Epoch: 122 Train loss: 1.5453  Val  loss: 1.5565 Val acc: 0.9172 Val ECE: 0.6988 Test acc: 0.9192 Test ECE: 0.7010
====> Epoch: 123 Train loss: 1.6001  Val  loss: 1.6011 Val acc: 0.9208 Val ECE: 0.7127 Test acc: 0.9213 Test ECE: 0.7132
====> Epoch: 124 Train loss: 1.6518  Val  loss: 1.6601 Val acc: 0.9194 Val ECE: 0.7236 Test acc: 0.9162 Test ECE: 0.7204
====> Epoch: 125 Train loss: 1.6994  Val  loss: 1.6992 Val acc: 0.9156 Val ECE: 0.7279 Test acc: 0.9201 Test ECE: 0.7323
====> Epoch: 126 Train loss: 1.7471  Val  loss: 1.7552 Val acc: 0.9188 Val ECE: 0.7419 Test acc: 0.9161 Test ECE: 0.7391
====> Epoch: 127 Train loss: 1.7909  Val  loss: 1.7998 Val acc: 0.9276 Val ECE: 0.7590 Test acc: 0.9225 Test ECE: 0.7540
====> Epoch: 128 Train loss: 1.8314  Val  loss: 1.8323 Val acc: 0.9214 Val ECE: 0.7583 Test acc: 0.9216 Test ECE: 0.7587
====> Epoch: 129 Train loss: 1.8697  Val  loss: 1.8699 Val acc: 0.9160 Val ECE: 0.7589 Test acc: 0.9095 Test ECE: 0.7525
====> Epoch: 130 Train loss: 1.9062  Val  loss: 1.9059 Val acc: 0.9176 Val ECE: 0.7665 Test acc: 0.9175 Test ECE: 0.7666
====> Epoch: 131 Train loss: 1.9392  Val  loss: 1.9408 Val acc: 0.9180 Val ECE: 0.7724 Test acc: 0.9100 Test ECE: 0.7644
====> Epoch: 132 Train loss: 1.9701  Val  loss: 1.9778 Val acc: 0.9038 Val ECE: 0.7633 Test acc: 0.8997 Test ECE: 0.7593
====> Epoch: 133 Train loss: 1.9993  Val  loss: 1.9982 Val acc: 0.9162 Val ECE: 0.7789 Test acc: 0.9149 Test ECE: 0.7777
====> Epoch: 134 Train loss: 2.0262  Val  loss: 2.0264 Val acc: 0.9074 Val ECE: 0.7740 Test acc: 0.9039 Test ECE: 0.7705
====> Epoch: 135 Train loss: 2.0508  Val  loss: 2.0514 Val acc: 0.9154 Val ECE: 0.7857 Test acc: 0.9082 Test ECE: 0.7786
====> Epoch: 136 Train loss: 2.0736  Val  loss: 2.0749 Val acc: 0.9032 Val ECE: 0.7765 Test acc: 0.9055 Test ECE: 0.7787
====> Epoch: 137 Train loss: 2.0949  Val  loss: 2.0939 Val acc: 0.9104 Val ECE: 0.7862 Test acc: 0.9070 Test ECE: 0.7829
====> Epoch: 138 Train loss: 2.1146  Val  loss: 2.1143 Val acc: 0.9130 Val ECE: 0.7915 Test acc: 0.9082 Test ECE: 0.7867
====> Epoch: 139 Train loss: 2.1323  Val  loss: 2.1334 Val acc: 0.9000 Val ECE: 0.7807 Test acc: 0.8952 Test ECE: 0.7759
====> Epoch: 140 Train loss: 2.1486  Val  loss: 2.1494 Val acc: 0.9118 Val ECE: 0.7946 Test acc: 0.9055 Test ECE: 0.7883
====> Epoch: 141 Train loss: 2.1634  Val  loss: 2.1642 Val acc: 0.9042 Val ECE: 0.7888 Test acc: 0.9019 Test ECE: 0.7865
====> Epoch: 142 Train loss: 2.1770  Val  loss: 2.1769 Val acc: 0.9078 Val ECE: 0.7939 Test acc: 0.9020 Test ECE: 0.7881
====> Epoch: 143 Train loss: 2.1895  Val  loss: 2.1888 Val acc: 0.9038 Val ECE: 0.7913 Test acc: 0.9048 Test ECE: 0.7923
====> Epoch: 144 Train loss: 2.2008  Val  loss: 2.2017 Val acc: 0.8992 Val ECE: 0.7881 Test acc: 0.8970 Test ECE: 0.7859
====> Epoch: 145 Train loss: 2.2110  Val  loss: 2.2118 Val acc: 0.9000 Val ECE: 0.7901 Test acc: 0.8998 Test ECE: 0.7899
====> Epoch: 146 Train loss: 2.2205  Val  loss: 2.2205 Val acc: 0.9120 Val ECE: 0.8031 Test acc: 0.9025 Test ECE: 0.7937
====> Epoch: 147 Train loss: 2.2291  Val  loss: 2.2289 Val acc: 0.8946 Val ECE: 0.7866 Test acc: 0.8913 Test ECE: 0.7833
====> Epoch: 148 Train loss: 2.2370  Val  loss: 2.2378 Val acc: 0.8972 Val ECE: 0.7902 Test acc: 0.8927 Test ECE: 0.7857
====> Epoch: 149 Train loss: 2.2443  Val  loss: 2.2448 Val acc: 0.8862 Val ECE: 0.7800 Test acc: 0.8814 Test ECE: 0.7752
====> Epoch: 150 Train loss: 2.2469  Val  loss: 2.2436 Val acc: 0.9146 Val ECE: 0.8083 Test acc: 0.9096 Test ECE: 0.8033
====> Epoch: 151 Train loss: 2.2472  Val  loss: 2.2443 Val acc: 0.9144 Val ECE: 0.8082 Test acc: 0.9084 Test ECE: 0.8022
====> Epoch: 152 Train loss: 2.2478  Val  loss: 2.2447 Val acc: 0.9120 Val ECE: 0.8058 Test acc: 0.9084 Test ECE: 0.8022
====> Epoch: 153 Train loss: 2.2484  Val  loss: 2.2456 Val acc: 0.9156 Val ECE: 0.8096 Test acc: 0.9112 Test ECE: 0.8052
====> Epoch: 154 Train loss: 2.2490  Val  loss: 2.2459 Val acc: 0.9128 Val ECE: 0.8068 Test acc: 0.9098 Test ECE: 0.8038
====> Epoch: 155 Train loss: 2.2495  Val  loss: 2.2471 Val acc: 0.9126 Val ECE: 0.8067 Test acc: 0.9095 Test ECE: 0.8036
====> Epoch: 156 Train loss: 2.2501  Val  loss: 2.2477 Val acc: 0.9158 Val ECE: 0.8100 Test acc: 0.9113 Test ECE: 0.8055
====> Epoch: 157 Train loss: 2.2507  Val  loss: 2.2479 Val acc: 0.9136 Val ECE: 0.8078 Test acc: 0.9101 Test ECE: 0.8043
====> Epoch: 158 Train loss: 2.2514  Val  loss: 2.2489 Val acc: 0.9150 Val ECE: 0.8093 Test acc: 0.9111 Test ECE: 0.8054
====> Epoch: 159 Train loss: 2.2519  Val  loss: 2.2495 Val acc: 0.9164 Val ECE: 0.8108 Test acc: 0.9093 Test ECE: 0.8037
====> Epoch: 160 Train loss: 2.2525  Val  loss: 2.2500 Val acc: 0.9140 Val ECE: 0.8084 Test acc: 0.9119 Test ECE: 0.8063
====> Epoch: 161 Train loss: 2.2531  Val  loss: 2.2508 Val acc: 0.9102 Val ECE: 0.8047 Test acc: 0.9072 Test ECE: 0.8017
====> Epoch: 162 Train loss: 2.2537  Val  loss: 2.2515 Val acc: 0.9110 Val ECE: 0.8056 Test acc: 0.9061 Test ECE: 0.8007
====> Epoch: 163 Train loss: 2.2542  Val  loss: 2.2521 Val acc: 0.9078 Val ECE: 0.8024 Test acc: 0.9036 Test ECE: 0.7982
====> Epoch: 164 Train loss: 2.2548  Val  loss: 2.2521 Val acc: 0.9108 Val ECE: 0.8054 Test acc: 0.9058 Test ECE: 0.8005
====> Epoch: 165 Train loss: 2.2554  Val  loss: 2.2535 Val acc: 0.9086 Val ECE: 0.8034 Test acc: 0.9044 Test ECE: 0.7992
====> Epoch: 166 Train loss: 2.2560  Val  loss: 2.2539 Val acc: 0.9080 Val ECE: 0.8028 Test acc: 0.9029 Test ECE: 0.7977
====> Epoch: 167 Train loss: 2.2565  Val  loss: 2.2548 Val acc: 0.9090 Val ECE: 0.8039 Test acc: 0.9041 Test ECE: 0.7990
====> Epoch: 168 Train loss: 2.2571  Val  loss: 2.2549 Val acc: 0.9092 Val ECE: 0.8041 Test acc: 0.9050 Test ECE: 0.8000
====> Epoch: 169 Train loss: 2.2576  Val  loss: 2.2557 Val acc: 0.9020 Val ECE: 0.7970 Test acc: 0.8982 Test ECE: 0.7932
====> Epoch: 170 Train loss: 2.2581  Val  loss: 2.2563 Val acc: 0.9104 Val ECE: 0.8055 Test acc: 0.9029 Test ECE: 0.7980
====> Epoch: 171 Train loss: 2.2587  Val  loss: 2.2569 Val acc: 0.9042 Val ECE: 0.7994 Test acc: 0.9000 Test ECE: 0.7952
====> Epoch: 172 Train loss: 2.2593  Val  loss: 2.2575 Val acc: 0.9054 Val ECE: 0.8006 Test acc: 0.8993 Test ECE: 0.7945
====> Epoch: 173 Train loss: 2.2598  Val  loss: 2.2582 Val acc: 0.9076 Val ECE: 0.8029 Test acc: 0.8993 Test ECE: 0.7946
====> Epoch: 174 Train loss: 2.2603  Val  loss: 2.2584 Val acc: 0.9010 Val ECE: 0.7963 Test acc: 0.8957 Test ECE: 0.7910
====> Epoch: 175 Train loss: 2.2608  Val  loss: 2.2590 Val acc: 0.9044 Val ECE: 0.7998 Test acc: 0.8963 Test ECE: 0.7917
====> Epoch: 176 Train loss: 2.2613  Val  loss: 2.2596 Val acc: 0.8982 Val ECE: 0.7936 Test acc: 0.8922 Test ECE: 0.7876
====> Epoch: 177 Train loss: 2.2618  Val  loss: 2.2604 Val acc: 0.9036 Val ECE: 0.7991 Test acc: 0.9006 Test ECE: 0.7961
====> Epoch: 178 Train loss: 2.2623  Val  loss: 2.2606 Val acc: 0.9010 Val ECE: 0.7966 Test acc: 0.8970 Test ECE: 0.7926
====> Epoch: 179 Train loss: 2.2629  Val  loss: 2.2613 Val acc: 0.8992 Val ECE: 0.7948 Test acc: 0.8952 Test ECE: 0.7908
====> Epoch: 180 Train loss: 2.2634  Val  loss: 2.2618 Val acc: 0.9014 Val ECE: 0.7971 Test acc: 0.8966 Test ECE: 0.7923
====> Epoch: 181 Train loss: 2.2638  Val  loss: 2.2623 Val acc: 0.8988 Val ECE: 0.7945 Test acc: 0.8914 Test ECE: 0.7871
====> Epoch: 182 Train loss: 2.2644  Val  loss: 2.2630 Val acc: 0.8950 Val ECE: 0.7908 Test acc: 0.8892 Test ECE: 0.7850
====> Epoch: 183 Train loss: 2.2648  Val  loss: 2.2636 Val acc: 0.8940 Val ECE: 0.7899 Test acc: 0.8886 Test ECE: 0.7845
====> Epoch: 184 Train loss: 2.2653  Val  loss: 2.2640 Val acc: 0.8974 Val ECE: 0.7933 Test acc: 0.8894 Test ECE: 0.7853
====> Epoch: 185 Train loss: 2.2658  Val  loss: 2.2644 Val acc: 0.9006 Val ECE: 0.7966 Test acc: 0.8910 Test ECE: 0.7870
====> Epoch: 186 Train loss: 2.2663  Val  loss: 2.2651 Val acc: 0.8944 Val ECE: 0.7904 Test acc: 0.8900 Test ECE: 0.7860
====> Epoch: 187 Train loss: 2.2667  Val  loss: 2.2655 Val acc: 0.8958 Val ECE: 0.7919 Test acc: 0.8879 Test ECE: 0.7840
====> Epoch: 188 Train loss: 2.2671  Val  loss: 2.2657 Val acc: 0.8940 Val ECE: 0.7901 Test acc: 0.8841 Test ECE: 0.7802
====> Epoch: 189 Train loss: 2.2676  Val  loss: 2.2664 Val acc: 0.8932 Val ECE: 0.7894 Test acc: 0.8857 Test ECE: 0.7819
====> Epoch: 190 Train loss: 2.2681  Val  loss: 2.2669 Val acc: 0.8910 Val ECE: 0.7872 Test acc: 0.8840 Test ECE: 0.7802
====> Epoch: 191 Train loss: 2.2685  Val  loss: 2.2673 Val acc: 0.8926 Val ECE: 0.7889 Test acc: 0.8818 Test ECE: 0.7781
====> Epoch: 192 Train loss: 2.2690  Val  loss: 2.2677 Val acc: 0.8866 Val ECE: 0.7829 Test acc: 0.8777 Test ECE: 0.7740
====> Epoch: 193 Train loss: 2.2694  Val  loss: 2.2684 Val acc: 0.8906 Val ECE: 0.7870 Test acc: 0.8853 Test ECE: 0.7817
====> Epoch: 194 Train loss: 2.2698  Val  loss: 2.2689 Val acc: 0.8874 Val ECE: 0.7838 Test acc: 0.8804 Test ECE: 0.7768
====> Epoch: 195 Train loss: 2.2703  Val  loss: 2.2693 Val acc: 0.8894 Val ECE: 0.7859 Test acc: 0.8835 Test ECE: 0.7800
====> Epoch: 196 Train loss: 2.2707  Val  loss: 2.2700 Val acc: 0.8874 Val ECE: 0.7839 Test acc: 0.8791 Test ECE: 0.7756
====> Epoch: 197 Train loss: 2.2711  Val  loss: 2.2703 Val acc: 0.8796 Val ECE: 0.7762 Test acc: 0.8721 Test ECE: 0.7687
====> Epoch: 198 Train loss: 2.2715  Val  loss: 2.2707 Val acc: 0.8768 Val ECE: 0.7734 Test acc: 0.8676 Test ECE: 0.7642
====> Epoch: 199 Train loss: 2.2720  Val  loss: 2.2711 Val acc: 0.8746 Val ECE: 0.7712 Test acc: 0.8684 Test ECE: 0.7651
====> Epoch: 200 Train loss: 2.2723  Val  loss: 2.2713 Val acc: 0.8802 Val ECE: 0.7769 Test acc: 0.8715 Test ECE: 0.7682
====> Epoch: 201 Train loss: 2.2728  Val  loss: 2.2718 Val acc: 0.8770 Val ECE: 0.7737 Test acc: 0.8688 Test ECE: 0.7655
====> Epoch: 202 Train loss: 2.2732  Val  loss: 2.2724 Val acc: 0.8688 Val ECE: 0.7656 Test acc: 0.8584 Test ECE: 0.7552
====> Epoch: 203 Train loss: 2.2736  Val  loss: 2.2727 Val acc: 0.8736 Val ECE: 0.7704 Test acc: 0.8673 Test ECE: 0.7641
====> Epoch: 204 Train loss: 2.2740  Val  loss: 2.2732 Val acc: 0.8694 Val ECE: 0.7663 Test acc: 0.8627 Test ECE: 0.7596
====> Epoch: 205 Train loss: 2.2744  Val  loss: 2.2737 Val acc: 0.8636 Val ECE: 0.7605 Test acc: 0.8550 Test ECE: 0.7519
====> Epoch: 206 Train loss: 2.2748  Val  loss: 2.2739 Val acc: 0.8638 Val ECE: 0.7607 Test acc: 0.8560 Test ECE: 0.7529
====> Epoch: 207 Train loss: 2.2751  Val  loss: 2.2745 Val acc: 0.8642 Val ECE: 0.7612 Test acc: 0.8569 Test ECE: 0.7539
====> Epoch: 208 Train loss: 2.2755  Val  loss: 2.2750 Val acc: 0.8648 Val ECE: 0.7619 Test acc: 0.8582 Test ECE: 0.7553
====> Epoch: 209 Train loss: 2.2759  Val  loss: 2.2753 Val acc: 0.8656 Val ECE: 0.7627 Test acc: 0.8569 Test ECE: 0.7540
====> Epoch: 210 Train loss: 2.2763  Val  loss: 2.2757 Val acc: 0.8518 Val ECE: 0.7489 Test acc: 0.8460 Test ECE: 0.7431
====> Epoch: 211 Train loss: 2.2767  Val  loss: 2.2760 Val acc: 0.8556 Val ECE: 0.7528 Test acc: 0.8455 Test ECE: 0.7427
====> Epoch: 212 Train loss: 2.2770  Val  loss: 2.2764 Val acc: 0.8566 Val ECE: 0.7538 Test acc: 0.8464 Test ECE: 0.7436
====> Epoch: 213 Train loss: 2.2774  Val  loss: 2.2767 Val acc: 0.8510 Val ECE: 0.7482 Test acc: 0.8437 Test ECE: 0.7409
====> Epoch: 214 Train loss: 2.2777  Val  loss: 2.2772 Val acc: 0.8476 Val ECE: 0.7449 Test acc: 0.8352 Test ECE: 0.7325
====> Epoch: 215 Train loss: 2.2781  Val  loss: 2.2777 Val acc: 0.8352 Val ECE: 0.7325 Test acc: 0.8258 Test ECE: 0.7231
====> Epoch: 216 Train loss: 2.2785  Val  loss: 2.2780 Val acc: 0.8460 Val ECE: 0.7434 Test acc: 0.8322 Test ECE: 0.7296
====> Epoch: 217 Train loss: 2.2788  Val  loss: 2.2782 Val acc: 0.8392 Val ECE: 0.7366 Test acc: 0.8270 Test ECE: 0.7244
====> Epoch: 218 Train loss: 2.2792  Val  loss: 2.2788 Val acc: 0.8254 Val ECE: 0.7228 Test acc: 0.8157 Test ECE: 0.7131
====> Epoch: 219 Train loss: 2.2795  Val  loss: 2.2791 Val acc: 0.8234 Val ECE: 0.7209 Test acc: 0.8140 Test ECE: 0.7115
====> Epoch: 220 Train loss: 2.2798  Val  loss: 2.2794 Val acc: 0.8122 Val ECE: 0.7097 Test acc: 0.8015 Test ECE: 0.6990
====> Epoch: 221 Train loss: 2.2801  Val  loss: 2.2796 Val acc: 0.8226 Val ECE: 0.7201 Test acc: 0.8170 Test ECE: 0.7145
====> Epoch: 222 Train loss: 2.2805  Val  loss: 2.2802 Val acc: 0.8078 Val ECE: 0.7054 Test acc: 0.8001 Test ECE: 0.6977
====> Epoch: 223 Train loss: 2.2808  Val  loss: 2.2806 Val acc: 0.8104 Val ECE: 0.7080 Test acc: 0.7978 Test ECE: 0.6954
====> Epoch: 224 Train loss: 2.2811  Val  loss: 2.2807 Val acc: 0.8092 Val ECE: 0.7068 Test acc: 0.7996 Test ECE: 0.6972
====> Epoch: 225 Train loss: 2.2815  Val  loss: 2.2812 Val acc: 0.8092 Val ECE: 0.7069 Test acc: 0.7946 Test ECE: 0.6923
====> Epoch: 226 Train loss: 2.2818  Val  loss: 2.2814 Val acc: 0.7970 Val ECE: 0.6947 Test acc: 0.7880 Test ECE: 0.6857
====> Epoch: 227 Train loss: 2.2821  Val  loss: 2.2818 Val acc: 0.7946 Val ECE: 0.6923 Test acc: 0.7851 Test ECE: 0.6828
====> Epoch: 228 Train loss: 2.2824  Val  loss: 2.2821 Val acc: 0.7864 Val ECE: 0.6842 Test acc: 0.7803 Test ECE: 0.6781
====> Epoch: 229 Train loss: 2.2827  Val  loss: 2.2824 Val acc: 0.7918 Val ECE: 0.6896 Test acc: 0.7864 Test ECE: 0.6842
====> Epoch: 230 Train loss: 2.2830  Val  loss: 2.2828 Val acc: 0.7796 Val ECE: 0.6774 Test acc: 0.7724 Test ECE: 0.6702
====> Epoch: 231 Train loss: 2.2833  Val  loss: 2.2832 Val acc: 0.7700 Val ECE: 0.6679 Test acc: 0.7653 Test ECE: 0.6632
====> Epoch: 232 Train loss: 2.2836  Val  loss: 2.2834 Val acc: 0.7632 Val ECE: 0.6611 Test acc: 0.7563 Test ECE: 0.6542
====> Epoch: 233 Train loss: 2.2839  Val  loss: 2.2836 Val acc: 0.7560 Val ECE: 0.6539 Test acc: 0.7526 Test ECE: 0.6505
====> Epoch: 234 Train loss: 2.2842  Val  loss: 2.2841 Val acc: 0.7488 Val ECE: 0.6468 Test acc: 0.7434 Test ECE: 0.6414
====> Epoch: 235 Train loss: 2.2845  Val  loss: 2.2842 Val acc: 0.7388 Val ECE: 0.6368 Test acc: 0.7313 Test ECE: 0.6293
====> Epoch: 236 Train loss: 2.2847  Val  loss: 2.2846 Val acc: 0.7342 Val ECE: 0.6322 Test acc: 0.7294 Test ECE: 0.6274
====> Epoch: 237 Train loss: 2.2850  Val  loss: 2.2850 Val acc: 0.7236 Val ECE: 0.6216 Test acc: 0.7179 Test ECE: 0.6159
====> Epoch: 238 Train loss: 2.2853  Val  loss: 2.2851 Val acc: 0.7218 Val ECE: 0.6199 Test acc: 0.7152 Test ECE: 0.6133
====> Epoch: 239 Train loss: 2.2856  Val  loss: 2.2855 Val acc: 0.7078 Val ECE: 0.6059 Test acc: 0.7054 Test ECE: 0.6035
====> Epoch: 240 Train loss: 2.2859  Val  loss: 2.2858 Val acc: 0.6960 Val ECE: 0.5941 Test acc: 0.6926 Test ECE: 0.5907
====> Epoch: 241 Train loss: 2.2861  Val  loss: 2.2860 Val acc: 0.6870 Val ECE: 0.5851 Test acc: 0.6817 Test ECE: 0.5798
====> Epoch: 242 Train loss: 2.2864  Val  loss: 2.2863 Val acc: 0.6866 Val ECE: 0.5848 Test acc: 0.6838 Test ECE: 0.5820
====> Epoch: 243 Train loss: 2.2866  Val  loss: 2.2864 Val acc: 0.6872 Val ECE: 0.5854 Test acc: 0.6810 Test ECE: 0.5792
====> Epoch: 244 Train loss: 2.2869  Val  loss: 2.2867 Val acc: 0.6732 Val ECE: 0.5714 Test acc: 0.6709 Test ECE: 0.5691
====> Epoch: 245 Train loss: 2.2872  Val  loss: 2.2871 Val acc: 0.6492 Val ECE: 0.5474 Test acc: 0.6431 Test ECE: 0.5413
====> Epoch: 246 Train loss: 2.2874  Val  loss: 2.2873 Val acc: 0.6532 Val ECE: 0.5514 Test acc: 0.6462 Test ECE: 0.5444
====> Epoch: 247 Train loss: 2.2877  Val  loss: 2.2876 Val acc: 0.6464 Val ECE: 0.5447 Test acc: 0.6437 Test ECE: 0.5420
====> Epoch: 248 Train loss: 2.2879  Val  loss: 2.2880 Val acc: 0.6228 Val ECE: 0.5211 Test acc: 0.6142 Test ECE: 0.5125
====> Epoch: 249 Train loss: 2.2881  Val  loss: 2.2881 Val acc: 0.6132 Val ECE: 0.5115 Test acc: 0.6085 Test ECE: 0.5068
====> Epoch: 250 Train loss: 2.2882  Val  loss: 2.2881 Val acc: 0.6158 Val ECE: 0.5141 Test acc: 0.6116 Test ECE: 0.5099
====> Epoch: 251 Train loss: 2.2883  Val  loss: 2.2880 Val acc: 0.6264 Val ECE: 0.5247 Test acc: 0.6241 Test ECE: 0.5224
====> Epoch: 252 Train loss: 2.2883  Val  loss: 2.2881 Val acc: 0.6258 Val ECE: 0.5241 Test acc: 0.6234 Test ECE: 0.5217
====> Epoch: 253 Train loss: 2.2883  Val  loss: 2.2881 Val acc: 0.6374 Val ECE: 0.5357 Test acc: 0.6287 Test ECE: 0.5270
====> Epoch: 254 Train loss: 2.2883  Val  loss: 2.2883 Val acc: 0.6120 Val ECE: 0.5103 Test acc: 0.6082 Test ECE: 0.5065
====> Epoch: 255 Train loss: 2.2883  Val  loss: 2.2881 Val acc: 0.6246 Val ECE: 0.5229 Test acc: 0.6173 Test ECE: 0.5156
====> Epoch: 256 Train loss: 2.2883  Val  loss: 2.2882 Val acc: 0.6218 Val ECE: 0.5201 Test acc: 0.6136 Test ECE: 0.5119
====> Epoch: 257 Train loss: 2.2884  Val  loss: 2.2883 Val acc: 0.6182 Val ECE: 0.5165 Test acc: 0.6167 Test ECE: 0.5150
====> Epoch: 258 Train loss: 2.2884  Val  loss: 2.2884 Val acc: 0.6104 Val ECE: 0.5087 Test acc: 0.6082 Test ECE: 0.5065
====> Epoch: 259 Train loss: 2.2884  Val  loss: 2.2883 Val acc: 0.6076 Val ECE: 0.5059 Test acc: 0.6018 Test ECE: 0.5001
====> Epoch: 260 Train loss: 2.2884  Val  loss: 2.2884 Val acc: 0.6118 Val ECE: 0.5101 Test acc: 0.6085 Test ECE: 0.5068
====> Epoch: 261 Train loss: 2.2885  Val  loss: 2.2883 Val acc: 0.6190 Val ECE: 0.5173 Test acc: 0.6138 Test ECE: 0.5121
====> Epoch: 262 Train loss: 2.2885  Val  loss: 2.2882 Val acc: 0.6216 Val ECE: 0.5199 Test acc: 0.6179 Test ECE: 0.5162
====> Epoch: 263 Train loss: 2.2885  Val  loss: 2.2884 Val acc: 0.5996 Val ECE: 0.4979 Test acc: 0.5985 Test ECE: 0.4968
====> Epoch: 264 Train loss: 2.2885  Val  loss: 2.2885 Val acc: 0.6086 Val ECE: 0.5069 Test acc: 0.6025 Test ECE: 0.5008
====> Epoch: 265 Train loss: 2.2885  Val  loss: 2.2885 Val acc: 0.5980 Val ECE: 0.4963 Test acc: 0.5931 Test ECE: 0.4914
====> Epoch: 266 Train loss: 2.2886  Val  loss: 2.2885 Val acc: 0.5980 Val ECE: 0.4963 Test acc: 0.5953 Test ECE: 0.4936
====> Epoch: 267 Train loss: 2.2886  Val  loss: 2.2885 Val acc: 0.6040 Val ECE: 0.5023 Test acc: 0.6007 Test ECE: 0.4991
====> Epoch: 268 Train loss: 2.2886  Val  loss: 2.2886 Val acc: 0.6144 Val ECE: 0.5128 Test acc: 0.6085 Test ECE: 0.5069
====> Epoch: 269 Train loss: 2.2886  Val  loss: 2.2885 Val acc: 0.5906 Val ECE: 0.4889 Test acc: 0.5849 Test ECE: 0.4832
====> Epoch: 270 Train loss: 2.2887  Val  loss: 2.2885 Val acc: 0.6076 Val ECE: 0.5060 Test acc: 0.6027 Test ECE: 0.5011
====> Epoch: 271 Train loss: 2.2887  Val  loss: 2.2886 Val acc: 0.6002 Val ECE: 0.4985 Test acc: 0.5964 Test ECE: 0.4947
====> Epoch: 272 Train loss: 2.2887  Val  loss: 2.2887 Val acc: 0.6016 Val ECE: 0.5000 Test acc: 0.5962 Test ECE: 0.4946
====> Epoch: 273 Train loss: 2.2887  Val  loss: 2.2886 Val acc: 0.6008 Val ECE: 0.4992 Test acc: 0.5954 Test ECE: 0.4938
====> Epoch: 274 Train loss: 2.2888  Val  loss: 2.2886 Val acc: 0.6004 Val ECE: 0.4988 Test acc: 0.5968 Test ECE: 0.4952
====> Epoch: 275 Train loss: 2.2888  Val  loss: 2.2887 Val acc: 0.5868 Val ECE: 0.4852 Test acc: 0.5806 Test ECE: 0.4790
====> Epoch: 276 Train loss: 2.2888  Val  loss: 2.2888 Val acc: 0.5892 Val ECE: 0.4876 Test acc: 0.5859 Test ECE: 0.4843
====> Epoch: 277 Train loss: 2.2888  Val  loss: 2.2888 Val acc: 0.5936 Val ECE: 0.4920 Test acc: 0.5871 Test ECE: 0.4855
====> Epoch: 278 Train loss: 2.2888  Val  loss: 2.2888 Val acc: 0.5926 Val ECE: 0.4910 Test acc: 0.5888 Test ECE: 0.4872
====> Epoch: 279 Train loss: 2.2889  Val  loss: 2.2887 Val acc: 0.5946 Val ECE: 0.4930 Test acc: 0.5912 Test ECE: 0.4896
====> Epoch: 280 Train loss: 2.2889  Val  loss: 2.2888 Val acc: 0.5912 Val ECE: 0.4896 Test acc: 0.5861 Test ECE: 0.4845
====> Epoch: 281 Train loss: 2.2889  Val  loss: 2.2888 Val acc: 0.5910 Val ECE: 0.4894 Test acc: 0.5885 Test ECE: 0.4869
====> Epoch: 282 Train loss: 2.2889  Val  loss: 2.2888 Val acc: 0.5966 Val ECE: 0.4950 Test acc: 0.5938 Test ECE: 0.4922
====> Epoch: 283 Train loss: 2.2890  Val  loss: 2.2888 Val acc: 0.6012 Val ECE: 0.4996 Test acc: 0.5942 Test ECE: 0.4926
====> Epoch: 284 Train loss: 2.2890  Val  loss: 2.2889 Val acc: 0.5884 Val ECE: 0.4868 Test acc: 0.5840 Test ECE: 0.4824
====> Epoch: 285 Train loss: 2.2890  Val  loss: 2.2888 Val acc: 0.6004 Val ECE: 0.4988 Test acc: 0.5958 Test ECE: 0.4942
====> Epoch: 286 Train loss: 2.2890  Val  loss: 2.2889 Val acc: 0.5976 Val ECE: 0.4960 Test acc: 0.5931 Test ECE: 0.4915
====> Epoch: 287 Train loss: 2.2890  Val  loss: 2.2890 Val acc: 0.5878 Val ECE: 0.4862 Test acc: 0.5825 Test ECE: 0.4809
====> Epoch: 288 Train loss: 2.2891  Val  loss: 2.2890 Val acc: 0.5852 Val ECE: 0.4836 Test acc: 0.5819 Test ECE: 0.4803
====> Epoch: 289 Train loss: 2.2891  Val  loss: 2.2891 Val acc: 0.5698 Val ECE: 0.4682 Test acc: 0.5643 Test ECE: 0.4627
====> Epoch: 290 Train loss: 2.2891  Val  loss: 2.2890 Val acc: 0.5774 Val ECE: 0.4758 Test acc: 0.5714 Test ECE: 0.4698
====> Epoch: 291 Train loss: 2.2892  Val  loss: 2.2890 Val acc: 0.5828 Val ECE: 0.4812 Test acc: 0.5790 Test ECE: 0.4774
====> Epoch: 292 Train loss: 2.2892  Val  loss: 2.2890 Val acc: 0.5922 Val ECE: 0.4906 Test acc: 0.5861 Test ECE: 0.4845
====> Epoch: 293 Train loss: 2.2892  Val  loss: 2.2892 Val acc: 0.5798 Val ECE: 0.4782 Test acc: 0.5721 Test ECE: 0.4705
====> Epoch: 294 Train loss: 2.2892  Val  loss: 2.2892 Val acc: 0.5704 Val ECE: 0.4688 Test acc: 0.5689 Test ECE: 0.4673
====> Epoch: 295 Train loss: 2.2892  Val  loss: 2.2892 Val acc: 0.5760 Val ECE: 0.4744 Test acc: 0.5720 Test ECE: 0.4704
====> Epoch: 296 Train loss: 2.2892  Val  loss: 2.2892 Val acc: 0.5736 Val ECE: 0.4720 Test acc: 0.5664 Test ECE: 0.4648
====> Epoch: 297 Train loss: 2.2893  Val  loss: 2.2891 Val acc: 0.5748 Val ECE: 0.4732 Test acc: 0.5703 Test ECE: 0.4687
====> Epoch: 298 Train loss: 2.2893  Val  loss: 2.2892 Val acc: 0.5774 Val ECE: 0.4758 Test acc: 0.5735 Test ECE: 0.4719
====> Epoch: 299 Train loss: 2.2893  Val  loss: 2.2892 Val acc: 0.5780 Val ECE: 0.4764 Test acc: 0.5733 Test ECE: 0.4717
====> Epoch: 300 Train loss: 2.2893  Val  loss: 2.2894 Val acc: 0.5598 Val ECE: 0.4582 Test acc: 0.5543 Test ECE: 0.4527
====> Epoch: 301 Train loss: 2.2894  Val  loss: 2.2892 Val acc: 0.5838 Val ECE: 0.4822 Test acc: 0.5809 Test ECE: 0.4793
====> Epoch: 302 Train loss: 2.2894  Val  loss: 2.2894 Val acc: 0.5648 Val ECE: 0.4632 Test acc: 0.5615 Test ECE: 0.4599
====> Epoch: 303 Train loss: 2.2894  Val  loss: 2.2893 Val acc: 0.5706 Val ECE: 0.4690 Test acc: 0.5649 Test ECE: 0.4633
====> Epoch: 304 Train loss: 2.2894  Val  loss: 2.2894 Val acc: 0.5716 Val ECE: 0.4700 Test acc: 0.5661 Test ECE: 0.4645
====> Epoch: 305 Train loss: 2.2895  Val  loss: 2.2892 Val acc: 0.5820 Val ECE: 0.4804 Test acc: 0.5770 Test ECE: 0.4754
====> Epoch: 306 Train loss: 2.2895  Val  loss: 2.2895 Val acc: 0.5588 Val ECE: 0.4572 Test acc: 0.5540 Test ECE: 0.4524
====> Epoch: 307 Train loss: 2.2895  Val  loss: 2.2894 Val acc: 0.5752 Val ECE: 0.4736 Test acc: 0.5686 Test ECE: 0.4670
====> Epoch: 308 Train loss: 2.2895  Val  loss: 2.2895 Val acc: 0.5708 Val ECE: 0.4692 Test acc: 0.5673 Test ECE: 0.4657
====> Epoch: 309 Train loss: 2.2895  Val  loss: 2.2894 Val acc: 0.5678 Val ECE: 0.4662 Test acc: 0.5631 Test ECE: 0.4615
====> Epoch: 310 Train loss: 2.2896  Val  loss: 2.2895 Val acc: 0.5616 Val ECE: 0.4600 Test acc: 0.5540 Test ECE: 0.4524
====> Epoch: 311 Train loss: 2.2896  Val  loss: 2.2894 Val acc: 0.5686 Val ECE: 0.4670 Test acc: 0.5663 Test ECE: 0.4647
====> Epoch: 312 Train loss: 2.2896  Val  loss: 2.2896 Val acc: 0.5598 Val ECE: 0.4582 Test acc: 0.5568 Test ECE: 0.4552
====> Epoch: 313 Train loss: 2.2896  Val  loss: 2.2897 Val acc: 0.5528 Val ECE: 0.4512 Test acc: 0.5508 Test ECE: 0.4492
====> Epoch: 314 Train loss: 2.2897  Val  loss: 2.2895 Val acc: 0.5628 Val ECE: 0.4612 Test acc: 0.5587 Test ECE: 0.4571
====> Epoch: 315 Train loss: 2.2897  Val  loss: 2.2895 Val acc: 0.5620 Val ECE: 0.4604 Test acc: 0.5557 Test ECE: 0.4541
====> Epoch: 316 Train loss: 2.2897  Val  loss: 2.2897 Val acc: 0.5514 Val ECE: 0.4498 Test acc: 0.5499 Test ECE: 0.4483
====> Epoch: 317 Train loss: 2.2897  Val  loss: 2.2896 Val acc: 0.5504 Val ECE: 0.4488 Test acc: 0.5459 Test ECE: 0.4443
====> Epoch: 318 Train loss: 2.2897  Val  loss: 2.2897 Val acc: 0.5558 Val ECE: 0.4542 Test acc: 0.5514 Test ECE: 0.4498
====> Epoch: 319 Train loss: 2.2898  Val  loss: 2.2897 Val acc: 0.5624 Val ECE: 0.4608 Test acc: 0.5559 Test ECE: 0.4543
====> Epoch: 320 Train loss: 2.2898  Val  loss: 2.2897 Val acc: 0.5544 Val ECE: 0.4528 Test acc: 0.5519 Test ECE: 0.4503
====> Epoch: 321 Train loss: 2.2898  Val  loss: 2.2897 Val acc: 0.5580 Val ECE: 0.4564 Test acc: 0.5521 Test ECE: 0.4505
====> Epoch: 322 Train loss: 2.2898  Val  loss: 2.2897 Val acc: 0.5628 Val ECE: 0.4612 Test acc: 0.5585 Test ECE: 0.4569
====> Epoch: 323 Train loss: 2.2899  Val  loss: 2.2898 Val acc: 0.5514 Val ECE: 0.4499 Test acc: 0.5455 Test ECE: 0.4440
====> Epoch: 324 Train loss: 2.2899  Val  loss: 2.2899 Val acc: 0.5478 Val ECE: 0.4463 Test acc: 0.5427 Test ECE: 0.4412
====> Epoch: 325 Train loss: 2.2899  Val  loss: 2.2898 Val acc: 0.5486 Val ECE: 0.4470 Test acc: 0.5446 Test ECE: 0.4430
====> Epoch: 326 Train loss: 2.2899  Val  loss: 2.2898 Val acc: 0.5512 Val ECE: 0.4497 Test acc: 0.5483 Test ECE: 0.4468
====> Epoch: 327 Train loss: 2.2899  Val  loss: 2.2899 Val acc: 0.5366 Val ECE: 0.4350 Test acc: 0.5317 Test ECE: 0.4301
====> Epoch: 328 Train loss: 2.2900  Val  loss: 2.2899 Val acc: 0.5436 Val ECE: 0.4421 Test acc: 0.5388 Test ECE: 0.4373
====> Epoch: 329 Train loss: 2.2900  Val  loss: 2.2899 Val acc: 0.5472 Val ECE: 0.4457 Test acc: 0.5431 Test ECE: 0.4416
====> Epoch: 330 Train loss: 2.2900  Val  loss: 2.2900 Val acc: 0.5402 Val ECE: 0.4387 Test acc: 0.5391 Test ECE: 0.4376
====> Epoch: 331 Train loss: 2.2900  Val  loss: 2.2900 Val acc: 0.5450 Val ECE: 0.4435 Test acc: 0.5393 Test ECE: 0.4378
====> Epoch: 332 Train loss: 2.2900  Val  loss: 2.2899 Val acc: 0.5364 Val ECE: 0.4349 Test acc: 0.5329 Test ECE: 0.4314
====> Epoch: 333 Train loss: 2.2901  Val  loss: 2.2899 Val acc: 0.5440 Val ECE: 0.4425 Test acc: 0.5417 Test ECE: 0.4402
====> Epoch: 334 Train loss: 2.2901  Val  loss: 2.2900 Val acc: 0.5344 Val ECE: 0.4329 Test acc: 0.5292 Test ECE: 0.4277
====> Epoch: 335 Train loss: 2.2901  Val  loss: 2.2901 Val acc: 0.5422 Val ECE: 0.4407 Test acc: 0.5389 Test ECE: 0.4374
====> Epoch: 336 Train loss: 2.2901  Val  loss: 2.2901 Val acc: 0.5266 Val ECE: 0.4251 Test acc: 0.5250 Test ECE: 0.4235
====> Epoch: 337 Train loss: 2.2902  Val  loss: 2.2901 Val acc: 0.5316 Val ECE: 0.4301 Test acc: 0.5312 Test ECE: 0.4297
====> Epoch: 338 Train loss: 2.2902  Val  loss: 2.2901 Val acc: 0.5436 Val ECE: 0.4421 Test acc: 0.5412 Test ECE: 0.4397
====> Epoch: 339 Train loss: 2.2902  Val  loss: 2.2901 Val acc: 0.5428 Val ECE: 0.4413 Test acc: 0.5394 Test ECE: 0.4379
====> Epoch: 340 Train loss: 2.2902  Val  loss: 2.2902 Val acc: 0.5344 Val ECE: 0.4329 Test acc: 0.5319 Test ECE: 0.4304
====> Epoch: 341 Train loss: 2.2903  Val  loss: 2.2902 Val acc: 0.5374 Val ECE: 0.4359 Test acc: 0.5331 Test ECE: 0.4316
====> Epoch: 342 Train loss: 2.2902  Val  loss: 2.2902 Val acc: 0.5312 Val ECE: 0.4297 Test acc: 0.5273 Test ECE: 0.4258
====> Epoch: 343 Train loss: 2.2903  Val  loss: 2.2902 Val acc: 0.5338 Val ECE: 0.4323 Test acc: 0.5319 Test ECE: 0.4304
====> Epoch: 344 Train loss: 2.2903  Val  loss: 2.2902 Val acc: 0.5362 Val ECE: 0.4347 Test acc: 0.5352 Test ECE: 0.4337
====> Epoch: 345 Train loss: 2.2903  Val  loss: 2.2903 Val acc: 0.5324 Val ECE: 0.4309 Test acc: 0.5276 Test ECE: 0.4261
====> Epoch: 346 Train loss: 2.2903  Val  loss: 2.2904 Val acc: 0.5126 Val ECE: 0.4111 Test acc: 0.5103 Test ECE: 0.4088
====> Epoch: 347 Train loss: 2.2904  Val  loss: 2.2902 Val acc: 0.5360 Val ECE: 0.4345 Test acc: 0.5325 Test ECE: 0.4310
====> Epoch: 348 Train loss: 2.2904  Val  loss: 2.2904 Val acc: 0.5304 Val ECE: 0.4289 Test acc: 0.5271 Test ECE: 0.4256
====> Epoch: 349 Train loss: 2.2904  Val  loss: 2.2903 Val acc: 0.5232 Val ECE: 0.4217 Test acc: 0.5221 Test ECE: 0.4206
