resnet50_cifar10_cross_entropy_UP4_WD0.0001_220123002135
CUDA set: True
Files already downloaded and verified
Files already downloaded and verified
====> Epoch: 0 Train loss: 2.1458  Val  loss: 1.6421 Val acc: 0.3994 Val ECE: 0.0642 Test acc: 0.3929 Test ECE: 0.0706
====> Epoch: 1 Train loss: 1.4455  Val  loss: 1.3358 Val acc: 0.5330 Val ECE: 0.0980 Test acc: 0.5367 Test ECE: 0.1001
====> Epoch: 2 Train loss: 1.1327  Val  loss: 9.3535 Val acc: 0.6250 Val ECE: 0.0666 Test acc: 0.6151 Test ECE: 0.0774
====> Epoch: 3 Train loss: 0.9455  Val  loss: 1.0940 Val acc: 0.6310 Val ECE: 0.1164 Test acc: 0.6250 Test ECE: 0.1220
====> Epoch: 4 Train loss: 0.8325  Val  loss: 0.8448 Val acc: 0.7186 Val ECE: 0.0513 Test acc: 0.7048 Test ECE: 0.0657
====> Epoch: 5 Train loss: 0.7395  Val  loss: 0.7512 Val acc: 0.7354 Val ECE: 0.0503 Test acc: 0.7328 Test ECE: 0.0531
====> Epoch: 6 Train loss: 0.6743  Val  loss: 0.7454 Val acc: 0.7414 Val ECE: 0.0511 Test acc: 0.7462 Test ECE: 0.0437
====> Epoch: 7 Train loss: 0.6136  Val  loss: 0.8185 Val acc: 0.7480 Val ECE: 0.0703 Test acc: 0.7322 Test ECE: 0.0849
====> Epoch: 8 Train loss: 0.5605  Val  loss: 0.6509 Val acc: 0.7806 Val ECE: 0.0507 Test acc: 0.7709 Test ECE: 0.0566
====> Epoch: 9 Train loss: 0.5160  Val  loss: 0.5856 Val acc: 0.7974 Val ECE: 0.0392 Test acc: 0.7932 Test ECE: 0.0436
====> Epoch: 10 Train loss: 0.4757  Val  loss: 0.5514 Val acc: 0.8196 Val ECE: 0.0487 Test acc: 0.8110 Test ECE: 0.0518
====> Epoch: 11 Train loss: 0.4539  Val  loss: 0.5023 Val acc: 0.8312 Val ECE: 0.0273 Test acc: 0.8258 Test ECE: 0.0314
====> Epoch: 12 Train loss: 0.4268  Val  loss: 0.4800 Val acc: 0.8352 Val ECE: 0.0352 Test acc: 0.8298 Test ECE: 0.0420
====> Epoch: 13 Train loss: 0.4021  Val  loss: 0.4652 Val acc: 0.8436 Val ECE: 0.0366 Test acc: 0.8425 Test ECE: 0.0359
====> Epoch: 14 Train loss: 0.3846  Val  loss: 0.5142 Val acc: 0.8280 Val ECE: 0.0521 Test acc: 0.8343 Test ECE: 0.0481
====> Epoch: 15 Train loss: 0.3658  Val  loss: 0.5093 Val acc: 0.8292 Val ECE: 0.0492 Test acc: 0.8294 Test ECE: 0.0512
====> Epoch: 16 Train loss: 0.3456  Val  loss: 0.5038 Val acc: 0.8358 Val ECE: 0.0588 Test acc: 0.8368 Test ECE: 0.0562
====> Epoch: 17 Train loss: 0.3304  Val  loss: 0.5514 Val acc: 0.8250 Val ECE: 0.0679 Test acc: 0.8316 Test ECE: 0.0603
====> Epoch: 18 Train loss: 0.3214  Val  loss: 0.5359 Val acc: 0.8374 Val ECE: 0.0658 Test acc: 0.8340 Test ECE: 0.0670
====> Epoch: 19 Train loss: 0.3043  Val  loss: 0.5004 Val acc: 0.8388 Val ECE: 0.0583 Test acc: 0.8337 Test ECE: 0.0633
====> Epoch: 20 Train loss: 0.2952  Val  loss: 0.4584 Val acc: 0.8604 Val ECE: 0.0472 Test acc: 0.8498 Test ECE: 0.0539
====> Epoch: 21 Train loss: 0.2807  Val  loss: 0.3801 Val acc: 0.8772 Val ECE: 0.0376 Test acc: 0.8753 Test ECE: 0.0354
====> Epoch: 22 Train loss: 0.2725  Val  loss: 0.4539 Val acc: 0.8586 Val ECE: 0.0542 Test acc: 0.8636 Test ECE: 0.0500
====> Epoch: 23 Train loss: 0.2658  Val  loss: 0.4537 Val acc: 0.8584 Val ECE: 0.0582 Test acc: 0.8570 Test ECE: 0.0546
====> Epoch: 24 Train loss: 0.2530  Val  loss: 0.3898 Val acc: 0.8786 Val ECE: 0.0400 Test acc: 0.8751 Test ECE: 0.0423
====> Epoch: 25 Train loss: 0.2401  Val  loss: 0.4510 Val acc: 0.8572 Val ECE: 0.0619 Test acc: 0.8574 Test ECE: 0.0604
====> Epoch: 26 Train loss: 0.2379  Val  loss: 0.3727 Val acc: 0.8820 Val ECE: 0.0378 Test acc: 0.8757 Test ECE: 0.0434
====> Epoch: 27 Train loss: 0.2329  Val  loss: 0.4871 Val acc: 0.8546 Val ECE: 0.0642 Test acc: 0.8605 Test ECE: 0.0605
====> Epoch: 28 Train loss: 0.2272  Val  loss: 0.4812 Val acc: 0.8608 Val ECE: 0.0567 Test acc: 0.8567 Test ECE: 0.0599
====> Epoch: 29 Train loss: 0.2190  Val  loss: 0.4103 Val acc: 0.8708 Val ECE: 0.0467 Test acc: 0.8670 Test ECE: 0.0491
====> Epoch: 30 Train loss: 0.2098  Val  loss: 0.4861 Val acc: 0.8520 Val ECE: 0.0566 Test acc: 0.8503 Test ECE: 0.0554
====> Epoch: 31 Train loss: 0.2128  Val  loss: 0.3855 Val acc: 0.8824 Val ECE: 0.0480 Test acc: 0.8823 Test ECE: 0.0434
====> Epoch: 32 Train loss: 0.2041  Val  loss: 0.3986 Val acc: 0.8758 Val ECE: 0.0510 Test acc: 0.8798 Test ECE: 0.0507
====> Epoch: 33 Train loss: 0.1986  Val  loss: 0.4130 Val acc: 0.8728 Val ECE: 0.0527 Test acc: 0.8647 Test ECE: 0.0602
====> Epoch: 34 Train loss: 0.1978  Val  loss: 0.3536 Val acc: 0.8840 Val ECE: 0.0509 Test acc: 0.8886 Test ECE: 0.0449
====> Epoch: 35 Train loss: 0.1895  Val  loss: 0.4960 Val acc: 0.8570 Val ECE: 0.0746 Test acc: 0.8591 Test ECE: 0.0732
====> Epoch: 36 Train loss: 0.1898  Val  loss: 0.4278 Val acc: 0.8806 Val ECE: 0.0512 Test acc: 0.8766 Test ECE: 0.0545
====> Epoch: 37 Train loss: 0.1836  Val  loss: 0.3498 Val acc: 0.8856 Val ECE: 0.0434 Test acc: 0.8823 Test ECE: 0.0450
====> Epoch: 38 Train loss: 0.1785  Val  loss: 0.3700 Val acc: 0.8898 Val ECE: 0.0488 Test acc: 0.8879 Test ECE: 0.0499
====> Epoch: 39 Train loss: 0.1772  Val  loss: 0.4884 Val acc: 0.8562 Val ECE: 0.0725 Test acc: 0.8539 Test ECE: 0.0753
====> Epoch: 40 Train loss: 0.1764  Val  loss: 0.3427 Val acc: 0.8972 Val ECE: 0.0436 Test acc: 0.8908 Test ECE: 0.0479
====> Epoch: 41 Train loss: 0.1681  Val  loss: 0.5037 Val acc: 0.8608 Val ECE: 0.0656 Test acc: 0.8524 Test ECE: 0.0718
====> Epoch: 42 Train loss: 0.1684  Val  loss: 0.3441 Val acc: 0.8964 Val ECE: 0.0428 Test acc: 0.8913 Test ECE: 0.0488
====> Epoch: 43 Train loss: 0.1627  Val  loss: 0.3962 Val acc: 0.8812 Val ECE: 0.0549 Test acc: 0.8811 Test ECE: 0.0532
====> Epoch: 44 Train loss: 0.1654  Val  loss: 0.3705 Val acc: 0.8890 Val ECE: 0.0500 Test acc: 0.8867 Test ECE: 0.0512
====> Epoch: 45 Train loss: 0.1584  Val  loss: 0.4582 Val acc: 0.8726 Val ECE: 0.0641 Test acc: 0.8748 Test ECE: 0.0637
====> Epoch: 46 Train loss: 0.1581  Val  loss: 0.5463 Val acc: 0.8608 Val ECE: 0.0701 Test acc: 0.8426 Test ECE: 0.0854
PF_fix round 1
fix fc parameters
====> Epoch: 47 Train loss: 0.1559  Val  loss: 0.3525 Val acc: 0.8954 Val ECE: 0.0433 Test acc: 0.8908 Test ECE: 0.0474
====> Epoch: 48 Train loss: 0.1482  Val  loss: 0.3956 Val acc: 0.8868 Val ECE: 0.0542 Test acc: 0.8824 Test ECE: 0.0576
====> Epoch: 49 Train loss: 0.1491  Val  loss: 0.4502 Val acc: 0.8772 Val ECE: 0.0599 Test acc: 0.8730 Test ECE: 0.0641
====> Epoch: 50 Train loss: 0.1478  Val  loss: 0.3894 Val acc: 0.8822 Val ECE: 0.0471 Test acc: 0.8841 Test ECE: 0.0443
====> Epoch: 51 Train loss: 0.1382  Val  loss: 0.3645 Val acc: 0.8940 Val ECE: 0.0428 Test acc: 0.8856 Test ECE: 0.0493
====> Epoch: 52 Train loss: 0.1431  Val  loss: 0.3474 Val acc: 0.8930 Val ECE: 0.0468 Test acc: 0.8872 Test ECE: 0.0500
====> Epoch: 53 Train loss: 0.1408  Val  loss: 0.3691 Val acc: 0.8932 Val ECE: 0.0464 Test acc: 0.8834 Test ECE: 0.0545
====> Epoch: 54 Train loss: 0.1332  Val  loss: 0.3626 Val acc: 0.8922 Val ECE: 0.0443 Test acc: 0.8886 Test ECE: 0.0481
====> Epoch: 55 Train loss: 0.1365  Val  loss: 0.5024 Val acc: 0.8708 Val ECE: 0.0739 Test acc: 0.8625 Test ECE: 0.0805
====> Epoch: 56 Train loss: 0.1367  Val  loss: 0.3471 Val acc: 0.8990 Val ECE: 0.0461 Test acc: 0.8944 Test ECE: 0.0479
====> Epoch: 57 Train loss: 0.1313  Val  loss: 0.3405 Val acc: 0.8934 Val ECE: 0.0443 Test acc: 0.8889 Test ECE: 0.0490
====> Epoch: 58 Train loss: 0.1346  Val  loss: 0.4259 Val acc: 0.8768 Val ECE: 0.0586 Test acc: 0.8802 Test ECE: 0.0546
====> Epoch: 59 Train loss: 0.1292  Val  loss: 0.3625 Val acc: 0.8992 Val ECE: 0.0476 Test acc: 0.8891 Test ECE: 0.0556
====> Epoch: 60 Train loss: 0.1250  Val  loss: 0.4353 Val acc: 0.8820 Val ECE: 0.0618 Test acc: 0.8804 Test ECE: 0.0630
====> Epoch: 61 Train loss: 0.1304  Val  loss: 0.3536 Val acc: 0.8996 Val ECE: 0.0463 Test acc: 0.8949 Test ECE: 0.0488
====> Epoch: 62 Train loss: 0.1233  Val  loss: 0.4308 Val acc: 0.8818 Val ECE: 0.0604 Test acc: 0.8831 Test ECE: 0.0593
====> Epoch: 63 Train loss: 0.1214  Val  loss: 0.4667 Val acc: 0.8684 Val ECE: 0.0675 Test acc: 0.8697 Test ECE: 0.0663
====> Epoch: 64 Train loss: 0.1221  Val  loss: 0.4849 Val acc: 0.8696 Val ECE: 0.0733 Test acc: 0.8751 Test ECE: 0.0672
====> Epoch: 65 Train loss: 0.1202  Val  loss: 0.3497 Val acc: 0.9002 Val ECE: 0.0457 Test acc: 0.8930 Test ECE: 0.0518
====> Epoch: 66 Train loss: 0.1199  Val  loss: 0.3776 Val acc: 0.8918 Val ECE: 0.0494 Test acc: 0.8890 Test ECE: 0.0570
====> Epoch: 67 Train loss: 0.1195  Val  loss: 0.3635 Val acc: 0.8910 Val ECE: 0.0438 Test acc: 0.8829 Test ECE: 0.0545
====> Epoch: 68 Train loss: 0.1189  Val  loss: 0.3265 Val acc: 0.9006 Val ECE: 0.0419 Test acc: 0.9004 Test ECE: 0.0409
====> Epoch: 69 Train loss: 0.1188  Val  loss: 0.3245 Val acc: 0.9060 Val ECE: 0.0400 Test acc: 0.9017 Test ECE: 0.0465
====> Epoch: 70 Train loss: 0.1131  Val  loss: 0.3792 Val acc: 0.8890 Val ECE: 0.0575 Test acc: 0.8932 Test ECE: 0.0534
====> Epoch: 71 Train loss: 0.1155  Val  loss: 0.4100 Val acc: 0.8864 Val ECE: 0.0551 Test acc: 0.8830 Test ECE: 0.0577
====> Epoch: 72 Train loss: 0.1120  Val  loss: 0.3421 Val acc: 0.9078 Val ECE: 0.0461 Test acc: 0.8957 Test ECE: 0.0497
====> Epoch: 73 Train loss: 0.1116  Val  loss: 0.4051 Val acc: 0.8832 Val ECE: 0.0579 Test acc: 0.8862 Test ECE: 0.0564
====> Epoch: 74 Train loss: 0.1142  Val  loss: 0.3520 Val acc: 0.8972 Val ECE: 0.0485 Test acc: 0.8958 Test ECE: 0.0471
====> Epoch: 75 Train loss: 0.1115  Val  loss: 0.3618 Val acc: 0.8980 Val ECE: 0.0505 Test acc: 0.8935 Test ECE: 0.0523
====> Epoch: 76 Train loss: 0.1080  Val  loss: 0.3477 Val acc: 0.9010 Val ECE: 0.0462 Test acc: 0.9007 Test ECE: 0.0488
====> Epoch: 77 Train loss: 0.1095  Val  loss: 0.4483 Val acc: 0.8816 Val ECE: 0.0673 Test acc: 0.8839 Test ECE: 0.0615
====> Epoch: 78 Train loss: 0.1089  Val  loss: 0.4229 Val acc: 0.8836 Val ECE: 0.0624 Test acc: 0.8776 Test ECE: 0.0675
====> Epoch: 79 Train loss: 0.1110  Val  loss: 0.3912 Val acc: 0.8870 Val ECE: 0.0521 Test acc: 0.8860 Test ECE: 0.0521
====> Epoch: 80 Train loss: 0.1108  Val  loss: 0.3456 Val acc: 0.9036 Val ECE: 0.0429 Test acc: 0.8984 Test ECE: 0.0486
====> Epoch: 81 Train loss: 0.1056  Val  loss: 0.3862 Val acc: 0.8894 Val ECE: 0.0548 Test acc: 0.8815 Test ECE: 0.0617
====> Epoch: 82 Train loss: 0.1057  Val  loss: 0.3840 Val acc: 0.8928 Val ECE: 0.0560 Test acc: 0.8971 Test ECE: 0.0502
====> Epoch: 83 Train loss: 0.1052  Val  loss: 0.3189 Val acc: 0.9154 Val ECE: 0.0395 Test acc: 0.9060 Test ECE: 0.0483
====> Epoch: 84 Train loss: 0.1064  Val  loss: 0.3051 Val acc: 0.9090 Val ECE: 0.0430 Test acc: 0.9062 Test ECE: 0.0472
====> Epoch: 85 Train loss: 0.1046  Val  loss: 0.4141 Val acc: 0.8890 Val ECE: 0.0556 Test acc: 0.8874 Test ECE: 0.0564
====> Epoch: 86 Train loss: 0.1056  Val  loss: 0.4113 Val acc: 0.8814 Val ECE: 0.0539 Test acc: 0.8739 Test ECE: 0.0597
====> Epoch: 87 Train loss: 0.1014  Val  loss: 0.3832 Val acc: 0.8968 Val ECE: 0.0510 Test acc: 0.8966 Test ECE: 0.0506
====> Epoch: 88 Train loss: 0.1057  Val  loss: 0.3168 Val acc: 0.9056 Val ECE: 0.0427 Test acc: 0.9017 Test ECE: 0.0452
====> Epoch: 89 Train loss: 0.1030  Val  loss: 0.3262 Val acc: 0.9102 Val ECE: 0.0405 Test acc: 0.9073 Test ECE: 0.0411
====> Epoch: 90 Train loss: 0.1035  Val  loss: 0.3742 Val acc: 0.8946 Val ECE: 0.0513 Test acc: 0.8916 Test ECE: 0.0564
====> Epoch: 91 Train loss: 0.0996  Val  loss: 0.3754 Val acc: 0.8922 Val ECE: 0.0534 Test acc: 0.8917 Test ECE: 0.0549
====> Epoch: 92 Train loss: 0.1026  Val  loss: 0.4339 Val acc: 0.8766 Val ECE: 0.0671 Test acc: 0.8770 Test ECE: 0.0646
====> Epoch: 93 Train loss: 0.0995  Val  loss: 0.2875 Val acc: 0.9164 Val ECE: 0.0381 Test acc: 0.9102 Test ECE: 0.0416
====> Epoch: 94 Train loss: 0.1031  Val  loss: 0.3907 Val acc: 0.8926 Val ECE: 0.0496 Test acc: 0.8879 Test ECE: 0.0542
====> Epoch: 95 Train loss: 0.0976  Val  loss: 0.3760 Val acc: 0.8974 Val ECE: 0.0534 Test acc: 0.8864 Test ECE: 0.0594
====> Epoch: 96 Train loss: 0.1033  Val  loss: 0.3916 Val acc: 0.8968 Val ECE: 0.0522 Test acc: 0.8891 Test ECE: 0.0582
====> Epoch: 97 Train loss: 0.1010  Val  loss: 0.3559 Val acc: 0.9002 Val ECE: 0.0487 Test acc: 0.9007 Test ECE: 0.0465
====> Epoch: 98 Train loss: 0.0990  Val  loss: 0.3546 Val acc: 0.8932 Val ECE: 0.0493 Test acc: 0.8935 Test ECE: 0.0469
====> Epoch: 99 Train loss: 0.1022  Val  loss: 0.3097 Val acc: 0.9120 Val ECE: 0.0402 Test acc: 0.9025 Test ECE: 0.0513
====> Epoch: 100 Train loss: 0.0976  Val  loss: 0.3515 Val acc: 0.9048 Val ECE: 0.0443 Test acc: 0.8954 Test ECE: 0.0531
====> Epoch: 101 Train loss: 0.0991  Val  loss: 0.3231 Val acc: 0.9086 Val ECE: 0.0449 Test acc: 0.9109 Test ECE: 0.0419
====> Epoch: 102 Train loss: 0.1002  Val  loss: 0.3727 Val acc: 0.8980 Val ECE: 0.0528 Test acc: 0.8897 Test ECE: 0.0583
====> Epoch: 103 Train loss: 0.0961  Val  loss: 0.3939 Val acc: 0.8938 Val ECE: 0.0542 Test acc: 0.8859 Test ECE: 0.0583
====> Epoch: 104 Train loss: 0.0967  Val  loss: 0.2974 Val acc: 0.9112 Val ECE: 0.0367 Test acc: 0.9048 Test ECE: 0.0420
====> Epoch: 105 Train loss: 0.0978  Val  loss: 0.3667 Val acc: 0.8942 Val ECE: 0.0535 Test acc: 0.8933 Test ECE: 0.0542
====> Epoch: 106 Train loss: 0.0994  Val  loss: 0.3683 Val acc: 0.8980 Val ECE: 0.0476 Test acc: 0.8927 Test ECE: 0.0537
====> Epoch: 107 Train loss: 0.0986  Val  loss: 0.3233 Val acc: 0.9044 Val ECE: 0.0455 Test acc: 0.9039 Test ECE: 0.0473
====> Epoch: 108 Train loss: 0.0952  Val  loss: 0.4103 Val acc: 0.8902 Val ECE: 0.0631 Test acc: 0.8948 Test ECE: 0.0565
====> Epoch: 109 Train loss: 0.0968  Val  loss: 0.3421 Val acc: 0.9030 Val ECE: 0.0428 Test acc: 0.8999 Test ECE: 0.0445
====> Epoch: 110 Train loss: 0.0957  Val  loss: 0.3089 Val acc: 0.9104 Val ECE: 0.0412 Test acc: 0.9023 Test ECE: 0.0474
====> Epoch: 111 Train loss: 0.0963  Val  loss: 0.3213 Val acc: 0.9046 Val ECE: 0.0407 Test acc: 0.8941 Test ECE: 0.0485
====> Epoch: 112 Train loss: 0.0976  Val  loss: 0.3118 Val acc: 0.9104 Val ECE: 0.0404 Test acc: 0.9052 Test ECE: 0.0444
====> Epoch: 113 Train loss: 0.0935  Val  loss: 0.2965 Val acc: 0.9104 Val ECE: 0.0382 Test acc: 0.9059 Test ECE: 0.0437
====> Epoch: 114 Train loss: 0.0952  Val  loss: 0.3381 Val acc: 0.9010 Val ECE: 0.0501 Test acc: 0.9028 Test ECE: 0.0476
====> Epoch: 115 Train loss: 0.0995  Val  loss: 0.3226 Val acc: 0.9074 Val ECE: 0.0408 Test acc: 0.8951 Test ECE: 0.0504
====> Epoch: 116 Train loss: 0.0977  Val  loss: 0.2832 Val acc: 0.9136 Val ECE: 0.0391 Test acc: 0.9011 Test ECE: 0.0473
====> Epoch: 117 Train loss: 0.0960  Val  loss: 0.3138 Val acc: 0.9046 Val ECE: 0.0445 Test acc: 0.9065 Test ECE: 0.0406
====> Epoch: 118 Train loss: 0.0962  Val  loss: 0.3139 Val acc: 0.9082 Val ECE: 0.0400 Test acc: 0.9042 Test ECE: 0.0452
====> Epoch: 119 Train loss: 0.0971  Val  loss: 0.3352 Val acc: 0.8958 Val ECE: 0.0466 Test acc: 0.8987 Test ECE: 0.0462
====> Epoch: 120 Train loss: 0.0945  Val  loss: 0.2935 Val acc: 0.9100 Val ECE: 0.0389 Test acc: 0.9075 Test ECE: 0.0406
====> Epoch: 121 Train loss: 0.0931  Val  loss: 0.4135 Val acc: 0.8866 Val ECE: 0.0581 Test acc: 0.8837 Test ECE: 0.0600
====> Epoch: 122 Train loss: 0.0950  Val  loss: 0.3421 Val acc: 0.8988 Val ECE: 0.0467 Test acc: 0.8979 Test ECE: 0.0473
====> Epoch: 123 Train loss: 0.0950  Val  loss: 0.3126 Val acc: 0.9032 Val ECE: 0.0407 Test acc: 0.9013 Test ECE: 0.0431
====> Epoch: 124 Train loss: 0.0931  Val  loss: 0.3465 Val acc: 0.8988 Val ECE: 0.0494 Test acc: 0.8965 Test ECE: 0.0482
====> Epoch: 125 Train loss: 0.0953  Val  loss: 0.3478 Val acc: 0.8954 Val ECE: 0.0483 Test acc: 0.8903 Test ECE: 0.0562
====> Epoch: 126 Train loss: 0.0945  Val  loss: 0.3215 Val acc: 0.9100 Val ECE: 0.0416 Test acc: 0.9090 Test ECE: 0.0428
====> Epoch: 127 Train loss: 0.0918  Val  loss: 0.3102 Val acc: 0.9114 Val ECE: 0.0410 Test acc: 0.9106 Test ECE: 0.0393
====> Epoch: 128 Train loss: 0.0966  Val  loss: 0.3029 Val acc: 0.9102 Val ECE: 0.0382 Test acc: 0.9072 Test ECE: 0.0441
====> Epoch: 129 Train loss: 0.0949  Val  loss: 0.3199 Val acc: 0.9028 Val ECE: 0.0397 Test acc: 0.9024 Test ECE: 0.0414
====> Epoch: 130 Train loss: 0.0950  Val  loss: 0.2822 Val acc: 0.9118 Val ECE: 0.0375 Test acc: 0.9147 Test ECE: 0.0359
====> Epoch: 131 Train loss: 0.0938  Val  loss: 0.3250 Val acc: 0.9058 Val ECE: 0.0456 Test acc: 0.9045 Test ECE: 0.0444
====> Epoch: 132 Train loss: 0.0930  Val  loss: 0.2954 Val acc: 0.9110 Val ECE: 0.0360 Test acc: 0.9060 Test ECE: 0.0403
====> Epoch: 133 Train loss: 0.0964  Val  loss: 0.3686 Val acc: 0.8956 Val ECE: 0.0494 Test acc: 0.8949 Test ECE: 0.0494
====> Epoch: 134 Train loss: 0.0963  Val  loss: 0.2741 Val acc: 0.9142 Val ECE: 0.0342 Test acc: 0.9047 Test ECE: 0.0401
====> Epoch: 135 Train loss: 0.0917  Val  loss: 0.3048 Val acc: 0.9086 Val ECE: 0.0392 Test acc: 0.9079 Test ECE: 0.0408
====> Epoch: 136 Train loss: 0.0938  Val  loss: 0.3254 Val acc: 0.8988 Val ECE: 0.0449 Test acc: 0.8976 Test ECE: 0.0459
====> Epoch: 137 Train loss: 0.0993  Val  loss: 0.3316 Val acc: 0.9024 Val ECE: 0.0418 Test acc: 0.8991 Test ECE: 0.0435
====> Epoch: 138 Train loss: 0.0961  Val  loss: 0.3326 Val acc: 0.9054 Val ECE: 0.0392 Test acc: 0.8984 Test ECE: 0.0437
====> Epoch: 139 Train loss: 0.0976  Val  loss: 0.3419 Val acc: 0.8948 Val ECE: 0.0479 Test acc: 0.8941 Test ECE: 0.0472
====> Epoch: 140 Train loss: 0.0995  Val  loss: 0.3091 Val acc: 0.9032 Val ECE: 0.0395 Test acc: 0.8997 Test ECE: 0.0407
====> Epoch: 141 Train loss: 0.0979  Val  loss: 0.3291 Val acc: 0.9002 Val ECE: 0.0413 Test acc: 0.9009 Test ECE: 0.0426
====> Epoch: 142 Train loss: 0.0981  Val  loss: 0.2902 Val acc: 0.9130 Val ECE: 0.0332 Test acc: 0.9061 Test ECE: 0.0406
====> Epoch: 143 Train loss: 0.0964  Val  loss: 0.3467 Val acc: 0.8944 Val ECE: 0.0453 Test acc: 0.8953 Test ECE: 0.0471
====> Epoch: 144 Train loss: 0.0963  Val  loss: 0.2940 Val acc: 0.9116 Val ECE: 0.0400 Test acc: 0.9126 Test ECE: 0.0372
====> Epoch: 145 Train loss: 0.0988  Val  loss: 0.3072 Val acc: 0.9104 Val ECE: 0.0384 Test acc: 0.9070 Test ECE: 0.0399
====> Epoch: 146 Train loss: 0.0978  Val  loss: 0.3079 Val acc: 0.9110 Val ECE: 0.0378 Test acc: 0.9089 Test ECE: 0.0385
====> Epoch: 147 Train loss: 0.1005  Val  loss: 0.2784 Val acc: 0.9138 Val ECE: 0.0300 Test acc: 0.9077 Test ECE: 0.0333
====> Epoch: 148 Train loss: 0.0986  Val  loss: 0.3112 Val acc: 0.9068 Val ECE: 0.0327 Test acc: 0.8955 Test ECE: 0.0429
====> Epoch: 149 Train loss: 0.0992  Val  loss: 0.3376 Val acc: 0.8970 Val ECE: 0.0445 Test acc: 0.8865 Test ECE: 0.0525
====> Epoch: 150 Train loss: 0.0361  Val  loss: 0.1961 Val acc: 0.9424 Val ECE: 0.0262 Test acc: 0.9413 Test ECE: 0.0274
====> Epoch: 151 Train loss: 0.0176  Val  loss: 0.1950 Val acc: 0.9450 Val ECE: 0.0297 Test acc: 0.9452 Test ECE: 0.0307
====> Epoch: 152 Train loss: 0.0122  Val  loss: 0.2093 Val acc: 0.9440 Val ECE: 0.0336 Test acc: 0.9454 Test ECE: 0.0339
====> Epoch: 153 Train loss: 0.0095  Val  loss: 0.2042 Val acc: 0.9496 Val ECE: 0.0318 Test acc: 0.9463 Test ECE: 0.0360
====> Epoch: 154 Train loss: 0.0078  Val  loss: 0.2205 Val acc: 0.9476 Val ECE: 0.0363 Test acc: 0.9482 Test ECE: 0.0365
====> Epoch: 155 Train loss: 0.0069  Val  loss: 0.2280 Val acc: 0.9470 Val ECE: 0.0382 Test acc: 0.9495 Test ECE: 0.0366
====> Epoch: 156 Train loss: 0.0063  Val  loss: 0.2282 Val acc: 0.9502 Val ECE: 0.0362 Test acc: 0.9484 Test ECE: 0.0377
====> Epoch: 157 Train loss: 0.0056  Val  loss: 0.2403 Val acc: 0.9476 Val ECE: 0.0385 Test acc: 0.9466 Test ECE: 0.0405
====> Epoch: 158 Train loss: 0.0045  Val  loss: 0.2437 Val acc: 0.9512 Val ECE: 0.0372 Test acc: 0.9486 Test ECE: 0.0403
====> Epoch: 159 Train loss: 0.0055  Val  loss: 0.2531 Val acc: 0.9506 Val ECE: 0.0374 Test acc: 0.9489 Test ECE: 0.0404
====> Epoch: 160 Train loss: 0.0037  Val  loss: 0.2771 Val acc: 0.9486 Val ECE: 0.0417 Test acc: 0.9479 Test ECE: 0.0420
====> Epoch: 161 Train loss: 0.0040  Val  loss: 0.2785 Val acc: 0.9484 Val ECE: 0.0417 Test acc: 0.9457 Test ECE: 0.0450
====> Epoch: 162 Train loss: 0.0043  Val  loss: 0.2744 Val acc: 0.9480 Val ECE: 0.0424 Test acc: 0.9480 Test ECE: 0.0432
====> Epoch: 163 Train loss: 0.0041  Val  loss: 0.2875 Val acc: 0.9462 Val ECE: 0.0444 Test acc: 0.9465 Test ECE: 0.0447
====> Epoch: 164 Train loss: 0.0047  Val  loss: 0.2932 Val acc: 0.9450 Val ECE: 0.0452 Test acc: 0.9479 Test ECE: 0.0436
====> Epoch: 165 Train loss: 0.0033  Val  loss: 0.2927 Val acc: 0.9450 Val ECE: 0.0459 Test acc: 0.9476 Test ECE: 0.0438
====> Epoch: 166 Train loss: 0.0031  Val  loss: 0.2817 Val acc: 0.9468 Val ECE: 0.0433 Test acc: 0.9477 Test ECE: 0.0442
====> Epoch: 167 Train loss: 0.0033  Val  loss: 0.2918 Val acc: 0.9488 Val ECE: 0.0426 Test acc: 0.9472 Test ECE: 0.0449
====> Epoch: 168 Train loss: 0.0026  Val  loss: 0.2899 Val acc: 0.9486 Val ECE: 0.0430 Test acc: 0.9479 Test ECE: 0.0436
====> Epoch: 169 Train loss: 0.0025  Val  loss: 0.2965 Val acc: 0.9472 Val ECE: 0.0442 Test acc: 0.9468 Test ECE: 0.0456
====> Epoch: 170 Train loss: 0.0030  Val  loss: 0.3066 Val acc: 0.9468 Val ECE: 0.0453 Test acc: 0.9477 Test ECE: 0.0442
PF_fix round 2
fix fc parameters
fix layer4 parameters
====> Epoch: 171 Train loss: 0.0019  Val  loss: 0.2943 Val acc: 0.9498 Val ECE: 0.0411 Test acc: 0.9478 Test ECE: 0.0448
PF_fix round 3
fix fc parameters
fix layer4 parameters
fix layer3 parameters
====> Epoch: 172 Train loss: 0.0024  Val  loss: 0.2898 Val acc: 0.9490 Val ECE: 0.0405 Test acc: 0.9488 Test ECE: 0.0434
====> Epoch: 173 Train loss: 0.0020  Val  loss: 0.3019 Val acc: 0.9484 Val ECE: 0.0427 Test acc: 0.9469 Test ECE: 0.0454
====> Epoch: 174 Train loss: 0.0023  Val  loss: 0.2954 Val acc: 0.9472 Val ECE: 0.0437 Test acc: 0.9452 Test ECE: 0.0465
====> Epoch: 175 Train loss: 0.0029  Val  loss: 0.2721 Val acc: 0.9520 Val ECE: 0.0384 Test acc: 0.9486 Test ECE: 0.0430
====> Epoch: 176 Train loss: 0.0028  Val  loss: 0.2941 Val acc: 0.9466 Val ECE: 0.0438 Test acc: 0.9481 Test ECE: 0.0445
====> Epoch: 177 Train loss: 0.0025  Val  loss: 0.2881 Val acc: 0.9472 Val ECE: 0.0432 Test acc: 0.9471 Test ECE: 0.0446
====> Epoch: 178 Train loss: 0.0024  Val  loss: 0.2712 Val acc: 0.9502 Val ECE: 0.0398 Test acc: 0.9472 Test ECE: 0.0439
====> Epoch: 179 Train loss: 0.0025  Val  loss: 0.2801 Val acc: 0.9480 Val ECE: 0.0430 Test acc: 0.9478 Test ECE: 0.0438
====> Epoch: 180 Train loss: 0.0022  Val  loss: 0.2809 Val acc: 0.9462 Val ECE: 0.0432 Test acc: 0.9490 Test ECE: 0.0428
====> Epoch: 181 Train loss: 0.0024  Val  loss: 0.2846 Val acc: 0.9474 Val ECE: 0.0443 Test acc: 0.9481 Test ECE: 0.0436
====> Epoch: 182 Train loss: 0.0020  Val  loss: 0.2786 Val acc: 0.9482 Val ECE: 0.0419 Test acc: 0.9472 Test ECE: 0.0440
====> Epoch: 183 Train loss: 0.0025  Val  loss: 0.2731 Val acc: 0.9494 Val ECE: 0.0417 Test acc: 0.9480 Test ECE: 0.0437
====> Epoch: 184 Train loss: 0.0024  Val  loss: 0.2707 Val acc: 0.9504 Val ECE: 0.0401 Test acc: 0.9483 Test ECE: 0.0432
====> Epoch: 185 Train loss: 0.0024  Val  loss: 0.2613 Val acc: 0.9488 Val ECE: 0.0396 Test acc: 0.9483 Test ECE: 0.0441
====> Epoch: 186 Train loss: 0.0031  Val  loss: 0.2645 Val acc: 0.9492 Val ECE: 0.0405 Test acc: 0.9471 Test ECE: 0.0444
====> Epoch: 187 Train loss: 0.0026  Val  loss: 0.2595 Val acc: 0.9494 Val ECE: 0.0400 Test acc: 0.9503 Test ECE: 0.0406
====> Epoch: 188 Train loss: 0.0022  Val  loss: 0.2628 Val acc: 0.9508 Val ECE: 0.0385 Test acc: 0.9493 Test ECE: 0.0419
====> Epoch: 189 Train loss: 0.0021  Val  loss: 0.2662 Val acc: 0.9494 Val ECE: 0.0406 Test acc: 0.9484 Test ECE: 0.0419
====> Epoch: 190 Train loss: 0.0030  Val  loss: 0.2659 Val acc: 0.9486 Val ECE: 0.0407 Test acc: 0.9479 Test ECE: 0.0424
====> Epoch: 191 Train loss: 0.0033  Val  loss: 0.2480 Val acc: 0.9504 Val ECE: 0.0388 Test acc: 0.9504 Test ECE: 0.0401
====> Epoch: 192 Train loss: 0.0030  Val  loss: 0.2563 Val acc: 0.9472 Val ECE: 0.0418 Test acc: 0.9491 Test ECE: 0.0410
====> Epoch: 193 Train loss: 0.0033  Val  loss: 0.2491 Val acc: 0.9510 Val ECE: 0.0384 Test acc: 0.9468 Test ECE: 0.0432
====> Epoch: 194 Train loss: 0.0033  Val  loss: 0.2505 Val acc: 0.9492 Val ECE: 0.0393 Test acc: 0.9480 Test ECE: 0.0417
====> Epoch: 195 Train loss: 0.0030  Val  loss: 0.2572 Val acc: 0.9504 Val ECE: 0.0387 Test acc: 0.9495 Test ECE: 0.0404
====> Epoch: 196 Train loss: 0.0031  Val  loss: 0.2618 Val acc: 0.9468 Val ECE: 0.0433 Test acc: 0.9502 Test ECE: 0.0400
====> Epoch: 197 Train loss: 0.0033  Val  loss: 0.2574 Val acc: 0.9466 Val ECE: 0.0419 Test acc: 0.9500 Test ECE: 0.0394
====> Epoch: 198 Train loss: 0.0034  Val  loss: 0.2541 Val acc: 0.9480 Val ECE: 0.0395 Test acc: 0.9491 Test ECE: 0.0404
====> Epoch: 199 Train loss: 0.0039  Val  loss: 0.2527 Val acc: 0.9490 Val ECE: 0.0399 Test acc: 0.9489 Test ECE: 0.0408
====> Epoch: 200 Train loss: 0.0036  Val  loss: 0.2388 Val acc: 0.9494 Val ECE: 0.0376 Test acc: 0.9494 Test ECE: 0.0396
====> Epoch: 201 Train loss: 0.0037  Val  loss: 0.2439 Val acc: 0.9500 Val ECE: 0.0380 Test acc: 0.9482 Test ECE: 0.0402
====> Epoch: 202 Train loss: 0.0038  Val  loss: 0.2324 Val acc: 0.9508 Val ECE: 0.0369 Test acc: 0.9492 Test ECE: 0.0400
====> Epoch: 203 Train loss: 0.0044  Val  loss: 0.2307 Val acc: 0.9524 Val ECE: 0.0353 Test acc: 0.9489 Test ECE: 0.0389
====> Epoch: 204 Train loss: 0.0044  Val  loss: 0.2291 Val acc: 0.9504 Val ECE: 0.0367 Test acc: 0.9494 Test ECE: 0.0385
====> Epoch: 205 Train loss: 0.0042  Val  loss: 0.2274 Val acc: 0.9522 Val ECE: 0.0346 Test acc: 0.9489 Test ECE: 0.0389
====> Epoch: 206 Train loss: 0.0042  Val  loss: 0.2350 Val acc: 0.9506 Val ECE: 0.0360 Test acc: 0.9486 Test ECE: 0.0388
====> Epoch: 207 Train loss: 0.0045  Val  loss: 0.2238 Val acc: 0.9508 Val ECE: 0.0350 Test acc: 0.9504 Test ECE: 0.0367
====> Epoch: 208 Train loss: 0.0051  Val  loss: 0.2403 Val acc: 0.9488 Val ECE: 0.0379 Test acc: 0.9491 Test ECE: 0.0381
====> Epoch: 209 Train loss: 0.0055  Val  loss: 0.2317 Val acc: 0.9480 Val ECE: 0.0380 Test acc: 0.9499 Test ECE: 0.0367
====> Epoch: 210 Train loss: 0.0053  Val  loss: 0.2310 Val acc: 0.9494 Val ECE: 0.0364 Test acc: 0.9492 Test ECE: 0.0369
====> Epoch: 211 Train loss: 0.0063  Val  loss: 0.2344 Val acc: 0.9500 Val ECE: 0.0354 Test acc: 0.9496 Test ECE: 0.0364
====> Epoch: 212 Train loss: 0.0064  Val  loss: 0.2308 Val acc: 0.9510 Val ECE: 0.0342 Test acc: 0.9499 Test ECE: 0.0361
====> Epoch: 213 Train loss: 0.0061  Val  loss: 0.2287 Val acc: 0.9502 Val ECE: 0.0354 Test acc: 0.9494 Test ECE: 0.0366
====> Epoch: 214 Train loss: 0.0064  Val  loss: 0.2331 Val acc: 0.9486 Val ECE: 0.0363 Test acc: 0.9490 Test ECE: 0.0369
====> Epoch: 215 Train loss: 0.0069  Val  loss: 0.2343 Val acc: 0.9490 Val ECE: 0.0353 Test acc: 0.9492 Test ECE: 0.0367
====> Epoch: 216 Train loss: 0.0072  Val  loss: 0.2213 Val acc: 0.9526 Val ECE: 0.0320 Test acc: 0.9502 Test ECE: 0.0341
====> Epoch: 217 Train loss: 0.0072  Val  loss: 0.2220 Val acc: 0.9498 Val ECE: 0.0334 Test acc: 0.9498 Test ECE: 0.0351
====> Epoch: 218 Train loss: 0.0080  Val  loss: 0.2278 Val acc: 0.9492 Val ECE: 0.0357 Test acc: 0.9499 Test ECE: 0.0344
====> Epoch: 219 Train loss: 0.0077  Val  loss: 0.2255 Val acc: 0.9490 Val ECE: 0.0345 Test acc: 0.9488 Test ECE: 0.0350
====> Epoch: 220 Train loss: 0.0087  Val  loss: 0.2177 Val acc: 0.9508 Val ECE: 0.0321 Test acc: 0.9488 Test ECE: 0.0341
====> Epoch: 221 Train loss: 0.0085  Val  loss: 0.2268 Val acc: 0.9480 Val ECE: 0.0348 Test acc: 0.9491 Test ECE: 0.0345
====> Epoch: 222 Train loss: 0.0090  Val  loss: 0.2261 Val acc: 0.9484 Val ECE: 0.0351 Test acc: 0.9500 Test ECE: 0.0327
====> Epoch: 223 Train loss: 0.0094  Val  loss: 0.2154 Val acc: 0.9506 Val ECE: 0.0304 Test acc: 0.9513 Test ECE: 0.0321
====> Epoch: 224 Train loss: 0.0104  Val  loss: 0.2203 Val acc: 0.9508 Val ECE: 0.0305 Test acc: 0.9493 Test ECE: 0.0323
====> Epoch: 225 Train loss: 0.0103  Val  loss: 0.2129 Val acc: 0.9522 Val ECE: 0.0298 Test acc: 0.9494 Test ECE: 0.0320
====> Epoch: 226 Train loss: 0.0110  Val  loss: 0.2096 Val acc: 0.9520 Val ECE: 0.0282 Test acc: 0.9515 Test ECE: 0.0296
====> Epoch: 227 Train loss: 0.0111  Val  loss: 0.2161 Val acc: 0.9500 Val ECE: 0.0291 Test acc: 0.9499 Test ECE: 0.0306
====> Epoch: 228 Train loss: 0.0118  Val  loss: 0.2173 Val acc: 0.9496 Val ECE: 0.0297 Test acc: 0.9521 Test ECE: 0.0282
====> Epoch: 229 Train loss: 0.0121  Val  loss: 0.2197 Val acc: 0.9510 Val ECE: 0.0283 Test acc: 0.9504 Test ECE: 0.0288
====> Epoch: 230 Train loss: 0.0124  Val  loss: 0.2177 Val acc: 0.9516 Val ECE: 0.0282 Test acc: 0.9502 Test ECE: 0.0291
====> Epoch: 231 Train loss: 0.0138  Val  loss: 0.2101 Val acc: 0.9512 Val ECE: 0.0274 Test acc: 0.9508 Test ECE: 0.0289
====> Epoch: 232 Train loss: 0.0136  Val  loss: 0.2051 Val acc: 0.9540 Val ECE: 0.0233 Test acc: 0.9494 Test ECE: 0.0292
====> Epoch: 233 Train loss: 0.0142  Val  loss: 0.2089 Val acc: 0.9502 Val ECE: 0.0259 Test acc: 0.9488 Test ECE: 0.0293
====> Epoch: 234 Train loss: 0.0150  Val  loss: 0.2073 Val acc: 0.9508 Val ECE: 0.0263 Test acc: 0.9504 Test ECE: 0.0265
====> Epoch: 235 Train loss: 0.0153  Val  loss: 0.2133 Val acc: 0.9504 Val ECE: 0.0242 Test acc: 0.9490 Test ECE: 0.0264
====> Epoch: 236 Train loss: 0.0158  Val  loss: 0.2079 Val acc: 0.9508 Val ECE: 0.0230 Test acc: 0.9478 Test ECE: 0.0281
====> Epoch: 237 Train loss: 0.0169  Val  loss: 0.2062 Val acc: 0.9494 Val ECE: 0.0255 Test acc: 0.9490 Test ECE: 0.0260
====> Epoch: 238 Train loss: 0.0179  Val  loss: 0.2031 Val acc: 0.9510 Val ECE: 0.0224 Test acc: 0.9494 Test ECE: 0.0259
====> Epoch: 239 Train loss: 0.0187  Val  loss: 0.2186 Val acc: 0.9502 Val ECE: 0.0253 Test acc: 0.9494 Test ECE: 0.0248
====> Epoch: 240 Train loss: 0.0192  Val  loss: 0.2070 Val acc: 0.9516 Val ECE: 0.0214 Test acc: 0.9499 Test ECE: 0.0230
====> Epoch: 241 Train loss: 0.0204  Val  loss: 0.2022 Val acc: 0.9518 Val ECE: 0.0195 Test acc: 0.9505 Test ECE: 0.0228
====> Epoch: 242 Train loss: 0.0206  Val  loss: 0.2090 Val acc: 0.9496 Val ECE: 0.0209 Test acc: 0.9497 Test ECE: 0.0227
====> Epoch: 243 Train loss: 0.0218  Val  loss: 0.2056 Val acc: 0.9506 Val ECE: 0.0193 Test acc: 0.9501 Test ECE: 0.0215
====> Epoch: 244 Train loss: 0.0221  Val  loss: 0.2086 Val acc: 0.9526 Val ECE: 0.0185 Test acc: 0.9506 Test ECE: 0.0208
====> Epoch: 245 Train loss: 0.0236  Val  loss: 0.2093 Val acc: 0.9508 Val ECE: 0.0186 Test acc: 0.9502 Test ECE: 0.0202
====> Epoch: 246 Train loss: 0.0244  Val  loss: 0.2092 Val acc: 0.9488 Val ECE: 0.0187 Test acc: 0.9493 Test ECE: 0.0194
====> Epoch: 247 Train loss: 0.0251  Val  loss: 0.2095 Val acc: 0.9502 Val ECE: 0.0175 Test acc: 0.9492 Test ECE: 0.0192
====> Epoch: 248 Train loss: 0.0257  Val  loss: 0.2064 Val acc: 0.9520 Val ECE: 0.0156 Test acc: 0.9503 Test ECE: 0.0175
====> Epoch: 249 Train loss: 0.0270  Val  loss: 0.2142 Val acc: 0.9508 Val ECE: 0.0151 Test acc: 0.9465 Test ECE: 0.0191
====> Epoch: 250 Train loss: 0.0266  Val  loss: 0.2069 Val acc: 0.9508 Val ECE: 0.0149 Test acc: 0.9508 Test ECE: 0.0153
====> Epoch: 251 Train loss: 0.0271  Val  loss: 0.2007 Val acc: 0.9516 Val ECE: 0.0130 Test acc: 0.9504 Test ECE: 0.0155
====> Epoch: 252 Train loss: 0.0268  Val  loss: 0.2048 Val acc: 0.9522 Val ECE: 0.0137 Test acc: 0.9506 Test ECE: 0.0151
====> Epoch: 253 Train loss: 0.0265  Val  loss: 0.2081 Val acc: 0.9514 Val ECE: 0.0147 Test acc: 0.9499 Test ECE: 0.0163
====> Epoch: 254 Train loss: 0.0264  Val  loss: 0.2050 Val acc: 0.9508 Val ECE: 0.0145 Test acc: 0.9501 Test ECE: 0.0159
====> Epoch: 255 Train loss: 0.0262  Val  loss: 0.2105 Val acc: 0.9512 Val ECE: 0.0138 Test acc: 0.9506 Test ECE: 0.0149
====> Epoch: 256 Train loss: 0.0265  Val  loss: 0.2070 Val acc: 0.9520 Val ECE: 0.0137 Test acc: 0.9508 Test ECE: 0.0154
====> Epoch: 257 Train loss: 0.0270  Val  loss: 0.2051 Val acc: 0.9538 Val ECE: 0.0127 Test acc: 0.9503 Test ECE: 0.0161
====> Epoch: 258 Train loss: 0.0274  Val  loss: 0.2047 Val acc: 0.9522 Val ECE: 0.0133 Test acc: 0.9489 Test ECE: 0.0172
====> Epoch: 259 Train loss: 0.0270  Val  loss: 0.2092 Val acc: 0.9510 Val ECE: 0.0144 Test acc: 0.9504 Test ECE: 0.0148
====> Epoch: 260 Train loss: 0.0271  Val  loss: 0.2112 Val acc: 0.9506 Val ECE: 0.0148 Test acc: 0.9500 Test ECE: 0.0158
====> Epoch: 261 Train loss: 0.0276  Val  loss: 0.2100 Val acc: 0.9498 Val ECE: 0.0155 Test acc: 0.9511 Test ECE: 0.0150
====> Epoch: 262 Train loss: 0.0272  Val  loss: 0.2125 Val acc: 0.9508 Val ECE: 0.0142 Test acc: 0.9499 Test ECE: 0.0151
====> Epoch: 263 Train loss: 0.0267  Val  loss: 0.2089 Val acc: 0.9524 Val ECE: 0.0128 Test acc: 0.9496 Test ECE: 0.0165
====> Epoch: 264 Train loss: 0.0273  Val  loss: 0.2144 Val acc: 0.9494 Val ECE: 0.0163 Test acc: 0.9496 Test ECE: 0.0157
====> Epoch: 265 Train loss: 0.0276  Val  loss: 0.2146 Val acc: 0.9492 Val ECE: 0.0150 Test acc: 0.9482 Test ECE: 0.0164
====> Epoch: 266 Train loss: 0.0277  Val  loss: 0.2115 Val acc: 0.9488 Val ECE: 0.0157 Test acc: 0.9496 Test ECE: 0.0159
====> Epoch: 267 Train loss: 0.0277  Val  loss: 0.2124 Val acc: 0.9512 Val ECE: 0.0148 Test acc: 0.9486 Test ECE: 0.0168
====> Epoch: 268 Train loss: 0.0279  Val  loss: 0.2157 Val acc: 0.9508 Val ECE: 0.0147 Test acc: 0.9481 Test ECE: 0.0164
====> Epoch: 269 Train loss: 0.0274  Val  loss: 0.2109 Val acc: 0.9498 Val ECE: 0.0140 Test acc: 0.9498 Test ECE: 0.0153
====> Epoch: 270 Train loss: 0.0276  Val  loss: 0.2141 Val acc: 0.9500 Val ECE: 0.0142 Test acc: 0.9481 Test ECE: 0.0163
====> Epoch: 271 Train loss: 0.0287  Val  loss: 0.2112 Val acc: 0.9492 Val ECE: 0.0149 Test acc: 0.9489 Test ECE: 0.0166
====> Epoch: 272 Train loss: 0.0285  Val  loss: 0.2155 Val acc: 0.9508 Val ECE: 0.0147 Test acc: 0.9500 Test ECE: 0.0148
====> Epoch: 273 Train loss: 0.0287  Val  loss: 0.2139 Val acc: 0.9488 Val ECE: 0.0158 Test acc: 0.9490 Test ECE: 0.0158
====> Epoch: 274 Train loss: 0.0284  Val  loss: 0.2146 Val acc: 0.9486 Val ECE: 0.0158 Test acc: 0.9494 Test ECE: 0.0156
====> Epoch: 275 Train loss: 0.0286  Val  loss: 0.2158 Val acc: 0.9480 Val ECE: 0.0160 Test acc: 0.9487 Test ECE: 0.0160
====> Epoch: 276 Train loss: 0.0288  Val  loss: 0.2123 Val acc: 0.9504 Val ECE: 0.0134 Test acc: 0.9513 Test ECE: 0.0138
====> Epoch: 277 Train loss: 0.0289  Val  loss: 0.2161 Val acc: 0.9502 Val ECE: 0.0144 Test acc: 0.9493 Test ECE: 0.0143
====> Epoch: 278 Train loss: 0.0283  Val  loss: 0.2133 Val acc: 0.9504 Val ECE: 0.0142 Test acc: 0.9493 Test ECE: 0.0153
====> Epoch: 279 Train loss: 0.0287  Val  loss: 0.2134 Val acc: 0.9504 Val ECE: 0.0135 Test acc: 0.9499 Test ECE: 0.0146
====> Epoch: 280 Train loss: 0.0288  Val  loss: 0.2183 Val acc: 0.9496 Val ECE: 0.0147 Test acc: 0.9480 Test ECE: 0.0156
====> Epoch: 281 Train loss: 0.0290  Val  loss: 0.2154 Val acc: 0.9510 Val ECE: 0.0135 Test acc: 0.9496 Test ECE: 0.0148
====> Epoch: 282 Train loss: 0.0295  Val  loss: 0.2181 Val acc: 0.9494 Val ECE: 0.0145 Test acc: 0.9496 Test ECE: 0.0147
====> Epoch: 283 Train loss: 0.0293  Val  loss: 0.2214 Val acc: 0.9486 Val ECE: 0.0153 Test acc: 0.9486 Test ECE: 0.0153
====> Epoch: 284 Train loss: 0.0299  Val  loss: 0.2195 Val acc: 0.9500 Val ECE: 0.0144 Test acc: 0.9488 Test ECE: 0.0147
====> Epoch: 285 Train loss: 0.0291  Val  loss: 0.2210 Val acc: 0.9494 Val ECE: 0.0144 Test acc: 0.9480 Test ECE: 0.0157
====> Epoch: 286 Train loss: 0.0297  Val  loss: 0.2152 Val acc: 0.9508 Val ECE: 0.0124 Test acc: 0.9481 Test ECE: 0.0144
====> Epoch: 287 Train loss: 0.0290  Val  loss: 0.2170 Val acc: 0.9496 Val ECE: 0.0134 Test acc: 0.9484 Test ECE: 0.0149
====> Epoch: 288 Train loss: 0.0296  Val  loss: 0.2206 Val acc: 0.9494 Val ECE: 0.0147 Test acc: 0.9482 Test ECE: 0.0144
====> Epoch: 289 Train loss: 0.0298  Val  loss: 0.2156 Val acc: 0.9508 Val ECE: 0.0126 Test acc: 0.9495 Test ECE: 0.0133
====> Epoch: 290 Train loss: 0.0295  Val  loss: 0.2140 Val acc: 0.9518 Val ECE: 0.0136 Test acc: 0.9489 Test ECE: 0.0148
====> Epoch: 291 Train loss: 0.0304  Val  loss: 0.2178 Val acc: 0.9502 Val ECE: 0.0132 Test acc: 0.9486 Test ECE: 0.0148
====> Epoch: 292 Train loss: 0.0298  Val  loss: 0.2191 Val acc: 0.9504 Val ECE: 0.0136 Test acc: 0.9491 Test ECE: 0.0135
====> Epoch: 293 Train loss: 0.0308  Val  loss: 0.2147 Val acc: 0.9516 Val ECE: 0.0119 Test acc: 0.9496 Test ECE: 0.0131
====> Epoch: 294 Train loss: 0.0300  Val  loss: 0.2205 Val acc: 0.9498 Val ECE: 0.0132 Test acc: 0.9492 Test ECE: 0.0134
====> Epoch: 295 Train loss: 0.0303  Val  loss: 0.2165 Val acc: 0.9520 Val ECE: 0.0131 Test acc: 0.9491 Test ECE: 0.0139
====> Epoch: 296 Train loss: 0.0306  Val  loss: 0.2169 Val acc: 0.9508 Val ECE: 0.0117 Test acc: 0.9480 Test ECE: 0.0143
====> Epoch: 297 Train loss: 0.0311  Val  loss: 0.2181 Val acc: 0.9516 Val ECE: 0.0119 Test acc: 0.9469 Test ECE: 0.0151
====> Epoch: 298 Train loss: 0.0306  Val  loss: 0.2181 Val acc: 0.9502 Val ECE: 0.0120 Test acc: 0.9472 Test ECE: 0.0151
====> Epoch: 299 Train loss: 0.0312  Val  loss: 0.2169 Val acc: 0.9504 Val ECE: 0.0117 Test acc: 0.9484 Test ECE: 0.0139
====> Epoch: 300 Train loss: 0.0311  Val  loss: 0.2215 Val acc: 0.9488 Val ECE: 0.0127 Test acc: 0.9481 Test ECE: 0.0141
====> Epoch: 301 Train loss: 0.0308  Val  loss: 0.2260 Val acc: 0.9498 Val ECE: 0.0137 Test acc: 0.9477 Test ECE: 0.0135
====> Epoch: 302 Train loss: 0.0307  Val  loss: 0.2292 Val acc: 0.9484 Val ECE: 0.0151 Test acc: 0.9470 Test ECE: 0.0153
====> Epoch: 303 Train loss: 0.0313  Val  loss: 0.2180 Val acc: 0.9512 Val ECE: 0.0113 Test acc: 0.9475 Test ECE: 0.0145
====> Epoch: 304 Train loss: 0.0311  Val  loss: 0.2232 Val acc: 0.9496 Val ECE: 0.0128 Test acc: 0.9475 Test ECE: 0.0141
====> Epoch: 305 Train loss: 0.0318  Val  loss: 0.2252 Val acc: 0.9494 Val ECE: 0.0133 Test acc: 0.9470 Test ECE: 0.0146
====> Epoch: 306 Train loss: 0.0312  Val  loss: 0.2246 Val acc: 0.9494 Val ECE: 0.0126 Test acc: 0.9471 Test ECE: 0.0147
====> Epoch: 307 Train loss: 0.0320  Val  loss: 0.2225 Val acc: 0.9486 Val ECE: 0.0121 Test acc: 0.9482 Test ECE: 0.0128
====> Epoch: 308 Train loss: 0.0318  Val  loss: 0.2260 Val acc: 0.9478 Val ECE: 0.0138 Test acc: 0.9476 Test ECE: 0.0135
====> Epoch: 309 Train loss: 0.0321  Val  loss: 0.2227 Val acc: 0.9496 Val ECE: 0.0122 Test acc: 0.9471 Test ECE: 0.0138
====> Epoch: 310 Train loss: 0.0314  Val  loss: 0.2190 Val acc: 0.9506 Val ECE: 0.0105 Test acc: 0.9468 Test ECE: 0.0140
====> Epoch: 311 Train loss: 0.0323  Val  loss: 0.2301 Val acc: 0.9488 Val ECE: 0.0132 Test acc: 0.9475 Test ECE: 0.0139
====> Epoch: 312 Train loss: 0.0319  Val  loss: 0.2226 Val acc: 0.9498 Val ECE: 0.0120 Test acc: 0.9480 Test ECE: 0.0134
====> Epoch: 313 Train loss: 0.0322  Val  loss: 0.2251 Val acc: 0.9492 Val ECE: 0.0122 Test acc: 0.9459 Test ECE: 0.0152
====> Epoch: 314 Train loss: 0.0323  Val  loss: 0.2255 Val acc: 0.9502 Val ECE: 0.0121 Test acc: 0.9469 Test ECE: 0.0138
====> Epoch: 315 Train loss: 0.0332  Val  loss: 0.2278 Val acc: 0.9494 Val ECE: 0.0120 Test acc: 0.9453 Test ECE: 0.0146
====> Epoch: 316 Train loss: 0.0326  Val  loss: 0.2201 Val acc: 0.9504 Val ECE: 0.0104 Test acc: 0.9475 Test ECE: 0.0133
====> Epoch: 317 Train loss: 0.0329  Val  loss: 0.2223 Val acc: 0.9490 Val ECE: 0.0122 Test acc: 0.9469 Test ECE: 0.0135
====> Epoch: 318 Train loss: 0.0328  Val  loss: 0.2294 Val acc: 0.9466 Val ECE: 0.0130 Test acc: 0.9467 Test ECE: 0.0142
====> Epoch: 319 Train loss: 0.0329  Val  loss: 0.2268 Val acc: 0.9482 Val ECE: 0.0124 Test acc: 0.9467 Test ECE: 0.0138
====> Epoch: 320 Train loss: 0.0330  Val  loss: 0.2240 Val acc: 0.9496 Val ECE: 0.0106 Test acc: 0.9470 Test ECE: 0.0141
====> Epoch: 321 Train loss: 0.0334  Val  loss: 0.2254 Val acc: 0.9494 Val ECE: 0.0116 Test acc: 0.9469 Test ECE: 0.0128
====> Epoch: 322 Train loss: 0.0332  Val  loss: 0.2216 Val acc: 0.9492 Val ECE: 0.0114 Test acc: 0.9466 Test ECE: 0.0138
====> Epoch: 323 Train loss: 0.0333  Val  loss: 0.2261 Val acc: 0.9486 Val ECE: 0.0118 Test acc: 0.9468 Test ECE: 0.0135
====> Epoch: 324 Train loss: 0.0339  Val  loss: 0.2262 Val acc: 0.9488 Val ECE: 0.0110 Test acc: 0.9469 Test ECE: 0.0131
====> Epoch: 325 Train loss: 0.0332  Val  loss: 0.2297 Val acc: 0.9482 Val ECE: 0.0121 Test acc: 0.9474 Test ECE: 0.0119
====> Epoch: 326 Train loss: 0.0343  Val  loss: 0.2255 Val acc: 0.9480 Val ECE: 0.0107 Test acc: 0.9461 Test ECE: 0.0134
====> Epoch: 327 Train loss: 0.0335  Val  loss: 0.2284 Val acc: 0.9488 Val ECE: 0.0118 Test acc: 0.9462 Test ECE: 0.0133
====> Epoch: 328 Train loss: 0.0334  Val  loss: 0.2283 Val acc: 0.9486 Val ECE: 0.0113 Test acc: 0.9473 Test ECE: 0.0116
====> Epoch: 329 Train loss: 0.0342  Val  loss: 0.2250 Val acc: 0.9504 Val ECE: 0.0117 Test acc: 0.9477 Test ECE: 0.0117
====> Epoch: 330 Train loss: 0.0344  Val  loss: 0.2259 Val acc: 0.9498 Val ECE: 0.0118 Test acc: 0.9478 Test ECE: 0.0109
====> Epoch: 331 Train loss: 0.0345  Val  loss: 0.2309 Val acc: 0.9480 Val ECE: 0.0120 Test acc: 0.9467 Test ECE: 0.0124
====> Epoch: 332 Train loss: 0.0342  Val  loss: 0.2235 Val acc: 0.9500 Val ECE: 0.0114 Test acc: 0.9468 Test ECE: 0.0124
====> Epoch: 333 Train loss: 0.0347  Val  loss: 0.2233 Val acc: 0.9498 Val ECE: 0.0106 Test acc: 0.9476 Test ECE: 0.0124
====> Epoch: 334 Train loss: 0.0357  Val  loss: 0.2266 Val acc: 0.9500 Val ECE: 0.0112 Test acc: 0.9479 Test ECE: 0.0117
====> Epoch: 335 Train loss: 0.0345  Val  loss: 0.2251 Val acc: 0.9496 Val ECE: 0.0131 Test acc: 0.9476 Test ECE: 0.0116
====> Epoch: 336 Train loss: 0.0343  Val  loss: 0.2276 Val acc: 0.9480 Val ECE: 0.0111 Test acc: 0.9457 Test ECE: 0.0128
====> Epoch: 337 Train loss: 0.0353  Val  loss: 0.2279 Val acc: 0.9482 Val ECE: 0.0114 Test acc: 0.9473 Test ECE: 0.0108
====> Epoch: 338 Train loss: 0.0351  Val  loss: 0.2306 Val acc: 0.9486 Val ECE: 0.0113 Test acc: 0.9471 Test ECE: 0.0118
====> Epoch: 339 Train loss: 0.0356  Val  loss: 0.2293 Val acc: 0.9496 Val ECE: 0.0129 Test acc: 0.9462 Test ECE: 0.0122
====> Epoch: 340 Train loss: 0.0349  Val  loss: 0.2305 Val acc: 0.9476 Val ECE: 0.0116 Test acc: 0.9459 Test ECE: 0.0124
====> Epoch: 341 Train loss: 0.0358  Val  loss: 0.2302 Val acc: 0.9484 Val ECE: 0.0149 Test acc: 0.9468 Test ECE: 0.0128
====> Epoch: 342 Train loss: 0.0351  Val  loss: 0.2303 Val acc: 0.9470 Val ECE: 0.0120 Test acc: 0.9458 Test ECE: 0.0123
====> Epoch: 343 Train loss: 0.0359  Val  loss: 0.2344 Val acc: 0.9474 Val ECE: 0.0116 Test acc: 0.9459 Test ECE: 0.0120
====> Epoch: 344 Train loss: 0.0356  Val  loss: 0.2326 Val acc: 0.9474 Val ECE: 0.0154 Test acc: 0.9462 Test ECE: 0.0114
====> Epoch: 345 Train loss: 0.0359  Val  loss: 0.2343 Val acc: 0.9468 Val ECE: 0.0126 Test acc: 0.9461 Test ECE: 0.0114
====> Epoch: 346 Train loss: 0.0359  Val  loss: 0.2286 Val acc: 0.9490 Val ECE: 0.0146 Test acc: 0.9464 Test ECE: 0.0127
====> Epoch: 347 Train loss: 0.0365  Val  loss: 0.2238 Val acc: 0.9506 Val ECE: 0.0127 Test acc: 0.9464 Test ECE: 0.0109
====> Epoch: 348 Train loss: 0.0362  Val  loss: 0.2281 Val acc: 0.9500 Val ECE: 0.0133 Test acc: 0.9459 Test ECE: 0.0136
====> Epoch: 349 Train loss: 0.0362  Val  loss: 0.2341 Val acc: 0.9472 Val ECE: 0.0146 Test acc: 0.9446 Test ECE: 0.0125
