resnet50_cifar10_cross_entropy_UP5_WD0.0001_220123002138
CUDA set: True
Files already downloaded and verified
Files already downloaded and verified
====> Epoch: 0 Train loss: 2.1458  Val  loss: 1.6421 Val acc: 0.3994 Val ECE: 0.0642 Test acc: 0.3929 Test ECE: 0.0706
====> Epoch: 1 Train loss: 1.4455  Val  loss: 1.3358 Val acc: 0.5330 Val ECE: 0.0980 Test acc: 0.5367 Test ECE: 0.1001
====> Epoch: 2 Train loss: 1.1327  Val  loss: 9.3535 Val acc: 0.6250 Val ECE: 0.0666 Test acc: 0.6151 Test ECE: 0.0774
====> Epoch: 3 Train loss: 0.9455  Val  loss: 1.0940 Val acc: 0.6310 Val ECE: 0.1164 Test acc: 0.6250 Test ECE: 0.1220
====> Epoch: 4 Train loss: 0.8325  Val  loss: 0.8448 Val acc: 0.7186 Val ECE: 0.0513 Test acc: 0.7048 Test ECE: 0.0657
====> Epoch: 5 Train loss: 0.7395  Val  loss: 0.7512 Val acc: 0.7354 Val ECE: 0.0503 Test acc: 0.7328 Test ECE: 0.0531
====> Epoch: 6 Train loss: 0.6743  Val  loss: 0.7454 Val acc: 0.7414 Val ECE: 0.0511 Test acc: 0.7462 Test ECE: 0.0437
====> Epoch: 7 Train loss: 0.6136  Val  loss: 0.8185 Val acc: 0.7480 Val ECE: 0.0703 Test acc: 0.7322 Test ECE: 0.0849
====> Epoch: 8 Train loss: 0.5605  Val  loss: 0.6509 Val acc: 0.7806 Val ECE: 0.0507 Test acc: 0.7709 Test ECE: 0.0566
====> Epoch: 9 Train loss: 0.5160  Val  loss: 0.5856 Val acc: 0.7974 Val ECE: 0.0392 Test acc: 0.7932 Test ECE: 0.0436
====> Epoch: 10 Train loss: 0.4757  Val  loss: 0.5514 Val acc: 0.8196 Val ECE: 0.0487 Test acc: 0.8110 Test ECE: 0.0518
====> Epoch: 11 Train loss: 0.4539  Val  loss: 0.5023 Val acc: 0.8312 Val ECE: 0.0273 Test acc: 0.8258 Test ECE: 0.0314
====> Epoch: 12 Train loss: 0.4268  Val  loss: 0.4800 Val acc: 0.8352 Val ECE: 0.0352 Test acc: 0.8298 Test ECE: 0.0420
====> Epoch: 13 Train loss: 0.4021  Val  loss: 0.4652 Val acc: 0.8436 Val ECE: 0.0366 Test acc: 0.8425 Test ECE: 0.0359
====> Epoch: 14 Train loss: 0.3846  Val  loss: 0.5142 Val acc: 0.8280 Val ECE: 0.0521 Test acc: 0.8343 Test ECE: 0.0481
====> Epoch: 15 Train loss: 0.3658  Val  loss: 0.5093 Val acc: 0.8292 Val ECE: 0.0492 Test acc: 0.8294 Test ECE: 0.0512
====> Epoch: 16 Train loss: 0.3456  Val  loss: 0.5038 Val acc: 0.8358 Val ECE: 0.0588 Test acc: 0.8368 Test ECE: 0.0562
====> Epoch: 17 Train loss: 0.3304  Val  loss: 0.5514 Val acc: 0.8250 Val ECE: 0.0679 Test acc: 0.8316 Test ECE: 0.0603
====> Epoch: 18 Train loss: 0.3214  Val  loss: 0.5359 Val acc: 0.8374 Val ECE: 0.0658 Test acc: 0.8340 Test ECE: 0.0670
====> Epoch: 19 Train loss: 0.3043  Val  loss: 0.5004 Val acc: 0.8388 Val ECE: 0.0583 Test acc: 0.8337 Test ECE: 0.0633
====> Epoch: 20 Train loss: 0.2952  Val  loss: 0.4584 Val acc: 0.8604 Val ECE: 0.0472 Test acc: 0.8498 Test ECE: 0.0539
====> Epoch: 21 Train loss: 0.2807  Val  loss: 0.3801 Val acc: 0.8772 Val ECE: 0.0376 Test acc: 0.8753 Test ECE: 0.0354
====> Epoch: 22 Train loss: 0.2725  Val  loss: 0.4539 Val acc: 0.8586 Val ECE: 0.0542 Test acc: 0.8636 Test ECE: 0.0500
====> Epoch: 23 Train loss: 0.2658  Val  loss: 0.4537 Val acc: 0.8584 Val ECE: 0.0582 Test acc: 0.8570 Test ECE: 0.0546
====> Epoch: 24 Train loss: 0.2530  Val  loss: 0.3898 Val acc: 0.8786 Val ECE: 0.0400 Test acc: 0.8751 Test ECE: 0.0423
====> Epoch: 25 Train loss: 0.2401  Val  loss: 0.4510 Val acc: 0.8572 Val ECE: 0.0619 Test acc: 0.8574 Test ECE: 0.0604
====> Epoch: 26 Train loss: 0.2379  Val  loss: 0.3727 Val acc: 0.8820 Val ECE: 0.0378 Test acc: 0.8757 Test ECE: 0.0434
====> Epoch: 27 Train loss: 0.2329  Val  loss: 0.4871 Val acc: 0.8546 Val ECE: 0.0642 Test acc: 0.8605 Test ECE: 0.0605
====> Epoch: 28 Train loss: 0.2272  Val  loss: 0.4812 Val acc: 0.8608 Val ECE: 0.0567 Test acc: 0.8567 Test ECE: 0.0599
====> Epoch: 29 Train loss: 0.2190  Val  loss: 0.4103 Val acc: 0.8708 Val ECE: 0.0467 Test acc: 0.8670 Test ECE: 0.0491
====> Epoch: 30 Train loss: 0.2098  Val  loss: 0.4861 Val acc: 0.8520 Val ECE: 0.0566 Test acc: 0.8503 Test ECE: 0.0554
====> Epoch: 31 Train loss: 0.2128  Val  loss: 0.3855 Val acc: 0.8824 Val ECE: 0.0480 Test acc: 0.8823 Test ECE: 0.0434
====> Epoch: 32 Train loss: 0.2041  Val  loss: 0.3986 Val acc: 0.8758 Val ECE: 0.0510 Test acc: 0.8798 Test ECE: 0.0507
====> Epoch: 33 Train loss: 0.1986  Val  loss: 0.4130 Val acc: 0.8728 Val ECE: 0.0527 Test acc: 0.8647 Test ECE: 0.0602
====> Epoch: 34 Train loss: 0.1978  Val  loss: 0.3536 Val acc: 0.8840 Val ECE: 0.0509 Test acc: 0.8886 Test ECE: 0.0449
====> Epoch: 35 Train loss: 0.1895  Val  loss: 0.4960 Val acc: 0.8570 Val ECE: 0.0746 Test acc: 0.8591 Test ECE: 0.0732
====> Epoch: 36 Train loss: 0.1898  Val  loss: 0.4278 Val acc: 0.8806 Val ECE: 0.0512 Test acc: 0.8766 Test ECE: 0.0545
====> Epoch: 37 Train loss: 0.1836  Val  loss: 0.3498 Val acc: 0.8856 Val ECE: 0.0434 Test acc: 0.8823 Test ECE: 0.0450
====> Epoch: 38 Train loss: 0.1785  Val  loss: 0.3700 Val acc: 0.8898 Val ECE: 0.0488 Test acc: 0.8879 Test ECE: 0.0499
====> Epoch: 39 Train loss: 0.1772  Val  loss: 0.4884 Val acc: 0.8562 Val ECE: 0.0725 Test acc: 0.8539 Test ECE: 0.0753
====> Epoch: 40 Train loss: 0.1764  Val  loss: 0.3427 Val acc: 0.8972 Val ECE: 0.0436 Test acc: 0.8908 Test ECE: 0.0479
====> Epoch: 41 Train loss: 0.1681  Val  loss: 0.5037 Val acc: 0.8608 Val ECE: 0.0656 Test acc: 0.8524 Test ECE: 0.0718
====> Epoch: 42 Train loss: 0.1684  Val  loss: 0.3441 Val acc: 0.8964 Val ECE: 0.0428 Test acc: 0.8913 Test ECE: 0.0488
====> Epoch: 43 Train loss: 0.1627  Val  loss: 0.3962 Val acc: 0.8812 Val ECE: 0.0549 Test acc: 0.8811 Test ECE: 0.0532
====> Epoch: 44 Train loss: 0.1654  Val  loss: 0.3705 Val acc: 0.8890 Val ECE: 0.0500 Test acc: 0.8867 Test ECE: 0.0512
====> Epoch: 45 Train loss: 0.1584  Val  loss: 0.4582 Val acc: 0.8726 Val ECE: 0.0641 Test acc: 0.8748 Test ECE: 0.0637
====> Epoch: 46 Train loss: 0.1581  Val  loss: 0.5463 Val acc: 0.8608 Val ECE: 0.0701 Test acc: 0.8426 Test ECE: 0.0854
====> Epoch: 47 Train loss: 0.1582  Val  loss: 0.3491 Val acc: 0.8920 Val ECE: 0.0481 Test acc: 0.8991 Test ECE: 0.0424
====> Epoch: 48 Train loss: 0.1536  Val  loss: 0.4822 Val acc: 0.8680 Val ECE: 0.0718 Test acc: 0.8671 Test ECE: 0.0707
====> Epoch: 49 Train loss: 0.1532  Val  loss: 0.3921 Val acc: 0.8872 Val ECE: 0.0534 Test acc: 0.8872 Test ECE: 0.0548
====> Epoch: 50 Train loss: 0.1505  Val  loss: 0.3845 Val acc: 0.8844 Val ECE: 0.0508 Test acc: 0.8820 Test ECE: 0.0510
====> Epoch: 51 Train loss: 0.1427  Val  loss: 0.3995 Val acc: 0.8798 Val ECE: 0.0573 Test acc: 0.8757 Test ECE: 0.0608
====> Epoch: 52 Train loss: 0.1474  Val  loss: 0.4765 Val acc: 0.8784 Val ECE: 0.0664 Test acc: 0.8696 Test ECE: 0.0726
====> Epoch: 53 Train loss: 0.1454  Val  loss: 0.3678 Val acc: 0.8938 Val ECE: 0.0460 Test acc: 0.8882 Test ECE: 0.0509
====> Epoch: 54 Train loss: 0.1441  Val  loss: 0.4421 Val acc: 0.8728 Val ECE: 0.0640 Test acc: 0.8732 Test ECE: 0.0625
====> Epoch: 55 Train loss: 0.1445  Val  loss: 0.4010 Val acc: 0.8874 Val ECE: 0.0546 Test acc: 0.8816 Test ECE: 0.0581
====> Epoch: 56 Train loss: 0.1376  Val  loss: 0.5428 Val acc: 0.8692 Val ECE: 0.0778 Test acc: 0.8636 Test ECE: 0.0813
====> Epoch: 57 Train loss: 0.1415  Val  loss: 0.3929 Val acc: 0.8880 Val ECE: 0.0567 Test acc: 0.8855 Test ECE: 0.0585
====> Epoch: 58 Train loss: 0.1387  Val  loss: 0.3804 Val acc: 0.8912 Val ECE: 0.0505 Test acc: 0.8901 Test ECE: 0.0471
====> Epoch: 59 Train loss: 0.1404  Val  loss: 0.3440 Val acc: 0.9054 Val ECE: 0.0463 Test acc: 0.8978 Test ECE: 0.0532
====> Epoch: 60 Train loss: 0.1339  Val  loss: 0.4450 Val acc: 0.8792 Val ECE: 0.0651 Test acc: 0.8758 Test ECE: 0.0679
====> Epoch: 61 Train loss: 0.1326  Val  loss: 0.4262 Val acc: 0.8830 Val ECE: 0.0577 Test acc: 0.8739 Test ECE: 0.0668
====> Epoch: 62 Train loss: 0.1324  Val  loss: 0.4254 Val acc: 0.8894 Val ECE: 0.0579 Test acc: 0.8828 Test ECE: 0.0613
====> Epoch: 63 Train loss: 0.1313  Val  loss: 0.3534 Val acc: 0.8958 Val ECE: 0.0526 Test acc: 0.8989 Test ECE: 0.0488
====> Epoch: 64 Train loss: 0.1299  Val  loss: 0.4558 Val acc: 0.8812 Val ECE: 0.0678 Test acc: 0.8786 Test ECE: 0.0697
====> Epoch: 65 Train loss: 0.1290  Val  loss: 0.3458 Val acc: 0.9026 Val ECE: 0.0443 Test acc: 0.8965 Test ECE: 0.0513
====> Epoch: 66 Train loss: 0.1289  Val  loss: 0.4949 Val acc: 0.8666 Val ECE: 0.0739 Test acc: 0.8629 Test ECE: 0.0785
====> Epoch: 67 Train loss: 0.1273  Val  loss: 0.3338 Val acc: 0.8970 Val ECE: 0.0460 Test acc: 0.8949 Test ECE: 0.0474
====> Epoch: 68 Train loss: 0.1267  Val  loss: 0.3545 Val acc: 0.8994 Val ECE: 0.0466 Test acc: 0.8897 Test ECE: 0.0565
====> Epoch: 69 Train loss: 0.1219  Val  loss: 0.4539 Val acc: 0.8866 Val ECE: 0.0638 Test acc: 0.8852 Test ECE: 0.0640
====> Epoch: 70 Train loss: 0.1263  Val  loss: 0.3599 Val acc: 0.8960 Val ECE: 0.0523 Test acc: 0.8980 Test ECE: 0.0510
====> Epoch: 71 Train loss: 0.1226  Val  loss: 0.3920 Val acc: 0.8936 Val ECE: 0.0557 Test acc: 0.8889 Test ECE: 0.0598
====> Epoch: 72 Train loss: 0.1226  Val  loss: 0.3420 Val acc: 0.9024 Val ECE: 0.0454 Test acc: 0.8953 Test ECE: 0.0505
====> Epoch: 73 Train loss: 0.1200  Val  loss: 0.3362 Val acc: 0.9052 Val ECE: 0.0443 Test acc: 0.9008 Test ECE: 0.0486
====> Epoch: 74 Train loss: 0.1245  Val  loss: 0.4878 Val acc: 0.8778 Val ECE: 0.0663 Test acc: 0.8703 Test ECE: 0.0696
====> Epoch: 75 Train loss: 0.1213  Val  loss: 0.4176 Val acc: 0.8876 Val ECE: 0.0561 Test acc: 0.8808 Test ECE: 0.0632
====> Epoch: 76 Train loss: 0.1202  Val  loss: 0.3526 Val acc: 0.9040 Val ECE: 0.0472 Test acc: 0.8993 Test ECE: 0.0494
====> Epoch: 77 Train loss: 0.1201  Val  loss: 0.3849 Val acc: 0.8958 Val ECE: 0.0502 Test acc: 0.8953 Test ECE: 0.0510
====> Epoch: 78 Train loss: 0.1203  Val  loss: 0.3812 Val acc: 0.8950 Val ECE: 0.0547 Test acc: 0.8935 Test ECE: 0.0532
====> Epoch: 79 Train loss: 0.1160  Val  loss: 0.3233 Val acc: 0.9104 Val ECE: 0.0428 Test acc: 0.8996 Test ECE: 0.0528
====> Epoch: 80 Train loss: 0.1162  Val  loss: 0.3414 Val acc: 0.9038 Val ECE: 0.0455 Test acc: 0.9026 Test ECE: 0.0497
====> Epoch: 81 Train loss: 0.1150  Val  loss: 0.4108 Val acc: 0.8886 Val ECE: 0.0631 Test acc: 0.8867 Test ECE: 0.0652
====> Epoch: 82 Train loss: 0.1172  Val  loss: 0.3784 Val acc: 0.8946 Val ECE: 0.0504 Test acc: 0.8824 Test ECE: 0.0610
====> Epoch: 83 Train loss: 0.1146  Val  loss: 0.3434 Val acc: 0.9046 Val ECE: 0.0472 Test acc: 0.9032 Test ECE: 0.0465
====> Epoch: 84 Train loss: 0.1143  Val  loss: 0.3815 Val acc: 0.8946 Val ECE: 0.0524 Test acc: 0.8911 Test ECE: 0.0561
====> Epoch: 85 Train loss: 0.1172  Val  loss: 0.4372 Val acc: 0.8914 Val ECE: 0.0604 Test acc: 0.8876 Test ECE: 0.0628
====> Epoch: 86 Train loss: 0.1115  Val  loss: 0.3457 Val acc: 0.9020 Val ECE: 0.0457 Test acc: 0.8961 Test ECE: 0.0532
====> Epoch: 87 Train loss: 0.1115  Val  loss: 0.3428 Val acc: 0.9048 Val ECE: 0.0499 Test acc: 0.9001 Test ECE: 0.0518
====> Epoch: 88 Train loss: 0.1112  Val  loss: 0.3833 Val acc: 0.8968 Val ECE: 0.0502 Test acc: 0.8885 Test ECE: 0.0582
====> Epoch: 89 Train loss: 0.1113  Val  loss: 0.4142 Val acc: 0.8962 Val ECE: 0.0584 Test acc: 0.8981 Test ECE: 0.0582
====> Epoch: 90 Train loss: 0.1126  Val  loss: 0.4477 Val acc: 0.8952 Val ECE: 0.0607 Test acc: 0.8846 Test ECE: 0.0686
====> Epoch: 91 Train loss: 0.1144  Val  loss: 0.4092 Val acc: 0.8914 Val ECE: 0.0568 Test acc: 0.8848 Test ECE: 0.0637
====> Epoch: 92 Train loss: 0.1115  Val  loss: 0.3438 Val acc: 0.9050 Val ECE: 0.0433 Test acc: 0.9075 Test ECE: 0.0401
====> Epoch: 93 Train loss: 0.1092  Val  loss: 0.4072 Val acc: 0.8846 Val ECE: 0.0623 Test acc: 0.8899 Test ECE: 0.0560
====> Epoch: 94 Train loss: 0.1110  Val  loss: 0.3780 Val acc: 0.8958 Val ECE: 0.0530 Test acc: 0.9040 Test ECE: 0.0461
====> Epoch: 95 Train loss: 0.1061  Val  loss: 0.3388 Val acc: 0.9046 Val ECE: 0.0417 Test acc: 0.8975 Test ECE: 0.0509
====> Epoch: 96 Train loss: 0.1096  Val  loss: 0.4013 Val acc: 0.8984 Val ECE: 0.0576 Test acc: 0.9037 Test ECE: 0.0525
====> Epoch: 97 Train loss: 0.1060  Val  loss: 0.4121 Val acc: 0.8994 Val ECE: 0.0558 Test acc: 0.8928 Test ECE: 0.0600
====> Epoch: 98 Train loss: 0.1078  Val  loss: 0.5069 Val acc: 0.8788 Val ECE: 0.0732 Test acc: 0.8745 Test ECE: 0.0745
====> Epoch: 99 Train loss: 0.1095  Val  loss: 0.3916 Val acc: 0.9000 Val ECE: 0.0549 Test acc: 0.9015 Test ECE: 0.0534
====> Epoch: 100 Train loss: 0.1042  Val  loss: 0.3777 Val acc: 0.9032 Val ECE: 0.0504 Test acc: 0.8966 Test ECE: 0.0549
====> Epoch: 101 Train loss: 0.1089  Val  loss: 0.3823 Val acc: 0.9018 Val ECE: 0.0531 Test acc: 0.8964 Test ECE: 0.0566
====> Epoch: 102 Train loss: 0.1071  Val  loss: 0.4619 Val acc: 0.8820 Val ECE: 0.0691 Test acc: 0.8796 Test ECE: 0.0715
====> Epoch: 103 Train loss: 0.1064  Val  loss: 0.3378 Val acc: 0.9124 Val ECE: 0.0441 Test acc: 0.9056 Test ECE: 0.0503
====> Epoch: 104 Train loss: 0.1052  Val  loss: 0.3451 Val acc: 0.9034 Val ECE: 0.0441 Test acc: 0.8977 Test ECE: 0.0517
====> Epoch: 105 Train loss: 0.1067  Val  loss: 0.3829 Val acc: 0.8996 Val ECE: 0.0540 Test acc: 0.8950 Test ECE: 0.0590
====> Epoch: 106 Train loss: 0.1024  Val  loss: 0.3918 Val acc: 0.8898 Val ECE: 0.0635 Test acc: 0.8899 Test ECE: 0.0626
====> Epoch: 107 Train loss: 0.1062  Val  loss: 0.4037 Val acc: 0.8988 Val ECE: 0.0577 Test acc: 0.8963 Test ECE: 0.0596
====> Epoch: 108 Train loss: 0.1031  Val  loss: 0.3464 Val acc: 0.9048 Val ECE: 0.0474 Test acc: 0.8991 Test ECE: 0.0519
====> Epoch: 109 Train loss: 0.1025  Val  loss: 0.3891 Val acc: 0.8958 Val ECE: 0.0529 Test acc: 0.8872 Test ECE: 0.0620
====> Epoch: 110 Train loss: 0.1007  Val  loss: 0.4145 Val acc: 0.8942 Val ECE: 0.0522 Test acc: 0.8842 Test ECE: 0.0627
====> Epoch: 111 Train loss: 0.1044  Val  loss: 0.4402 Val acc: 0.8764 Val ECE: 0.0677 Test acc: 0.8793 Test ECE: 0.0677
====> Epoch: 112 Train loss: 0.1021  Val  loss: 0.3356 Val acc: 0.9116 Val ECE: 0.0474 Test acc: 0.9033 Test ECE: 0.0533
====> Epoch: 113 Train loss: 0.1052  Val  loss: 0.3853 Val acc: 0.8996 Val ECE: 0.0544 Test acc: 0.8995 Test ECE: 0.0521
====> Epoch: 114 Train loss: 0.1044  Val  loss: 0.3500 Val acc: 0.9050 Val ECE: 0.0451 Test acc: 0.8997 Test ECE: 0.0515
====> Epoch: 115 Train loss: 0.1014  Val  loss: 0.3668 Val acc: 0.9070 Val ECE: 0.0523 Test acc: 0.9038 Test ECE: 0.0536
====> Epoch: 116 Train loss: 0.0999  Val  loss: 0.3301 Val acc: 0.9112 Val ECE: 0.0456 Test acc: 0.9023 Test ECE: 0.0513
====> Epoch: 117 Train loss: 0.0990  Val  loss: 0.3882 Val acc: 0.8992 Val ECE: 0.0537 Test acc: 0.8965 Test ECE: 0.0536
====> Epoch: 118 Train loss: 0.1026  Val  loss: 0.4082 Val acc: 0.8954 Val ECE: 0.0584 Test acc: 0.8901 Test ECE: 0.0626
====> Epoch: 119 Train loss: 0.1011  Val  loss: 0.3464 Val acc: 0.9048 Val ECE: 0.0447 Test acc: 0.8960 Test ECE: 0.0540
====> Epoch: 120 Train loss: 0.1005  Val  loss: 0.3544 Val acc: 0.9142 Val ECE: 0.0474 Test acc: 0.8997 Test ECE: 0.0598
====> Epoch: 121 Train loss: 0.0996  Val  loss: 0.4070 Val acc: 0.8942 Val ECE: 0.0614 Test acc: 0.8964 Test ECE: 0.0594
====> Epoch: 122 Train loss: 0.1031  Val  loss: 0.3058 Val acc: 0.9136 Val ECE: 0.0388 Test acc: 0.9049 Test ECE: 0.0462
====> Epoch: 123 Train loss: 0.0984  Val  loss: 0.3647 Val acc: 0.9022 Val ECE: 0.0510 Test acc: 0.8996 Test ECE: 0.0501
====> Epoch: 124 Train loss: 0.0992  Val  loss: 0.3874 Val acc: 0.8976 Val ECE: 0.0558 Test acc: 0.8924 Test ECE: 0.0606
====> Epoch: 125 Train loss: 0.0977  Val  loss: 0.3410 Val acc: 0.9132 Val ECE: 0.0478 Test acc: 0.9074 Test ECE: 0.0498
====> Epoch: 126 Train loss: 0.0974  Val  loss: 0.3507 Val acc: 0.9014 Val ECE: 0.0520 Test acc: 0.9029 Test ECE: 0.0538
====> Epoch: 127 Train loss: 0.1003  Val  loss: 0.3789 Val acc: 0.8944 Val ECE: 0.0522 Test acc: 0.8896 Test ECE: 0.0584
====> Epoch: 128 Train loss: 0.0968  Val  loss: 0.4347 Val acc: 0.8952 Val ECE: 0.0578 Test acc: 0.8881 Test ECE: 0.0656
====> Epoch: 129 Train loss: 0.0997  Val  loss: 0.4136 Val acc: 0.8932 Val ECE: 0.0558 Test acc: 0.8820 Test ECE: 0.0639
====> Epoch: 130 Train loss: 0.0988  Val  loss: 0.3263 Val acc: 0.9082 Val ECE: 0.0453 Test acc: 0.9010 Test ECE: 0.0516
====> Epoch: 131 Train loss: 0.0959  Val  loss: 0.3945 Val acc: 0.8986 Val ECE: 0.0572 Test acc: 0.8912 Test ECE: 0.0622
====> Epoch: 132 Train loss: 0.0980  Val  loss: 0.3195 Val acc: 0.9128 Val ECE: 0.0498 Test acc: 0.9150 Test ECE: 0.0478
====> Epoch: 133 Train loss: 0.0947  Val  loss: 0.3418 Val acc: 0.9072 Val ECE: 0.0497 Test acc: 0.9074 Test ECE: 0.0497
====> Epoch: 134 Train loss: 0.0969  Val  loss: 0.4129 Val acc: 0.8886 Val ECE: 0.0621 Test acc: 0.8906 Test ECE: 0.0612
====> Epoch: 135 Train loss: 0.0958  Val  loss: 0.3839 Val acc: 0.9040 Val ECE: 0.0529 Test acc: 0.9018 Test ECE: 0.0552
====> Epoch: 136 Train loss: 0.0985  Val  loss: 0.5409 Val acc: 0.8768 Val ECE: 0.0747 Test acc: 0.8727 Test ECE: 0.0761
====> Epoch: 137 Train loss: 0.0945  Val  loss: 0.3787 Val acc: 0.8990 Val ECE: 0.0547 Test acc: 0.9016 Test ECE: 0.0533
====> Epoch: 138 Train loss: 0.0964  Val  loss: 0.3403 Val acc: 0.9086 Val ECE: 0.0480 Test acc: 0.8999 Test ECE: 0.0551
====> Epoch: 139 Train loss: 0.0917  Val  loss: 0.4151 Val acc: 0.8950 Val ECE: 0.0595 Test acc: 0.8904 Test ECE: 0.0637
====> Epoch: 140 Train loss: 0.0956  Val  loss: 0.3348 Val acc: 0.9092 Val ECE: 0.0483 Test acc: 0.9080 Test ECE: 0.0499
====> Epoch: 141 Train loss: 0.0970  Val  loss: 0.4159 Val acc: 0.8976 Val ECE: 0.0604 Test acc: 0.8948 Test ECE: 0.0618
====> Epoch: 142 Train loss: 0.0956  Val  loss: 0.3661 Val acc: 0.9088 Val ECE: 0.0500 Test acc: 0.8998 Test ECE: 0.0568
====> Epoch: 143 Train loss: 0.0889  Val  loss: 0.3342 Val acc: 0.9114 Val ECE: 0.0468 Test acc: 0.9098 Test ECE: 0.0501
====> Epoch: 144 Train loss: 0.0952  Val  loss: 0.3751 Val acc: 0.9046 Val ECE: 0.0498 Test acc: 0.8937 Test ECE: 0.0587
====> Epoch: 145 Train loss: 0.0958  Val  loss: 0.4181 Val acc: 0.8920 Val ECE: 0.0610 Test acc: 0.8935 Test ECE: 0.0593
====> Epoch: 146 Train loss: 0.0931  Val  loss: 0.3971 Val acc: 0.8998 Val ECE: 0.0596 Test acc: 0.9001 Test ECE: 0.0567
====> Epoch: 147 Train loss: 0.0939  Val  loss: 0.3043 Val acc: 0.9142 Val ECE: 0.0441 Test acc: 0.9064 Test ECE: 0.0501
====> Epoch: 148 Train loss: 0.0905  Val  loss: 0.3897 Val acc: 0.8994 Val ECE: 0.0571 Test acc: 0.8968 Test ECE: 0.0565
====> Epoch: 149 Train loss: 0.0937  Val  loss: 0.5016 Val acc: 0.8824 Val ECE: 0.0714 Test acc: 0.8778 Test ECE: 0.0782
====> Epoch: 150 Train loss: 0.0295  Val  loss: 0.2148 Val acc: 0.9426 Val ECE: 0.0346 Test acc: 0.9433 Test ECE: 0.0330
====> Epoch: 151 Train loss: 0.0105  Val  loss: 0.2348 Val acc: 0.9478 Val ECE: 0.0349 Test acc: 0.9437 Test ECE: 0.0369
====> Epoch: 152 Train loss: 0.0064  Val  loss: 0.2734 Val acc: 0.9474 Val ECE: 0.0371 Test acc: 0.9434 Test ECE: 0.0403
====> Epoch: 153 Train loss: 0.0049  Val  loss: 0.2685 Val acc: 0.9498 Val ECE: 0.0366 Test acc: 0.9436 Test ECE: 0.0421
====> Epoch: 154 Train loss: 0.0043  Val  loss: 0.3129 Val acc: 0.9460 Val ECE: 0.0411 Test acc: 0.9445 Test ECE: 0.0422
====> Epoch: 155 Train loss: 0.0033  Val  loss: 0.3199 Val acc: 0.9496 Val ECE: 0.0388 Test acc: 0.9456 Test ECE: 0.0421
====> Epoch: 156 Train loss: 0.0024  Val  loss: 0.3465 Val acc: 0.9470 Val ECE: 0.0419 Test acc: 0.9471 Test ECE: 0.0406
====> Epoch: 157 Train loss: 0.0022  Val  loss: 0.3420 Val acc: 0.9492 Val ECE: 0.0394 Test acc: 0.9440 Test ECE: 0.0452
====> Epoch: 158 Train loss: 0.0026  Val  loss: 0.3661 Val acc: 0.9480 Val ECE: 0.0405 Test acc: 0.9439 Test ECE: 0.0454
====> Epoch: 159 Train loss: 0.0022  Val  loss: 0.3646 Val acc: 0.9498 Val ECE: 0.0412 Test acc: 0.9473 Test ECE: 0.0431
====> Epoch: 160 Train loss: 0.0016  Val  loss: 0.3774 Val acc: 0.9490 Val ECE: 0.0418 Test acc: 0.9464 Test ECE: 0.0434
====> Epoch: 161 Train loss: 0.0020  Val  loss: 0.3819 Val acc: 0.9502 Val ECE: 0.0403 Test acc: 0.9469 Test ECE: 0.0434
====> Epoch: 162 Train loss: 0.0015  Val  loss: 0.4005 Val acc: 0.9474 Val ECE: 0.0434 Test acc: 0.9446 Test ECE: 0.0456
====> Epoch: 163 Train loss: 0.0018  Val  loss: 0.4159 Val acc: 0.9490 Val ECE: 0.0431 Test acc: 0.9452 Test ECE: 0.0449
====> Epoch: 164 Train loss: 0.0015  Val  loss: 0.4285 Val acc: 0.9476 Val ECE: 0.0432 Test acc: 0.9452 Test ECE: 0.0452
====> Epoch: 165 Train loss: 0.0010  Val  loss: 0.4326 Val acc: 0.9474 Val ECE: 0.0445 Test acc: 0.9461 Test ECE: 0.0451
====> Epoch: 166 Train loss: 0.0011  Val  loss: 0.4372 Val acc: 0.9472 Val ECE: 0.0455 Test acc: 0.9476 Test ECE: 0.0441
====> Epoch: 167 Train loss: 0.0012  Val  loss: 0.4197 Val acc: 0.9468 Val ECE: 0.0444 Test acc: 0.9480 Test ECE: 0.0433
====> Epoch: 168 Train loss: 0.0008  Val  loss: 0.4297 Val acc: 0.9482 Val ECE: 0.0434 Test acc: 0.9480 Test ECE: 0.0427
====> Epoch: 169 Train loss: 0.0008  Val  loss: 0.4253 Val acc: 0.9496 Val ECE: 0.0422 Test acc: 0.9461 Test ECE: 0.0447
====> Epoch: 170 Train loss: 0.0010  Val  loss: 0.4619 Val acc: 0.9476 Val ECE: 0.0449 Test acc: 0.9460 Test ECE: 0.0456
====> Epoch: 171 Train loss: 0.0011  Val  loss: 0.4416 Val acc: 0.9472 Val ECE: 0.0442 Test acc: 0.9457 Test ECE: 0.0469
====> Epoch: 172 Train loss: 0.0005  Val  loss: 0.4786 Val acc: 0.9478 Val ECE: 0.0447 Test acc: 0.9451 Test ECE: 0.0465
====> Epoch: 173 Train loss: 0.0005  Val  loss: 0.4704 Val acc: 0.9496 Val ECE: 0.0437 Test acc: 0.9484 Test ECE: 0.0445
====> Epoch: 174 Train loss: 0.0007  Val  loss: 0.4469 Val acc: 0.9486 Val ECE: 0.0434 Test acc: 0.9480 Test ECE: 0.0451
====> Epoch: 175 Train loss: 0.0005  Val  loss: 0.4644 Val acc: 0.9488 Val ECE: 0.0440 Test acc: 0.9478 Test ECE: 0.0444
PF_fix round 1
fix fc parameters
====> Epoch: 176 Train loss: 0.0008  Val  loss: 0.4781 Val acc: 0.9464 Val ECE: 0.0461 Test acc: 0.9501 Test ECE: 0.0427
PF_fix round 2
fix fc parameters
fix layer4 parameters
====> Epoch: 177 Train loss: 0.0002  Val  loss: 0.4446 Val acc: 0.9500 Val ECE: 0.0419 Test acc: 0.9502 Test ECE: 0.0417
====> Epoch: 178 Train loss: 0.0004  Val  loss: 0.4532 Val acc: 0.9502 Val ECE: 0.0424 Test acc: 0.9489 Test ECE: 0.0429
====> Epoch: 179 Train loss: 0.0005  Val  loss: 0.4337 Val acc: 0.9492 Val ECE: 0.0424 Test acc: 0.9487 Test ECE: 0.0429
====> Epoch: 180 Train loss: 0.0006  Val  loss: 0.4431 Val acc: 0.9512 Val ECE: 0.0411 Test acc: 0.9497 Test ECE: 0.0422
====> Epoch: 181 Train loss: 0.0005  Val  loss: 0.4586 Val acc: 0.9472 Val ECE: 0.0447 Test acc: 0.9504 Test ECE: 0.0410
====> Epoch: 182 Train loss: 0.0003  Val  loss: 0.4437 Val acc: 0.9480 Val ECE: 0.0440 Test acc: 0.9488 Test ECE: 0.0436
====> Epoch: 183 Train loss: 0.0007  Val  loss: 0.4252 Val acc: 0.9502 Val ECE: 0.0420 Test acc: 0.9476 Test ECE: 0.0440
====> Epoch: 184 Train loss: 0.0007  Val  loss: 0.4227 Val acc: 0.9512 Val ECE: 0.0409 Test acc: 0.9468 Test ECE: 0.0455
====> Epoch: 185 Train loss: 0.0003  Val  loss: 0.4264 Val acc: 0.9502 Val ECE: 0.0420 Test acc: 0.9477 Test ECE: 0.0447
====> Epoch: 186 Train loss: 0.0005  Val  loss: 0.4180 Val acc: 0.9488 Val ECE: 0.0427 Test acc: 0.9511 Test ECE: 0.0409
====> Epoch: 187 Train loss: 0.0004  Val  loss: 0.4032 Val acc: 0.9490 Val ECE: 0.0433 Test acc: 0.9479 Test ECE: 0.0443
====> Epoch: 188 Train loss: 0.0002  Val  loss: 0.4045 Val acc: 0.9484 Val ECE: 0.0423 Test acc: 0.9480 Test ECE: 0.0445
====> Epoch: 189 Train loss: 0.0001  Val  loss: 0.4346 Val acc: 0.9458 Val ECE: 0.0457 Test acc: 0.9493 Test ECE: 0.0428
====> Epoch: 190 Train loss: 0.0004  Val  loss: 0.4336 Val acc: 0.9456 Val ECE: 0.0464 Test acc: 0.9478 Test ECE: 0.0439
====> Epoch: 191 Train loss: 0.0003  Val  loss: 0.3954 Val acc: 0.9488 Val ECE: 0.0424 Test acc: 0.9494 Test ECE: 0.0423
====> Epoch: 192 Train loss: 0.0003  Val  loss: 0.3874 Val acc: 0.9486 Val ECE: 0.0416 Test acc: 0.9483 Test ECE: 0.0429
====> Epoch: 193 Train loss: 0.0006  Val  loss: 0.3953 Val acc: 0.9482 Val ECE: 0.0422 Test acc: 0.9470 Test ECE: 0.0442
====> Epoch: 194 Train loss: 0.0002  Val  loss: 0.4030 Val acc: 0.9504 Val ECE: 0.0410 Test acc: 0.9476 Test ECE: 0.0440
====> Epoch: 195 Train loss: 0.0003  Val  loss: 0.3795 Val acc: 0.9504 Val ECE: 0.0413 Test acc: 0.9484 Test ECE: 0.0422
====> Epoch: 196 Train loss: 0.0003  Val  loss: 0.3788 Val acc: 0.9500 Val ECE: 0.0417 Test acc: 0.9487 Test ECE: 0.0418
====> Epoch: 197 Train loss: 0.0003  Val  loss: 0.4036 Val acc: 0.9490 Val ECE: 0.0427 Test acc: 0.9484 Test ECE: 0.0426
====> Epoch: 198 Train loss: 0.0003  Val  loss: 0.4013 Val acc: 0.9482 Val ECE: 0.0435 Test acc: 0.9477 Test ECE: 0.0432
====> Epoch: 199 Train loss: 0.0002  Val  loss: 0.4091 Val acc: 0.9478 Val ECE: 0.0430 Test acc: 0.9474 Test ECE: 0.0435
====> Epoch: 200 Train loss: 0.0002  Val  loss: 0.4074 Val acc: 0.9494 Val ECE: 0.0428 Test acc: 0.9484 Test ECE: 0.0426
====> Epoch: 201 Train loss: 0.0002  Val  loss: 0.4041 Val acc: 0.9508 Val ECE: 0.0415 Test acc: 0.9484 Test ECE: 0.0426
====> Epoch: 202 Train loss: 0.0001  Val  loss: 0.4130 Val acc: 0.9488 Val ECE: 0.0422 Test acc: 0.9487 Test ECE: 0.0425
====> Epoch: 203 Train loss: 0.0002  Val  loss: 0.3935 Val acc: 0.9500 Val ECE: 0.0410 Test acc: 0.9465 Test ECE: 0.0441
====> Epoch: 204 Train loss: 0.0003  Val  loss: 0.3937 Val acc: 0.9494 Val ECE: 0.0412 Test acc: 0.9498 Test ECE: 0.0407
====> Epoch: 205 Train loss: 0.0002  Val  loss: 0.3992 Val acc: 0.9488 Val ECE: 0.0424 Test acc: 0.9501 Test ECE: 0.0406
====> Epoch: 206 Train loss: 0.0002  Val  loss: 0.3771 Val acc: 0.9506 Val ECE: 0.0407 Test acc: 0.9485 Test ECE: 0.0425
====> Epoch: 207 Train loss: 0.0001  Val  loss: 0.3762 Val acc: 0.9520 Val ECE: 0.0393 Test acc: 0.9492 Test ECE: 0.0416
====> Epoch: 208 Train loss: 0.0001  Val  loss: 0.3732 Val acc: 0.9514 Val ECE: 0.0390 Test acc: 0.9481 Test ECE: 0.0427
====> Epoch: 209 Train loss: 0.0002  Val  loss: 0.3808 Val acc: 0.9508 Val ECE: 0.0398 Test acc: 0.9492 Test ECE: 0.0410
====> Epoch: 210 Train loss: 0.0001  Val  loss: 0.3726 Val acc: 0.9474 Val ECE: 0.0428 Test acc: 0.9480 Test ECE: 0.0430
====> Epoch: 211 Train loss: 0.0004  Val  loss: 0.3740 Val acc: 0.9478 Val ECE: 0.0425 Test acc: 0.9485 Test ECE: 0.0420
====> Epoch: 212 Train loss: 0.0002  Val  loss: 0.3754 Val acc: 0.9510 Val ECE: 0.0383 Test acc: 0.9496 Test ECE: 0.0414
====> Epoch: 213 Train loss: 0.0001  Val  loss: 0.3684 Val acc: 0.9494 Val ECE: 0.0411 Test acc: 0.9510 Test ECE: 0.0392
====> Epoch: 214 Train loss: 0.0002  Val  loss: 0.3740 Val acc: 0.9464 Val ECE: 0.0431 Test acc: 0.9506 Test ECE: 0.0398
====> Epoch: 215 Train loss: 0.0002  Val  loss: 0.3890 Val acc: 0.9484 Val ECE: 0.0425 Test acc: 0.9487 Test ECE: 0.0421
====> Epoch: 216 Train loss: 0.0001  Val  loss: 0.3823 Val acc: 0.9480 Val ECE: 0.0422 Test acc: 0.9480 Test ECE: 0.0423
====> Epoch: 217 Train loss: 0.0002  Val  loss: 0.3841 Val acc: 0.9476 Val ECE: 0.0432 Test acc: 0.9500 Test ECE: 0.0408
====> Epoch: 218 Train loss: 0.0001  Val  loss: 0.3698 Val acc: 0.9484 Val ECE: 0.0420 Test acc: 0.9480 Test ECE: 0.0426
====> Epoch: 219 Train loss: 0.0002  Val  loss: 0.3541 Val acc: 0.9482 Val ECE: 0.0417 Test acc: 0.9486 Test ECE: 0.0416
====> Epoch: 220 Train loss: 0.0002  Val  loss: 0.3605 Val acc: 0.9512 Val ECE: 0.0402 Test acc: 0.9489 Test ECE: 0.0413
====> Epoch: 221 Train loss: 0.0001  Val  loss: 0.3544 Val acc: 0.9518 Val ECE: 0.0381 Test acc: 0.9478 Test ECE: 0.0415
====> Epoch: 222 Train loss: 0.0001  Val  loss: 0.3622 Val acc: 0.9502 Val ECE: 0.0401 Test acc: 0.9480 Test ECE: 0.0418
====> Epoch: 223 Train loss: 0.0001  Val  loss: 0.3575 Val acc: 0.9502 Val ECE: 0.0402 Test acc: 0.9485 Test ECE: 0.0418
====> Epoch: 224 Train loss: 0.0003  Val  loss: 0.3438 Val acc: 0.9506 Val ECE: 0.0377 Test acc: 0.9480 Test ECE: 0.0420
====> Epoch: 225 Train loss: 0.0002  Val  loss: 0.3562 Val acc: 0.9500 Val ECE: 0.0406 Test acc: 0.9502 Test ECE: 0.0395
====> Epoch: 226 Train loss: 0.0002  Val  loss: 0.3553 Val acc: 0.9498 Val ECE: 0.0410 Test acc: 0.9494 Test ECE: 0.0408
====> Epoch: 227 Train loss: 0.0002  Val  loss: 0.3538 Val acc: 0.9508 Val ECE: 0.0391 Test acc: 0.9490 Test ECE: 0.0411
====> Epoch: 228 Train loss: 0.0001  Val  loss: 0.3444 Val acc: 0.9512 Val ECE: 0.0382 Test acc: 0.9491 Test ECE: 0.0410
====> Epoch: 229 Train loss: 0.0002  Val  loss: 0.3284 Val acc: 0.9528 Val ECE: 0.0367 Test acc: 0.9492 Test ECE: 0.0404
====> Epoch: 230 Train loss: 0.0001  Val  loss: 0.3311 Val acc: 0.9514 Val ECE: 0.0380 Test acc: 0.9515 Test ECE: 0.0382
====> Epoch: 231 Train loss: 0.0001  Val  loss: 0.3464 Val acc: 0.9488 Val ECE: 0.0408 Test acc: 0.9497 Test ECE: 0.0403
====> Epoch: 232 Train loss: 0.0001  Val  loss: 0.3402 Val acc: 0.9494 Val ECE: 0.0412 Test acc: 0.9496 Test ECE: 0.0395
====> Epoch: 233 Train loss: 0.0002  Val  loss: 0.3426 Val acc: 0.9506 Val ECE: 0.0408 Test acc: 0.9498 Test ECE: 0.0403
====> Epoch: 234 Train loss: 0.0002  Val  loss: 0.3392 Val acc: 0.9516 Val ECE: 0.0392 Test acc: 0.9507 Test ECE: 0.0388
====> Epoch: 235 Train loss: 0.0001  Val  loss: 0.3812 Val acc: 0.9504 Val ECE: 0.0393 Test acc: 0.9499 Test ECE: 0.0396
====> Epoch: 236 Train loss: 0.0001  Val  loss: 0.3520 Val acc: 0.9488 Val ECE: 0.0414 Test acc: 0.9491 Test ECE: 0.0410
====> Epoch: 237 Train loss: 0.0002  Val  loss: 0.3505 Val acc: 0.9486 Val ECE: 0.0422 Test acc: 0.9505 Test ECE: 0.0394
====> Epoch: 238 Train loss: 0.0001  Val  loss: 0.3480 Val acc: 0.9522 Val ECE: 0.0387 Test acc: 0.9506 Test ECE: 0.0390
====> Epoch: 239 Train loss: 0.0001  Val  loss: 0.3394 Val acc: 0.9502 Val ECE: 0.0395 Test acc: 0.9507 Test ECE: 0.0387
====> Epoch: 240 Train loss: 0.0002  Val  loss: 0.3452 Val acc: 0.9500 Val ECE: 0.0398 Test acc: 0.9501 Test ECE: 0.0396
====> Epoch: 241 Train loss: 0.0002  Val  loss: 0.3545 Val acc: 0.9480 Val ECE: 0.0419 Test acc: 0.9490 Test ECE: 0.0402
====> Epoch: 242 Train loss: 0.0002  Val  loss: 0.3388 Val acc: 0.9500 Val ECE: 0.0391 Test acc: 0.9501 Test ECE: 0.0392
====> Epoch: 243 Train loss: 0.0002  Val  loss: 0.3383 Val acc: 0.9518 Val ECE: 0.0385 Test acc: 0.9504 Test ECE: 0.0394
====> Epoch: 244 Train loss: 0.0002  Val  loss: 0.3330 Val acc: 0.9498 Val ECE: 0.0396 Test acc: 0.9501 Test ECE: 0.0398
====> Epoch: 245 Train loss: 0.0002  Val  loss: 0.3418 Val acc: 0.9490 Val ECE: 0.0408 Test acc: 0.9499 Test ECE: 0.0394
====> Epoch: 246 Train loss: 0.0002  Val  loss: 0.3483 Val acc: 0.9502 Val ECE: 0.0403 Test acc: 0.9491 Test ECE: 0.0402
====> Epoch: 247 Train loss: 0.0002  Val  loss: 0.3147 Val acc: 0.9512 Val ECE: 0.0379 Test acc: 0.9489 Test ECE: 0.0404
====> Epoch: 248 Train loss: 0.0002  Val  loss: 0.3261 Val acc: 0.9502 Val ECE: 0.0397 Test acc: 0.9472 Test ECE: 0.0419
====> Epoch: 249 Train loss: 0.0001  Val  loss: 0.3344 Val acc: 0.9502 Val ECE: 0.0404 Test acc: 0.9500 Test ECE: 0.0393
====> Epoch: 250 Train loss: 0.0002  Val  loss: 0.3365 Val acc: 0.9500 Val ECE: 0.0408 Test acc: 0.9500 Test ECE: 0.0391
====> Epoch: 251 Train loss: 0.0001  Val  loss: 0.3288 Val acc: 0.9500 Val ECE: 0.0406 Test acc: 0.9503 Test ECE: 0.0385
====> Epoch: 252 Train loss: 0.0001  Val  loss: 0.3296 Val acc: 0.9490 Val ECE: 0.0416 Test acc: 0.9513 Test ECE: 0.0381
====> Epoch: 253 Train loss: 0.0001  Val  loss: 0.3257 Val acc: 0.9486 Val ECE: 0.0416 Test acc: 0.9517 Test ECE: 0.0375
====> Epoch: 254 Train loss: 0.0000  Val  loss: 0.3358 Val acc: 0.9508 Val ECE: 0.0403 Test acc: 0.9502 Test ECE: 0.0386
====> Epoch: 255 Train loss: 0.0000  Val  loss: 0.3388 Val acc: 0.9502 Val ECE: 0.0403 Test acc: 0.9516 Test ECE: 0.0380
====> Epoch: 256 Train loss: 0.0001  Val  loss: 0.3317 Val acc: 0.9494 Val ECE: 0.0409 Test acc: 0.9506 Test ECE: 0.0384
====> Epoch: 257 Train loss: 0.0000  Val  loss: 0.3279 Val acc: 0.9500 Val ECE: 0.0404 Test acc: 0.9515 Test ECE: 0.0374
====> Epoch: 258 Train loss: 0.0000  Val  loss: 0.3223 Val acc: 0.9498 Val ECE: 0.0413 Test acc: 0.9513 Test ECE: 0.0383
====> Epoch: 259 Train loss: 0.0000  Val  loss: 0.3314 Val acc: 0.9500 Val ECE: 0.0403 Test acc: 0.9516 Test ECE: 0.0384
====> Epoch: 260 Train loss: 0.0001  Val  loss: 0.3294 Val acc: 0.9504 Val ECE: 0.0404 Test acc: 0.9518 Test ECE: 0.0378
====> Epoch: 261 Train loss: 0.0001  Val  loss: 0.3333 Val acc: 0.9506 Val ECE: 0.0398 Test acc: 0.9515 Test ECE: 0.0379
====> Epoch: 262 Train loss: 0.0000  Val  loss: 0.3304 Val acc: 0.9504 Val ECE: 0.0399 Test acc: 0.9510 Test ECE: 0.0381
====> Epoch: 263 Train loss: 0.0000  Val  loss: 0.3312 Val acc: 0.9498 Val ECE: 0.0403 Test acc: 0.9518 Test ECE: 0.0381
====> Epoch: 264 Train loss: 0.0000  Val  loss: 0.3267 Val acc: 0.9516 Val ECE: 0.0396 Test acc: 0.9524 Test ECE: 0.0370
====> Epoch: 265 Train loss: 0.0001  Val  loss: 0.3327 Val acc: 0.9502 Val ECE: 0.0402 Test acc: 0.9515 Test ECE: 0.0384
====> Epoch: 266 Train loss: 0.0000  Val  loss: 0.3261 Val acc: 0.9506 Val ECE: 0.0396 Test acc: 0.9525 Test ECE: 0.0375
====> Epoch: 267 Train loss: 0.0001  Val  loss: 0.3228 Val acc: 0.9510 Val ECE: 0.0392 Test acc: 0.9516 Test ECE: 0.0383
====> Epoch: 268 Train loss: 0.0001  Val  loss: 0.3180 Val acc: 0.9508 Val ECE: 0.0395 Test acc: 0.9527 Test ECE: 0.0371
====> Epoch: 269 Train loss: 0.0001  Val  loss: 0.3301 Val acc: 0.9500 Val ECE: 0.0404 Test acc: 0.9511 Test ECE: 0.0381
====> Epoch: 270 Train loss: 0.0001  Val  loss: 0.3152 Val acc: 0.9510 Val ECE: 0.0385 Test acc: 0.9522 Test ECE: 0.0373
====> Epoch: 271 Train loss: 0.0000  Val  loss: 0.3230 Val acc: 0.9506 Val ECE: 0.0399 Test acc: 0.9521 Test ECE: 0.0373
====> Epoch: 272 Train loss: 0.0000  Val  loss: 0.3243 Val acc: 0.9512 Val ECE: 0.0388 Test acc: 0.9512 Test ECE: 0.0373
====> Epoch: 273 Train loss: 0.0000  Val  loss: 0.3221 Val acc: 0.9506 Val ECE: 0.0394 Test acc: 0.9515 Test ECE: 0.0376
====> Epoch: 274 Train loss: 0.0001  Val  loss: 0.3177 Val acc: 0.9512 Val ECE: 0.0388 Test acc: 0.9519 Test ECE: 0.0373
====> Epoch: 275 Train loss: 0.0000  Val  loss: 0.3305 Val acc: 0.9492 Val ECE: 0.0413 Test acc: 0.9514 Test ECE: 0.0374
====> Epoch: 276 Train loss: 0.0000  Val  loss: 0.3276 Val acc: 0.9508 Val ECE: 0.0392 Test acc: 0.9522 Test ECE: 0.0364
====> Epoch: 277 Train loss: 0.0001  Val  loss: 0.3208 Val acc: 0.9512 Val ECE: 0.0389 Test acc: 0.9524 Test ECE: 0.0365
====> Epoch: 278 Train loss: 0.0000  Val  loss: 0.3160 Val acc: 0.9500 Val ECE: 0.0395 Test acc: 0.9521 Test ECE: 0.0370
====> Epoch: 279 Train loss: 0.0001  Val  loss: 0.3219 Val acc: 0.9504 Val ECE: 0.0394 Test acc: 0.9521 Test ECE: 0.0370
====> Epoch: 280 Train loss: 0.0000  Val  loss: 0.3189 Val acc: 0.9498 Val ECE: 0.0398 Test acc: 0.9524 Test ECE: 0.0370
====> Epoch: 281 Train loss: 0.0000  Val  loss: 0.3164 Val acc: 0.9494 Val ECE: 0.0406 Test acc: 0.9521 Test ECE: 0.0372
====> Epoch: 282 Train loss: 0.0000  Val  loss: 0.3202 Val acc: 0.9506 Val ECE: 0.0399 Test acc: 0.9528 Test ECE: 0.0371
====> Epoch: 283 Train loss: 0.0000  Val  loss: 0.3192 Val acc: 0.9508 Val ECE: 0.0394 Test acc: 0.9523 Test ECE: 0.0371
====> Epoch: 284 Train loss: 0.0000  Val  loss: 0.3178 Val acc: 0.9498 Val ECE: 0.0402 Test acc: 0.9524 Test ECE: 0.0373
====> Epoch: 285 Train loss: 0.0000  Val  loss: 0.3147 Val acc: 0.9502 Val ECE: 0.0394 Test acc: 0.9530 Test ECE: 0.0370
====> Epoch: 286 Train loss: 0.0000  Val  loss: 0.3107 Val acc: 0.9514 Val ECE: 0.0380 Test acc: 0.9527 Test ECE: 0.0369
====> Epoch: 287 Train loss: 0.0000  Val  loss: 0.3195 Val acc: 0.9496 Val ECE: 0.0403 Test acc: 0.9530 Test ECE: 0.0364
====> Epoch: 288 Train loss: 0.0000  Val  loss: 0.3215 Val acc: 0.9504 Val ECE: 0.0395 Test acc: 0.9530 Test ECE: 0.0363
====> Epoch: 289 Train loss: 0.0000  Val  loss: 0.3273 Val acc: 0.9514 Val ECE: 0.0400 Test acc: 0.9522 Test ECE: 0.0368
====> Epoch: 290 Train loss: 0.0000  Val  loss: 0.3229 Val acc: 0.9504 Val ECE: 0.0392 Test acc: 0.9523 Test ECE: 0.0370
====> Epoch: 291 Train loss: 0.0000  Val  loss: 0.3198 Val acc: 0.9502 Val ECE: 0.0399 Test acc: 0.9527 Test ECE: 0.0363
====> Epoch: 292 Train loss: 0.0001  Val  loss: 0.3197 Val acc: 0.9506 Val ECE: 0.0401 Test acc: 0.9519 Test ECE: 0.0369
====> Epoch: 293 Train loss: 0.0000  Val  loss: 0.3201 Val acc: 0.9508 Val ECE: 0.0391 Test acc: 0.9526 Test ECE: 0.0360
====> Epoch: 294 Train loss: 0.0000  Val  loss: 0.3240 Val acc: 0.9510 Val ECE: 0.0391 Test acc: 0.9529 Test ECE: 0.0364
====> Epoch: 295 Train loss: 0.0000  Val  loss: 0.3140 Val acc: 0.9508 Val ECE: 0.0389 Test acc: 0.9524 Test ECE: 0.0366
====> Epoch: 296 Train loss: 0.0001  Val  loss: 0.3188 Val acc: 0.9506 Val ECE: 0.0390 Test acc: 0.9536 Test ECE: 0.0359
====> Epoch: 297 Train loss: 0.0000  Val  loss: 0.3155 Val acc: 0.9504 Val ECE: 0.0396 Test acc: 0.9527 Test ECE: 0.0370
====> Epoch: 298 Train loss: 0.0000  Val  loss: 0.3134 Val acc: 0.9510 Val ECE: 0.0390 Test acc: 0.9527 Test ECE: 0.0363
====> Epoch: 299 Train loss: 0.0000  Val  loss: 0.3114 Val acc: 0.9518 Val ECE: 0.0383 Test acc: 0.9528 Test ECE: 0.0362
====> Epoch: 300 Train loss: 0.0000  Val  loss: 0.3240 Val acc: 0.9512 Val ECE: 0.0386 Test acc: 0.9520 Test ECE: 0.0370
====> Epoch: 301 Train loss: 0.0000  Val  loss: 0.3085 Val acc: 0.9522 Val ECE: 0.0377 Test acc: 0.9523 Test ECE: 0.0372
====> Epoch: 302 Train loss: 0.0000  Val  loss: 0.3181 Val acc: 0.9496 Val ECE: 0.0397 Test acc: 0.9530 Test ECE: 0.0364
====> Epoch: 303 Train loss: 0.0000  Val  loss: 0.3153 Val acc: 0.9516 Val ECE: 0.0382 Test acc: 0.9525 Test ECE: 0.0367
====> Epoch: 304 Train loss: 0.0000  Val  loss: 0.3162 Val acc: 0.9522 Val ECE: 0.0375 Test acc: 0.9514 Test ECE: 0.0375
====> Epoch: 305 Train loss: 0.0000  Val  loss: 0.3082 Val acc: 0.9512 Val ECE: 0.0380 Test acc: 0.9523 Test ECE: 0.0373
====> Epoch: 306 Train loss: 0.0000  Val  loss: 0.3192 Val acc: 0.9510 Val ECE: 0.0392 Test acc: 0.9524 Test ECE: 0.0369
====> Epoch: 307 Train loss: 0.0001  Val  loss: 0.3147 Val acc: 0.9510 Val ECE: 0.0387 Test acc: 0.9521 Test ECE: 0.0376
====> Epoch: 308 Train loss: 0.0000  Val  loss: 0.3174 Val acc: 0.9516 Val ECE: 0.0375 Test acc: 0.9519 Test ECE: 0.0374
====> Epoch: 309 Train loss: 0.0000  Val  loss: 0.3180 Val acc: 0.9508 Val ECE: 0.0393 Test acc: 0.9518 Test ECE: 0.0374
====> Epoch: 310 Train loss: 0.0000  Val  loss: 0.3147 Val acc: 0.9514 Val ECE: 0.0388 Test acc: 0.9530 Test ECE: 0.0365
====> Epoch: 311 Train loss: 0.0000  Val  loss: 0.3158 Val acc: 0.9512 Val ECE: 0.0384 Test acc: 0.9529 Test ECE: 0.0362
====> Epoch: 312 Train loss: 0.0000  Val  loss: 0.3122 Val acc: 0.9514 Val ECE: 0.0382 Test acc: 0.9526 Test ECE: 0.0366
====> Epoch: 313 Train loss: 0.0001  Val  loss: 0.3163 Val acc: 0.9502 Val ECE: 0.0395 Test acc: 0.9534 Test ECE: 0.0366
====> Epoch: 314 Train loss: 0.0000  Val  loss: 0.3117 Val acc: 0.9504 Val ECE: 0.0390 Test acc: 0.9523 Test ECE: 0.0375
====> Epoch: 315 Train loss: 0.0000  Val  loss: 0.3115 Val acc: 0.9506 Val ECE: 0.0392 Test acc: 0.9514 Test ECE: 0.0379
====> Epoch: 316 Train loss: 0.0000  Val  loss: 0.3090 Val acc: 0.9518 Val ECE: 0.0388 Test acc: 0.9518 Test ECE: 0.0377
====> Epoch: 317 Train loss: 0.0000  Val  loss: 0.3143 Val acc: 0.9508 Val ECE: 0.0390 Test acc: 0.9517 Test ECE: 0.0379
====> Epoch: 318 Train loss: 0.0000  Val  loss: 0.3119 Val acc: 0.9496 Val ECE: 0.0398 Test acc: 0.9524 Test ECE: 0.0372
====> Epoch: 319 Train loss: 0.0000  Val  loss: 0.3083 Val acc: 0.9508 Val ECE: 0.0384 Test acc: 0.9516 Test ECE: 0.0376
====> Epoch: 320 Train loss: 0.0000  Val  loss: 0.3177 Val acc: 0.9522 Val ECE: 0.0384 Test acc: 0.9524 Test ECE: 0.0366
====> Epoch: 321 Train loss: 0.0000  Val  loss: 0.3116 Val acc: 0.9512 Val ECE: 0.0383 Test acc: 0.9523 Test ECE: 0.0375
====> Epoch: 322 Train loss: 0.0000  Val  loss: 0.3123 Val acc: 0.9500 Val ECE: 0.0397 Test acc: 0.9519 Test ECE: 0.0374
====> Epoch: 323 Train loss: 0.0000  Val  loss: 0.3121 Val acc: 0.9512 Val ECE: 0.0382 Test acc: 0.9532 Test ECE: 0.0357
====> Epoch: 324 Train loss: 0.0000  Val  loss: 0.3136 Val acc: 0.9504 Val ECE: 0.0392 Test acc: 0.9528 Test ECE: 0.0366
====> Epoch: 325 Train loss: 0.0000  Val  loss: 0.3154 Val acc: 0.9510 Val ECE: 0.0389 Test acc: 0.9524 Test ECE: 0.0370
====> Epoch: 326 Train loss: 0.0000  Val  loss: 0.3094 Val acc: 0.9494 Val ECE: 0.0402 Test acc: 0.9525 Test ECE: 0.0370
====> Epoch: 327 Train loss: 0.0000  Val  loss: 0.3233 Val acc: 0.9524 Val ECE: 0.0384 Test acc: 0.9523 Test ECE: 0.0369
====> Epoch: 328 Train loss: 0.0000  Val  loss: 0.3125 Val acc: 0.9500 Val ECE: 0.0398 Test acc: 0.9527 Test ECE: 0.0367
====> Epoch: 329 Train loss: 0.0000  Val  loss: 0.3133 Val acc: 0.9510 Val ECE: 0.0386 Test acc: 0.9529 Test ECE: 0.0360
====> Epoch: 330 Train loss: 0.0000  Val  loss: 0.3177 Val acc: 0.9526 Val ECE: 0.0382 Test acc: 0.9525 Test ECE: 0.0368
====> Epoch: 331 Train loss: 0.0000  Val  loss: 0.3092 Val acc: 0.9506 Val ECE: 0.0383 Test acc: 0.9525 Test ECE: 0.0371
====> Epoch: 332 Train loss: 0.0000  Val  loss: 0.3140 Val acc: 0.9512 Val ECE: 0.0387 Test acc: 0.9514 Test ECE: 0.0374
====> Epoch: 333 Train loss: 0.0000  Val  loss: 0.3108 Val acc: 0.9512 Val ECE: 0.0380 Test acc: 0.9520 Test ECE: 0.0373
====> Epoch: 334 Train loss: 0.0000  Val  loss: 0.3161 Val acc: 0.9522 Val ECE: 0.0375 Test acc: 0.9522 Test ECE: 0.0364
====> Epoch: 335 Train loss: 0.0000  Val  loss: 0.3082 Val acc: 0.9532 Val ECE: 0.0376 Test acc: 0.9521 Test ECE: 0.0369
====> Epoch: 336 Train loss: 0.0000  Val  loss: 0.3107 Val acc: 0.9508 Val ECE: 0.0390 Test acc: 0.9513 Test ECE: 0.0377
====> Epoch: 337 Train loss: 0.0000  Val  loss: 0.3129 Val acc: 0.9506 Val ECE: 0.0388 Test acc: 0.9524 Test ECE: 0.0370
====> Epoch: 338 Train loss: 0.0000  Val  loss: 0.3092 Val acc: 0.9512 Val ECE: 0.0385 Test acc: 0.9522 Test ECE: 0.0371
====> Epoch: 339 Train loss: 0.0000  Val  loss: 0.3095 Val acc: 0.9518 Val ECE: 0.0374 Test acc: 0.9520 Test ECE: 0.0371
====> Epoch: 340 Train loss: 0.0000  Val  loss: 0.3122 Val acc: 0.9508 Val ECE: 0.0384 Test acc: 0.9522 Test ECE: 0.0371
====> Epoch: 341 Train loss: 0.0000  Val  loss: 0.3031 Val acc: 0.9514 Val ECE: 0.0378 Test acc: 0.9527 Test ECE: 0.0370
====> Epoch: 342 Train loss: 0.0000  Val  loss: 0.3060 Val acc: 0.9512 Val ECE: 0.0380 Test acc: 0.9524 Test ECE: 0.0372
====> Epoch: 343 Train loss: 0.0000  Val  loss: 0.3117 Val acc: 0.9500 Val ECE: 0.0387 Test acc: 0.9515 Test ECE: 0.0376
====> Epoch: 344 Train loss: 0.0000  Val  loss: 0.3077 Val acc: 0.9512 Val ECE: 0.0378 Test acc: 0.9521 Test ECE: 0.0375
====> Epoch: 345 Train loss: 0.0000  Val  loss: 0.3048 Val acc: 0.9504 Val ECE: 0.0387 Test acc: 0.9527 Test ECE: 0.0374
====> Epoch: 346 Train loss: 0.0000  Val  loss: 0.3101 Val acc: 0.9510 Val ECE: 0.0383 Test acc: 0.9519 Test ECE: 0.0374
====> Epoch: 347 Train loss: 0.0000  Val  loss: 0.3076 Val acc: 0.9496 Val ECE: 0.0401 Test acc: 0.9534 Test ECE: 0.0359
====> Epoch: 348 Train loss: 0.0000  Val  loss: 0.3087 Val acc: 0.9500 Val ECE: 0.0400 Test acc: 0.9534 Test ECE: 0.0358
====> Epoch: 349 Train loss: 0.0000  Val  loss: 0.3072 Val acc: 0.9512 Val ECE: 0.0383 Test acc: 0.9529 Test ECE: 0.0375
